{
  "C:\\Users\\Acer\\Desktop\\Noteece\\apps\\mobile\\src\\components\\DailyBrief.tsx": {
    "path": "C:\\Users\\Acer\\Desktop\\Noteece\\apps\\mobile\\src\\components\\DailyBrief.tsx",
    "statementMap": {
      "0": {
        "start": { "line": 25, "column": 2 },
        "end": { "line": 63, "column": 4 }
      },
      "1": {
        "start": { "line": 43, "column": 14 },
        "end": { "line": 57, "column": 33 }
      },
      "2": {
        "start": { "line": 48, "column": 18 },
        "end": { "line": 48, "column": 68 }
      },
      "3": {
        "start": { "line": 66, "column": 15 },
        "end": { "line": 121, "column": 2 }
      }
    },
    "fnMap": {
      "0": {
        "name": "DailyBrief",
        "decl": {
          "start": { "line": 24, "column": 16 },
          "end": { "line": 24, "column": 26 }
        },
        "loc": {
          "start": { "line": 24, "column": 62 },
          "end": { "line": 64, "column": 1 }
        },
        "line": 24
      },
      "1": {
        "name": "(anonymous_1)",
        "decl": {
          "start": { "line": 42, "column": 52 },
          "end": { "line": 42, "column": 53 }
        },
        "loc": {
          "start": { "line": 43, "column": 14 },
          "end": { "line": 57, "column": 33 }
        },
        "line": 43
      },
      "2": {
        "name": "(anonymous_2)",
        "decl": {
          "start": { "line": 46, "column": 25 },
          "end": { "line": 46, "column": 26 }
        },
        "loc": {
          "start": { "line": 46, "column": 31 },
          "end": { "line": 49, "column": 17 }
        },
        "line": 46
      }
    },
    "branchMap": {
      "0": {
        "loc": {
          "start": { "line": 40, "column": 9 },
          "end": { "line": 60, "column": 9 }
        },
        "type": "binary-expr",
        "locations": [
          {
            "start": { "line": 40, "column": 9 },
            "end": { "line": 40, "column": 42 }
          },
          {
            "start": { "line": 41, "column": 10 },
            "end": { "line": 59, "column": 17 }
          }
        ],
        "line": 40
      }
    },
    "s": { "0": 3, "1": 3, "2": 0, "3": 1 },
    "f": { "0": 3, "1": 3, "2": 0 },
    "b": { "0": [3, 3] },
    "_coverageSchema": "1a1c01bbd47fc00a2c39e90264f33305004495a9",
    "hash": "834da074cf2b666834bb752b1ef0648c9ec2a60a"
  },
  "C:\\Users\\Acer\\Desktop\\Noteece\\apps\\mobile\\src\\components\\ErrorBoundary.tsx": {
    "path": "C:\\Users\\Acer\\Desktop\\Noteece\\apps\\mobile\\src\\components\\ErrorBoundary.tsx",
    "statementMap": {
      "0": {
        "start": { "line": 28, "column": 4 },
        "end": { "line": 28, "column": 17 }
      },
      "1": {
        "start": { "line": 29, "column": 4 },
        "end": { "line": 34, "column": 6 }
      },
      "2": {
        "start": { "line": 38, "column": 4 },
        "end": { "line": 41, "column": 6 }
      },
      "3": {
        "start": { "line": 45, "column": 4 },
        "end": { "line": 45, "column": 70 }
      },
      "4": {
        "start": { "line": 46, "column": 4 },
        "end": { "line": 49, "column": 7 }
      },
      "5": {
        "start": { "line": 52, "column": 4 },
        "end": { "line": 52, "column": 36 }
      },
      "6": {
        "start": { "line": 56, "column": 4 },
        "end": { "line": 166, "column": 5 }
      },
      "7": {
        "start": { "line": 58, "column": 23 },
        "end": { "line": 64, "column": 7 }
      },
      "8": {
        "start": { "line": 67, "column": 6 },
        "end": { "line": 72, "column": 7 }
      },
      "9": {
        "start": { "line": 68, "column": 8 },
        "end": { "line": 68, "column": 41 }
      },
      "10": {
        "start": { "line": 69, "column": 8 },
        "end": { "line": 69, "column": 39 }
      },
      "11": {
        "start": { "line": 70, "column": 8 },
        "end": { "line": 70, "column": 68 }
      },
      "12": {
        "start": { "line": 71, "column": 8 },
        "end": { "line": 71, "column": 27 }
      },
      "13": {
        "start": { "line": 75, "column": 6 },
        "end": { "line": 150, "column": 7 }
      },
      "14": {
        "start": { "line": 76, "column": 24 },
        "end": { "line": 76, "column": 30 }
      },
      "15": {
        "start": { "line": 78, "column": 25 },
        "end": { "line": 81, "column": 15 }
      },
      "16": {
        "start": { "line": 79, "column": 10 },
        "end": { "line": 81, "column": 15 }
      },
      "17": {
        "start": { "line": 84, "column": 22 },
        "end": { "line": 127, "column": 9 }
      },
      "18": {
        "start": { "line": 85, "column": 10 },
        "end": { "line": 85, "column": 33 }
      },
      "19": {
        "start": { "line": 85, "column": 21 },
        "end": { "line": 85, "column": 33 }
      },
      "20": {
        "start": { "line": 86, "column": 25 },
        "end": { "line": 86, "column": 29 }
      },
      "21": {
        "start": { "line": 89, "column": 10 },
        "end": { "line": 100, "column": 14 }
      },
      "22": {
        "start": { "line": 103, "column": 10 },
        "end": { "line": 106, "column": 12 }
      },
      "23": {
        "start": { "line": 109, "column": 10 },
        "end": { "line": 112, "column": 12 }
      },
      "24": {
        "start": { "line": 115, "column": 10 },
        "end": { "line": 118, "column": 12 }
      },
      "25": {
        "start": { "line": 121, "column": 10 },
        "end": { "line": 124, "column": 12 }
      },
      "26": {
        "start": { "line": 126, "column": 10 },
        "end": { "line": 126, "column": 36 }
      },
      "27": {
        "start": { "line": 129, "column": 28 },
        "end": { "line": 129, "column": 48 }
      },
      "28": {
        "start": { "line": 130, "column": 26 },
        "end": { "line": 130, "column": 44 }
      },
      "29": {
        "start": { "line": 131, "column": 35 },
        "end": { "line": 131, "column": 66 }
      },
      "30": {
        "start": { "line": 133, "column": 8 },
        "end": { "line": 147, "column": 11 }
      },
      "31": {
        "start": { "line": 135, "column": 10 },
        "end": { "line": 135, "column": 24 }
      },
      "32": {
        "start": { "line": 136, "column": 10 },
        "end": { "line": 138, "column": 13 }
      },
      "33": {
        "start": { "line": 139, "column": 10 },
        "end": { "line": 139, "column": 34 }
      },
      "34": {
        "start": { "line": 142, "column": 33 },
        "end": { "line": 142, "column": 66 }
      },
      "35": {
        "start": { "line": 143, "column": 10 },
        "end": { "line": 143, "column": 43 }
      },
      "36": {
        "start": { "line": 144, "column": 10 },
        "end": { "line": 144, "column": 43 }
      },
      "37": {
        "start": { "line": 146, "column": 10 },
        "end": { "line": 146, "column": 50 }
      },
      "38": {
        "start": { "line": 149, "column": 8 },
        "end": { "line": 149, "column": 70 }
      },
      "39": {
        "start": { "line": 153, "column": 6 },
        "end": { "line": 163, "column": 11 }
      },
      "40": {
        "start": { "line": 155, "column": 28 },
        "end": { "line": 155, "column": 56 }
      },
      "41": {
        "start": { "line": 156, "column": 10 },
        "end": { "line": 156, "column": 35 }
      },
      "42": {
        "start": { "line": 158, "column": 31 },
        "end": { "line": 158, "column": 51 }
      },
      "43": {
        "start": { "line": 159, "column": 10 },
        "end": { "line": 159, "column": 75 }
      },
      "44": {
        "start": { "line": 162, "column": 10 },
        "end": { "line": 162, "column": 67 }
      },
      "45": {
        "start": { "line": 165, "column": 6 },
        "end": { "line": 165, "column": 58 }
      },
      "46": {
        "start": { "line": 169, "column": 16 },
        "end": { "line": 178, "column": 3 }
      },
      "47": {
        "start": { "line": 172, "column": 4 },
        "end": { "line": 177, "column": 8 }
      },
      "48": {
        "start": { "line": 172, "column": 34 },
        "end": { "line": 177, "column": 5 }
      },
      "49": {
        "start": { "line": 181, "column": 4 },
        "end": { "line": 228, "column": 5 }
      },
      "50": {
        "start": { "line": 182, "column": 6 },
        "end": { "line": 184, "column": 7 }
      },
      "51": {
        "start": { "line": 183, "column": 8 },
        "end": { "line": 183, "column": 35 }
      },
      "52": {
        "start": { "line": 186, "column": 6 },
        "end": { "line": 227, "column": 8 }
      },
      "53": {
        "start": { "line": 231, "column": 4 },
        "end": { "line": 235, "column": 6 }
      },
      "54": {
        "start": { "line": 239, "column": 15 },
        "end": { "line": 303, "column": 2 }
      }
    },
    "fnMap": {
      "0": {
        "name": "(anonymous_0)",
        "decl": {
          "start": { "line": 27, "column": 2 },
          "end": { "line": 27, "column": 3 }
        },
        "loc": {
          "start": { "line": 27, "column": 28 },
          "end": { "line": 35, "column": 3 }
        },
        "line": 27
      },
      "1": {
        "name": "(anonymous_1)",
        "decl": {
          "start": { "line": 37, "column": 2 },
          "end": { "line": 37, "column": 3 }
        },
        "loc": {
          "start": { "line": 37, "column": 64 },
          "end": { "line": 42, "column": 3 }
        },
        "line": 37
      },
      "2": {
        "name": "(anonymous_2)",
        "decl": {
          "start": { "line": 44, "column": 2 },
          "end": { "line": 44, "column": 3 }
        },
        "loc": {
          "start": { "line": 44, "column": 62 },
          "end": { "line": 53, "column": 3 }
        },
        "line": 44
      },
      "3": {
        "name": "(anonymous_3)",
        "decl": {
          "start": { "line": 55, "column": 2 },
          "end": { "line": 55, "column": 3 }
        },
        "loc": {
          "start": { "line": 55, "column": 53 },
          "end": { "line": 167, "column": 3 }
        },
        "line": 55
      },
      "4": {
        "name": "(anonymous_4)",
        "decl": {
          "start": { "line": 78, "column": 25 },
          "end": { "line": 78, "column": 26 }
        },
        "loc": {
          "start": { "line": 79, "column": 10 },
          "end": { "line": 81, "column": 15 }
        },
        "line": 79
      },
      "5": {
        "name": "(anonymous_5)",
        "decl": {
          "start": { "line": 84, "column": 22 },
          "end": { "line": 84, "column": 23 }
        },
        "loc": {
          "start": { "line": 84, "column": 61 },
          "end": { "line": 127, "column": 9 }
        },
        "line": 84
      },
      "6": {
        "name": "(anonymous_6)",
        "decl": {
          "start": { "line": 133, "column": 25 },
          "end": { "line": 133, "column": 26 }
        },
        "loc": {
          "start": { "line": 133, "column": 36 },
          "end": { "line": 147, "column": 9 }
        },
        "line": 133
      },
      "7": {
        "name": "(anonymous_7)",
        "decl": {
          "start": { "line": 154, "column": 14 },
          "end": { "line": 154, "column": 15 }
        },
        "loc": {
          "start": { "line": 154, "column": 24 },
          "end": { "line": 160, "column": 9 }
        },
        "line": 154
      },
      "8": {
        "name": "(anonymous_8)",
        "decl": {
          "start": { "line": 161, "column": 15 },
          "end": { "line": 161, "column": 16 }
        },
        "loc": {
          "start": { "line": 161, "column": 33 },
          "end": { "line": 163, "column": 9 }
        },
        "line": 161
      },
      "9": {
        "name": "(anonymous_9)",
        "decl": {
          "start": { "line": 169, "column": 16 },
          "end": { "line": 169, "column": 17 }
        },
        "loc": {
          "start": { "line": 169, "column": 22 },
          "end": { "line": 178, "column": 3 }
        },
        "line": 169
      },
      "10": {
        "name": "(anonymous_10)",
        "decl": {
          "start": { "line": 172, "column": 18 },
          "end": { "line": 172, "column": 19 }
        },
        "loc": {
          "start": { "line": 172, "column": 34 },
          "end": { "line": 177, "column": 5 }
        },
        "line": 172
      },
      "11": {
        "name": "(anonymous_11)",
        "decl": {
          "start": { "line": 180, "column": 2 },
          "end": { "line": 180, "column": 3 }
        },
        "loc": {
          "start": { "line": 180, "column": 11 },
          "end": { "line": 236, "column": 3 }
        },
        "line": 180
      }
    },
    "branchMap": {
      "0": {
        "loc": {
          "start": { "line": 67, "column": 6 },
          "end": { "line": 72, "column": 7 }
        },
        "type": "if",
        "locations": [
          {
            "start": { "line": 67, "column": 6 },
            "end": { "line": 72, "column": 7 }
          },
          { "start": {}, "end": {} }
        ],
        "line": 67
      },
      "1": {
        "loc": {
          "start": { "line": 79, "column": 10 },
          "end": { "line": 81, "column": 15 }
        },
        "type": "cond-expr",
        "locations": [
          {
            "start": { "line": 80, "column": 14 },
            "end": { "line": 80, "column": 50 }
          },
          {
            "start": { "line": 81, "column": 14 },
            "end": { "line": 81, "column": 15 }
          }
        ],
        "line": 79
      },
      "2": {
        "loc": {
          "start": { "line": 79, "column": 10 },
          "end": { "line": 79, "column": 53 }
        },
        "type": "binary-expr",
        "locations": [
          {
            "start": { "line": 79, "column": 10 },
            "end": { "line": 79, "column": 31 }
          },
          {
            "start": { "line": 79, "column": 35 },
            "end": { "line": 79, "column": 53 }
          }
        ],
        "line": 79
      },
      "3": {
        "loc": {
          "start": { "line": 85, "column": 10 },
          "end": { "line": 85, "column": 33 }
        },
        "type": "if",
        "locations": [
          {
            "start": { "line": 85, "column": 10 },
            "end": { "line": 85, "column": 33 }
          },
          { "start": {}, "end": {} }
        ],
        "line": 85
      },
      "4": {
        "loc": {
          "start": { "line": 142, "column": 43 },
          "end": { "line": 142, "column": 65 }
        },
        "type": "binary-expr",
        "locations": [
          {
            "start": { "line": 142, "column": 43 },
            "end": { "line": 142, "column": 54 }
          },
          {
            "start": { "line": 142, "column": 58 },
            "end": { "line": 142, "column": 65 }
          }
        ],
        "line": 142
      },
      "5": {
        "loc": {
          "start": { "line": 155, "column": 28 },
          "end": { "line": 155, "column": 56 }
        },
        "type": "cond-expr",
        "locations": [
          {
            "start": { "line": 155, "column": 35 },
            "end": { "line": 155, "column": 51 }
          },
          {
            "start": { "line": 155, "column": 54 },
            "end": { "line": 155, "column": 56 }
          }
        ],
        "line": 155
      },
      "6": {
        "loc": {
          "start": { "line": 181, "column": 4 },
          "end": { "line": 228, "column": 5 }
        },
        "type": "if",
        "locations": [
          {
            "start": { "line": 181, "column": 4 },
            "end": { "line": 228, "column": 5 }
          },
          { "start": {}, "end": {} }
        ],
        "line": 181
      },
      "7": {
        "loc": {
          "start": { "line": 182, "column": 6 },
          "end": { "line": 184, "column": 7 }
        },
        "type": "if",
        "locations": [
          {
            "start": { "line": 182, "column": 6 },
            "end": { "line": 184, "column": 7 }
          },
          { "start": {}, "end": {} }
        ],
        "line": 182
      },
      "8": {
        "loc": {
          "start": { "line": 210, "column": 13 },
          "end": { "line": 224, "column": 13 }
        },
        "type": "binary-expr",
        "locations": [
          {
            "start": { "line": 210, "column": 13 },
            "end": { "line": 210, "column": 20 }
          },
          {
            "start": { "line": 210, "column": 24 },
            "end": { "line": 210, "column": 40 }
          },
          {
            "start": { "line": 211, "column": 14 },
            "end": { "line": 223, "column": 27 }
          }
        ],
        "line": 210
      },
      "9": {
        "loc": {
          "start": { "line": 218, "column": 17 },
          "end": { "line": 222, "column": 17 }
        },
        "type": "binary-expr",
        "locations": [
          {
            "start": { "line": 218, "column": 17 },
            "end": { "line": 218, "column": 37 }
          },
          {
            "start": { "line": 219, "column": 18 },
            "end": { "line": 221, "column": 25 }
          }
        ],
        "line": 218
      },
      "10": {
        "loc": {
          "start": { "line": 299, "column": 16 },
          "end": { "line": 299, "column": 75 }
        },
        "type": "binary-expr",
        "locations": [
          {
            "start": { "line": 299, "column": 16 },
            "end": { "line": 299, "column": 42 }
          },
          {
            "start": { "line": 299, "column": 46 },
            "end": { "line": 299, "column": 75 }
          }
        ],
        "line": 299
      }
    },
    "s": {
      "0": 0,
      "1": 0,
      "2": 0,
      "3": 0,
      "4": 0,
      "5": 0,
      "6": 0,
      "7": 0,
      "8": 0,
      "9": 0,
      "10": 0,
      "11": 0,
      "12": 0,
      "13": 0,
      "14": 0,
      "15": 0,
      "16": 0,
      "17": 0,
      "18": 0,
      "19": 0,
      "20": 0,
      "21": 0,
      "22": 0,
      "23": 0,
      "24": 0,
      "25": 0,
      "26": 0,
      "27": 0,
      "28": 0,
      "29": 0,
      "30": 0,
      "31": 0,
      "32": 0,
      "33": 0,
      "34": 0,
      "35": 0,
      "36": 0,
      "37": 0,
      "38": 0,
      "39": 0,
      "40": 0,
      "41": 0,
      "42": 0,
      "43": 0,
      "44": 0,
      "45": 0,
      "46": 0,
      "47": 0,
      "48": 0,
      "49": 0,
      "50": 0,
      "51": 0,
      "52": 0,
      "53": 0,
      "54": 0
    },
    "f": {
      "0": 0,
      "1": 0,
      "2": 0,
      "3": 0,
      "4": 0,
      "5": 0,
      "6": 0,
      "7": 0,
      "8": 0,
      "9": 0,
      "10": 0,
      "11": 0
    },
    "b": {
      "0": [0, 0],
      "1": [0, 0],
      "2": [0, 0],
      "3": [0, 0],
      "4": [0, 0],
      "5": [0, 0],
      "6": [0, 0],
      "7": [0, 0],
      "8": [0, 0, 0],
      "9": [0, 0],
      "10": [0, 0]
    }
  },
  "C:\\Users\\Acer\\Desktop\\Noteece\\apps\\mobile\\src\\components\\LoadingState.tsx": {
    "path": "C:\\Users\\Acer\\Desktop\\Noteece\\apps\\mobile\\src\\components\\LoadingState.tsx",
    "statementMap": {
      "0": {
        "start": { "line": 14, "column": 2 },
        "end": { "line": 19, "column": 4 }
      },
      "1": {
        "start": { "line": 38, "column": 2 },
        "end": { "line": 44, "column": 4 }
      },
      "2": {
        "start": { "line": 47, "column": 15 },
        "end": { "line": 75, "column": 2 }
      }
    },
    "fnMap": {
      "0": {
        "name": "LoadingState",
        "decl": {
          "start": { "line": 10, "column": 16 },
          "end": { "line": 10, "column": 28 }
        },
        "loc": {
          "start": { "line": 13, "column": 22 },
          "end": { "line": 20, "column": 1 }
        },
        "line": 13
      },
      "1": {
        "name": "EmptyState",
        "decl": {
          "start": { "line": 32, "column": 16 },
          "end": { "line": 32, "column": 26 }
        },
        "loc": {
          "start": { "line": 37, "column": 20 },
          "end": { "line": 45, "column": 1 }
        },
        "line": 37
      }
    },
    "branchMap": {
      "0": {
        "loc": {
          "start": { "line": 11, "column": 2 },
          "end": { "line": 11, "column": 24 }
        },
        "type": "default-arg",
        "locations": [
          {
            "start": { "line": 11, "column": 12 },
            "end": { "line": 11, "column": 24 }
          }
        ],
        "line": 11
      },
      "1": {
        "loc": {
          "start": { "line": 12, "column": 2 },
          "end": { "line": 12, "column": 16 }
        },
        "type": "default-arg",
        "locations": [
          {
            "start": { "line": 12, "column": 9 },
            "end": { "line": 12, "column": 16 }
          }
        ],
        "line": 12
      },
      "2": {
        "loc": {
          "start": { "line": 17, "column": 7 },
          "end": { "line": 17, "column": 63 }
        },
        "type": "binary-expr",
        "locations": [
          {
            "start": { "line": 17, "column": 7 },
            "end": { "line": 17, "column": 14 }
          },
          {
            "start": { "line": 17, "column": 18 },
            "end": { "line": 17, "column": 63 }
          }
        ],
        "line": 17
      },
      "3": {
        "loc": {
          "start": { "line": 33, "column": 2 },
          "end": { "line": 33, "column": 30 }
        },
        "type": "default-arg",
        "locations": [
          {
            "start": { "line": 33, "column": 9 },
            "end": { "line": 33, "column": 30 }
          }
        ],
        "line": 33
      },
      "4": {
        "loc": {
          "start": { "line": 42, "column": 7 },
          "end": { "line": 42, "column": 68 }
        },
        "type": "binary-expr",
        "locations": [
          {
            "start": { "line": 42, "column": 7 },
            "end": { "line": 42, "column": 14 }
          },
          {
            "start": { "line": 42, "column": 18 },
            "end": { "line": 42, "column": 68 }
          }
        ],
        "line": 42
      }
    },
    "s": { "0": 0, "1": 0, "2": 0 },
    "f": { "0": 0, "1": 0 },
    "b": { "0": [0], "1": [0], "2": [0, 0], "3": [0], "4": [0, 0] }
  },
  "C:\\Users\\Acer\\Desktop\\Noteece\\apps\\mobile\\src\\components\\SyncManager.tsx": {
    "path": "C:\\Users\\Acer\\Desktop\\Noteece\\apps\\mobile\\src\\components\\SyncManager.tsx",
    "statementMap": {
      "0": {
        "start": { "line": 36, "column": 30 },
        "end": { "line": 357, "column": 1 }
      },
      "1": {
        "start": { "line": 37, "column": 38 },
        "end": { "line": 41, "column": 4 }
      },
      "2": {
        "start": { "line": 42, "column": 52 },
        "end": { "line": 44, "column": 7 }
      },
      "3": {
        "start": { "line": 45, "column": 38 },
        "end": { "line": 45, "column": 53 }
      },
      "4": {
        "start": { "line": 46, "column": 46 },
        "end": { "line": 46, "column": 75 }
      },
      "5": {
        "start": { "line": 48, "column": 2 },
        "end": { "line": 51, "column": 9 }
      },
      "6": {
        "start": { "line": 50, "column": 4 },
        "end": { "line": 50, "column": 22 }
      },
      "7": {
        "start": { "line": 53, "column": 26 },
        "end": { "line": 84, "column": 3 }
      },
      "8": {
        "start": { "line": 54, "column": 4 },
        "end": { "line": 83, "column": 5 }
      },
      "9": {
        "start": { "line": 55, "column": 6 },
        "end": { "line": 55, "column": 26 }
      },
      "10": {
        "start": { "line": 56, "column": 6 },
        "end": { "line": 60, "column": 9 }
      },
      "11": {
        "start": { "line": 63, "column": 22 },
        "end": { "line": 63, "column": 78 }
      },
      "12": {
        "start": { "line": 65, "column": 6 },
        "end": { "line": 65, "column": 42 }
      },
      "13": {
        "start": { "line": 66, "column": 6 },
        "end": { "line": 73, "column": 9 }
      },
      "14": {
        "start": { "line": 75, "column": 6 },
        "end": { "line": 80, "column": 9 }
      },
      "15": {
        "start": { "line": 82, "column": 6 },
        "end": { "line": 82, "column": 27 }
      },
      "16": {
        "start": { "line": 86, "column": 23 },
        "end": { "line": 161, "column": 3 }
      },
      "17": {
        "start": { "line": 87, "column": 4 },
        "end": { "line": 160, "column": 5 }
      },
      "18": {
        "start": { "line": 88, "column": 6 },
        "end": { "line": 88, "column": 34 }
      },
      "19": {
        "start": { "line": 89, "column": 6 },
        "end": { "line": 93, "column": 9 }
      },
      "20": {
        "start": { "line": 96, "column": 31 },
        "end": { "line": 98, "column": 8 }
      },
      "21": {
        "start": { "line": 100, "column": 6 },
        "end": { "line": 102, "column": 7 }
      },
      "22": {
        "start": { "line": 101, "column": 8 },
        "end": { "line": 101, "column": 54 }
      },
      "23": {
        "start": { "line": 104, "column": 6 },
        "end": { "line": 108, "column": 9 }
      },
      "24": {
        "start": { "line": 111, "column": 28 },
        "end": { "line": 113, "column": 8 }
      },
      "25": {
        "start": { "line": 115, "column": 6 },
        "end": { "line": 117, "column": 7 }
      },
      "26": {
        "start": { "line": 116, "column": 8 },
        "end": { "line": 116, "column": 47 }
      },
      "27": {
        "start": { "line": 119, "column": 6 },
        "end": { "line": 124, "column": 9 }
      },
      "28": {
        "start": { "line": 127, "column": 26 },
        "end": { "line": 130, "column": 8 }
      },
      "29": {
        "start": { "line": 132, "column": 6 },
        "end": { "line": 134, "column": 7 }
      },
      "30": {
        "start": { "line": 133, "column": 8 },
        "end": { "line": 133, "column": 48 }
      },
      "31": {
        "start": { "line": 137, "column": 6 },
        "end": { "line": 137, "column": 42 }
      },
      "32": {
        "start": { "line": 139, "column": 6 },
        "end": { "line": 145, "column": 9 }
      },
      "33": {
        "start": { "line": 147, "column": 6 },
        "end": { "line": 147, "column": 63 }
      },
      "34": {
        "start": { "line": 149, "column": 6 },
        "end": { "line": 154, "column": 9 }
      },
      "35": {
        "start": { "line": 156, "column": 6 },
        "end": { "line": 159, "column": 8 }
      },
      "36": {
        "start": { "line": 163, "column": 30 },
        "end": { "line": 193, "column": 3 }
      },
      "37": {
        "start": { "line": 165, "column": 19 },
        "end": { "line": 165, "column": 20 }
      },
      "38": {
        "start": { "line": 166, "column": 24 },
        "end": { "line": 166, "column": 26 }
      },
      "39": {
        "start": { "line": 168, "column": 4 },
        "end": { "line": 192, "column": 5 }
      },
      "40": {
        "start": { "line": 169, "column": 6 },
        "end": { "line": 191, "column": 7 }
      },
      "41": {
        "start": { "line": 170, "column": 25 },
        "end": { "line": 173, "column": 9 }
      },
      "42": {
        "start": { "line": 175, "column": 8 },
        "end": { "line": 179, "column": 12 }
      },
      "43": {
        "start": { "line": 175, "column": 33 },
        "end": { "line": 179, "column": 9 }
      },
      "44": {
        "start": { "line": 181, "column": 8 },
        "end": { "line": 183, "column": 9 }
      },
      "45": {
        "start": { "line": 182, "column": 10 },
        "end": { "line": 182, "column": 16 }
      },
      "46": {
        "start": { "line": 186, "column": 8 },
        "end": { "line": 186, "column": 66 }
      },
      "47": {
        "start": { "line": 186, "column": 39 },
        "end": { "line": 186, "column": 64 }
      },
      "48": {
        "start": { "line": 187, "column": 8 },
        "end": { "line": 187, "column": 19 }
      },
      "49": {
        "start": { "line": 189, "column": 8 },
        "end": { "line": 189, "column": 64 }
      },
      "50": {
        "start": { "line": 190, "column": 8 },
        "end": { "line": 190, "column": 14 }
      },
      "51": {
        "start": { "line": 195, "column": 21 },
        "end": { "line": 209, "column": 3 }
      },
      "52": {
        "start": { "line": 196, "column": 4 },
        "end": { "line": 208, "column": 5 }
      },
      "53": {
        "start": { "line": 197, "column": 6 },
        "end": { "line": 199, "column": 7 }
      },
      "54": {
        "start": { "line": 198, "column": 8 },
        "end": { "line": 198, "column": 71 }
      },
      "55": {
        "start": { "line": 200, "column": 6 },
        "end": { "line": 204, "column": 9 }
      },
      "56": {
        "start": { "line": 205, "column": 6 },
        "end": { "line": 205, "column": 30 }
      },
      "57": {
        "start": { "line": 207, "column": 6 },
        "end": { "line": 207, "column": 53 }
      },
      "58": {
        "start": { "line": 211, "column": 25 },
        "end": { "line": 213, "column": 3 }
      },
      "59": {
        "start": { "line": 212, "column": 4 },
        "end": { "line": 212, "column": 22 }
      },
      "60": {
        "start": { "line": 215, "column": 2 },
        "end": { "line": 356, "column": 4 }
      },
      "61": {
        "start": { "line": 287, "column": 12 },
        "end": { "line": 310, "column": 31 }
      },
      "62": {
        "start": { "line": 294, "column": 29 },
        "end": { "line": 294, "column": 59 }
      },
      "63": {
        "start": { "line": 359, "column": 15 },
        "end": { "line": 547, "column": 2 }
      }
    },
    "fnMap": {
      "0": {
        "name": "(anonymous_0)",
        "decl": {
          "start": { "line": 36, "column": 30 },
          "end": { "line": 36, "column": 31 }
        },
        "loc": {
          "start": { "line": 36, "column": 36 },
          "end": { "line": 357, "column": 1 }
        },
        "line": 36
      },
      "1": {
        "name": "(anonymous_1)",
        "decl": {
          "start": { "line": 48, "column": 12 },
          "end": { "line": 48, "column": 13 }
        },
        "loc": {
          "start": { "line": 48, "column": 18 },
          "end": { "line": 51, "column": 3 }
        },
        "line": 48
      },
      "2": {
        "name": "(anonymous_2)",
        "decl": {
          "start": { "line": 53, "column": 26 },
          "end": { "line": 53, "column": 27 }
        },
        "loc": {
          "start": { "line": 53, "column": 38 },
          "end": { "line": 84, "column": 3 }
        },
        "line": 53
      },
      "3": {
        "name": "(anonymous_3)",
        "decl": {
          "start": { "line": 86, "column": 23 },
          "end": { "line": 86, "column": 24 }
        },
        "loc": {
          "start": { "line": 86, "column": 51 },
          "end": { "line": 161, "column": 3 }
        },
        "line": 86
      },
      "4": {
        "name": "(anonymous_4)",
        "decl": {
          "start": { "line": 163, "column": 30 },
          "end": { "line": 163, "column": 31 }
        },
        "loc": {
          "start": { "line": 163, "column": 58 },
          "end": { "line": 193, "column": 3 }
        },
        "line": 163
      },
      "5": {
        "name": "(anonymous_5)",
        "decl": {
          "start": { "line": 175, "column": 22 },
          "end": { "line": 175, "column": 23 }
        },
        "loc": {
          "start": { "line": 175, "column": 33 },
          "end": { "line": 179, "column": 9 }
        },
        "line": 175
      },
      "6": {
        "name": "(anonymous_6)",
        "decl": {
          "start": { "line": 186, "column": 26 },
          "end": { "line": 186, "column": 27 }
        },
        "loc": {
          "start": { "line": 186, "column": 39 },
          "end": { "line": 186, "column": 64 }
        },
        "line": 186
      },
      "7": {
        "name": "(anonymous_7)",
        "decl": {
          "start": { "line": 195, "column": 21 },
          "end": { "line": 195, "column": 22 }
        },
        "loc": {
          "start": { "line": 195, "column": 33 },
          "end": { "line": 209, "column": 3 }
        },
        "line": 195
      },
      "8": {
        "name": "(anonymous_8)",
        "decl": {
          "start": { "line": 211, "column": 25 },
          "end": { "line": 211, "column": 26 }
        },
        "loc": {
          "start": { "line": 211, "column": 31 },
          "end": { "line": 213, "column": 3 }
        },
        "line": 211
      },
      "9": {
        "name": "(anonymous_9)",
        "decl": {
          "start": { "line": 286, "column": 33 },
          "end": { "line": 286, "column": 34 }
        },
        "loc": {
          "start": { "line": 287, "column": 12 },
          "end": { "line": 310, "column": 31 }
        },
        "line": 287
      },
      "10": {
        "name": "(anonymous_10)",
        "decl": {
          "start": { "line": 294, "column": 23 },
          "end": { "line": 294, "column": 24 }
        },
        "loc": {
          "start": { "line": 294, "column": 29 },
          "end": { "line": 294, "column": 59 }
        },
        "line": 294
      }
    },
    "branchMap": {
      "0": {
        "loc": {
          "start": { "line": 65, "column": 27 },
          "end": { "line": 65, "column": 40 }
        },
        "type": "binary-expr",
        "locations": [
          {
            "start": { "line": 65, "column": 27 },
            "end": { "line": 65, "column": 34 }
          },
          {
            "start": { "line": 65, "column": 38 },
            "end": { "line": 65, "column": 40 }
          }
        ],
        "line": 65
      },
      "1": {
        "loc": {
          "start": { "line": 69, "column": 10 },
          "end": { "line": 71, "column": 32 }
        },
        "type": "cond-expr",
        "locations": [
          {
            "start": { "line": 70, "column": 14 },
            "end": { "line": 70, "column": 49 }
          },
          {
            "start": { "line": 71, "column": 14 },
            "end": { "line": 71, "column": 32 }
          }
        ],
        "line": 69
      },
      "2": {
        "loc": {
          "start": { "line": 69, "column": 10 },
          "end": { "line": 69, "column": 39 }
        },
        "type": "binary-expr",
        "locations": [
          {
            "start": { "line": 69, "column": 10 },
            "end": { "line": 69, "column": 17 }
          },
          {
            "start": { "line": 69, "column": 21 },
            "end": { "line": 69, "column": 39 }
          }
        ],
        "line": 69
      },
      "3": {
        "loc": {
          "start": { "line": 79, "column": 15 },
          "end": { "line": 79, "column": 71 }
        },
        "type": "cond-expr",
        "locations": [
          {
            "start": { "line": 79, "column": 40 },
            "end": { "line": 79, "column": 53 }
          },
          {
            "start": { "line": 79, "column": 56 },
            "end": { "line": 79, "column": 71 }
          }
        ],
        "line": 79
      },
      "4": {
        "loc": {
          "start": { "line": 100, "column": 6 },
          "end": { "line": 102, "column": 7 }
        },
        "type": "if",
        "locations": [
          {
            "start": { "line": 100, "column": 6 },
            "end": { "line": 102, "column": 7 }
          },
          { "start": {}, "end": {} }
        ],
        "line": 100
      },
      "5": {
        "loc": {
          "start": { "line": 115, "column": 6 },
          "end": { "line": 117, "column": 7 }
        },
        "type": "if",
        "locations": [
          {
            "start": { "line": 115, "column": 6 },
            "end": { "line": 117, "column": 7 }
          },
          { "start": {}, "end": {} }
        ],
        "line": 115
      },
      "6": {
        "loc": {
          "start": { "line": 132, "column": 6 },
          "end": { "line": 134, "column": 7 }
        },
        "type": "if",
        "locations": [
          {
            "start": { "line": 132, "column": 6 },
            "end": { "line": 134, "column": 7 }
          },
          { "start": {}, "end": {} }
        ],
        "line": 132
      },
      "7": {
        "loc": {
          "start": { "line": 153, "column": 15 },
          "end": { "line": 153, "column": 71 }
        },
        "type": "cond-expr",
        "locations": [
          {
            "start": { "line": 153, "column": 40 },
            "end": { "line": 153, "column": 53 }
          },
          {
            "start": { "line": 153, "column": 56 },
            "end": { "line": 153, "column": 71 }
          }
        ],
        "line": 153
      },
      "8": {
        "loc": {
          "start": { "line": 158, "column": 8 },
          "end": { "line": 158, "column": 62 }
        },
        "type": "cond-expr",
        "locations": [
          {
            "start": { "line": 158, "column": 33 },
            "end": { "line": 158, "column": 46 }
          },
          {
            "start": { "line": 158, "column": 49 },
            "end": { "line": 158, "column": 62 }
          }
        ],
        "line": 158
      },
      "9": {
        "loc": {
          "start": { "line": 181, "column": 8 },
          "end": { "line": 183, "column": 9 }
        },
        "type": "if",
        "locations": [
          {
            "start": { "line": 181, "column": 8 },
            "end": { "line": 183, "column": 9 }
          },
          { "start": {}, "end": {} }
        ],
        "line": 181
      },
      "10": {
        "loc": {
          "start": { "line": 197, "column": 6 },
          "end": { "line": 199, "column": 7 }
        },
        "type": "if",
        "locations": [
          {
            "start": { "line": 197, "column": 6 },
            "end": { "line": 199, "column": 7 }
          },
          { "start": {}, "end": {} }
        ],
        "line": 197
      },
      "11": {
        "loc": {
          "start": { "line": 230, "column": 9 },
          "end": { "line": 232, "column": 9 }
        },
        "type": "binary-expr",
        "locations": [
          {
            "start": { "line": 230, "column": 9 },
            "end": { "line": 230, "column": 25 }
          },
          {
            "start": { "line": 231, "column": 10 },
            "end": { "line": 231, "column": 73 }
          }
        ],
        "line": 230
      },
      "12": {
        "loc": {
          "start": { "line": 234, "column": 9 },
          "end": { "line": 238, "column": 9 }
        },
        "type": "binary-expr",
        "locations": [
          {
            "start": { "line": 234, "column": 9 },
            "end": { "line": 234, "column": 29 }
          },
          {
            "start": { "line": 235, "column": 10 },
            "end": { "line": 237, "column": 17 }
          }
        ],
        "line": 234
      },
      "13": {
        "loc": {
          "start": { "line": 241, "column": 9 },
          "end": { "line": 247, "column": 9 }
        },
        "type": "binary-expr",
        "locations": [
          {
            "start": { "line": 241, "column": 9 },
            "end": { "line": 241, "column": 37 }
          },
          {
            "start": { "line": 242, "column": 10 },
            "end": { "line": 246, "column": 17 }
          }
        ],
        "line": 241
      },
      "14": {
        "loc": {
          "start": { "line": 258, "column": 20 },
          "end": { "line": 258, "column": 62 }
        },
        "type": "binary-expr",
        "locations": [
          {
            "start": { "line": 258, "column": 20 },
            "end": { "line": 258, "column": 30 }
          },
          {
            "start": { "line": 258, "column": 34 },
            "end": { "line": 258, "column": 62 }
          }
        ],
        "line": 258
      },
      "15": {
        "loc": {
          "start": { "line": 260, "column": 11 },
          "end": { "line": 266, "column": 11 }
        },
        "type": "cond-expr",
        "locations": [
          {
            "start": { "line": 261, "column": 12 },
            "end": { "line": 261, "column": 46 }
          },
          {
            "start": { "line": 263, "column": 12 },
            "end": { "line": 265, "column": 19 }
          }
        ],
        "line": 260
      },
      "16": {
        "loc": {
          "start": { "line": 264, "column": 15 },
          "end": { "line": 264, "column": 64 }
        },
        "type": "cond-expr",
        "locations": [
          {
            "start": { "line": 264, "column": 46 },
            "end": { "line": 264, "column": 55 }
          },
          {
            "start": { "line": 264, "column": 58 },
            "end": { "line": 264, "column": 64 }
          }
        ],
        "line": 264
      },
      "17": {
        "loc": {
          "start": { "line": 269, "column": 9 },
          "end": { "line": 276, "column": 9 }
        },
        "type": "binary-expr",
        "locations": [
          {
            "start": { "line": 269, "column": 9 },
            "end": { "line": 269, "column": 40 }
          },
          {
            "start": { "line": 270, "column": 10 },
            "end": { "line": 275, "column": 29 }
          }
        ],
        "line": 269
      },
      "18": {
        "loc": {
          "start": { "line": 280, "column": 7 },
          "end": { "line": 331, "column": 7 }
        },
        "type": "cond-expr",
        "locations": [
          {
            "start": { "line": 281, "column": 8 },
            "end": { "line": 312, "column": 15 }
          },
          {
            "start": { "line": 313, "column": 10 },
            "end": { "line": 331, "column": 7 }
          }
        ],
        "line": 280
      },
      "19": {
        "loc": {
          "start": { "line": 291, "column": 16 },
          "end": { "line": 292, "column": 43 }
        },
        "type": "binary-expr",
        "locations": [
          {
            "start": { "line": 291, "column": 16 },
            "end": { "line": 291, "column": 51 }
          },
          {
            "start": { "line": 292, "column": 18 },
            "end": { "line": 292, "column": 43 }
          }
        ],
        "line": 291
      },
      "20": {
        "loc": {
          "start": { "line": 304, "column": 17 },
          "end": { "line": 307, "column": 19 }
        },
        "type": "binary-expr",
        "locations": [
          {
            "start": { "line": 304, "column": 17 },
            "end": { "line": 304, "column": 52 }
          },
          {
            "start": { "line": 305, "column": 18 },
            "end": { "line": 305, "column": 46 }
          },
          {
            "start": { "line": 306, "column": 20 },
            "end": { "line": 306, "column": 70 }
          }
        ],
        "line": 304
      },
      "21": {
        "loc": {
          "start": { "line": 313, "column": 10 },
          "end": { "line": 331, "column": 7 }
        },
        "type": "cond-expr",
        "locations": [
          {
            "start": { "line": 314, "column": 8 },
            "end": { "line": 317, "column": 15 }
          },
          {
            "start": { "line": 319, "column": 8 },
            "end": { "line": 330, "column": 15 }
          }
        ],
        "line": 313
      }
    },
    "s": {
      "0": 0,
      "1": 0,
      "2": 0,
      "3": 0,
      "4": 0,
      "5": 0,
      "6": 0,
      "7": 0,
      "8": 0,
      "9": 0,
      "10": 0,
      "11": 0,
      "12": 0,
      "13": 0,
      "14": 0,
      "15": 0,
      "16": 0,
      "17": 0,
      "18": 0,
      "19": 0,
      "20": 0,
      "21": 0,
      "22": 0,
      "23": 0,
      "24": 0,
      "25": 0,
      "26": 0,
      "27": 0,
      "28": 0,
      "29": 0,
      "30": 0,
      "31": 0,
      "32": 0,
      "33": 0,
      "34": 0,
      "35": 0,
      "36": 0,
      "37": 0,
      "38": 0,
      "39": 0,
      "40": 0,
      "41": 0,
      "42": 0,
      "43": 0,
      "44": 0,
      "45": 0,
      "46": 0,
      "47": 0,
      "48": 0,
      "49": 0,
      "50": 0,
      "51": 0,
      "52": 0,
      "53": 0,
      "54": 0,
      "55": 0,
      "56": 0,
      "57": 0,
      "58": 0,
      "59": 0,
      "60": 0,
      "61": 0,
      "62": 0,
      "63": 0
    },
    "f": {
      "0": 0,
      "1": 0,
      "2": 0,
      "3": 0,
      "4": 0,
      "5": 0,
      "6": 0,
      "7": 0,
      "8": 0,
      "9": 0,
      "10": 0
    },
    "b": {
      "0": [0, 0],
      "1": [0, 0],
      "2": [0, 0],
      "3": [0, 0],
      "4": [0, 0],
      "5": [0, 0],
      "6": [0, 0],
      "7": [0, 0],
      "8": [0, 0],
      "9": [0, 0],
      "10": [0, 0],
      "11": [0, 0],
      "12": [0, 0],
      "13": [0, 0],
      "14": [0, 0],
      "15": [0, 0],
      "16": [0, 0],
      "17": [0, 0],
      "18": [0, 0],
      "19": [0, 0],
      "20": [0, 0, 0],
      "21": [0, 0]
    }
  },
  "C:\\Users\\Acer\\Desktop\\Noteece\\apps\\mobile\\src\\components\\TimelineItemCard.tsx": {
    "path": "C:\\Users\\Acer\\Desktop\\Noteece\\apps\\mobile\\src\\components\\TimelineItemCard.tsx",
    "statementMap": {
      "0": {
        "start": { "line": 18, "column": 18 },
        "end": { "line": 31, "column": 3 }
      },
      "1": {
        "start": { "line": 19, "column": 4 },
        "end": { "line": 30, "column": 5 }
      },
      "2": {
        "start": { "line": 21, "column": 8 },
        "end": { "line": 21, "column": 42 }
      },
      "3": {
        "start": { "line": 23, "column": 8 },
        "end": { "line": 23, "column": 34 }
      },
      "4": {
        "start": { "line": 25, "column": 8 },
        "end": { "line": 25, "column": 30 }
      },
      "5": {
        "start": { "line": 27, "column": 8 },
        "end": { "line": 27, "column": 30 }
      },
      "6": {
        "start": { "line": 29, "column": 8 },
        "end": { "line": 29, "column": 33 }
      },
      "7": {
        "start": { "line": 34, "column": 27 },
        "end": { "line": 36, "column": 3 }
      },
      "8": {
        "start": { "line": 35, "column": 4 },
        "end": { "line": 35, "column": 67 }
      },
      "9": {
        "start": { "line": 38, "column": 20 },
        "end": { "line": 38, "column": 72 }
      },
      "10": {
        "start": { "line": 39, "column": 23 },
        "end": { "line": 39, "column": 75 }
      },
      "11": {
        "start": { "line": 41, "column": 17 },
        "end": { "line": 41, "column": 39 }
      },
      "12": {
        "start": { "line": 43, "column": 2 },
        "end": { "line": 87, "column": 4 }
      },
      "13": {
        "start": { "line": 90, "column": 15 },
        "end": { "line": 170, "column": 2 }
      }
    },
    "fnMap": {
      "0": {
        "name": "TimelineItemCard",
        "decl": {
          "start": { "line": 13, "column": 16 },
          "end": { "line": 13, "column": 32 }
        },
        "loc": {
          "start": { "line": 17, "column": 26 },
          "end": { "line": 88, "column": 1 }
        },
        "line": 17
      },
      "1": {
        "name": "(anonymous_1)",
        "decl": {
          "start": { "line": 18, "column": 18 },
          "end": { "line": 18, "column": 19 }
        },
        "loc": {
          "start": { "line": 18, "column": 24 },
          "end": { "line": 31, "column": 3 }
        },
        "line": 18
      },
      "2": {
        "name": "(anonymous_2)",
        "decl": {
          "start": { "line": 34, "column": 27 },
          "end": { "line": 34, "column": 28 }
        },
        "loc": {
          "start": { "line": 34, "column": 54 },
          "end": { "line": 36, "column": 3 }
        },
        "line": 34
      }
    },
    "branchMap": {
      "0": {
        "loc": {
          "start": { "line": 19, "column": 4 },
          "end": { "line": 30, "column": 5 }
        },
        "type": "switch",
        "locations": [
          {
            "start": { "line": 20, "column": 6 },
            "end": { "line": 21, "column": 42 }
          },
          {
            "start": { "line": 22, "column": 6 },
            "end": { "line": 23, "column": 34 }
          },
          {
            "start": { "line": 24, "column": 6 },
            "end": { "line": 25, "column": 30 }
          },
          {
            "start": { "line": 26, "column": 6 },
            "end": { "line": 27, "column": 30 }
          },
          {
            "start": { "line": 28, "column": 6 },
            "end": { "line": 29, "column": 33 }
          }
        ],
        "line": 19
      },
      "1": {
        "loc": {
          "start": { "line": 35, "column": 11 },
          "end": { "line": 35, "column": 66 }
        },
        "type": "binary-expr",
        "locations": [
          {
            "start": { "line": 35, "column": 11 },
            "end": { "line": 35, "column": 33 }
          },
          {
            "start": { "line": 35, "column": 37 },
            "end": { "line": 35, "column": 56 }
          },
          {
            "start": { "line": 35, "column": 60 },
            "end": { "line": 35, "column": 66 }
          }
        ],
        "line": 35
      },
      "2": {
        "loc": {
          "start": { "line": 38, "column": 20 },
          "end": { "line": 38, "column": 72 }
        },
        "type": "cond-expr",
        "locations": [
          {
            "start": { "line": 38, "column": 50 },
            "end": { "line": 38, "column": 59 }
          },
          {
            "start": { "line": 38, "column": 62 },
            "end": { "line": 38, "column": 72 }
          }
        ],
        "line": 38
      },
      "3": {
        "loc": {
          "start": { "line": 39, "column": 23 },
          "end": { "line": 39, "column": 75 }
        },
        "type": "cond-expr",
        "locations": [
          {
            "start": { "line": 39, "column": 56 },
            "end": { "line": 39, "column": 68 }
          },
          {
            "start": { "line": 39, "column": 71 },
            "end": { "line": 39, "column": 75 }
          }
        ],
        "line": 39
      },
      "4": {
        "loc": {
          "start": { "line": 47, "column": 9 },
          "end": { "line": 47, "column": 48 }
        },
        "type": "binary-expr",
        "locations": [
          {
            "start": { "line": 47, "column": 9 },
            "end": { "line": 47, "column": 16 }
          },
          {
            "start": { "line": 47, "column": 20 },
            "end": { "line": 47, "column": 48 }
          }
        ],
        "line": 47
      },
      "5": {
        "loc": {
          "start": { "line": 50, "column": 33 },
          "end": { "line": 50, "column": 58 }
        },
        "type": "binary-expr",
        "locations": [
          {
            "start": { "line": 50, "column": 33 },
            "end": { "line": 50, "column": 39 }
          },
          {
            "start": { "line": 50, "column": 43 },
            "end": { "line": 50, "column": 58 }
          }
        ],
        "line": 50
      },
      "6": {
        "loc": {
          "start": { "line": 53, "column": 39 },
          "end": { "line": 53, "column": 64 }
        },
        "type": "binary-expr",
        "locations": [
          {
            "start": { "line": 53, "column": 39 },
            "end": { "line": 53, "column": 45 }
          },
          {
            "start": { "line": 53, "column": 49 },
            "end": { "line": 53, "column": 64 }
          }
        ],
        "line": 53
      },
      "7": {
        "loc": {
          "start": { "line": 56, "column": 13 },
          "end": { "line": 61, "column": 13 }
        },
        "type": "binary-expr",
        "locations": [
          {
            "start": { "line": 56, "column": 13 },
            "end": { "line": 56, "column": 25 }
          },
          {
            "start": { "line": 56, "column": 29 },
            "end": { "line": 56, "column": 53 }
          },
          {
            "start": { "line": 57, "column": 14 },
            "end": { "line": 60, "column": 21 }
          }
        ],
        "line": 56
      },
      "8": {
        "loc": {
          "start": { "line": 57, "column": 45 },
          "end": { "line": 57, "column": 70 }
        },
        "type": "binary-expr",
        "locations": [
          {
            "start": { "line": 57, "column": 45 },
            "end": { "line": 57, "column": 51 }
          },
          {
            "start": { "line": 57, "column": 55 },
            "end": { "line": 57, "column": 70 }
          }
        ],
        "line": 57
      },
      "9": {
        "loc": {
          "start": { "line": 71, "column": 32 },
          "end": { "line": 71, "column": 58 }
        },
        "type": "binary-expr",
        "locations": [
          {
            "start": { "line": 71, "column": 32 },
            "end": { "line": 71, "column": 38 }
          },
          {
            "start": { "line": 71, "column": 42 },
            "end": { "line": 71, "column": 58 }
          }
        ],
        "line": 71
      },
      "10": {
        "loc": {
          "start": { "line": 77, "column": 9 },
          "end": { "line": 84, "column": 9 }
        },
        "type": "binary-expr",
        "locations": [
          {
            "start": { "line": 77, "column": 9 },
            "end": { "line": 77, "column": 22 }
          },
          {
            "start": { "line": 78, "column": 10 },
            "end": { "line": 83, "column": 17 }
          }
        ],
        "line": 77
      },
      "11": {
        "loc": {
          "start": { "line": 79, "column": 37 },
          "end": { "line": 79, "column": 66 }
        },
        "type": "binary-expr",
        "locations": [
          {
            "start": { "line": 79, "column": 37 },
            "end": { "line": 79, "column": 43 }
          },
          {
            "start": { "line": 79, "column": 47 },
            "end": { "line": 79, "column": 66 }
          }
        ],
        "line": 79
      }
    },
    "s": {
      "0": 4,
      "1": 4,
      "2": 4,
      "3": 0,
      "4": 0,
      "5": 0,
      "6": 0,
      "7": 4,
      "8": 8,
      "9": 4,
      "10": 4,
      "11": 4,
      "12": 4,
      "13": 1
    },
    "f": { "0": 4, "1": 4, "2": 8 },
    "b": {
      "0": [4, 0, 0, 0, 0],
      "1": [8, 5, 5],
      "2": [4, 0],
      "3": [1, 3],
      "4": [4, 4],
      "5": [4, 0],
      "6": [4, 0],
      "7": [4, 1, 1],
      "8": [1, 0],
      "9": [4, 0],
      "10": [4, 4],
      "11": [4, 0]
    },
    "_coverageSchema": "1a1c01bbd47fc00a2c39e90264f33305004495a9",
    "hash": "f6e064209e3bf7efbd906cc881a1f022d4823343"
  },
  "C:\\Users\\Acer\\Desktop\\Noteece\\apps\\mobile\\src\\components\\index.ts": {
    "path": "C:\\Users\\Acer\\Desktop\\Noteece\\apps\\mobile\\src\\components\\index.ts",
    "statementMap": {},
    "fnMap": {},
    "branchMap": {},
    "s": {},
    "f": {},
    "b": {}
  },
  "C:\\Users\\Acer\\Desktop\\Noteece\\apps\\mobile\\src\\components\\animations\\Bounce.tsx": {
    "path": "C:\\Users\\Acer\\Desktop\\Noteece\\apps\\mobile\\src\\components\\animations\\Bounce.tsx",
    "statementMap": {
      "0": {
        "start": { "line": 28, "column": 20 },
        "end": { "line": 28, "column": 57 }
      },
      "1": {
        "start": { "line": 30, "column": 2 },
        "end": { "line": 55, "column": 48 }
      },
      "2": {
        "start": { "line": 31, "column": 28 },
        "end": { "line": 48, "column": 6 }
      },
      "3": {
        "start": { "line": 50, "column": 4 },
        "end": { "line": 54, "column": 5 }
      },
      "4": {
        "start": { "line": 51, "column": 6 },
        "end": { "line": 51, "column": 45 }
      },
      "5": {
        "start": { "line": 53, "column": 6 },
        "end": { "line": 53, "column": 30 }
      },
      "6": {
        "start": { "line": 57, "column": 2 },
        "end": { "line": 61, "column": 4 }
      }
    },
    "fnMap": {
      "0": {
        "name": "Bounce",
        "decl": {
          "start": { "line": 20, "column": 16 },
          "end": { "line": 20, "column": 22 }
        },
        "loc": {
          "start": { "line": 27, "column": 16 },
          "end": { "line": 62, "column": 1 }
        },
        "line": 27
      },
      "1": {
        "name": "(anonymous_1)",
        "decl": {
          "start": { "line": 30, "column": 12 },
          "end": { "line": 30, "column": 13 }
        },
        "loc": {
          "start": { "line": 30, "column": 18 },
          "end": { "line": 55, "column": 3 }
        },
        "line": 30
      }
    },
    "branchMap": {
      "0": {
        "loc": {
          "start": { "line": 22, "column": 2 },
          "end": { "line": 22, "column": 16 }
        },
        "type": "default-arg",
        "locations": [
          {
            "start": { "line": 22, "column": 13 },
            "end": { "line": 22, "column": 16 }
          }
        ],
        "line": 22
      },
      "1": {
        "loc": {
          "start": { "line": 23, "column": 2 },
          "end": { "line": 23, "column": 13 }
        },
        "type": "default-arg",
        "locations": [
          {
            "start": { "line": 23, "column": 10 },
            "end": { "line": 23, "column": 13 }
          }
        ],
        "line": 23
      },
      "2": {
        "loc": {
          "start": { "line": 24, "column": 2 },
          "end": { "line": 24, "column": 11 }
        },
        "type": "default-arg",
        "locations": [
          {
            "start": { "line": 24, "column": 10 },
            "end": { "line": 24, "column": 11 }
          }
        ],
        "line": 24
      },
      "3": {
        "loc": {
          "start": { "line": 25, "column": 2 },
          "end": { "line": 25, "column": 14 }
        },
        "type": "default-arg",
        "locations": [
          {
            "start": { "line": 25, "column": 9 },
            "end": { "line": 25, "column": 14 }
          }
        ],
        "line": 25
      },
      "4": {
        "loc": {
          "start": { "line": 50, "column": 4 },
          "end": { "line": 54, "column": 5 }
        },
        "type": "if",
        "locations": [
          {
            "start": { "line": 50, "column": 4 },
            "end": { "line": 54, "column": 5 }
          },
          {
            "start": { "line": 52, "column": 11 },
            "end": { "line": 54, "column": 5 }
          }
        ],
        "line": 50
      }
    },
    "s": { "0": 0, "1": 0, "2": 0, "3": 0, "4": 0, "5": 0, "6": 0 },
    "f": { "0": 0, "1": 0 },
    "b": { "0": [0], "1": [0], "2": [0], "3": [0], "4": [0, 0] }
  },
  "C:\\Users\\Acer\\Desktop\\Noteece\\apps\\mobile\\src\\components\\animations\\FadeIn.tsx": {
    "path": "C:\\Users\\Acer\\Desktop\\Noteece\\apps\\mobile\\src\\components\\animations\\FadeIn.tsx",
    "statementMap": {
      "0": {
        "start": { "line": 24, "column": 18 },
        "end": { "line": 24, "column": 55 }
      },
      "1": {
        "start": { "line": 26, "column": 2 },
        "end": { "line": 33, "column": 33 }
      },
      "2": {
        "start": { "line": 27, "column": 4 },
        "end": { "line": 32, "column": 15 }
      },
      "3": {
        "start": { "line": 35, "column": 2 },
        "end": { "line": 35, "column": 80 }
      }
    },
    "fnMap": {
      "0": {
        "name": "FadeIn",
        "decl": {
          "start": { "line": 18, "column": 16 },
          "end": { "line": 18, "column": 22 }
        },
        "loc": {
          "start": { "line": 23, "column": 16 },
          "end": { "line": 36, "column": 1 }
        },
        "line": 23
      },
      "1": {
        "name": "(anonymous_1)",
        "decl": {
          "start": { "line": 26, "column": 12 },
          "end": { "line": 26, "column": 13 }
        },
        "loc": {
          "start": { "line": 26, "column": 18 },
          "end": { "line": 33, "column": 3 }
        },
        "line": 26
      }
    },
    "branchMap": {
      "0": {
        "loc": {
          "start": { "line": 20, "column": 2 },
          "end": { "line": 20, "column": 16 }
        },
        "type": "default-arg",
        "locations": [
          {
            "start": { "line": 20, "column": 13 },
            "end": { "line": 20, "column": 16 }
          }
        ],
        "line": 20
      },
      "1": {
        "loc": {
          "start": { "line": 21, "column": 2 },
          "end": { "line": 21, "column": 11 }
        },
        "type": "default-arg",
        "locations": [
          {
            "start": { "line": 21, "column": 10 },
            "end": { "line": 21, "column": 11 }
          }
        ],
        "line": 21
      }
    },
    "s": { "0": 0, "1": 0, "2": 0, "3": 0 },
    "f": { "0": 0, "1": 0 },
    "b": { "0": [0], "1": [0] }
  },
  "C:\\Users\\Acer\\Desktop\\Noteece\\apps\\mobile\\src\\components\\animations\\Pulse.tsx": {
    "path": "C:\\Users\\Acer\\Desktop\\Noteece\\apps\\mobile\\src\\components\\animations\\Pulse.tsx",
    "statementMap": {
      "0": {
        "start": { "line": 28, "column": 16 },
        "end": { "line": 28, "column": 60 }
      },
      "1": {
        "start": { "line": 30, "column": 2 },
        "end": { "line": 53, "column": 52 }
      },
      "2": {
        "start": { "line": 31, "column": 22 },
        "end": { "line": 44, "column": 5 }
      },
      "3": {
        "start": { "line": 46, "column": 4 },
        "end": { "line": 48, "column": 5 }
      },
      "4": {
        "start": { "line": 47, "column": 6 },
        "end": { "line": 47, "column": 24 }
      },
      "5": {
        "start": { "line": 50, "column": 4 },
        "end": { "line": 52, "column": 6 }
      },
      "6": {
        "start": { "line": 51, "column": 6 },
        "end": { "line": 51, "column": 23 }
      },
      "7": {
        "start": { "line": 55, "column": 2 },
        "end": { "line": 66, "column": 4 }
      }
    },
    "fnMap": {
      "0": {
        "name": "Pulse",
        "decl": {
          "start": { "line": 20, "column": 16 },
          "end": { "line": 20, "column": 21 }
        },
        "loc": {
          "start": { "line": 27, "column": 15 },
          "end": { "line": 67, "column": 1 }
        },
        "line": 27
      },
      "1": {
        "name": "(anonymous_1)",
        "decl": {
          "start": { "line": 30, "column": 12 },
          "end": { "line": 30, "column": 13 }
        },
        "loc": {
          "start": { "line": 30, "column": 18 },
          "end": { "line": 53, "column": 3 }
        },
        "line": 30
      },
      "2": {
        "name": "(anonymous_2)",
        "decl": {
          "start": { "line": 50, "column": 11 },
          "end": { "line": 50, "column": 12 }
        },
        "loc": {
          "start": { "line": 50, "column": 17 },
          "end": { "line": 52, "column": 5 }
        },
        "line": 50
      }
    },
    "branchMap": {
      "0": {
        "loc": {
          "start": { "line": 22, "column": 2 },
          "end": { "line": 22, "column": 17 }
        },
        "type": "default-arg",
        "locations": [
          {
            "start": { "line": 22, "column": 13 },
            "end": { "line": 22, "column": 17 }
          }
        ],
        "line": 22
      },
      "1": {
        "loc": {
          "start": { "line": 23, "column": 2 },
          "end": { "line": 23, "column": 17 }
        },
        "type": "default-arg",
        "locations": [
          {
            "start": { "line": 23, "column": 13 },
            "end": { "line": 23, "column": 17 }
          }
        ],
        "line": 23
      },
      "2": {
        "loc": {
          "start": { "line": 24, "column": 2 },
          "end": { "line": 24, "column": 17 }
        },
        "type": "default-arg",
        "locations": [
          {
            "start": { "line": 24, "column": 13 },
            "end": { "line": 24, "column": 17 }
          }
        ],
        "line": 24
      },
      "3": {
        "loc": {
          "start": { "line": 25, "column": 2 },
          "end": { "line": 25, "column": 15 }
        },
        "type": "default-arg",
        "locations": [
          {
            "start": { "line": 25, "column": 11 },
            "end": { "line": 25, "column": 15 }
          }
        ],
        "line": 25
      },
      "4": {
        "loc": {
          "start": { "line": 46, "column": 4 },
          "end": { "line": 48, "column": 5 }
        },
        "type": "if",
        "locations": [
          {
            "start": { "line": 46, "column": 4 },
            "end": { "line": 48, "column": 5 }
          },
          { "start": {}, "end": {} }
        ],
        "line": 46
      }
    },
    "s": { "0": 0, "1": 0, "2": 0, "3": 0, "4": 0, "5": 0, "6": 0, "7": 0 },
    "f": { "0": 0, "1": 0, "2": 0 },
    "b": { "0": [0], "1": [0], "2": [0], "3": [0], "4": [0, 0] }
  },
  "C:\\Users\\Acer\\Desktop\\Noteece\\apps\\mobile\\src\\components\\animations\\Rotation.tsx": {
    "path": "C:\\Users\\Acer\\Desktop\\Noteece\\apps\\mobile\\src\\components\\animations\\Rotation.tsx",
    "statementMap": {
      "0": {
        "start": { "line": 30, "column": 21 },
        "end": { "line": 30, "column": 58 }
      },
      "1": {
        "start": { "line": 32, "column": 2 },
        "end": { "line": 47, "column": 53 }
      },
      "2": {
        "start": { "line": 33, "column": 30 },
        "end": { "line": 38, "column": 6 }
      },
      "3": {
        "start": { "line": 40, "column": 17 },
        "end": { "line": 40, "column": 76 }
      },
      "4": {
        "start": { "line": 41, "column": 4 },
        "end": { "line": 41, "column": 17 }
      },
      "5": {
        "start": { "line": 43, "column": 4 },
        "end": { "line": 46, "column": 6 }
      },
      "6": {
        "start": { "line": 44, "column": 6 },
        "end": { "line": 44, "column": 33 }
      },
      "7": {
        "start": { "line": 45, "column": 6 },
        "end": { "line": 45, "column": 29 }
      },
      "8": {
        "start": { "line": 49, "column": 17 },
        "end": { "line": 54, "column": 4 }
      },
      "9": {
        "start": { "line": 56, "column": 2 },
        "end": { "line": 60, "column": 4 }
      }
    },
    "fnMap": {
      "0": {
        "name": "Rotation",
        "decl": {
          "start": { "line": 21, "column": 16 },
          "end": { "line": 21, "column": 24 }
        },
        "loc": {
          "start": { "line": 29, "column": 18 },
          "end": { "line": 61, "column": 1 }
        },
        "line": 29
      },
      "1": {
        "name": "(anonymous_1)",
        "decl": {
          "start": { "line": 32, "column": 12 },
          "end": { "line": 32, "column": 13 }
        },
        "loc": {
          "start": { "line": 32, "column": 18 },
          "end": { "line": 47, "column": 3 }
        },
        "line": 32
      },
      "2": {
        "name": "(anonymous_2)",
        "decl": {
          "start": { "line": 43, "column": 11 },
          "end": { "line": 43, "column": 12 }
        },
        "loc": {
          "start": { "line": 43, "column": 17 },
          "end": { "line": 46, "column": 5 }
        },
        "line": 43
      }
    },
    "branchMap": {
      "0": {
        "loc": {
          "start": { "line": 23, "column": 2 },
          "end": { "line": 23, "column": 17 }
        },
        "type": "default-arg",
        "locations": [
          {
            "start": { "line": 23, "column": 13 },
            "end": { "line": 23, "column": 17 }
          }
        ],
        "line": 23
      },
      "1": {
        "loc": {
          "start": { "line": 24, "column": 2 },
          "end": { "line": 24, "column": 11 }
        },
        "type": "default-arg",
        "locations": [
          {
            "start": { "line": 24, "column": 10 },
            "end": { "line": 24, "column": 11 }
          }
        ],
        "line": 24
      },
      "2": {
        "loc": {
          "start": { "line": 25, "column": 2 },
          "end": { "line": 25, "column": 13 }
        },
        "type": "default-arg",
        "locations": [
          {
            "start": { "line": 25, "column": 9 },
            "end": { "line": 25, "column": 13 }
          }
        ],
        "line": 25
      },
      "3": {
        "loc": {
          "start": { "line": 26, "column": 2 },
          "end": { "line": 26, "column": 18 }
        },
        "type": "default-arg",
        "locations": [
          {
            "start": { "line": 26, "column": 14 },
            "end": { "line": 26, "column": 18 }
          }
        ],
        "line": 26
      },
      "4": {
        "loc": {
          "start": { "line": 27, "column": 2 },
          "end": { "line": 27, "column": 15 }
        },
        "type": "default-arg",
        "locations": [
          {
            "start": { "line": 27, "column": 12 },
            "end": { "line": 27, "column": 15 }
          }
        ],
        "line": 27
      },
      "5": {
        "loc": {
          "start": { "line": 40, "column": 17 },
          "end": { "line": 40, "column": 76 }
        },
        "type": "cond-expr",
        "locations": [
          {
            "start": { "line": 40, "column": 24 },
            "end": { "line": 40, "column": 56 }
          },
          {
            "start": { "line": 40, "column": 59 },
            "end": { "line": 40, "column": 76 }
          }
        ],
        "line": 40
      },
      "6": {
        "loc": {
          "start": { "line": 51, "column": 17 },
          "end": { "line": 53, "column": 34 }
        },
        "type": "cond-expr",
        "locations": [
          {
            "start": { "line": 52, "column": 8 },
            "end": { "line": 52, "column": 33 }
          },
          {
            "start": { "line": 53, "column": 8 },
            "end": { "line": 53, "column": 34 }
          }
        ],
        "line": 51
      }
    },
    "s": {
      "0": 0,
      "1": 0,
      "2": 0,
      "3": 0,
      "4": 0,
      "5": 0,
      "6": 0,
      "7": 0,
      "8": 0,
      "9": 0
    },
    "f": { "0": 0, "1": 0, "2": 0 },
    "b": {
      "0": [0],
      "1": [0],
      "2": [0],
      "3": [0],
      "4": [0],
      "5": [0, 0],
      "6": [0, 0]
    }
  },
  "C:\\Users\\Acer\\Desktop\\Noteece\\apps\\mobile\\src\\components\\animations\\ScaleIn.tsx": {
    "path": "C:\\Users\\Acer\\Desktop\\Noteece\\apps\\mobile\\src\\components\\animations\\ScaleIn.tsx",
    "statementMap": {
      "0": {
        "start": { "line": 28, "column": 16 },
        "end": { "line": 28, "column": 64 }
      },
      "1": {
        "start": { "line": 29, "column": 18 },
        "end": { "line": 29, "column": 55 }
      },
      "2": {
        "start": { "line": 31, "column": 2 },
        "end": { "line": 47, "column": 48 }
      },
      "3": {
        "start": { "line": 32, "column": 4 },
        "end": { "line": 46, "column": 15 }
      },
      "4": {
        "start": { "line": 49, "column": 2 },
        "end": { "line": 61, "column": 4 }
      }
    },
    "fnMap": {
      "0": {
        "name": "ScaleIn",
        "decl": {
          "start": { "line": 20, "column": 16 },
          "end": { "line": 20, "column": 23 }
        },
        "loc": {
          "start": { "line": 27, "column": 17 },
          "end": { "line": 62, "column": 1 }
        },
        "line": 27
      },
      "1": {
        "name": "(anonymous_1)",
        "decl": {
          "start": { "line": 31, "column": 12 },
          "end": { "line": 31, "column": 13 }
        },
        "loc": {
          "start": { "line": 31, "column": 18 },
          "end": { "line": 47, "column": 3 }
        },
        "line": 31
      }
    },
    "branchMap": {
      "0": {
        "loc": {
          "start": { "line": 22, "column": 2 },
          "end": { "line": 22, "column": 16 }
        },
        "type": "default-arg",
        "locations": [
          {
            "start": { "line": 22, "column": 13 },
            "end": { "line": 22, "column": 16 }
          }
        ],
        "line": 22
      },
      "1": {
        "loc": {
          "start": { "line": 23, "column": 2 },
          "end": { "line": 23, "column": 11 }
        },
        "type": "default-arg",
        "locations": [
          {
            "start": { "line": 23, "column": 10 },
            "end": { "line": 23, "column": 11 }
          }
        ],
        "line": 23
      },
      "2": {
        "loc": {
          "start": { "line": 24, "column": 2 },
          "end": { "line": 24, "column": 20 }
        },
        "type": "default-arg",
        "locations": [
          {
            "start": { "line": 24, "column": 17 },
            "end": { "line": 24, "column": 20 }
          }
        ],
        "line": 24
      },
      "3": {
        "loc": {
          "start": { "line": 25, "column": 2 },
          "end": { "line": 25, "column": 16 }
        },
        "type": "default-arg",
        "locations": [
          {
            "start": { "line": 25, "column": 11 },
            "end": { "line": 25, "column": 16 }
          }
        ],
        "line": 25
      },
      "4": {
        "loc": {
          "start": { "line": 35, "column": 18 },
          "end": { "line": 35, "column": 33 }
        },
        "type": "cond-expr",
        "locations": [
          {
            "start": { "line": 35, "column": 27 },
            "end": { "line": 35, "column": 28 }
          },
          {
            "start": { "line": 35, "column": 31 },
            "end": { "line": 35, "column": 33 }
          }
        ],
        "line": 35
      },
      "5": {
        "loc": {
          "start": { "line": 36, "column": 17 },
          "end": { "line": 36, "column": 33 }
        },
        "type": "cond-expr",
        "locations": [
          {
            "start": { "line": 36, "column": 26 },
            "end": { "line": 36, "column": 28 }
          },
          {
            "start": { "line": 36, "column": 31 },
            "end": { "line": 36, "column": 33 }
          }
        ],
        "line": 36
      }
    },
    "s": { "0": 0, "1": 0, "2": 0, "3": 0, "4": 0 },
    "f": { "0": 0, "1": 0 },
    "b": { "0": [0], "1": [0], "2": [0], "3": [0], "4": [0, 0], "5": [0, 0] }
  },
  "C:\\Users\\Acer\\Desktop\\Noteece\\apps\\mobile\\src\\components\\animations\\Shake.tsx": {
    "path": "C:\\Users\\Acer\\Desktop\\Noteece\\apps\\mobile\\src\\components\\animations\\Shake.tsx",
    "statementMap": {
      "0": {
        "start": { "line": 28, "column": 21 },
        "end": { "line": 28, "column": 58 }
      },
      "1": {
        "start": { "line": 30, "column": 2 },
        "end": { "line": 69, "column": 57 }
      },
      "2": {
        "start": { "line": 31, "column": 4 },
        "end": { "line": 31, "column": 25 }
      },
      "3": {
        "start": { "line": 31, "column": 18 },
        "end": { "line": 31, "column": 25 }
      },
      "4": {
        "start": { "line": 33, "column": 22 },
        "end": { "line": 59, "column": 6 }
      },
      "5": {
        "start": { "line": 62, "column": 6 },
        "end": { "line": 62, "column": 79 }
      },
      "6": {
        "start": { "line": 63, "column": 4 },
        "end": { "line": 63, "column": 17 }
      },
      "7": {
        "start": { "line": 65, "column": 4 },
        "end": { "line": 68, "column": 6 }
      },
      "8": {
        "start": { "line": 66, "column": 6 },
        "end": { "line": 66, "column": 33 }
      },
      "9": {
        "start": { "line": 67, "column": 6 },
        "end": { "line": 67, "column": 29 }
      },
      "10": {
        "start": { "line": 71, "column": 2 },
        "end": { "line": 75, "column": 4 }
      }
    },
    "fnMap": {
      "0": {
        "name": "Shake",
        "decl": {
          "start": { "line": 20, "column": 16 },
          "end": { "line": 20, "column": 21 }
        },
        "loc": {
          "start": { "line": 27, "column": 15 },
          "end": { "line": 76, "column": 1 }
        },
        "line": 27
      },
      "1": {
        "name": "(anonymous_1)",
        "decl": {
          "start": { "line": 30, "column": 12 },
          "end": { "line": 30, "column": 13 }
        },
        "loc": {
          "start": { "line": 30, "column": 18 },
          "end": { "line": 69, "column": 3 }
        },
        "line": 30
      },
      "2": {
        "name": "(anonymous_2)",
        "decl": {
          "start": { "line": 65, "column": 11 },
          "end": { "line": 65, "column": 12 }
        },
        "loc": {
          "start": { "line": 65, "column": 17 },
          "end": { "line": 68, "column": 5 }
        },
        "line": 65
      }
    },
    "branchMap": {
      "0": {
        "loc": {
          "start": { "line": 22, "column": 2 },
          "end": { "line": 22, "column": 16 }
        },
        "type": "default-arg",
        "locations": [
          {
            "start": { "line": 22, "column": 13 },
            "end": { "line": 22, "column": 16 }
          }
        ],
        "line": 22
      },
      "1": {
        "loc": {
          "start": { "line": 23, "column": 2 },
          "end": { "line": 23, "column": 16 }
        },
        "type": "default-arg",
        "locations": [
          {
            "start": { "line": 23, "column": 14 },
            "end": { "line": 23, "column": 16 }
          }
        ],
        "line": 23
      },
      "2": {
        "loc": {
          "start": { "line": 24, "column": 2 },
          "end": { "line": 24, "column": 12 }
        },
        "type": "default-arg",
        "locations": [
          {
            "start": { "line": 24, "column": 11 },
            "end": { "line": 24, "column": 12 }
          }
        ],
        "line": 24
      },
      "3": {
        "loc": {
          "start": { "line": 26, "column": 2 },
          "end": { "line": 26, "column": 16 }
        },
        "type": "default-arg",
        "locations": [
          {
            "start": { "line": 26, "column": 12 },
            "end": { "line": 26, "column": 16 }
          }
        ],
        "line": 26
      },
      "4": {
        "loc": {
          "start": { "line": 31, "column": 4 },
          "end": { "line": 31, "column": 25 }
        },
        "type": "if",
        "locations": [
          {
            "start": { "line": 31, "column": 4 },
            "end": { "line": 31, "column": 25 }
          },
          { "start": {}, "end": {} }
        ],
        "line": 31
      },
      "5": {
        "loc": {
          "start": { "line": 62, "column": 6 },
          "end": { "line": 62, "column": 79 }
        },
        "type": "cond-expr",
        "locations": [
          {
            "start": { "line": 62, "column": 19 },
            "end": { "line": 62, "column": 67 }
          },
          {
            "start": { "line": 62, "column": 70 },
            "end": { "line": 62, "column": 79 }
          }
        ],
        "line": 62
      }
    },
    "s": {
      "0": 0,
      "1": 0,
      "2": 0,
      "3": 0,
      "4": 0,
      "5": 0,
      "6": 0,
      "7": 0,
      "8": 0,
      "9": 0,
      "10": 0
    },
    "f": { "0": 0, "1": 0, "2": 0 },
    "b": { "0": [0], "1": [0], "2": [0], "3": [0], "4": [0, 0], "5": [0, 0] }
  },
  "C:\\Users\\Acer\\Desktop\\Noteece\\apps\\mobile\\src\\components\\animations\\SlideIn.tsx": {
    "path": "C:\\Users\\Acer\\Desktop\\Noteece\\apps\\mobile\\src\\components\\animations\\SlideIn.tsx",
    "statementMap": {
      "0": {
[...]
        },
        "type": "if",
        "locations": [
          {
            "start": { "line": 189, "column": 2 },
            "end": { "line": 191, "column": 3 }
          },
          { "start": {}, "end": {} }
        ],
        "line": 189
      },
      "5": {
        "loc": {
          "start": { "line": 189, "column": 6 },
          "end": { "line": 189, "column": 31 }
        },
        "type": "binary-expr",
        "locations": [
          {
            "start": { "line": 189, "column": 6 },
            "end": { "line": 189, "column": 10 }
          },
          {
            "start": { "line": 189, "column": 14 },
            "end": { "line": 189, "column": 31 }
          }
        ],
        "line": 189
      },
      "6": {
        "loc": {
          "start": { "line": 217, "column": 2 },
          "end": { "line": 222, "column": 3 }
        },
        "type": "if",
        "locations": [
          {
            "start": { "line": 217, "column": 2 },
            "end": { "line": 222, "column": 3 }
          },
          { "start": {}, "end": {} }
        ],
        "line": 217
      },
      "7": {
        "loc": {
          "start": { "line": 217, "column": 6 },
          "end": { "line": 217, "column": 43 }
        },
        "type": "binary-expr",
        "locations": [
          {
            "start": { "line": 217, "column": 6 },
            "end": { "line": 217, "column": 16 }
          },
          {
            "start": { "line": 217, "column": 20 },
            "end": { "line": 217, "column": 43 }
          }
        ],
        "line": 217
      },
      "8": {
        "loc": {
          "start": { "line": 223, "column": 2 },
          "end": { "line": 225, "column": 3 }
        },
        "type": "if",
        "locations": [
          {
            "start": { "line": 223, "column": 2 },
            "end": { "line": 225, "column": 3 }
          },
          { "start": {}, "end": {} }
        ],
        "line": 223
      },
      "9": {
        "loc": {
          "start": { "line": 223, "column": 6 },
          "end": { "line": 223, "column": 31 }
        },
        "type": "binary-expr",
        "locations": [
          {
            "start": { "line": 223, "column": 6 },
            "end": { "line": 223, "column": 10 }
          },
          {
            "start": { "line": 223, "column": 14 },
            "end": { "line": 223, "column": 31 }
          }
        ],
        "line": 223
      },
      "10": {
        "loc": {
          "start": { "line": 226, "column": 2 },
          "end": { "line": 228, "column": 3 }
        },
        "type": "if",
        "locations": [
          {
            "start": { "line": 226, "column": 2 },
            "end": { "line": 228, "column": 3 }
          },
          { "start": {}, "end": {} }
        ],
        "line": 226
      },
      "11": {
        "loc": {
          "start": { "line": 226, "column": 6 },
          "end": { "line": 226, "column": 35 }
        },
        "type": "binary-expr",
        "locations": [
          {
            "start": { "line": 226, "column": 6 },
            "end": { "line": 226, "column": 12 }
          },
          {
            "start": { "line": 226, "column": 16 },
            "end": { "line": 226, "column": 35 }
          }
        ],
        "line": 226
      },
      "12": {
        "loc": {
          "start": { "line": 243, "column": 4 },
          "end": { "line": 245, "column": 5 }
        },
        "type": "if",
        "locations": [
          {
            "start": { "line": 243, "column": 4 },
            "end": { "line": 245, "column": 5 }
          },
          { "start": {}, "end": {} }
        ],
        "line": 243
      },
      "13": {
        "loc": {
          "start": { "line": 253, "column": 6 },
          "end": { "line": 255, "column": 7 }
        },
        "type": "if",
        "locations": [
          {
            "start": { "line": 253, "column": 6 },
            "end": { "line": 255, "column": 7 }
          },
          { "start": {}, "end": {} }
        ],
        "line": 253
      },
      "14": {
        "loc": {
          "start": { "line": 272, "column": 6 },
          "end": { "line": 275, "column": 7 }
        },
        "type": "if",
        "locations": [
          {
            "start": { "line": 272, "column": 6 },
            "end": { "line": 275, "column": 7 }
          },
          { "start": {}, "end": {} }
        ],
        "line": 272
      },
      "15": {
        "loc": {
          "start": { "line": 272, "column": 10 },
          "end": { "line": 272, "column": 42 }
        },
        "type": "binary-expr",
        "locations": [
          {
            "start": { "line": 272, "column": 10 },
            "end": { "line": 272, "column": 19 }
          },
          {
            "start": { "line": 272, "column": 23 },
            "end": { "line": 272, "column": 42 }
          }
        ],
        "line": 272
      },
      "16": {
        "loc": {
          "start": { "line": 279, "column": 6 },
          "end": { "line": 282, "column": 7 }
        },
        "type": "if",
        "locations": [
          {
            "start": { "line": 279, "column": 6 },
            "end": { "line": 282, "column": 7 }
          },
          { "start": {}, "end": {} }
        ],
        "line": 279
      },
      "17": {
        "loc": {
          "start": { "line": 287, "column": 6 },
          "end": { "line": 296, "column": 7 }
        },
        "type": "if",
        "locations": [
          {
            "start": { "line": 287, "column": 6 },
            "end": { "line": 296, "column": 7 }
          },
          { "start": {}, "end": {} }
        ],
        "line": 287
      },
      "18": {
        "loc": {
          "start": { "line": 288, "column": 8 },
          "end": { "line": 292, "column": 26 }
        },
        "type": "binary-expr",
        "locations": [
          {
            "start": { "line": 288, "column": 8 },
            "end": { "line": 288, "column": 30 }
          },
          {
            "start": { "line": 289, "column": 8 },
            "end": { "line": 289, "column": 30 }
          },
          {
            "start": { "line": 290, "column": 8 },
            "end": { "line": 290, "column": 25 }
          },
          {
            "start": { "line": 291, "column": 8 },
            "end": { "line": 291, "column": 30 }
          },
          {
            "start": { "line": 292, "column": 8 },
            "end": { "line": 292, "column": 26 }
          }
        ],
        "line": 288
      },
      "19": {
        "loc": {
          "start": { "line": 322, "column": 6 },
          "end": { "line": 325, "column": 7 }
        },
        "type": "if",
        "locations": [
          {
            "start": { "line": 322, "column": 6 },
            "end": { "line": 325, "column": 7 }
          },
          { "start": {}, "end": {} }
        ],
        "line": 322
      },
      "20": {
        "loc": {
          "start": { "line": 334, "column": 6 },
          "end": { "line": 337, "column": 7 }
        },
        "type": "if",
        "locations": [
          {
            "start": { "line": 334, "column": 6 },
            "end": { "line": 337, "column": 7 }
          },
          { "start": {}, "end": {} }
        ],
        "line": 334
      },
      "21": {
        "loc": {
          "start": { "line": 341, "column": 6 },
          "end": { "line": 344, "column": 7 }
        },
        "type": "if",
        "locations": [
          {
            "start": { "line": 341, "column": 6 },
            "end": { "line": 344, "column": 7 }
          },
          { "start": {}, "end": {} }
        ],
        "line": 341
      },
      "22": {
        "loc": {
          "start": { "line": 371, "column": 6 },
          "end": { "line": 374, "column": 7 }
        },
        "type": "if",
        "locations": [
          {
            "start": { "line": 371, "column": 6 },
            "end": { "line": 374, "column": 7 }
          },
          { "start": {}, "end": {} }
        ],
        "line": 371
      },
      "23": {
        "loc": {
          "start": { "line": 371, "column": 10 },
          "end": { "line": 371, "column": 42 }
        },
        "type": "binary-expr",
        "locations": [
          {
            "start": { "line": 371, "column": 10 },
            "end": { "line": 371, "column": 19 }
          },
          {
            "start": { "line": 371, "column": 23 },
            "end": { "line": 371, "column": 42 }
          }
        ],
        "line": 371
      },
      "24": {
        "loc": {
          "start": { "line": 447, "column": 13 },
          "end": { "line": 447, "column": 35 }
        },
        "type": "binary-expr",
        "locations": [
          {
            "start": { "line": 447, "column": 13 },
            "end": { "line": 447, "column": 23 }
          },
          {
            "start": { "line": 447, "column": 27 },
            "end": { "line": 447, "column": 35 }
          }
        ],
        "line": 447
      },
      "25": {
        "loc": {
          "start": { "line": 472, "column": 6 },
          "end": { "line": 475, "column": 7 }
        },
        "type": "if",
        "locations": [
          {
            "start": { "line": 472, "column": 6 },
            "end": { "line": 475, "column": 7 }
          },
          { "start": {}, "end": {} }
        ],
        "line": 472
      },
      "26": {
        "loc": {
          "start": { "line": 491, "column": 6 },
          "end": { "line": 494, "column": 7 }
        },
        "type": "if",
        "locations": [
          {
            "start": { "line": 491, "column": 6 },
            "end": { "line": 494, "column": 7 }
          },
          { "start": {}, "end": {} }
        ],
        "line": 491
      },
      "27": {
        "loc": {
          "start": { "line": 525, "column": 8 },
          "end": { "line": 529, "column": 9 }
        },
        "type": "if",
        "locations": [
          {
            "start": { "line": 525, "column": 8 },
            "end": { "line": 529, "column": 9 }
          },
          { "start": {}, "end": {} }
        ],
        "line": 525
      },
      "28": {
        "loc": {
          "start": { "line": 537, "column": 8 },
          "end": { "line": 541, "column": 9 }
        },
        "type": "if",
        "locations": [
          {
            "start": { "line": 537, "column": 8 },
            "end": { "line": 541, "column": 9 }
          },
          { "start": {}, "end": {} }
        ],
        "line": 537
      },
      "29": {
        "loc": {
          "start": { "line": 579, "column": 6 },
          "end": { "line": 582, "column": 7 }
        },
        "type": "if",
        "locations": [
          {
            "start": { "line": 579, "column": 6 },
            "end": { "line": 582, "column": 7 }
          },
          { "start": {}, "end": {} }
        ],
        "line": 579
      },
      "30": {
        "loc": {
          "start": { "line": 579, "column": 10 },
          "end": { "line": 579, "column": 33 }
        },
        "type": "binary-expr",
        "locations": [
          {
            "start": { "line": 579, "column": 10 },
            "end": { "line": 579, "column": 20 }
          },
          {
            "start": { "line": 579, "column": 24 },
            "end": { "line": 579, "column": 33 }
          }
        ],
        "line": 579
      },
      "31": {
        "loc": {
          "start": { "line": 591, "column": 6 },
          "end": { "line": 594, "column": 7 }
        },
        "type": "if",
        "locations": [
          {
            "start": { "line": 591, "column": 6 },
            "end": { "line": 594, "column": 7 }
          },
          { "start": {}, "end": {} }
        ],
        "line": 591
      },
      "32": {
        "loc": {
          "start": { "line": 601, "column": 6 },
          "end": { "line": 604, "column": 7 }
        },
        "type": "if",
        "locations": [
          {
            "start": { "line": 601, "column": 6 },
            "end": { "line": 604, "column": 7 }
          },
          { "start": {}, "end": {} }
        ],
        "line": 601
      },
      "33": {
        "loc": {
          "start": { "line": 616, "column": 6 },
          "end": { "line": 624, "column": 7 }
        },
        "type": "if",
        "locations": [
          {
            "start": { "line": 616, "column": 6 },
            "end": { "line": 624, "column": 7 }
          },
          { "start": {}, "end": {} }
        ],
        "line": 616
      },
      "34": {
        "loc": {
          "start": { "line": 617, "column": 8 },
          "end": { "line": 620, "column": 76 }
        },
        "type": "binary-expr",
        "locations": [
          {
            "start": { "line": 617, "column": 8 },
            "end": { "line": 617, "column": 22 }
          },
          {
            "start": { "line": 618, "column": 8 },
            "end": { "line": 618, "column": 41 }
          },
          {
            "start": { "line": 619, "column": 8 },
            "end": { "line": 619, "column": 45 }
          },
          {
            "start": { "line": 620, "column": 9 },
            "end": { "line": 620, "column": 30 }
          },
          {
            "start": { "line": 620, "column": 34 },
            "end": { "line": 620, "column": 75 }
          }
        ],
        "line": 617
      },
      "35": {
        "loc": {
          "start": { "line": 636, "column": 6 },
          "end": { "line": 639, "column": 7 }
        },
        "type": "if",
        "locations": [
          {
            "start": { "line": 636, "column": 6 },
            "end": { "line": 639, "column": 7 }
          },
          { "start": {}, "end": {} }
        ],
        "line": 636
      },
      "36": {
        "loc": {
          "start": { "line": 643, "column": 6 },
          "end": { "line": 646, "column": 7 }
        },
        "type": "if",
        "locations": [
          {
            "start": { "line": 643, "column": 6 },
            "end": { "line": 646, "column": 7 }
          },
          { "start": {}, "end": {} }
        ],
        "line": 643
      }
    },
    "s": {
      "0": 0,
      "1": 0,
      "2": 0,
      "3": 0,
      "4": 0,
      "5": 0,
      "6": 0,
      "7": 0,
      "8": 0,
      "9": 0,
      "10": 0,
      "11": 0,
      "12": 0,
      "13": 0,
      "14": 0,
      "15": 0,
      "16": 0,
      "17": 0,
      "18": 0,
      "19": 0,
      "20": 0,
      "21": 0,
      "22": 0,
      "23": 0,
      "24": 0,
      "25": 0,
      "26": 0,
      "27": 0,
      "28": 0,
      "29": 0,
      "30": 0,
      "31": 0,
      "32": 0,
      "33": 0,
      "34": 0,
      "35": 0,
      "36": 0,
      "37": 0,
      "38": 0,
      "39": 0,
      "40": 0,
      "41": 0,
      "42": 0,
      "43": 0,
      "44": 0,
      "45": 0,
      "46": 0,
      "47": 0,
      "48": 0,
      "49": 0,
      "50": 0,
      "51": 0,
      "52": 0,
      "53": 0,
      "54": 0,
      "55": 0,
      "56": 0,
      "57": 0,
      "58": 0,
      "59": 0,
      "60": 0,
      "61": 0,
      "62": 0,
      "63": 0,
      "64": 0,
      "65": 0,
      "66": 0,
      "67": 0,
      "68": 0,
      "69": 0,
      "70": 0,
      "71": 0,
      "72": 0,
      "73": 0,
      "74": 0,
      "75": 0,
      "76": 0,
      "77": 0,
      "78": 0,
      "79": 0,
      "80": 0,
      "81": 0,
      "82": 0,
      "83": 0,
      "84": 0,
      "85": 0,
      "86": 0,
      "87": 0,
      "88": 0,
      "89": 0,
      "90": 0,
      "91": 0,
      "92": 0,
      "93": 0,
      "94": 0,
      "95": 0,
      "96": 0,
      "97": 0,
      "98": 0,
      "99": 0,
      "100": 0,
      "101": 0,
      "102": 0,
      "103": 0,
      "104": 0,
      "105": 0,
      "106": 0,
      "107": 0,
      "108": 0,
      "109": 0,
      "110": 0,
      "111": 0,
      "112": 0,
      "113": 0,
      "114": 0,
      "115": 0,
      "116": 0,
      "117": 0,
      "118": 0,
      "119": 0,
      "120": 0,
      "121": 0,
      "122": 0,
      "123": 0,
      "124": 0,
      "125": 0,
      "126": 0,
      "127": 0,
      "128": 0,
      "129": 0,
      "130": 0,
      "131": 0,
      "132": 0,
      "133": 0,
      "134": 0,
      "135": 0,
      "136": 0,
      "137": 0,
      "138": 0,
      "139": 0,
      "140": 0,
      "141": 0,
      "142": 0,
      "143": 0,
      "144": 0,
      "145": 0,
      "146": 0,
      "147": 0,
      "148": 0,
      "149": 0,
      "150": 0,
      "151": 0,
      "152": 0,
      "153": 0,
      "154": 0,
      "155": 0,
      "156": 0,
      "157": 0,
      "158": 0,
      "159": 0,
      "160": 0,
      "161": 0,
      "162": 0,
      "163": 0,
      "164": 0,
      "165": 0,
      "166": 0,
      "167": 0,
      "168": 0,
      "169": 0,
      "170": 0,
      "171": 0,
      "172": 0,
      "173": 0,
      "174": 0,
      "175": 0,
      "176": 0,
      "177": 0,
      "178": 0,
      "179": 0,
      "180": 0,
      "181": 0,
      "182": 0,
      "183": 0,
      "184": 0,
      "185": 0,
      "186": 0,
      "187": 0,
      "188": 0,
      "189": 0,
      "190": 0,
      "191": 0,
      "192": 0,
      "193": 0,
      "194": 0,
      "195": 0,
      "196": 0,
      "197": 0,
      "198": 0,
      "199": 0
    },
    "f": {
      "0": 0,
      "1": 0,
      "2": 0,
      "3": 0,
      "4": 0,
      "5": 0,
      "6": 0,
      "7": 0,
      "8": 0,
      "9": 0,
      "10": 0,
      "11": 0,
      "12": 0,
      "13": 0,
      "14": 0,
      "15": 0,
      "16": 0,
      "17": 0,
      "18": 0,
      "19": 0,
      "20": 0,
      "21": 0,
      "22": 0,
      "23": 0,
      "24": 0
    },
    "b": {
      "0": [0],
      "1": [0, 0],
      "2": [0, 0],
      "3": [0, 0],
      "4": [0, 0],
      "5": [0, 0],
      "6": [0, 0],
      "7": [0, 0],
      "8": [0, 0],
      "9": [0, 0],
      "10": [0, 0],
      "11": [0, 0],
      "12": [0, 0],
      "13": [0, 0],
      "14": [0, 0],
      "15": [0, 0],
      "16": [0, 0],
      "17": [0, 0],
      "18": [0, 0, 0, 0, 0],
      "19": [0, 0],
      "20": [0, 0],
      "21": [0, 0],
      "22": [0, 0],
      "23": [0, 0],
      "24": [0, 0],
      "25": [0, 0],
      "26": [0, 0],
      "27": [0, 0],
      "28": [0, 0],
      "29": [0, 0],
      "30": [0, 0],
      "31": [0, 0],
      "32": [0, 0],
      "33": [0, 0],
      "34": [0, 0, 0, 0, 0],
      "35": [0, 0],
      "36": [0, 0]
    }
  },
  "C:\\Users\\Acer\\Desktop\\Noteece\\apps\\mobile\\src\\types\\health.ts": {
    "path": "C:\\Users\\Acer\\Desktop\\Noteece\\apps\\mobile\\src\\types\\health.ts",
    "statementMap": {
      "0": {
        "start": { "line": 111, "column": 60 },
        "end": { "line": 120, "column": 1 }
      },
      "1": {
        "start": { "line": 122, "column": 56 },
        "end": { "line": 133, "column": 1 }
      }
    },
    "fnMap": {},
    "branchMap": {},
    "s": { "0": 0, "1": 0 },
    "f": {},
    "b": {}
  },
  "C:\\Users\\Acer\\Desktop\\Noteece\\apps\\mobile\\src\\types\\index.ts": {
    "path": "C:\\Users\\Acer\\Desktop\\Noteece\\apps\\mobile\\src\\types\\index.ts",
    "statementMap": {},
    "fnMap": {},
    "branchMap": {},
    "s": {},
    "f": {},
    "b": {}
  },
  "C:\\Users\\Acer\\Desktop\\Noteece\\apps\\mobile\\src\\types\\music.ts": {
    "path": "C:\\Users\\Acer\\Desktop\\Noteece\\apps\\mobile\\src\\types\\music.ts",
    "statementMap": {},
    "fnMap": {},
    "branchMap": {},
    "s": {},
    "f": {},
    "b": {}
  },
  "C:\\Users\\Acer\\Desktop\\Noteece\\apps\\mobile\\src\\types\\social.ts": {
    "path": "C:\\Users\\Acer\\Desktop\\Noteece\\apps\\mobile\\src\\types\\social.ts",
    "statementMap": {
      "0": {
        "start": { "line": 244, "column": 66 },
        "end": { "line": 371, "column": 1 }
      }
    },
    "fnMap": {},
    "branchMap": {},
    "s": { "0": 0 },
    "f": {},
    "b": {}
  }
}
