TN:
SF:src\components\DailyBrief.tsx
FN:24,DailyBrief
FN:42,(anonymous_1)
FN:46,(anonymous_2)
FNF:3
FNH:2
FNDA:3,DailyBrief
FNDA:3,(anonymous_1)
FNDA:0,(anonymous_2)
DA:25,3
DA:43,3
DA:48,0
DA:66,1
LF:4
LH:3
BRDA:40,0,0,3
BRDA:40,0,1,3
BRF:2
BRH:2
end_of_record
TN:
SF:src\components\ErrorBoundary.tsx
FN:27,(anonymous_0)
FN:37,(anonymous_1)
FN:44,(anonymous_2)
FN:55,(anonymous_3)
FN:78,(anonymous_4)
FN:84,(anonymous_5)
FN:133,(anonymous_6)
FN:154,(anonymous_7)
FN:161,(anonymous_8)
FN:169,(anonymous_9)
FN:172,(anonymous_10)
FN:180,(anonymous_11)
FNF:12
FNH:0
FNDA:0,(anonymous_0)
FNDA:0,(anonymous_1)
FNDA:0,(anonymous_2)
FNDA:0,(anonymous_3)
FNDA:0,(anonymous_4)
FNDA:0,(anonymous_5)
FNDA:0,(anonymous_6)
FNDA:0,(anonymous_7)
FNDA:0,(anonymous_8)
FNDA:0,(anonymous_9)
FNDA:0,(anonymous_10)
FNDA:0,(anonymous_11)
DA:28,0
DA:29,0
DA:38,0
DA:45,0
DA:46,0
DA:52,0
DA:56,0
DA:58,0
DA:67,0
DA:68,0
DA:69,0
DA:70,0
DA:71,0
DA:75,0
DA:76,0
DA:78,0
DA:79,0
DA:84,0
DA:85,0
DA:86,0
DA:89,0
DA:103,0
DA:109,0
DA:115,0
DA:121,0
DA:126,0
DA:129,0
DA:130,0
DA:131,0
DA:133,0
DA:135,0
DA:136,0
DA:139,0
DA:142,0
DA:143,0
DA:144,0
DA:146,0
DA:149,0
DA:153,0
DA:155,0
DA:156,0
DA:158,0
DA:159,0
DA:162,0
DA:165,0
DA:169,0
DA:172,0
DA:181,0
DA:182,0
DA:183,0
DA:186,0
DA:231,0
DA:239,0
LF:53
LH:0
BRDA:67,0,0,0
BRDA:67,0,1,0
BRDA:79,1,0,0
BRDA:79,1,1,0
BRDA:79,2,0,0
BRDA:79,2,1,0
BRDA:85,3,0,0
BRDA:85,3,1,0
BRDA:142,4,0,0
BRDA:142,4,1,0
BRDA:155,5,0,0
BRDA:155,5,1,0
BRDA:181,6,0,0
BRDA:181,6,1,0
BRDA:182,7,0,0
BRDA:182,7,1,0
BRDA:210,8,0,0
BRDA:210,8,1,0
BRDA:210,8,2,0
BRDA:218,9,0,0
BRDA:218,9,1,0
BRDA:299,10,0,0
BRDA:299,10,1,0
BRF:23
BRH:0
end_of_record
TN:
SF:src\components\LoadingState.tsx
FN:10,LoadingState
FN:32,EmptyState
FNF:2
FNH:0
FNDA:0,LoadingState
FNDA:0,EmptyState
DA:14,0
DA:38,0
DA:47,0
LF:3
LH:0
BRDA:11,0,0,0
BRDA:12,1,0,0
BRDA:17,2,0,0
BRDA:17,2,1,0
BRDA:33,3,0,0
BRDA:42,4,0,0
BRDA:42,4,1,0
BRF:7
BRH:0
end_of_record
TN:
SF:src\components\SyncManager.tsx
FN:36,(anonymous_0)
FN:48,(anonymous_1)
FN:53,(anonymous_2)
FN:86,(anonymous_3)
FN:163,(anonymous_4)
FN:175,(anonymous_5)
FN:186,(anonymous_6)
FN:195,(anonymous_7)
FN:211,(anonymous_8)
FN:286,(anonymous_9)
FN:294,(anonymous_10)
FNF:11
FNH:0
FNDA:0,(anonymous_0)
FNDA:0,(anonymous_1)
FNDA:0,(anonymous_2)
FNDA:0,(anonymous_3)
FNDA:0,(anonymous_4)
FNDA:0,(anonymous_5)
FNDA:0,(anonymous_6)
FNDA:0,(anonymous_7)
FNDA:0,(anonymous_8)
FNDA:0,(anonymous_9)
FNDA:0,(anonymous_10)
DA:36,0
DA:37,0
DA:42,0
DA:45,0
DA:46,0
DA:48,0
DA:50,0
DA:53,0
DA:54,0
DA:55,0
DA:56,0
DA:63,0
DA:65,0
DA:66,0
DA:75,0
DA:82,0
DA:86,0
DA:87,0
DA:88,0
DA:89,0
DA:96,0
DA:100,0
DA:101,0
DA:104,0
DA:111,0
DA:115,0
DA:116,0
DA:119,0
DA:127,0
DA:132,0
DA:133,0
DA:137,0
DA:139,0
DA:147,0
DA:149,0
DA:156,0
DA:163,0
DA:165,0
DA:166,0
DA:168,0
DA:169,0
DA:170,0
DA:175,0
DA:181,0
DA:182,0
DA:186,0
DA:187,0
DA:189,0
DA:190,0
DA:195,0
DA:196,0
DA:197,0
DA:198,0
DA:200,0
DA:205,0
DA:207,0
DA:211,0
DA:212,0
DA:215,0
DA:287,0
DA:294,0
DA:359,0
LF:62
LH:0
BRDA:65,0,0,0
BRDA:65,0,1,0
BRDA:69,1,0,0
BRDA:69,1,1,0
BRDA:69,2,0,0
BRDA:69,2,1,0
BRDA:79,3,0,0
BRDA:79,3,1,0
BRDA:100,4,0,0
BRDA:100,4,1,0
BRDA:115,5,0,0
BRDA:115,5,1,0
BRDA:132,6,0,0
BRDA:132,6,1,0
BRDA:153,7,0,0
BRDA:153,7,1,0
BRDA:158,8,0,0
BRDA:158,8,1,0
BRDA:181,9,0,0
BRDA:181,9,1,0
BRDA:197,10,0,0
BRDA:197,10,1,0
BRDA:230,11,0,0
BRDA:230,11,1,0
BRDA:234,12,0,0
BRDA:234,12,1,0
BRDA:241,13,0,0
BRDA:241,13,1,0
BRDA:258,14,0,0
BRDA:258,14,1,0
BRDA:260,15,0,0
BRDA:260,15,1,0
BRDA:264,16,0,0
BRDA:264,16,1,0
BRDA:269,17,0,0
BRDA:269,17,1,0
BRDA:280,18,0,0
BRDA:280,18,1,0
BRDA:291,19,0,0
BRDA:291,19,1,0
BRDA:304,20,0,0
BRDA:304,20,1,0
BRDA:304,20,2,0
BRDA:313,21,0,0
BRDA:313,21,1,0
BRF:45
BRH:0
end_of_record
TN:
SF:src\components\TimelineItemCard.tsx
FN:13,TimelineItemCard
FN:18,(anonymous_1)
FN:34,(anonymous_2)
FNF:3
FNH:3
FNDA:4,TimelineItemCard
FNDA:4,(anonymous_1)
FNDA:8,(anonymous_2)
DA:18,4
DA:19,4
DA:21,4
DA:23,0
DA:25,0
DA:27,0
DA:29,0
DA:34,4
DA:35,8
DA:38,4
DA:39,4
DA:41,4
DA:43,4
DA:90,1
LF:14
LH:10
BRDA:19,0,0,4
BRDA:19,0,1,0
BRDA:19,0,2,0
BRDA:19,0,3,0
BRDA:19,0,4,0
BRDA:35,1,0,8
BRDA:35,1,1,5
BRDA:35,1,2,5
BRDA:38,2,0,4
BRDA:38,2,1,0
BRDA:39,3,0,1
BRDA:39,3,1,3
BRDA:47,4,0,4
BRDA:47,4,1,4
BRDA:50,5,0,4
BRDA:50,5,1,0
BRDA:53,6,0,4
BRDA:53,6,1,0
BRDA:56,7,0,4
BRDA:56,7,1,1
BRDA:56,7,2,1
BRDA:57,8,0,1
BRDA:57,8,1,0
BRDA:71,9,0,4
BRDA:71,9,1,0
BRDA:77,10,0,4
BRDA:77,10,1,4
BRDA:79,11,0,4
BRDA:79,11,1,0
BRF:29
BRH:19
end_of_record
TN:
SF:src\components\index.ts
FNF:0
FNH:0
LF:0
LH:0
BRF:0
BRH:0
end_of_record
TN:
SF:src\components\animations\Bounce.tsx
FN:20,Bounce
FN:30,(anonymous_1)
FNF:2
FNH:0
FNDA:0,Bounce
FNDA:0,(anonymous_1)
DA:28,0
DA:30,0
DA:31,0
DA:50,0
DA:51,0
DA:53,0
DA:57,0
LF:7
LH:0
BRDA:22,0,0,0
BRDA:23,1,0,0
BRDA:24,2,0,0
BRDA:25,3,0,0
BRDA:50,4,0,0
BRDA:50,4,1,0
BRF:6
BRH:0
end_of_record
TN:
SF:src\components\animations\FadeIn.tsx
FN:18,FadeIn
FN:26,(anonymous_1)
FNF:2
FNH:0
FNDA:0,FadeIn
FNDA:0,(anonymous_1)
DA:24,0
DA:26,0
DA:27,0
DA:35,0
LF:4
LH:0
BRDA:20,0,0,0
BRDA:21,1,0,0
BRF:2
BRH:0
end_of_record
TN:
SF:src\components\animations\Pulse.tsx
FN:20,Pulse
FN:30,(anonymous_1)
FN:50,(anonymous_2)
FNF:3
FNH:0
FNDA:0,Pulse
FNDA:0,(anonymous_1)
FNDA:0,(anonymous_2)
DA:28,0
DA:30,0
DA:31,0
DA:46,0
DA:47,0
DA:50,0
DA:51,0
DA:55,0
LF:8
LH:0
BRDA:22,0,0,0
BRDA:23,1,0,0
BRDA:24,2,0,0
BRDA:25,3,0,0
BRDA:46,4,0,0
BRDA:46,4,1,0
BRF:6
BRH:0
end_of_record
TN:
SF:src\components\animations\Rotation.tsx
FN:21,Rotation
FN:32,(anonymous_1)
FN:43,(anonymous_2)
FNF:3
FNH:0
FNDA:0,Rotation
FNDA:0,(anonymous_1)
FNDA:0,(anonymous_2)
DA:30,0
DA:32,0
DA:33,0
DA:40,0
DA:41,0
DA:43,0
DA:44,0
DA:45,0
DA:49,0
DA:56,0
LF:10
LH:0
BRDA:23,0,0,0
BRDA:24,1,0,0
BRDA:25,2,0,0
BRDA:26,3,0,0
BRDA:27,4,0,0
BRDA:40,5,0,0
BRDA:40,5,1,0
BRDA:51,6,0,0
BRDA:51,6,1,0
BRF:9
BRH:0
end_of_record
TN:
SF:src\components\animations\ScaleIn.tsx
FN:20,ScaleIn
FN:31,(anonymous_1)
FNF:2
FNH:0
FNDA:0,ScaleIn
FNDA:0,(anonymous_1)
DA:28,0
DA:29,0
DA:31,0
DA:32,0
DA:49,0
LF:5
LH:0
BRDA:22,0,0,0
BRDA:23,1,0,0
BRDA:24,2,0,0
BRDA:25,3,0,0
BRDA:35,4,0,0
BRDA:35,4,1,0
BRDA:36,5,0,0
BRDA:36,5,1,0
BRF:8
BRH:0
end_of_record
TN:
SF:src\components\animations\Shake.tsx
FN:20,Shake
FN:30,(anonymous_1)
FN:65,(anonymous_2)
FNF:3
FNH:0
FNDA:0,Shake
FNDA:0,(anonymous_1)
FNDA:0,(anonymous_2)
DA:28,0
DA:30,0
DA:31,0
DA:33,0
DA:62,0
DA:63,0
DA:65,0
DA:66,0
DA:67,0
DA:71,0
LF:10
LH:0
BRDA:22,0,0,0
BRDA:23,1,0,0
BRDA:24,2,0,0
BRDA:26,3,0,0
BRDA:31,4,0,0
BRDA:31,4,1,0
BRDA:62,5,0,0
BRDA:62,5,1,0
BRF:8
BRH:0
end_of_record
TN:
SF:src\components\animations\SlideIn.tsx
FN:22,SlideIn
FN:34,(anonymous_1)
FNF:2
FNH:0
FNDA:0,SlideIn
FNDA:0,(anonymous_1)
DA:30,0
DA:31,0
DA:32,0
DA:34,0
DA:36,0
DA:38,0
DA:39,0
DA:41,0
DA:42,0
DA:44,0
DA:45,0
DA:47,0
DA:48,0
DA:52,0
DA:74,0
LF:15
LH:0
BRDA:24,0,0,0
BRDA:25,1,0,0
BRDA:26,2,0,0
BRDA:27,3,0,0
BRDA:36,4,0,0
BRDA:36,4,1,0
BRDA:36,4,2,0
BRDA:36,4,3,0
BRF:8
BRH:0
end_of_record
TN:
SF:src\components\animations\index.ts
FNF:0
FNH:0
LF:0
LH:0
BRF:0
BRH:0
end_of_record
TN:
SF:src\components\errors\ErrorBoundary.tsx
FN:32,(anonymous_0)
FN:41,(anonymous_1)
FN:48,(anonymous_2)
FN:62,(anonymous_3)
FN:70,(anonymous_4)
FNF:5
FNH:0
FNDA:0,(anonymous_0)
FNDA:0,(anonymous_1)
FNDA:0,(anonymous_2)
FNDA:0,(anonymous_3)
FNDA:0,(anonymous_4)
DA:33,0
DA:34,0
DA:42,0
DA:49,0
DA:51,0
DA:57,0
DA:58,0
DA:62,0
DA:63,0
DA:71,0
DA:72,0
DA:73,0
DA:76,0
DA:111,0
DA:115,0
LF:15
LH:0
BRDA:57,0,0,0
BRDA:57,0,1,0
BRDA:71,1,0,0
BRDA:71,1,1,0
BRDA:72,2,0,0
BRDA:72,2,1,0
BRDA:89,3,0,0
BRDA:89,3,1,0
BRDA:89,3,2,0
BRDA:95,4,0,0
BRDA:95,4,1,0
BRF:11
BRH:0
end_of_record
TN:
SF:src\components\errors\ErrorFallback.tsx
FN:33,categorizeError
FN:128,ErrorFallback
FNF:2
FNH:0
FNDA:0,categorizeError
FNDA:0,ErrorFallback
DA:34,0
DA:36,0
DA:37,0
DA:39,0
DA:45,0
DA:48,0
DA:49,0
DA:52,0
DA:53,0
DA:56,0
DA:57,0
DA:60,0
DA:61,0
DA:64,0
DA:69,0
DA:72,0
DA:73,0
DA:76,0
DA:85,0
DA:135,0
DA:136,0
DA:137,0
DA:139,0
DA:176,0
LF:24
LH:0
BRDA:34,0,0,0
BRDA:34,0,1,0
BRDA:36,1,0,0
BRDA:36,1,1,0
BRDA:37,2,0,0
BRDA:37,2,1,0
BRDA:39,3,0,0
BRDA:39,3,1,0
BRDA:40,4,0,0
BRDA:40,4,1,0
BRDA:40,4,2,0
BRDA:40,4,3,0
BRDA:48,5,0,0
BRDA:48,5,1,0
BRDA:48,6,0,0
BRDA:48,6,1,0
BRDA:52,7,0,0
BRDA:52,7,1,0
BRDA:52,8,0,0
BRDA:52,8,1,0
BRDA:56,9,0,0
BRDA:56,9,1,0
BRDA:56,10,0,0
BRDA:56,10,1,0
BRDA:60,11,0,0
BRDA:60,11,1,0
BRDA:60,12,0,0
BRDA:60,12,1,0
BRDA:64,13,0,0
BRDA:64,13,1,0
BRDA:65,14,0,0
BRDA:65,14,1,0
BRDA:65,14,2,0
BRDA:72,15,0,0
BRDA:72,15,1,0
BRDA:72,16,0,0
BRDA:72,16,1,0
BRDA:132,17,0,0
BRDA:135,18,0,0
BRDA:135,18,1,0
BRDA:137,19,0,0
BRDA:137,19,1,0
BRDA:140,20,0,0
BRDA:140,20,1,0
BRDA:141,21,0,0
BRDA:141,21,1,0
BRDA:143,22,0,0
BRDA:143,22,1,0
BRDA:147,23,0,0
BRDA:147,23,1,0
BRDA:152,24,0,0
BRDA:152,24,1,0
BRDA:156,25,0,0
BRDA:156,25,1,0
BRDA:156,25,2,0
BRDA:156,25,3,0
BRDA:160,26,0,0
BRDA:160,26,1,0
BRDA:162,27,0,0
BRDA:162,27,1,0
BRF:60
BRH:0
end_of_record
TN:
SF:src\components\errors\index.ts
FNF:0
FNH:0
LF:0
LH:0
BRF:0
BRH:0
end_of_record
TN:
SF:src\components\pickers\ColorPicker.tsx
FN:74,ColorPicker
FN:84,(anonymous_1)
FN:90,(anonymous_2)
FN:122,(anonymous_3)
FN:132,(anonymous_4)
FNF:5
FNH:0
FNDA:0,ColorPicker
FNDA:0,(anonymous_1)
FNDA:0,(anonymous_2)
FNDA:0,(anonymous_3)
FNDA:0,(anonymous_4)
DA:31,0
DA:82,0
DA:84,0
DA:85,0
DA:86,0
DA:87,0
DA:90,0
DA:92,0
DA:93,0
DA:94,0
DA:95,0
DA:96,0
DA:98,0
DA:102,0
DA:123,0
DA:124,0
DA:132,0
DA:190,0
LF:18
LH:0
BRDA:79,0,0,0
BRDA:80,1,0,0
BRDA:82,2,0,0
BRDA:82,2,1,0
BRDA:93,3,0,0
BRDA:93,3,1,0
BRDA:130,4,0,0
BRDA:130,4,1,0
BRDA:135,5,0,0
BRDA:135,5,1,0
BRDA:140,6,0,0
BRDA:140,6,1,0
BRDA:140,7,0,0
BRDA:140,7,1,0
BRDA:152,8,0,0
BRDA:152,8,1,0
BRF:16
BRH:0
end_of_record
TN:
SF:src\components\pickers\IconPicker.tsx
FN:44,IconPicker
FN:55,(anonymous_1)
FN:60,(anonymous_2)
FN:71,(anonymous_3)
FN:77,(anonymous_4)
FN:111,(anonymous_5)
FN:125,(anonymous_6)
FN:134,(anonymous_7)
FN:153,(anonymous_8)
FN:156,(anonymous_9)
FN:164,(anonymous_10)
FNF:11
FNH:0
FNDA:0,IconPicker
FNDA:0,(anonymous_1)
FNDA:0,(anonymous_2)
FNDA:0,(anonymous_3)
FNDA:0,(anonymous_4)
FNDA:0,(anonymous_5)
FNDA:0,(anonymous_6)
FNDA:0,(anonymous_7)
FNDA:0,(anonymous_8)
FNDA:0,(anonymous_9)
FNDA:0,(anonymous_10)
DA:31,0
DA:51,0
DA:52,0
DA:55,0
DA:56,0
DA:60,0
DA:61,0
DA:64,0
DA:66,0
DA:71,0
DA:72,0
DA:73,0
DA:74,0
DA:77,0
DA:78,0
DA:79,0
DA:80,0
DA:83,0
DA:111,0
DA:126,0
DA:127,0
DA:134,0
DA:153,0
DA:157,0
DA:158,0
DA:164,0
DA:193,0
LF:27
LH:0
BRDA:49,0,0,0
BRDA:61,1,0,0
BRDA:61,1,1,0
BRDA:67,2,0,0
BRDA:67,2,1,0
BRDA:110,3,0,0
BRDA:110,3,1,0
BRDA:118,4,0,0
BRDA:118,4,1,0
BRDA:132,5,0,0
BRDA:132,5,1,0
BRDA:139,6,0,0
BRDA:139,6,1,0
BRDA:162,7,0,0
BRDA:162,7,1,0
BRDA:168,8,0,0
BRDA:168,8,1,0
BRF:17
BRH:0
end_of_record
TN:
SF:src\components\pickers\index.ts
FNF:0
FNH:0
LF:0
LH:0
BRF:0
BRH:0
end_of_record
TN:
SF:src\components\skeletons\SkeletonBox.tsx
FN:19,SkeletonBox
FN:27,(anonymous_1)
FNF:2
FNH:0
FNDA:0,SkeletonBox
FNDA:0,(anonymous_1)
DA:25,0
DA:27,0
DA:28,0
DA:44,0
DA:49,0
DA:64,0
LF:6
LH:0
BRDA:20,0,0,0
BRDA:21,1,0,0
BRDA:22,2,0,0
BRF:3
BRH:0
end_of_record
TN:
SF:src\components\skeletons\SkeletonCard.tsx
FN:17,SkeletonCard
FN:32,(anonymous_1)
FNF:2
FNH:0
FNDA:0,SkeletonCard
FNDA:0,(anonymous_1)
DA:21,0
DA:33,0
DA:45,0
LF:3
LH:0
BRDA:18,0,0,0
BRDA:19,1,0,0
BRDA:23,2,0,0
BRDA:23,2,1,0
BRDA:35,3,0,0
BRDA:35,3,1,0
BRF:6
BRH:0
end_of_record
TN:
SF:src\components\skeletons\SkeletonList.tsx
FN:17,SkeletonListItem
FN:32,(anonymous_1)
FN:51,SkeletonList
FN:58,(anonymous_3)
FNF:4
FNH:0
FNDA:0,SkeletonListItem
FNDA:0,(anonymous_1)
FNDA:0,SkeletonList
FNDA:0,(anonymous_3)
DA:21,0
DA:33,0
DA:56,0
DA:59,0
DA:65,0
LF:5
LH:0
BRDA:18,0,0,0
BRDA:19,1,0,0
BRDA:23,2,0,0
BRDA:23,2,1,0
BRDA:35,3,0,0
BRDA:35,3,1,0
BRDA:52,4,0,0
BRDA:53,5,0,0
BRDA:54,6,0,0
BRF:9
BRH:0
end_of_record
TN:
SF:src\components\skeletons\index.ts
FNF:0
FNH:0
LF:0
LH:0
BRF:0
BRH:0
end_of_record
TN:
SF:src\components\social\BiometricLockScreen.tsx
FN:29,BiometricLockScreen
FN:37,(anonymous_1)
FN:40,(anonymous_2)
FN:49,(anonymous_3)
FN:54,(anonymous_4)
FN:71,(anonymous_5)
FNF:6
FNH:0
FNDA:0,BiometricLockScreen
FNDA:0,(anonymous_1)
FNDA:0,(anonymous_2)
FNDA:0,(anonymous_3)
FNDA:0,(anonymous_4)
FNDA:0,(anonymous_5)
DA:33,0
DA:34,0
DA:35,0
DA:37,0
DA:38,0
DA:40,0
DA:41,0
DA:45,0
DA:49,0
DA:50,0
DA:51,0
DA:54,0
DA:55,0
DA:71,0
DA:72,0
DA:74,0
DA:76,0
DA:77,0
DA:79,0
DA:80,0
DA:82,0
DA:92,0
DA:93,0
DA:98,0
DA:102,0
DA:104,0
DA:189,0
LF:27
LH:0
BRDA:72,0,0,0
BRDA:72,0,1,0
BRDA:79,1,0,0
BRDA:79,1,1,0
BRDA:102,2,0,0
BRDA:102,2,1,0
BRDA:145,3,0,0
BRDA:145,3,1,0
BRDA:160,4,0,0
BRDA:160,4,1,0
BRDA:166,5,0,0
BRDA:166,5,1,0
BRF:12
BRH:0
end_of_record
TN:
SF:src\components\social\CategoryPicker.tsx
FN:35,CategoryPicker
FN:54,(anonymous_1)
FN:58,(anonymous_2)
FN:68,(anonymous_3)
FN:73,(anonymous_4)
FN:125,(anonymous_5)
FN:140,(anonymous_6)
FN:185,(anonymous_7)
FN:202,(anonymous_8)
FN:216,(anonymous_9)
FN:240,(anonymous_10)
FN:250,(anonymous_11)
FN:266,(anonymous_12)
FN:270,(anonymous_13)
FN:278,(anonymous_14)
FN:282,(anonymous_15)
FNF:16
FNH:0
FNDA:0,CategoryPicker
FNDA:0,(anonymous_1)
FNDA:0,(anonymous_2)
FNDA:0,(anonymous_3)
FNDA:0,(anonymous_4)
FNDA:0,(anonymous_5)
FNDA:0,(anonymous_6)
FNDA:0,(anonymous_7)
FNDA:0,(anonymous_8)
FNDA:0,(anonymous_9)
FNDA:0,(anonymous_10)
FNDA:0,(anonymous_11)
FNDA:0,(anonymous_12)
FNDA:0,(anonymous_13)
FNDA:0,(anonymous_14)
FNDA:0,(anonymous_15)
DA:43,0
DA:46,0
DA:47,0
DA:48,0
DA:49,0
DA:50,0
DA:51,0
DA:52,0
DA:54,0
DA:55,0
DA:58,0
DA:59,0
DA:60,0
DA:61,0
DA:63,0
DA:65,0
DA:68,0
DA:69,0
DA:70,0
DA:73,0
DA:74,0
DA:75,0
DA:76,0
DA:81,0
DA:82,0
DA:83,0
DA:84,0
DA:88,0
DA:126,0
DA:127,0
DA:140,0
DA:186,0
DA:187,0
DA:203,0
DA:204,0
DA:217,0
DA:218,0
DA:219,0
DA:220,0
DA:240,0
DA:250,0
DA:267,0
DA:268,0
DA:270,0
DA:279,0
DA:280,0
DA:282,0
DA:290,0
LF:48
LH:0
BRDA:60,0,0,0
BRDA:60,0,1,0
BRDA:74,1,0,0
BRDA:74,1,1,0
BRDA:74,2,0,0
BRDA:74,2,1,0
BRDA:96,3,0,0
BRDA:96,3,1,0
BRDA:132,4,0,0
BRDA:132,4,1,0
BRDA:134,5,0,0
BRDA:134,5,1,0
BRDA:135,6,0,0
BRDA:135,6,1,0
BRDA:136,7,0,0
BRDA:136,7,1,0
BRDA:143,8,0,0
BRDA:143,8,1,0
BRDA:151,9,0,0
BRDA:151,9,1,0
BRDA:157,10,0,0
BRDA:157,10,1,0
BRDA:162,11,0,0
BRDA:162,11,1,0
BRDA:162,11,2,0
BRDA:170,12,0,0
BRDA:170,12,1,0
BRDA:228,13,0,0
BRDA:228,13,1,0
BRF:29
BRH:0
end_of_record
TN:
SF:src\components\social\PostCard.tsx
FN:36,PostCard
FN:48,(anonymous_1)
FN:53,(anonymous_2)
FN:65,(anonymous_3)
FN:71,(anonymous_4)
FN:90,(anonymous_5)
FN:96,(anonymous_6)
FN:99,(anonymous_7)
FN:104,(anonymous_8)
FN:116,(anonymous_9)
FN:122,(anonymous_10)
FN:128,(anonymous_11)
FN:160,(anonymous_12)
FN:233,(anonymous_13)
FN:328,(anonymous_14)
FN:340,(anonymous_15)
FN:370,formatNumber
FNF:17
FNH:0
FNDA:0,PostCard
FNDA:0,(anonymous_1)
FNDA:0,(anonymous_2)
FNDA:0,(anonymous_3)
FNDA:0,(anonymous_4)
FNDA:0,(anonymous_5)
FNDA:0,(anonymous_6)
FNDA:0,(anonymous_7)
FNDA:0,(anonymous_8)
FNDA:0,(anonymous_9)
FNDA:0,(anonymous_10)
FNDA:0,(anonymous_11)
FNDA:0,(anonymous_12)
FNDA:0,(anonymous_13)
FNDA:0,(anonymous_14)
FNDA:0,(anonymous_15)
FNDA:0,formatNumber
DA:43,0
DA:44,0
DA:45,0
DA:48,0
DA:49,0
DA:53,0
DA:54,0
DA:55,0
DA:56,0
DA:57,0
DA:58,0
DA:61,0
DA:65,0
DA:66,0
DA:67,0
DA:68,0
DA:70,0
DA:71,0
DA:73,0
DA:76,0
DA:80,0
DA:83,0
DA:85,0
DA:86,0
DA:90,0
DA:91,0
DA:92,0
DA:93,0
DA:96,0
DA:97,0
DA:98,0
DA:99,0
DA:100,0
DA:104,0
DA:105,0
DA:106,0
DA:107,0
DA:112,0
DA:116,0
DA:117,0
DA:122,0
DA:128,0
DA:132,0
DA:138,0
DA:160,0
DA:164,0
DA:170,0
DA:185,0
DA:234,0
DA:329,0
DA:340,0
DA:371,0
DA:372,0
DA:374,0
DA:375,0
DA:377,0
DA:380,0
LF:57
LH:0
BRDA:56,0,0,0
BRDA:56,0,1,0
BRDA:68,1,0,0
BRDA:68,1,1,0
BRDA:70,2,0,0
BRDA:70,2,1,0
BRDA:106,3,0,0
BRDA:106,3,1,0
BRDA:106,4,0,0
BRDA:106,4,1,0
BRDA:147,5,0,0
BRDA:147,5,1,0
BRDA:152,6,0,0
BRDA:152,6,1,0
BRDA:213,7,0,0
BRDA:213,7,1,0
BRDA:224,8,0,0
BRDA:224,8,1,0
BRDA:231,9,0,0
BRDA:231,9,1,0
BRDA:231,9,2,0
BRDA:241,10,0,0
BRDA:241,10,1,0
BRDA:252,11,0,0
BRDA:252,11,1,0
BRDA:254,12,0,0
BRDA:254,12,1,0
BRDA:254,12,2,0
BRDA:263,13,0,0
BRDA:263,13,1,0
BRDA:263,13,2,0
BRDA:272,14,0,0
BRDA:272,14,1,0
BRDA:272,14,2,0
BRDA:281,15,0,0
BRDA:281,15,1,0
BRDA:281,15,2,0
BRDA:300,16,0,0
BRDA:300,16,1,0
BRDA:302,17,0,0
BRDA:302,17,1,0
BRDA:307,18,0,0
BRDA:307,18,1,0
BRDA:310,19,0,0
BRDA:310,19,1,0
BRDA:334,20,0,0
BRDA:334,20,1,0
BRDA:337,21,0,0
BRDA:337,21,1,0
BRDA:342,22,0,0
BRDA:342,22,1,0
BRDA:348,23,0,0
BRDA:348,23,1,0
BRDA:371,24,0,0
BRDA:371,24,1,0
BRDA:374,25,0,0
BRDA:374,25,1,0
BRF:57
BRH:0
end_of_record
TN:
SF:src\components\social\PostCardSkeleton.tsx
FN:15,SkeletonItem
FN:18,(anonymous_1)
FN:36,(anonymous_2)
FN:86,PostCardSkeleton
FN:89,(anonymous_4)
FNF:5
FNH:0
FNDA:0,SkeletonItem
FNDA:0,(anonymous_1)
FNDA:0,(anonymous_2)
FNDA:0,PostCardSkeleton
FNDA:0,(anonymous_4)
DA:16,0
DA:18,0
DA:19,0
DA:34,0
DA:36,0
DA:37,0
DA:38,0
DA:42,0
DA:47,0
DA:87,0
DA:90,0
DA:96,0
LF:12
LH:0
BRDA:86,0,0,0
BRF:1
BRH:0
end_of_record
TN:
SF:src\contexts\ThemeContext.tsx
FN:143,ThemeProvider
FN:163,(anonymous_1)
FN:168,(anonymous_2)
FN:175,(anonymous_3)
FN:191,(anonymous_4)
FN:199,(anonymous_5)
FN:203,(anonymous_6)
FN:204,(anonymous_7)
FN:222,(anonymous_8)
FN:223,(anonymous_9)
FN:240,useTheme
FN:249,useThemeColors
FN:255,useIsDark
FNF:13
FNH:0
FNDA:0,ThemeProvider
FNDA:0,(anonymous_1)
FNDA:0,(anonymous_2)
FNDA:0,(anonymous_3)
FNDA:0,(anonymous_4)
FNDA:0,(anonymous_5)
FNDA:0,(anonymous_6)
FNDA:0,(anonymous_7)
FNDA:0,(anonymous_8)
FNDA:0,(anonymous_9)
FNDA:0,useTheme
FNDA:0,useThemeColors
FNDA:0,useIsDark
DA:62,0
DA:97,0
DA:139,0
DA:141,0
DA:144,0
DA:145,0
DA:146,0
DA:150,0
DA:156,0
DA:163,0
DA:164,0
DA:168,0
DA:169,0
DA:170,0
DA:175,0
DA:176,0
DA:177,0
DA:178,0
DA:182,0
DA:185,0
DA:187,0
DA:191,0
DA:192,0
DA:193,0
DA:195,0
DA:199,0
DA:200,0
DA:203,0
DA:204,0
DA:205,0
DA:206,0
DA:207,0
DA:211,0
DA:213,0
DA:231,0
DA:241,0
DA:242,0
DA:243,0
DA:245,0
DA:250,0
DA:251,0
DA:256,0
DA:257,0
LF:43
LH:0
BRDA:150,0,0,0
BRDA:150,0,1,0
BRDA:151,1,0,0
BRDA:151,1,1,0
BRDA:158,2,0,0
BRDA:158,2,1,0
BRDA:169,3,0,0
BRDA:169,3,1,0
BRDA:178,4,0,0
BRDA:178,4,1,0
BRDA:179,5,0,0
BRDA:179,5,1,0
BRDA:179,5,2,0
BRDA:179,5,3,0
BRDA:205,6,0,0
BRDA:205,6,1,0
BRDA:206,7,0,0
BRDA:206,7,1,0
BRDA:211,8,0,0
BRDA:211,8,1,0
BRDA:242,9,0,0
BRDA:242,9,1,0
BRF:22
BRH:0
end_of_record
TN:
SF:src\hooks\useSharedContent.ts
FN:27,useSharedContent
FN:32,(anonymous_1)
FN:40,(anonymous_2)
FN:47,(anonymous_3)
FN:48,(anonymous_4)
FN:55,(anonymous_5)
FN:64,(anonymous_6)
FN:69,(anonymous_7)
FN:75,(anonymous_8)
FN:84,(anonymous_9)
FN:99,(anonymous_10)
FNF:11
FNH:0
FNDA:0,useSharedContent
FNDA:0,(anonymous_1)
FNDA:0,(anonymous_2)
FNDA:0,(anonymous_3)
FNDA:0,(anonymous_4)
FNDA:0,(anonymous_5)
FNDA:0,(anonymous_6)
FNDA:0,(anonymous_7)
FNDA:0,(anonymous_8)
FNDA:0,(anonymous_9)
FNDA:0,(anonymous_10)
DA:28,0
DA:29,0
DA:32,0
DA:33,0
DA:35,0
DA:40,0
DA:41,0
DA:47,0
DA:48,0
DA:49,0
DA:50,0
DA:55,0
DA:56,0
DA:57,0
DA:62,0
DA:64,0
DA:65,0
DA:69,0
DA:70,0
DA:71,0
DA:75,0
DA:76,0
DA:78,0
DA:81,0
DA:84,0
DA:86,0
DA:87,0
DA:90,0
DA:92,0
DA:99,0
DA:100,0
DA:101,0
DA:102,0
DA:104,0
DA:108,0
LF:35
LH:0
BRDA:49,0,0,0
BRDA:49,0,1,0
BRDA:56,1,0,0
BRDA:56,1,1,0
BRDA:56,2,0,0
BRDA:56,2,1,0
BRDA:70,3,0,0
BRDA:70,3,1,0
BRF:8
BRH:0
end_of_record
TN:
SF:src\hooks\useTodayTimeline.ts
FN:13,useTodayTimeline
FN:18,(anonymous_1)
FN:89,(anonymous_2)
FN:112,(anonymous_3)
FN:138,(anonymous_4)
FN:148,(anonymous_5)
FNF:6
FNH:0
FNDA:0,useTodayTimeline
FNDA:0,(anonymous_1)
FNDA:0,(anonymous_2)
FNDA:0,(anonymous_3)
FNDA:0,(anonymous_4)
FNDA:0,(anonymous_5)
DA:14,0
DA:15,0
DA:16,0
DA:18,0
DA:19,0
DA:20,0
DA:22,0
DA:23,0
DA:28,0
DA:32,0
DA:40,0
DA:41,0
DA:42,0
DA:44,0
DA:45,0
DA:49,0
DA:50,0
DA:54,0
DA:68,0
DA:78,0
DA:86,0
DA:89,0
DA:90,0
DA:112,0
DA:113,0
DA:138,0
DA:140,0
DA:142,0
DA:144,0
DA:148,0
DA:149,0
DA:152,0
LF:32
LH:0
BRDA:40,0,0,0
BRDA:40,0,1,0
BRDA:46,1,0,0
BRDA:46,1,1,0
BRDA:58,2,0,0
BRDA:58,2,1,0
BRDA:59,3,0,0
BRDA:59,3,1,0
BRDA:97,4,0,0
BRDA:97,4,1,0
BRDA:105,5,0,0
BRDA:105,5,1,0
BRDA:106,6,0,0
BRDA:106,6,1,0
BRDA:116,7,0,0
BRDA:116,7,1,0
BRDA:131,8,0,0
BRDA:131,8,1,0
BRDA:132,9,0,0
BRDA:132,9,1,0
BRF:20
BRH:0
end_of_record
TN:
SF:src\i18n\index.ts
FN:20,(anonymous_0)
FN:37,(anonymous_1)
FN:38,(anonymous_2)
FNF:3
FNH:0
FNDA:0,(anonymous_0)
FNDA:0,(anonymous_1)
FNDA:0,(anonymous_2)
DA:14,0
DA:17,0
DA:21,0
DA:23,0
DA:24,0
DA:25,0
DA:26,0
DA:30,0
DA:31,0
DA:33,0
DA:34,0
DA:39,0
DA:40,0
DA:42,0
DA:47,0
LF:15
LH:0
BRDA:24,0,0,0
BRDA:24,0,1,0
BRF:2
BRH:0
end_of_record
TN:
SF:src\lib\backup.ts
FN:41,generateBackupFilename
FN:49,getBackupDirectory
FN:57,getOrCreateDeviceId
FN:82,ensureBackupDirectory
FN:94,exportAccounts
FN:112,exportPosts
FN:123,(anonymous_6)
FN:145,(anonymous_7)
FN:160,exportCategories
FN:175,exportAppSettings
FN:219,createBackup
FN:302,exportAndShare
FN:339,importBackup
FN:522,listBackups
FN:532,(anonymous_14)
FN:533,(anonymous_15)
FN:549,(anonymous_16)
FN:560,deleteBackup
FN:575,cleanupOldBackups
FNF:19
FNH:0
FNDA:0,generateBackupFilename
FNDA:0,getBackupDirectory
FNDA:0,getOrCreateDeviceId
FNDA:0,ensureBackupDirectory
FNDA:0,exportAccounts
FNDA:0,exportPosts
FNDA:0,(anonymous_6)
FNDA:0,(anonymous_7)
FNDA:0,exportCategories
FNDA:0,exportAppSettings
FNDA:0,createBackup
FNDA:0,exportAndShare
FNDA:0,importBackup
FNDA:0,listBackups
FNDA:0,(anonymous_14)
FNDA:0,(anonymous_15)
FNDA:0,(anonymous_16)
FNDA:0,deleteBackup
FNDA:0,cleanupOldBackups
DA:42,0
DA:43,0
DA:50,0
DA:58,0
DA:60,0
DA:61,0
DA:62,0
DA:66,0
DA:67,0
DA:68,0
DA:70,0
DA:75,0
DA:83,0
DA:84,0
DA:86,0
DA:87,0
DA:97,0
DA:105,0
DA:113,0
DA:123,0
DA:124,0
DA:125,0
DA:126,0
DA:128,0
DA:144,0
DA:145,0
DA:147,0
DA:150,0
DA:153,0
DA:161,0
DA:168,0
DA:176,0
DA:177,0
DA:180,0
DA:181,0
DA:183,0
DA:184,0
DA:186,0
DA:189,0
DA:190,0
DA:193,0
DA:194,0
DA:196,0
DA:199,0
DA:202,0
DA:203,0
DA:205,0
DA:206,0
DA:208,0
DA:212,0
DA:228,0
DA:234,0
DA:236,0
DA:239,0
DA:241,0
DA:249,0
DA:252,0
DA:253,0
DA:254,0
DA:258,0
DA:259,0
DA:260,0
DA:264,0
DA:265,0
DA:266,0
DA:270,0
DA:272,0
DA:273,0
DA:277,0
DA:278,0
DA:279,0
DA:281,0
DA:285,0
DA:289,0
DA:291,0
DA:292,0
DA:303,0
DA:304,0
DA:306,0
DA:307,0
DA:308,0
DA:312,0
DA:313,0
DA:314,0
DA:318,0
DA:322,0
DA:328,0
DA:329,0
DA:354,0
DA:355,0
DA:358,0
DA:361,0
DA:362,0
DA:366,0
DA:367,0
DA:368,0
DA:372,0
DA:373,0
DA:374,0
DA:377,0
DA:378,0
DA:381,0
DA:388,0
DA:389,0
DA:390,0
DA:391,0
DA:393,0
DA:398,0
DA:413,0
DA:415,0
DA:424,0
DA:425,0
DA:426,0
DA:427,0
DA:428,0
DA:433,0
DA:452,0
DA:454,0
DA:463,0
DA:464,0
DA:465,0
DA:466,0
DA:467,0
DA:470,0
DA:500,0
DA:502,0
DA:507,0
DA:509,0
DA:511,0
DA:512,0
DA:525,0
DA:526,0
DA:527,0
DA:528,0
DA:530,0
DA:532,0
DA:534,0
DA:535,0
DA:537,0
DA:548,0
DA:549,0
DA:552,0
DA:553,0
DA:561,0
DA:562,0
DA:563,0
DA:564,0
DA:565,0
DA:567,0
DA:568,0
DA:578,0
DA:579,0
DA:581,0
DA:582,0
DA:585,0
DA:586,0
DA:588,0
DA:589,0
DA:590,0
DA:593,0
DA:594,0
DA:596,0
DA:597,0
LF:163
LH:0
BRDA:61,0,0,0
BRDA:61,0,1,0
BRDA:86,1,0,0
BRDA:86,1,1,0
BRDA:124,2,0,0
BRDA:124,2,1,0
BRDA:145,3,0,0
BRDA:145,3,1,0
BRDA:181,4,0,0
BRDA:181,4,1,0
BRDA:184,5,0,0
BRDA:184,5,1,0
BRDA:189,6,0,0
BRDA:189,6,1,0
BRDA:194,7,0,0
BRDA:194,7,1,0
BRDA:199,8,0,0
BRDA:199,8,1,0
BRDA:203,9,0,0
BRDA:203,9,1,0
BRDA:221,10,0,0
BRDA:230,11,0,0
BRDA:231,12,0,0
BRDA:232,13,0,0
BRDA:233,14,0,0
BRDA:252,15,0,0
BRDA:252,15,1,0
BRDA:258,16,0,0
BRDA:258,16,1,0
BRDA:264,17,0,0
BRDA:264,17,1,0
BRDA:270,18,0,0
BRDA:270,18,1,0
BRDA:294,19,0,0
BRDA:294,19,1,0
BRDA:306,20,0,0
BRDA:306,20,1,0
BRDA:306,21,0,0
BRDA:306,21,1,0
BRDA:307,22,0,0
BRDA:307,22,1,0
BRDA:313,23,0,0
BRDA:313,23,1,0
BRDA:331,24,0,0
BRDA:331,24,1,0
BRDA:341,25,0,0
BRDA:355,26,0,0
BRDA:355,27,0,0
BRDA:361,28,0,0
BRDA:361,28,1,0
BRDA:361,29,0,0
BRDA:361,29,1,0
BRDA:367,30,0,0
BRDA:367,30,1,0
BRDA:367,31,0,0
BRDA:367,31,1,0
BRDA:373,32,0,0
BRDA:373,32,1,0
BRDA:377,33,0,0
BRDA:377,33,1,0
BRDA:388,34,0,0
BRDA:388,34,1,0
BRDA:391,35,0,0
BRDA:391,35,1,0
BRDA:399,36,0,0
BRDA:399,36,1,0
BRDA:424,37,0,0
BRDA:424,37,1,0
BRDA:427,38,0,0
BRDA:427,38,1,0
BRDA:434,39,0,0
BRDA:434,39,1,0
BRDA:445,40,0,0
BRDA:445,40,1,0
BRDA:463,41,0,0
BRDA:463,41,1,0
BRDA:466,42,0,0
BRDA:466,42,1,0
BRDA:471,43,0,0
BRDA:471,43,1,0
BRDA:488,44,0,0
BRDA:488,44,1,0
BRDA:489,45,0,0
BRDA:489,45,1,0
BRDA:490,46,0,0
BRDA:490,46,1,0
BRDA:491,47,0,0
BRDA:491,47,1,0
BRDA:514,48,0,0
BRDA:514,48,1,0
BRDA:539,49,0,0
BRDA:539,49,1,0
BRDA:539,50,0,0
BRDA:539,50,1,0
BRDA:541,51,0,0
BRDA:541,51,1,0
BRDA:541,52,0,0
BRDA:541,52,1,0
BRDA:576,53,0,0
BRDA:581,54,0,0
BRDA:581,54,1,0
BRDA:590,55,0,0
BRDA:590,55,1,0
BRF:103
BRH:0
end_of_record
TN:
SF:src\lib\data-utils.ts
FN:10,exportAllData
FN:56,(anonymous_1)
FN:75,(anonymous_2)
FN:162,clearAllData
FN:191,(anonymous_4)
FN:219,getDataStats
FNF:6
FNH:3
FNDA:0,exportAllData
FNDA:0,(anonymous_1)
FNDA:0,(anonymous_2)
FNDA:1,clearAllData
FNDA:3,(anonymous_4)
FNDA:2,getDataStats
DA:14,0
DA:15,0
DA:29,0
DA:43,0
DA:44,0
DA:45,0
DA:46,0
DA:47,0
DA:48,0
DA:56,0
DA:57,0
DA:58,0
DA:59,0
DA:60,0
DA:61,0
DA:63,0
DA:64,0
DA:65,0
DA:67,0
DA:70,0
DA:75,0
DA:76,0
DA:77,0
DA:81,0
DA:111,0
DA:112,0
DA:113,0
DA:116,0
DA:122,0
DA:123,0
DA:124,0
DA:132,0
DA:133,0
DA:140,0
DA:141,0
DA:144,0
DA:148,0
DA:150,0
DA:151,0
DA:166,1
DA:167,1
DA:170,1
DA:189,1
DA:190,1
DA:192,3
DA:195,1
DA:198,1
DA:199,1
DA:202,0
DA:205,1
DA:207,0
DA:208,0
DA:227,2
DA:228,2
DA:236,2
DA:250,1
DA:251,1
DA:252,1
DA:253,1
DA:254,1
DA:255,1
DA:257,1
DA:266,1
DA:267,1
LF:64
LH:22
BRDA:45,0,0,0
BRDA:45,0,1,0
BRDA:48,1,0,0
BRDA:48,1,1,0
BRDA:56,2,0,0
BRDA:56,2,1,0
BRDA:60,3,0,0
BRDA:60,3,1,0
BRDA:60,4,0,0
BRDA:60,4,1,0
BRDA:63,5,0,0
BRDA:63,5,1,0
BRDA:64,6,0,0
BRDA:64,6,1,0
BRDA:65,7,0,0
BRDA:65,7,1,0
BRDA:75,8,0,0
BRDA:75,8,1,0
BRDA:123,9,0,0
BRDA:123,9,1,0
BRDA:153,10,0,0
BRDA:153,10,1,0
BRDA:192,11,0,3
BRDA:192,11,1,2
BRDA:211,12,0,0
BRDA:211,12,1,0
BRDA:250,13,0,1
BRDA:250,13,1,0
BRDA:251,14,0,1
BRDA:251,14,1,0
BRDA:252,15,0,1
BRDA:252,15,1,0
BRDA:253,16,0,1
BRDA:253,16,1,0
BRDA:254,17,0,1
BRDA:254,17,1,0
BRF:36
BRH:7
end_of_record
TN:
SF:src\lib\database.ts
FN:13,runMigrations
FN:29,(anonymous_1)
FN:221,(anonymous_2)
FN:370,(anonymous_3)
FN:380,(anonymous_4)
FN:389,(anonymous_5)
FNF:6
FNH:5
FNDA:1,runMigrations
FNDA:0,(anonymous_1)
FNDA:2,(anonymous_2)
FNDA:2,(anonymous_3)
FNDA:1,(anonymous_4)
FNDA:1,(anonymous_5)
DA:4,1
DA:7,1
DA:8,1
DA:14,1
DA:16,1
DA:21,1
DA:22,1
DA:24,1
DA:26,1
DA:29,1
DA:32,1
DA:33,1
DA:36,1
DA:40,1
DA:41,1
DA:44,1
DA:48,1
DA:49,1
DA:52,1
DA:56,1
DA:57,1
DA:60,1
DA:64,1
DA:65,1
DA:68,1
DA:71,1
DA:73,0
DA:74,0
DA:79,1
DA:80,1
DA:82,1
DA:83,1
DA:206,1
DA:208,0
DA:209,0
DA:217,1
DA:218,1
DA:221,1
DA:222,2
DA:223,2
DA:226,2
DA:227,2
DA:230,2
DA:357,2
DA:358,1
DA:360,1
DA:363,2
DA:365,0
DA:366,0
DA:370,1
DA:371,2
DA:372,0
DA:376,2
DA:380,1
DA:384,1
DA:385,1
DA:386,1
DA:389,1
DA:393,1
DA:394,1
LF:60
LH:53
BRDA:14,0,0,0
BRDA:14,0,1,1
BRDA:21,1,0,1
BRDA:21,1,1,0
BRDA:32,2,0,1
BRDA:32,2,1,0
BRDA:40,3,0,1
BRDA:40,3,1,0
BRDA:48,4,0,1
BRDA:48,4,1,0
BRDA:56,5,0,1
BRDA:56,5,1,0
BRDA:64,6,0,1
BRDA:64,6,1,0
BRDA:79,7,0,1
BRDA:79,7,1,0
BRDA:227,8,0,1
BRDA:227,8,1,1
BRDA:357,9,0,1
BRDA:357,9,1,1
BRDA:371,10,0,0
BRDA:371,10,1,2
BRDA:382,11,0,1
BRDA:391,12,0,1
BRF:24
BRH:15
end_of_record
TN:
SF:src\lib\haptics.ts
FN:17,(anonymous_0)
FN:33,(anonymous_1)
FN:41,(anonymous_2)
FN:54,(anonymous_3)
FN:67,(anonymous_4)
FN:80,(anonymous_5)
FN:93,(anonymous_6)
FN:106,(anonymous_7)
FN:119,(anonymous_8)
FN:132,(anonymous_9)
FN:145,(anonymous_10)
FN:163,(anonymous_11)
FN:164,(anonymous_12)
FN:165,(anonymous_13)
FN:166,(anonymous_14)
FN:167,(anonymous_15)
FN:168,(anonymous_16)
FN:169,(anonymous_17)
FN:170,(anonymous_18)
FN:171,(anonymous_19)
FNF:20
FNH:0
FNDA:0,(anonymous_0)
FNDA:0,(anonymous_1)
FNDA:0,(anonymous_2)
FNDA:0,(anonymous_3)
FNDA:0,(anonymous_4)
FNDA:0,(anonymous_5)
FNDA:0,(anonymous_6)
FNDA:0,(anonymous_7)
FNDA:0,(anonymous_8)
FNDA:0,(anonymous_9)
FNDA:0,(anonymous_10)
FNDA:0,(anonymous_11)
FNDA:0,(anonymous_12)
FNDA:0,(anonymous_13)
FNDA:0,(anonymous_14)
FNDA:0,(anonymous_15)
FNDA:0,(anonymous_16)
FNDA:0,(anonymous_17)
FNDA:0,(anonymous_18)
FNDA:0,(anonymous_19)
DA:12,0
DA:18,0
DA:19,0
DA:20,0
DA:21,0
DA:22,0
DA:25,0
DA:26,0
DA:34,0
DA:42,0
DA:43,0
DA:44,0
DA:55,0
DA:56,0
DA:57,0
DA:68,0
DA:69,0
DA:70,0
DA:81,0
DA:82,0
DA:83,0
DA:94,0
DA:95,0
DA:96,0
DA:107,0
DA:108,0
DA:109,0
DA:120,0
DA:121,0
DA:122,0
DA:133,0
DA:134,0
DA:135,0
DA:146,0
DA:147,0
DA:148,0
DA:156,0
DA:159,0
DA:162,0
DA:163,0
DA:164,0
DA:165,0
DA:166,0
DA:167,0
DA:168,0
DA:169,0
DA:170,0
DA:171,0
LF:48
LH:0
BRDA:20,0,0,0
BRDA:20,0,1,0
BRDA:42,1,0,0
BRDA:42,1,1,0
BRDA:55,2,0,0
BRDA:55,2,1,0
BRDA:68,3,0,0
BRDA:68,3,1,0
BRDA:81,4,0,0
BRDA:81,4,1,0
BRDA:94,5,0,0
BRDA:94,5,1,0
BRDA:107,6,0,0
BRDA:107,6,1,0
BRDA:120,7,0,0
BRDA:120,7,1,0
BRDA:133,8,0,0
BRDA:133,8,1,0
BRDA:146,9,0,0
BRDA:146,9,1,0
BRF:20
BRH:0
end_of_record
TN:
SF:src\lib\music-security.ts
FN:34,normalizeHostname
FN:60,isValidMusicUrl
FN:96,(anonymous_2)
FN:108,(anonymous_3)
FN:134,getAllowedMusicDomains
FN:142,validateMusicUrlOrThrow
FNF:6
FNH:0
FNDA:0,normalizeHostname
FNDA:0,isValidMusicUrl
FNDA:0,(anonymous_2)
FNDA:0,(anonymous_3)
FNDA:0,getAllowedMusicDomains
FNDA:0,validateMusicUrlOrThrow
DA:12,0
DA:38,0
DA:39,0
DA:40,0
DA:42,0
DA:43,0
DA:45,0
DA:52,0
DA:61,0
DA:63,0
DA:64,0
DA:65,0
DA:68,0
DA:70,0
DA:71,0
DA:74,0
DA:77,0
DA:78,0
DA:79,0
DA:82,0
DA:83,0
DA:86,0
DA:89,0
DA:90,0
DA:91,0
DA:92,0
DA:94,0
DA:96,0
DA:97,0
DA:98,0
DA:101,0
DA:102,0
DA:103,0
DA:107,0
DA:108,0
DA:109,0
DA:111,0
DA:112,0
DA:115,0
DA:119,0
DA:120,0
DA:121,0
DA:124,0
DA:126,0
DA:127,0
DA:135,0
DA:143,0
DA:144,0
LF:48
LH:0
BRDA:40,0,0,0
BRDA:40,0,1,0
BRDA:42,1,0,0
BRDA:42,1,1,0
BRDA:63,2,0,0
BRDA:63,2,1,0
BRDA:63,3,0,0
BRDA:63,3,1,0
BRDA:70,4,0,0
BRDA:70,4,1,0
BRDA:77,5,0,0
BRDA:77,5,1,0
BRDA:77,6,0,0
BRDA:77,6,1,0
BRDA:82,7,0,0
BRDA:82,7,1,0
BRDA:82,8,0,0
BRDA:82,8,1,0
BRDA:90,9,0,0
BRDA:90,9,1,0
BRDA:90,10,0,0
BRDA:90,10,1,0
BRDA:98,11,0,0
BRDA:98,11,1,0
BRDA:101,12,0,0
BRDA:101,12,1,0
BRDA:111,13,0,0
BRDA:111,13,1,0
BRDA:119,14,0,0
BRDA:119,14,1,0
BRDA:143,15,0,0
BRDA:143,15,1,0
BRF:32
BRH:0
end_of_record
TN:
SF:src\lib\music-service.ts
FN:471,getTracksByGenre
FN:487,(anonymous_1)
FN:493,getTracksByMood
FN:494,(anonymous_3)
FN:500,getRandomTrack
FN:513,getTrackById
FN:514,(anonymous_6)
FN:520,shuffleTracks
FN:532,getRecommendedTracks
FN:537,(anonymous_9)
FN:546,createPlaylistForActivity
FN:577,getAllGenres
FN:594,getAllMoods
FN:596,(anonymous_13)
FN:625,getLibraryStats
FN:631,(anonymous_15)
FN:634,(anonymous_16)
FN:637,(anonymous_17)
FNF:18
FNH:0
FNDA:0,getTracksByGenre
FNDA:0,(anonymous_1)
FNDA:0,getTracksByMood
FNDA:0,(anonymous_3)
FNDA:0,getRandomTrack
FNDA:0,getTrackById
FNDA:0,(anonymous_6)
FNDA:0,shuffleTracks
FNDA:0,getRecommendedTracks
FNDA:0,(anonymous_9)
FNDA:0,createPlaylistForActivity
FNDA:0,getAllGenres
FNDA:0,getAllMoods
FNDA:0,(anonymous_13)
FNDA:0,getLibraryStats
FNDA:0,(anonymous_15)
FNDA:0,(anonymous_16)
FNDA:0,(anonymous_17)
DA:40,0
DA:484,0
DA:485,0
DA:487,0
DA:494,0
DA:501,0
DA:502,0
DA:503,0
DA:507,0
DA:514,0
DA:521,0
DA:522,0
DA:523,0
DA:524,0
DA:526,0
DA:536,0
DA:538,0
DA:540,0
DA:549,0
DA:551,0
DA:556,0
DA:558,0
DA:560,0
DA:565,0
DA:570,0
DA:578,0
DA:595,0
DA:596,0
DA:598,0
DA:604,0
DA:626,0
DA:627,0
DA:631,0
DA:634,0
DA:637,0
DA:638,0
DA:641,0
LF:37
LH:0
BRDA:484,0,0,0
BRDA:484,0,1,0
BRDA:501,1,0,0
BRDA:501,1,1,0
BRDA:502,2,0,0
BRDA:502,2,1,0
BRDA:502,3,0,0
BRDA:502,3,1,0
BRDA:504,4,0,0
BRDA:504,4,1,0
BRDA:534,5,0,0
BRDA:538,6,0,0
BRDA:538,6,1,0
BRDA:549,7,0,0
BRDA:549,7,1,0
BRDA:549,7,2,0
BRDA:549,7,3,0
BRDA:549,7,4,0
BRDA:549,7,5,0
BRF:19
BRH:0
end_of_record
TN:
SF:src\lib\retry.ts
FN:35,(anonymous_0)
FN:41,sleep
FN:42,(anonymous_2)
FN:48,calculateDelay
FN:70,shouldRetry
FN:75,(anonymous_5)
FN:96,withRetry
FN:153,retryable
FN:157,(anonymous_8)
FN:157,(anonymous_9)
FN:172,retryUntil
FN:236,batchRetry
FN:240,(anonymous_12)
FN:241,(anonymous_13)
FNF:14
FNH:0
FNDA:0,(anonymous_0)
FNDA:0,sleep
FNDA:0,(anonymous_2)
FNDA:0,calculateDelay
FNDA:0,shouldRetry
FNDA:0,(anonymous_5)
FNDA:0,withRetry
FNDA:0,retryable
FNDA:0,(anonymous_8)
FNDA:0,(anonymous_9)
FNDA:0,retryUntil
FNDA:0,batchRetry
FNDA:0,(anonymous_12)
FNDA:0,(anonymous_13)
DA:18,0
DA:42,0
DA:52,0
DA:57,0
DA:59,0
DA:60,0
DA:61,0
DA:64,0
DA:71,0
DA:72,0
DA:74,0
DA:76,0
DA:100,0
DA:101,0
DA:103,0
DA:104,0
DA:105,0
DA:107,0
DA:110,0
DA:111,0
DA:115,0
DA:116,0
DA:120,0
DA:121,0
DA:123,0
DA:124,0
DA:130,0
DA:134,0
DA:157,0
DA:177,0
DA:179,0
DA:180,0
DA:181,0
DA:183,0
DA:184,0
DA:188,0
DA:189,0
DA:192,0
DA:193,0
DA:194,0
DA:199,0
DA:202,0
DA:203,0
DA:207,0
DA:209,0
DA:210,0
DA:213,0
DA:214,0
DA:216,0
DA:217,0
DA:222,0
DA:226,0
DA:240,0
DA:241,0
LF:54
LH:0
BRDA:57,0,0,0
BRDA:57,0,1,0
BRDA:71,1,0,0
BRDA:71,1,1,0
BRDA:72,2,0,0
BRDA:72,2,1,0
BRDA:76,3,0,0
BRDA:76,3,1,0
BRDA:98,4,0,0
BRDA:107,5,0,0
BRDA:107,5,1,0
BRDA:110,6,0,0
BRDA:110,6,1,0
BRDA:115,7,0,0
BRDA:115,7,1,0
BRDA:123,8,0,0
BRDA:123,8,1,0
BRDA:155,9,0,0
BRDA:175,10,0,0
BRDA:183,11,0,0
BRDA:183,11,1,0
BRDA:188,12,0,0
BRDA:188,12,1,0
BRDA:193,13,0,0
BRDA:193,13,1,0
BRDA:202,14,0,0
BRDA:202,14,1,0
BRDA:207,15,0,0
BRDA:207,15,1,0
BRDA:209,16,0,0
BRDA:209,16,1,0
BRDA:216,17,0,0
BRDA:216,17,1,0
BRDA:238,18,0,0
BRF:34
BRH:0
end_of_record
TN:
SF:src\lib\safe-json.ts
FN:15,safeJsonParse
FN:46,safeJsonParseWithValidation
FN:67,safeJsonStringify
FN:81,isJsonObject
FN:88,isJsonArray
FNF:5
FNH:5
FNDA:16,safeJsonParse
FNDA:4,safeJsonParseWithValidation
FNDA:5,safeJsonStringify
FNDA:9,isJsonObject
FNDA:8,isJsonArray
DA:20,16
DA:21,3
DA:24,13
DA:25,13
DA:27,5
DA:28,4
DA:35,5
DA:51,4
DA:53,4
DA:54,2
DA:57,2
DA:58,2
DA:68,5
DA:69,5
DA:71,3
DA:73,2
DA:74,2
DA:82,9
DA:89,8
LF:19
LH:19
BRDA:18,0,0,11
BRDA:20,1,0,3
BRDA:20,1,1,13
BRDA:27,2,0,4
BRDA:27,2,1,1
BRDA:53,3,0,2
BRDA:53,3,1,2
BRDA:67,4,0,3
BRDA:71,5,0,3
BRDA:71,5,1,1
BRDA:82,6,0,9
BRDA:82,6,1,5
BRDA:82,6,2,4
BRF:13
BRH:13
end_of_record
TN:
SF:src\lib\sentry.ts
FN:5,initSentry
FN:63,(anonymous_1)
FN:79,(anonymous_2)
FN:96,captureException
FN:104,captureMessage
FN:112,setUser
FN:121,clearUser
FN:126,addBreadcrumb
FN:131,setTag
FN:136,setExtra
FNF:10
FNH:0
FNDA:0,initSentry
FNDA:0,(anonymous_1)
FNDA:0,(anonymous_2)
FNDA:0,captureException
FNDA:0,captureMessage
FNDA:0,setUser
FNDA:0,clearUser
FNDA:0,addBreadcrumb
FNDA:0,setTag
FNDA:0,setExtra
DA:8,0
DA:10,0
DA:11,0
DA:12,0
DA:15,0
DA:65,0
DA:66,0
DA:67,0
DA:75,0
DA:81,0
DA:85,0
DA:88,0
DA:92,0
DA:97,0
DA:98,0
DA:100,0
DA:108,0
DA:117,0
DA:122,0
DA:127,0
DA:132,0
DA:137,0
LF:22
LH:0
BRDA:8,0,0,0
BRDA:8,0,1,0
BRDA:10,1,0,0
BRDA:10,1,1,0
BRDA:26,2,0,0
BRDA:26,2,1,0
BRDA:32,3,0,0
BRDA:32,3,1,0
BRDA:35,4,0,0
BRDA:35,4,1,0
BRDA:39,5,0,0
BRDA:39,5,1,0
BRDA:65,6,0,0
BRDA:65,6,1,0
BRDA:81,7,0,0
BRDA:81,7,1,0
BRDA:82,8,0,0
BRDA:82,8,1,0
BRDA:97,9,0,0
BRDA:97,9,1,0
BRDA:106,10,0,0
BRF:21
BRH:0
end_of_record
TN:
SF:src\lib\share-handler.ts
FN:29,getSharedItems
FN:46,clearSharedItems
FN:61,processSharedItems
FN:134,getPendingItems
FN:153,markItemsProcessed
FN:166,(anonymous_5)
FN:182,cleanupProcessedItems
FN:195,(anonymous_7)
FN:226,getSharedItemsIOS
FN:242,clearSharedItemsIOS
FN:258,getSharedItemsAndroid
FN:274,clearSharedItemsAndroid
FNF:12
FNH:0
FNDA:0,getSharedItems
FNDA:0,clearSharedItems
FNDA:0,processSharedItems
FNDA:0,getPendingItems
FNDA:0,markItemsProcessed
FNDA:0,(anonymous_5)
FNDA:0,cleanupProcessedItems
FNDA:0,(anonymous_7)
FNDA:0,getSharedItemsIOS
FNDA:0,clearSharedItemsIOS
FNDA:0,getSharedItemsAndroid
FNDA:0,clearSharedItemsAndroid
DA:30,0
DA:31,0
DA:32,0
DA:33,0
DA:34,0
DA:36,0
DA:38,0
DA:39,0
DA:47,0
DA:48,0
DA:49,0
DA:50,0
DA:51,0
DA:54,0
DA:62,0
DA:63,0
DA:65,0
DA:66,0
DA:69,0
DA:72,0
DA:73,0
DA:74,0
DA:76,0
DA:77,0
DA:80,0
DA:81,0
DA:82,0
DA:83,0
DA:84,0
DA:88,0
DA:89,0
DA:94,0
DA:95,0
DA:96,0
DA:97,0
DA:100,0
DA:103,0
DA:111,0
DA:112,0
DA:113,0
DA:118,0
DA:121,0
DA:123,0
DA:124,0
DA:126,0
DA:127,0
DA:135,0
DA:136,0
DA:137,0
DA:139,0
DA:140,0
DA:143,0
DA:145,0
DA:146,0
DA:154,0
DA:155,0
DA:156,0
DA:158,0
DA:159,0
DA:162,0
DA:163,0
DA:166,0
DA:167,0
DA:168,0
DA:170,0
DA:173,0
DA:175,0
DA:183,0
DA:184,0
DA:185,0
DA:187,0
DA:188,0
DA:191,0
DA:192,0
DA:195,0
DA:196,0
DA:197,0
DA:199,0
DA:202,0
DA:204,0
DA:205,0
DA:206,0
DA:209,0
DA:231,0
DA:235,0
DA:243,0
DA:263,0
DA:267,0
DA:275,0
LF:89
LH:0
BRDA:31,0,0,0
BRDA:31,0,1,0
BRDA:33,1,0,0
BRDA:33,1,1,0
BRDA:48,2,0,0
BRDA:48,2,1,0
BRDA:50,3,0,0
BRDA:50,3,1,0
BRDA:65,4,0,0
BRDA:65,4,1,0
BRDA:80,5,0,0
BRDA:80,5,1,0
BRDA:83,6,0,0
BRDA:83,6,1,0
BRDA:96,7,0,0
BRDA:96,7,1,0
BRDA:111,8,0,0
BRDA:111,8,1,0
BRDA:139,9,0,0
BRDA:139,9,1,0
BRDA:158,10,0,0
BRDA:158,10,1,0
BRDA:167,11,0,0
BRDA:167,11,1,0
BRDA:187,12,0,0
BRDA:187,12,1,0
BRDA:196,13,0,0
BRDA:196,13,1,0
BRDA:205,14,0,0
BRDA:205,14,1,0
BRF:30
BRH:0
end_of_record
TN:
SF:src\lib\social-database.ts
FN:23,getSocialAccounts
FN:35,(anonymous_1)
FN:80,getSocialAccount
FN:127,getTimelinePosts
FN:158,(anonymous_4)
FN:167,(anonymous_5)
FN:168,(anonymous_6)
FN:180,(anonymous_7)
FN:190,(anonymous_8)
FN:191,(anonymous_9)
FN:195,(anonymous_10)
FN:206,(anonymous_11)
FN:232,(anonymous_12)
FN:242,(anonymous_13)
FN:251,(anonymous_14)
FN:282,parseCategories
FN:289,(anonymous_16)
FN:296,(anonymous_17)
FN:306,getPostById
FN:346,(anonymous_19)
FN:383,getCategories
FN:394,(anonymous_21)
FN:400,createCategory
FN:435,assignCategory
FN:480,removeCategory
FN:502,getPostCategories
FN:514,(anonymous_26)
FN:523,safeParsePlatformArray
FN:528,(anonymous_28)
FN:535,getFocusModes
FN:545,(anonymous_30)
FN:553,getActiveFocusMode
FN:578,getPlatformStats
FN:593,(anonymous_33)
FN:595,(anonymous_34)
FN:603,getCategoryStats
FN:623,getTotalPostCount
FN:637,generateId
FN:645,(anonymous_38)
FN:652,queueSyncOperation
FN:668,getPlatformColor
FNF:41
FNH:0
FNDA:0,getSocialAccounts
FNDA:0,(anonymous_1)
FNDA:0,getSocialAccount
FNDA:0,getTimelinePosts
FNDA:0,(anonymous_4)
FNDA:0,(anonymous_5)
FNDA:0,(anonymous_6)
FNDA:0,(anonymous_7)
FNDA:0,(anonymous_8)
FNDA:0,(anonymous_9)
FNDA:0,(anonymous_10)
FNDA:0,(anonymous_11)
FNDA:0,(anonymous_12)
FNDA:0,(anonymous_13)
FNDA:0,(anonymous_14)
FNDA:0,parseCategories
FNDA:0,(anonymous_16)
FNDA:0,(anonymous_17)
FNDA:0,getPostById
FNDA:0,(anonymous_19)
FNDA:0,getCategories
FNDA:0,(anonymous_21)
FNDA:0,createCategory
FNDA:0,assignCategory
FNDA:0,removeCategory
FNDA:0,getPostCategories
FNDA:0,(anonymous_26)
FNDA:0,safeParsePlatformArray
FNDA:0,(anonymous_28)
FNDA:0,getFocusModes
FNDA:0,(anonymous_30)
FNDA:0,getActiveFocusMode
FNDA:0,getPlatformStats
FNDA:0,(anonymous_33)
FNDA:0,(anonymous_34)
FNDA:0,getCategoryStats
FNDA:0,getTotalPostCount
FNDA:0,generateId
FNDA:0,(anonymous_38)
FNDA:0,queueSyncOperation
FNDA:0,getPlatformColor
DA:26,0
DA:35,0
DA:38,0
DA:40,0
DA:41,0
DA:42,0
DA:44,0
DA:45,0
DA:47,0
DA:49,0
DA:53,0
DA:54,0
DA:55,0
DA:56,0
DA:57,0
DA:58,0
DA:59,0
DA:62,0
DA:64,0
DA:66,0
DA:69,0
DA:72,0
DA:83,0
DA:91,0
DA:93,0
DA:97,0
DA:99,0
DA:100,0
DA:101,0
DA:103,0
DA:104,0
DA:106,0
DA:107,0
DA:108,0
DA:109,0
DA:110,0
DA:112,0
DA:115,0
DA:118,0
DA:133,0
DA:154,0
DA:157,0
DA:158,0
DA:159,0
DA:162,0
DA:164,0
DA:167,0
DA:168,0
DA:172,0
DA:174,0
DA:180,0
DA:182,0
DA:186,0
DA:187,0
DA:190,0
DA:191,0
DA:194,0
DA:195,0
DA:196,0
DA:200,0
DA:201,0
DA:202,0
DA:203,0
DA:205,0
DA:206,0
DA:207,0
DA:208,0
DA:210,0
DA:211,0
DA:212,0
DA:213,0
DA:218,0
DA:219,0
DA:220,0
DA:223,0
DA:228,0
DA:230,0
DA:232,0
DA:235,0
DA:236,0
DA:238,0
DA:241,0
DA:242,0
DA:244,0
DA:247,0
DA:251,0
DA:252,0
DA:253,0
DA:256,0
DA:283,0
DA:285,0
DA:287,0
DA:289,0
DA:290,0
DA:292,0
DA:293,0
DA:294,0
DA:296,0
DA:309,0
DA:332,0
DA:333,0
DA:335,0
DA:339,0
DA:340,0
DA:342,0
DA:345,0
DA:346,0
DA:348,0
DA:352,0
DA:356,0
DA:386,0
DA:394,0
DA:406,0
DA:407,0
DA:409,0
DA:416,0
DA:425,0
DA:439,0
DA:442,0
DA:455,0
DA:456,0
DA:457,0
DA:458,0
DA:461,0
DA:467,0
DA:484,0
DA:491,0
DA:505,0
DA:514,0
DA:524,0
DA:525,0
DA:526,0
DA:527,0
DA:528,0
DA:531,0
DA:536,0
DA:545,0
DA:556,0
DA:565,0
DA:567,0
DA:568,0
DA:581,0
DA:593,0
DA:595,0
DA:606,0
DA:620,0
DA:624,0
DA:632,0
DA:639,0
DA:643,0
DA:644,0
DA:645,0
DA:648,0
DA:649,0
DA:658,0
DA:659,0
DA:661,0
DA:669,0
DA:683,0
LF:159
LH:0
BRDA:40,0,0,0
BRDA:40,0,1,0
BRDA:42,1,0,0
BRDA:42,1,1,0
BRDA:42,2,0,0
BRDA:42,2,1,0
BRDA:45,3,0,0
BRDA:45,3,1,0
BRDA:45,4,0,0
BRDA:45,4,1,0
BRDA:49,5,0,0
BRDA:49,5,1,0
BRDA:50,6,0,0
BRDA:50,6,1,0
BRDA:57,7,0,0
BRDA:57,7,1,0
BRDA:91,8,0,0
BRDA:91,8,1,0
BRDA:99,9,0,0
BRDA:99,9,1,0
BRDA:101,10,0,0
BRDA:101,10,1,0
BRDA:101,11,0,0
BRDA:101,11,1,0
BRDA:104,12,0,0
BRDA:104,12,1,0
BRDA:104,13,0,0
BRDA:104,13,1,0
BRDA:130,14,0,0
BRDA:131,15,0,0
BRDA:157,16,0,0
BRDA:157,16,1,0
BRDA:157,17,0,0
BRDA:157,17,1,0
BRDA:162,18,0,0
BRDA:162,18,1,0
BRDA:162,19,0,0
BRDA:162,19,1,0
BRDA:167,20,0,0
BRDA:167,20,1,0
BRDA:172,21,0,0
BRDA:172,21,1,0
BRDA:186,22,0,0
BRDA:186,22,1,0
BRDA:186,23,0,0
BRDA:186,23,1,0
BRDA:190,24,0,0
BRDA:190,24,1,0
BRDA:194,25,0,0
BRDA:194,25,1,0
BRDA:200,26,0,0
BRDA:200,26,1,0
BRDA:205,27,0,0
BRDA:205,27,1,0
BRDA:210,28,0,0
BRDA:210,28,1,0
BRDA:218,29,0,0
BRDA:218,29,1,0
BRDA:235,30,0,0
BRDA:235,30,1,0
BRDA:238,31,0,0
BRDA:238,31,1,0
BRDA:241,32,0,0
BRDA:241,32,1,0
BRDA:253,33,0,0
BRDA:253,33,1,0
BRDA:253,34,0,0
BRDA:253,34,1,0
BRDA:283,35,0,0
BRDA:283,35,1,0
BRDA:289,36,0,0
BRDA:289,36,1,0
BRDA:290,37,0,0
BRDA:290,37,1,0
BRDA:292,38,0,0
BRDA:292,38,1,0
BRDA:293,39,0,0
BRDA:293,39,1,0
BRDA:294,40,0,0
BRDA:294,40,1,0
BRDA:299,41,0,0
BRDA:299,41,1,0
BRDA:300,42,0,0
BRDA:300,42,1,0
BRDA:301,43,0,0
BRDA:301,43,1,0
BRDA:333,44,0,0
BRDA:333,44,1,0
BRDA:339,45,0,0
BRDA:339,45,1,0
BRDA:342,46,0,0
BRDA:342,46,1,0
BRDA:345,47,0,0
BRDA:345,47,1,0
BRDA:396,48,0,0
BRDA:396,48,1,0
BRDA:412,49,0,0
BRDA:412,49,1,0
BRDA:412,50,0,0
BRDA:412,50,1,0
BRDA:457,51,0,0
BRDA:457,51,1,0
BRDA:457,52,0,0
BRDA:457,52,1,0
BRDA:457,52,2,0
BRDA:516,53,0,0
BRDA:516,53,1,0
BRDA:524,54,0,0
BRDA:524,54,1,0
BRDA:526,55,0,0
BRDA:526,55,1,0
BRDA:527,56,0,0
BRDA:527,56,1,0
BRDA:565,57,0,0
BRDA:565,57,1,0
BRDA:598,58,0,0
BRDA:598,58,1,0
BRDA:632,59,0,0
BRDA:632,59,1,0
BRDA:639,60,0,0
BRDA:639,60,1,0
BRDA:640,61,0,0
BRDA:640,61,1,0
BRDA:683,62,0,0
BRDA:683,62,1,0
BRF:125
BRH:0
end_of_record
TN:
SF:src\lib\social-security.ts
FN:24,isBiometricAvailable
FN:41,isSocialBiometricEnabled
FN:54,enableSocialBiometric
FN:75,disableSocialBiometric
FN:90,isSocialSessionUnlocked
FN:104,authenticateForSocial
FN:139,lockSocialSession
FN:152,requiresSocialAuthentication
FN:171,getSupportedBiometricTypes
FNF:9
FNH:0
FNDA:0,isBiometricAvailable
FNDA:0,isSocialBiometricEnabled
FNDA:0,enableSocialBiometric
FNDA:0,disableSocialBiometric
FNDA:0,isSocialSessionUnlocked
FNDA:0,authenticateForSocial
FNDA:0,lockSocialSession
FNDA:0,requiresSocialAuthentication
FNDA:0,getSupportedBiometricTypes
DA:18,0
DA:19,0
DA:25,0
DA:26,0
DA:27,0
DA:28,0
DA:30,0
DA:34,0
DA:42,0
DA:43,0
DA:44,0
DA:46,0
DA:47,0
DA:55,0
DA:56,0
DA:57,0
DA:58,0
DA:59,0
DA:62,0
DA:63,0
DA:64,0
DA:65,0
DA:67,0
DA:68,0
DA:76,0
DA:77,0
DA:78,0
DA:79,0
DA:80,0
DA:82,0
DA:83,0
DA:91,0
DA:92,0
DA:93,0
DA:95,0
DA:96,0
DA:105,0
DA:107,0
DA:108,0
DA:109,0
DA:110,0
DA:114,0
DA:121,0
DA:123,0
DA:124,0
DA:125,0
DA:128,0
DA:129,0
DA:131,0
DA:132,0
DA:140,0
DA:141,0
DA:142,0
DA:144,0
DA:153,0
DA:154,0
DA:155,0
DA:156,0
DA:159,0
DA:160,0
DA:162,0
DA:164,0
DA:172,0
DA:173,0
DA:174,0
DA:176,0
DA:177,0
DA:179,0
DA:180,0
DA:182,0
DA:183,0
DA:185,0
DA:186,0
DA:190,0
DA:192,0
DA:193,0
LF:76
LH:0
BRDA:28,0,0,0
BRDA:28,0,1,0
BRDA:57,1,0,0
BRDA:57,1,1,0
BRDA:108,2,0,0
BRDA:108,2,1,0
BRDA:121,3,0,0
BRDA:121,3,1,0
BRDA:155,4,0,0
BRDA:155,4,1,0
BRDA:177,5,0,0
BRDA:177,5,1,0
BRDA:177,5,2,0
BRF:13
BRH:0
end_of_record
TN:
SF:src\lib\theme.ts
FNF:0
FNH:0
DA:2,2
DA:45,2
DA:54,2
DA:80,2
DA:88,2
DA:112,2
LF:6
LH:6
BRF:0
BRH:0
end_of_record
TN:
SF:src\lib\vault-utils.ts
FN:21,deriveKeyArgon2
FN:41,verifyPassword
FN:63,encryptDek
FN:84,decryptDek
FN:115,changeVaultPassword
FN:149,(anonymous_5)
FN:152,(anonymous_6)
FN:166,(anonymous_7)
FN:169,(anonymous_8)
FN:172,(anonymous_9)
FNF:10
FNH:0
FNDA:0,deriveKeyArgon2
FNDA:0,verifyPassword
FNDA:0,encryptDek
FNDA:0,decryptDek
FNDA:0,changeVaultPassword
FNDA:0,(anonymous_5)
FNDA:0,(anonymous_6)
FNDA:0,(anonymous_7)
FNDA:0,(anonymous_8)
FNDA:0,(anonymous_9)
DA:26,0
DA:28,0
DA:35,0
DA:46,0
DA:48,0
DA:49,0
DA:52,0
DA:53,0
DA:54,0
DA:57,0
DA:67,0
DA:68,0
DA:70,0
DA:71,0
DA:74,0
DA:75,0
DA:76,0
DA:78,0
DA:89,0
DA:90,0
DA:94,0
DA:95,0
DA:97,0
DA:98,0
DA:101,0
DA:102,0
DA:104,0
DA:105,0
DA:108,0
DA:119,0
DA:121,0
DA:122,0
DA:127,0
DA:128,0
DA:133,0
DA:134,0
DA:141,0
DA:142,0
DA:143,0
DA:146,0
DA:149,0
DA:150,0
DA:152,0
DA:153,0
DA:156,0
DA:161,0
DA:162,0
DA:166,0
DA:167,0
DA:169,0
DA:170,0
DA:172,0
DA:173,0
DA:175,0
DA:176,0
DA:179,0
DA:180,0
DA:183,0
DA:190,0
DA:193,0
DA:199,0
DA:209,0
DA:212,0
DA:213,0
DA:216,0
DA:217,0
DA:221,0
DA:223,0
DA:224,0
LF:69
LH:0
BRDA:24,0,0,0
BRDA:48,1,0,0
BRDA:48,1,1,0
BRDA:67,2,0,0
BRDA:67,2,1,0
BRDA:67,3,0,0
BRDA:67,3,1,0
BRDA:70,4,0,0
BRDA:70,4,1,0
BRDA:70,5,0,0
BRDA:70,5,1,0
BRDA:89,6,0,0
BRDA:89,6,1,0
BRDA:89,7,0,0
BRDA:89,7,1,0
BRDA:94,8,0,0
BRDA:94,8,1,0
BRDA:94,9,0,0
BRDA:94,9,1,0
BRDA:97,10,0,0
BRDA:97,10,1,0
BRDA:97,11,0,0
BRDA:97,11,1,0
BRDA:104,12,0,0
BRDA:104,12,1,0
BRDA:121,13,0,0
BRDA:121,13,1,0
BRDA:121,14,0,0
BRDA:121,14,1,0
BRDA:127,15,0,0
BRDA:127,15,1,0
BRDA:127,16,0,0
BRDA:127,16,1,0
BRDA:133,17,0,0
BRDA:133,17,1,0
BRDA:142,18,0,0
BRDA:142,18,1,0
BRDA:161,19,0,0
BRDA:161,19,1,0
BRDA:216,20,0,0
BRDA:216,20,1,0
BRDA:227,21,0,0
BRDA:227,21,1,0
BRF:43
BRH:0
end_of_record
TN:
SF:src\lib\features\nfc-triggers.ts
FN:18,(anonymous_0)
FN:32,(anonymous_1)
FN:48,(anonymous_2)
FN:67,(anonymous_3)
FN:87,(anonymous_4)
FN:106,(anonymous_5)
FN:158,(anonymous_6)
FN:221,(anonymous_7)
FN:228,(anonymous_8)
FN:233,(anonymous_9)
FN:242,(anonymous_10)
FN:259,(anonymous_11)
FN:286,(anonymous_12)
FN:340,(anonymous_13)
FN:354,(anonymous_14)
FNF:15
FNH:0
FNDA:0,(anonymous_0)
FNDA:0,(anonymous_1)
FNDA:0,(anonymous_2)
FNDA:0,(anonymous_3)
FNDA:0,(anonymous_4)
FNDA:0,(anonymous_5)
FNDA:0,(anonymous_6)
FNDA:0,(anonymous_7)
FNDA:0,(anonymous_8)
FNDA:0,(anonymous_9)
FNDA:0,(anonymous_10)
FNDA:0,(anonymous_11)
FNDA:0,(anonymous_12)
FNDA:0,(anonymous_13)
FNDA:0,(anonymous_14)
DA:12,0
DA:13,0
DA:19,0
DA:20,0
DA:21,0
DA:22,0
DA:24,0
DA:25,0
DA:35,0
DA:36,0
DA:40,0
DA:42,0
DA:44,0
DA:45,0
DA:48,0
DA:49,0
DA:51,0
DA:53,0
DA:54,0
DA:58,0
DA:59,0
DA:60,0
DA:68,0
DA:69,0
DA:73,0
DA:74,0
DA:75,0
DA:78,0
DA:81,0
DA:88,0
DA:93,0
DA:94,0
DA:100,0
DA:112,0
DA:113,0
DA:116,0
DA:117,0
DA:123,0
DA:129,0
DA:130,0
DA:136,0
DA:137,0
DA:141,0
DA:143,0
DA:144,0
DA:146,0
DA:152,0
DA:162,0
DA:164,0
DA:165,0
DA:167,0
DA:168,0
DA:170,0
DA:171,0
DA:173,0
DA:174,0
DA:178,0
DA:181,0
DA:182,0
DA:184,0
DA:185,0
DA:187,0
DA:188,0
DA:190,0
DA:194,0
DA:196,0
DA:197,0
DA:199,0
DA:202,0
DA:203,0
DA:205,0
DA:208,0
DA:209,0
DA:211,0
DA:212,0
DA:214,0
DA:222,0
DA:229,0
DA:233,0
DA:243,0
DA:245,0
DA:246,0
DA:248,0
DA:249,0
DA:251,0
DA:252,0
DA:254,0
DA:255,0
DA:261,0
DA:262,0
DA:267,0
DA:269,0
DA:275,0
DA:277,0
DA:279,0
DA:288,0
DA:289,0
DA:292,0
DA:293,0
DA:296,0
DA:297,0
DA:302,0
DA:303,0
DA:304,0
DA:306,0
DA:307,0
DA:308,0
DA:309,0
DA:310,0
DA:313,0
DA:318,0
DA:322,0
DA:324,0
DA:342,0
DA:343,0
DA:346,0
DA:347,0
DA:351,0
DA:356,0
DA:357,0
DA:358,0
DA:362,0
DA:366,0
DA:371,0
LF:124
LH:0
BRDA:22,0,0,0
BRDA:22,0,1,0
BRDA:35,1,0,0
BRDA:35,1,1,0
BRDA:49,2,0,0
BRDA:49,2,1,0
BRDA:51,3,0,0
BRDA:51,3,1,0
BRDA:68,4,0,0
BRDA:68,4,1,0
BRDA:68,5,0,0
BRDA:68,5,1,0
BRDA:73,6,0,0
BRDA:73,6,1,0
BRDA:93,7,0,0
BRDA:93,7,1,0
BRDA:112,8,0,0
BRDA:112,8,1,0
BRDA:112,9,0,0
BRDA:112,9,1,0
BRDA:112,9,2,0
BRDA:116,10,0,0
BRDA:116,10,1,0
BRDA:129,11,0,0
BRDA:129,11,1,0
BRDA:136,12,0,0
BRDA:136,12,1,0
BRDA:136,13,0,0
BRDA:136,13,1,0
BRDA:162,14,0,0
BRDA:162,14,1,0
BRDA:162,14,2,0
BRDA:162,14,3,0
BRDA:164,15,0,0
BRDA:164,15,1,0
BRDA:164,16,0,0
BRDA:164,16,1,0
BRDA:167,17,0,0
BRDA:167,17,1,0
BRDA:167,18,0,0
BRDA:167,18,1,0
BRDA:170,19,0,0
BRDA:170,19,1,0
BRDA:170,20,0,0
BRDA:170,20,1,0
BRDA:173,21,0,0
BRDA:173,21,1,0
BRDA:173,22,0,0
BRDA:173,22,1,0
BRDA:181,23,0,0
BRDA:181,23,1,0
BRDA:181,24,0,0
BRDA:181,24,1,0
BRDA:184,25,0,0
BRDA:184,25,1,0
BRDA:184,26,0,0
BRDA:184,26,1,0
BRDA:187,27,0,0
BRDA:187,27,1,0
BRDA:187,28,0,0
BRDA:187,28,1,0
BRDA:190,29,0,0
BRDA:190,29,1,0
BRDA:191,30,0,0
BRDA:191,30,1,0
BRDA:196,31,0,0
BRDA:196,31,1,0
BRDA:196,32,0,0
BRDA:196,32,1,0
BRDA:202,33,0,0
BRDA:202,33,1,0
BRDA:202,34,0,0
BRDA:202,34,1,0
BRDA:208,35,0,0
BRDA:208,35,1,0
BRDA:208,36,0,0
BRDA:208,36,1,0
BRDA:211,37,0,0
BRDA:211,37,1,0
BRDA:211,38,0,0
BRDA:211,38,1,0
BRDA:243,39,0,0
BRDA:243,39,1,0
BRDA:243,39,2,0
BRDA:243,39,3,0
BRDA:261,40,0,0
BRDA:261,40,1,0
BRDA:261,41,0,0
BRDA:261,41,1,0
BRDA:267,42,0,0
BRDA:267,42,1,0
BRDA:267,43,0,0
BRDA:267,43,1,0
BRDA:269,44,0,0
BRDA:269,44,1,0
BRDA:269,45,0,0
BRDA:269,45,1,0
BRDA:275,46,0,0
BRDA:275,46,1,0
BRDA:288,47,0,0
BRDA:288,47,1,0
BRDA:288,48,0,0
BRDA:288,48,1,0
BRDA:292,49,0,0
BRDA:292,49,1,0
BRDA:292,50,0,0
BRDA:292,50,1,0
BRDA:296,51,0,0
BRDA:296,51,1,0
BRDA:296,52,0,0
BRDA:296,52,1,0
BRDA:302,53,0,0
BRDA:302,53,1,0
BRDA:303,54,0,0
BRDA:303,54,1,0
BRDA:307,55,0,0
BRDA:307,55,1,0
BRDA:309,56,0,0
BRDA:309,56,1,0
BRDA:318,57,0,0
BRDA:318,57,1,0
BRDA:318,58,0,0
BRDA:318,58,1,0
BRDA:342,59,0,0
BRDA:342,59,1,0
BRDA:342,60,0,0
BRDA:342,60,1,0
BRDA:346,61,0,0
BRDA:346,61,1,0
BRDA:356,62,0,0
BRDA:356,62,1,0
BRDA:356,63,0,0
BRDA:356,63,1,0
BRDA:357,64,0,0
BRDA:357,64,1,0
BRF:135
BRH:0
end_of_record
TN:
SF:src\lib\sync\background-sync.ts
FN:14,(anonymous_0)
FN:47,startBackgroundSync
FN:73,stopBackgroundSync
FN:85,triggerManualSync
FNF:4
FNH:0
FNDA:0,(anonymous_0)
FNDA:0,startBackgroundSync
FNDA:0,stopBackgroundSync
FNDA:0,triggerManualSync
DA:11,0
DA:14,0
DA:15,0
DA:16,0
DA:17,0
DA:18,0
DA:21,0
DA:24,0
DA:27,0
DA:28,0
DA:32,0
DA:37,0
DA:39,0
DA:40,0
DA:48,0
DA:51,0
DA:53,0
DA:54,0
DA:55,0
DA:58,0
DA:64,0
DA:66,0
DA:74,0
DA:75,0
DA:76,0
DA:78,0
DA:86,0
DA:87,0
DA:88,0
DA:89,0
DA:92,0
DA:93,0
DA:95,0
DA:96,0
DA:99,0
DA:101,0
DA:102,0
LF:37
LH:0
BRDA:17,0,0,0
BRDA:17,0,1,0
BRDA:27,1,0,0
BRDA:27,1,1,0
BRDA:32,2,0,0
BRDA:32,2,1,0
BRDA:53,3,0,0
BRDA:53,3,1,0
BRDA:88,4,0,0
BRDA:88,4,1,0
BRDA:95,5,0,0
BRDA:95,5,1,0
BRF:12
BRH:0
end_of_record
TN:
SF:src\lib\sync\sync-client.ts
FN:75,(anonymous_0)
FN:82,(anonymous_1)
FN:93,(anonymous_2)
FN:140,(anonymous_3)
FN:213,(anonymous_4)
FN:225,(anonymous_5)
FN:242,(anonymous_6)
FN:255,(anonymous_7)
FN:274,(anonymous_8)
FN:354,(anonymous_9)
FN:363,(anonymous_10)
FN:396,(anonymous_11)
FN:530,(anonymous_12)
FN:531,(anonymous_13)
FN:535,(anonymous_14)
FN:536,(anonymous_15)
FN:559,(anonymous_16)
FN:585,(anonymous_17)
FN:595,(anonymous_18)
FN:612,(anonymous_19)
FN:622,(anonymous_20)
FN:634,(anonymous_21)
FN:661,(anonymous_22)
FN:691,(anonymous_23)
FN:728,(anonymous_24)
FN:743,(anonymous_25)
FN:755,(anonymous_26)
FN:786,(anonymous_27)
FN:799,(anonymous_28)
FN:816,(anonymous_29)
FNF:30
FNH:5
FNDA:3,(anonymous_0)
FNDA:1,(anonymous_1)
FNDA:1,(anonymous_2)
FNDA:1,(anonymous_3)
FNDA:0,(anonymous_4)
FNDA:0,(anonymous_5)
FNDA:0,(anonymous_6)
FNDA:0,(anonymous_7)
FNDA:0,(anonymous_8)
FNDA:0,(anonymous_9)
FNDA:0,(anonymous_10)
FNDA:0,(anonymous_11)
FNDA:0,(anonymous_12)
FNDA:0,(anonymous_13)
FNDA:0,(anonymous_14)
FNDA:0,(anonymous_15)
FNDA:0,(anonymous_16)
FNDA:0,(anonymous_17)
FNDA:0,(anonymous_18)
FNDA:0,(anonymous_19)
FNDA:0,(anonymous_20)
FNDA:0,(anonymous_21)
FNDA:0,(anonymous_22)
FNDA:0,(anonymous_23)
FNDA:0,(anonymous_24)
FNDA:0,(anonymous_25)
FNDA:0,(anonymous_26)
FNDA:0,(anonymous_27)
FNDA:0,(anonymous_28)
FNDA:1,(anonymous_29)
DA:71,3
DA:73,3
DA:76,3
DA:87,1
DA:97,1
DA:99,1
DA:102,0
DA:105,0
DA:108,0
DA:111,0
DA:114,0
DA:116,0
DA:118,1
DA:119,1
DA:141,1
DA:142,0
DA:145,1
DA:147,1
DA:178,1
DA:180,0
DA:181,0
DA:189,1
DA:196,1
DA:197,1
DA:198,1
DA:199,1
DA:203,1
DA:204,1
DA:214,0
DA:219,0
DA:231,0
DA:243,0
DA:245,0
DA:248,0
DA:260,0
DA:276,0
DA:277,0
DA:278,0
DA:282,0
DA:291,0
DA:292,0
DA:296,0
DA:301,0
DA:305,0
DA:306,0
DA:310,0
DA:311,0
DA:318,0
DA:319,0
DA:321,0
DA:322,0
DA:328,0
DA:331,0
DA:332,0
DA:337,0
DA:340,0
DA:341,0
DA:343,0
DA:344,0
DA:348,0
DA:355,0
DA:356,0
DA:365,0
DA:368,0
DA:369,0
DA:374,0
DA:376,0
DA:377,0
DA:380,0
DA:381,0
DA:384,0
DA:385,0
DA:387,0
DA:402,0
DA:413,0
DA:493,0
DA:494,0
DA:495,0
DA:498,0
DA:499,0
DA:503,0
DA:504,0
DA:505,0
DA:509,0
DA:510,0
DA:511,0
DA:516,0
DA:517,0
DA:518,0
DA:525,0
DA:526,0
DA:527,0
DA:530,0
DA:531,0
DA:534,0
DA:535,0
DA:536,0
DA:540,0
DA:546,0
DA:547,0
DA:549,0
DA:550,0
DA:564,0
DA:574,0
DA:575,0
DA:576,0
DA:579,0
DA:600,0
DA:603,0
DA:604,0
DA:605,0
DA:615,0
DA:622,0
DA:636,0
DA:642,0
DA:645,0
DA:647,0
DA:666,0
DA:676,0
DA:677,0
DA:678,0
DA:681,0
DA:685,0
DA:693,0
DA:696,0
DA:697,0
DA:700,0
DA:702,0
DA:703,0
DA:706,0
DA:709,0
DA:710,0
DA:713,0
DA:714,0
DA:715,0
DA:717,0
DA:719,0
DA:730,0
DA:733,0
DA:734,0
DA:737,0
DA:739,0
DA:742,0
DA:743,0
DA:746,0
DA:760,0
DA:762,0
DA:764,0
DA:767,0
DA:768,0
DA:771,0
DA:772,0
DA:773,0
DA:776,0
DA:778,0
DA:779,0
DA:789,0
DA:800,0
DA:802,0
DA:822,1
DA:824,1
LF:161
LH:21
BRDA:141,0,0,0
BRDA:141,0,1,1
BRDA:141,1,0,1
BRDA:141,1,1,1
BRDA:178,2,0,0
BRDA:178,2,1,1
BRDA:180,3,0,0
BRDA:180,3,1,0
BRDA:196,4,0,1
BRDA:196,4,1,0
BRDA:205,5,0,1
BRDA:205,5,1,0
BRDA:219,6,0,0
BRDA:219,6,1,0
BRDA:277,7,0,0
BRDA:277,7,1,0
BRDA:291,8,0,0
BRDA:291,8,1,0
BRDA:296,9,0,0
BRDA:296,9,1,0
BRDA:297,10,0,0
BRDA:297,10,1,0
BRDA:297,10,2,0
BRDA:305,11,0,0
BRDA:305,11,1,0
BRDA:310,12,0,0
BRDA:310,12,1,0
BRDA:319,13,0,0
BRDA:319,13,1,0
BRDA:319,14,0,0
BRDA:319,14,1,0
BRDA:321,15,0,0
BRDA:321,15,1,0
BRDA:321,16,0,0
BRDA:321,16,1,0
BRDA:331,17,0,0
BRDA:331,17,1,0
BRDA:331,18,0,0
BRDA:331,18,1,0
BRDA:337,19,0,0
BRDA:337,19,1,0
BRDA:337,19,2,0
BRDA:355,20,0,0
BRDA:355,20,1,0
BRDA:355,21,0,0
BRDA:355,21,1,0
BRDA:368,22,0,0
BRDA:368,22,1,0
BRDA:368,23,0,0
BRDA:368,23,1,0
BRDA:388,24,0,0
BRDA:388,24,1,0
BRDA:494,25,0,0
BRDA:494,25,1,0
BRDA:498,26,0,0
BRDA:498,26,1,0
BRDA:498,27,0,0
BRDA:498,27,1,0
BRDA:504,28,0,0
BRDA:504,28,1,0
BRDA:510,29,0,0
BRDA:510,29,1,0
BRDA:517,30,0,0
BRDA:517,30,1,0
BRDA:525,31,0,0
BRDA:525,31,1,0
BRDA:551,32,0,0
BRDA:551,32,1,0
BRDA:575,33,0,0
BRDA:575,33,1,0
BRDA:677,34,0,0
BRDA:677,34,1,0
BRDA:685,35,0,0
BRDA:685,35,1,0
BRDA:696,36,0,0
BRDA:696,36,1,0
BRDA:696,37,0,0
BRDA:696,37,1,0
BRDA:720,38,0,0
BRDA:720,38,1,0
BRDA:733,39,0,0
BRDA:733,39,1,0
BRDA:733,40,0,0
BRDA:733,40,1,0
BRDA:747,41,0,0
BRDA:747,41,1,0
BRDA:767,42,0,0
BRDA:767,42,1,0
BRF:88
BRH:6
end_of_record
TN:
SF:src\screens\HealthHub.tsx
FN:28,loadHealthDataFromDB
FN:36,HealthHub
FN:44,(anonymous_2)
FN:48,(anonymous_3)
FN:137,(anonymous_4)
FN:150,(anonymous_5)
FN:155,(anonymous_6)
FN:162,(anonymous_7)
FN:173,(anonymous_8)
FN:187,(anonymous_9)
FN:227,(anonymous_10)
FN:241,(anonymous_11)
FN:251,(anonymous_12)
FN:281,(anonymous_13)
FN:293,(anonymous_14)
FN:306,(anonymous_15)
FN:319,(anonymous_16)
FNF:17
FNH:0
FNDA:0,loadHealthDataFromDB
FNDA:0,HealthHub
FNDA:0,(anonymous_2)
FNDA:0,(anonymous_3)
FNDA:0,(anonymous_4)
FNDA:0,(anonymous_5)
FNDA:0,(anonymous_6)
FNDA:0,(anonymous_7)
FNDA:0,(anonymous_8)
FNDA:0,(anonymous_9)
FNDA:0,(anonymous_10)
FNDA:0,(anonymous_11)
FNDA:0,(anonymous_12)
FNDA:0,(anonymous_13)
FNDA:0,(anonymous_14)
FNDA:0,(anonymous_15)
FNDA:0,(anonymous_16)
DA:25,0
DA:33,0
DA:37,0
DA:38,0
DA:39,0
DA:40,0
DA:44,0
DA:45,0
DA:48,0
DA:49,0
DA:50,0
DA:52,0
DA:55,0
DA:129,0
DA:131,0
DA:133,0
DA:137,0
DA:138,0
DA:139,0
DA:140,0
DA:141,0
DA:142,0
DA:144,0
DA:146,0
DA:150,0
DA:151,0
DA:152,0
DA:155,0
DA:156,0
DA:157,0
DA:159,0
DA:162,0
DA:170,0
DA:173,0
DA:187,0
DA:188,0
DA:189,0
DA:191,0
DA:227,0
DA:228,0
DA:242,0
DA:252,0
DA:264,0
DA:265,0
DA:268,0
DA:281,0
DA:293,0
DA:306,0
DA:319,0
DA:527,0
LF:50
LH:0
BRDA:129,0,0,0
BRDA:129,0,1,0
BRDA:156,1,0,0
BRDA:156,1,1,0
BRDA:168,2,0,0
BRDA:203,3,0,0
BRDA:203,3,1,0
BRDA:216,4,0,0
BRDA:216,4,1,0
BRDA:264,5,0,0
BRDA:264,5,1,0
BRDA:264,6,0,0
BRDA:264,6,1,0
BRDA:292,7,0,0
BRDA:292,7,1,0
BRDA:298,8,0,0
BRDA:298,8,1,0
BRDA:305,9,0,0
BRDA:305,9,1,0
BRDA:311,10,0,0
BRDA:311,10,1,0
BRDA:318,11,0,0
BRDA:318,11,1,0
BRDA:324,12,0,0
BRDA:324,12,1,0
BRDA:340,13,0,0
BRDA:340,13,1,0
BRDA:402,14,0,0
BRDA:402,14,1,0
BRDA:423,15,0,0
BRDA:423,15,1,0
BRDA:463,16,0,0
BRDA:463,16,1,0
BRDA:486,17,0,0
BRDA:486,17,1,0
BRDA:494,18,0,0
BRDA:494,18,1,0
BRDA:500,19,0,0
BRDA:500,19,1,0
BRF:39
BRH:0
end_of_record
TN:
SF:src\screens\MusicHub.tsx
FN:23,loadTracksFromDatabase
FN:31,loadPlaylistsFromDatabase
FN:39,MusicHub
FN:49,(anonymous_3)
FN:53,(anonymous_4)
FN:141,(anonymous_5)
FN:147,(anonymous_6)
FN:153,(anonymous_7)
FN:162,(anonymous_8)
FN:167,(anonymous_9)
FN:171,(anonymous_10)
FN:174,(anonymous_11)
FN:215,(anonymous_12)
FN:252,(anonymous_13)
FN:325,(anonymous_14)
FN:335,(anonymous_15)
FN:353,(anonymous_16)
FN:378,(anonymous_17)
FNF:18
FNH:0
FNDA:0,loadTracksFromDatabase
FNDA:0,loadPlaylistsFromDatabase
FNDA:0,MusicHub
FNDA:0,(anonymous_3)
FNDA:0,(anonymous_4)
FNDA:0,(anonymous_5)
FNDA:0,(anonymous_6)
FNDA:0,(anonymous_7)
FNDA:0,(anonymous_8)
FNDA:0,(anonymous_9)
FNDA:0,(anonymous_10)
FNDA:0,(anonymous_11)
FNDA:0,(anonymous_12)
FNDA:0,(anonymous_13)
FNDA:0,(anonymous_14)
FNDA:0,(anonymous_15)
FNDA:0,(anonymous_16)
FNDA:0,(anonymous_17)
DA:28,0
DA:36,0
DA:40,0
DA:43,0
DA:44,0
DA:45,0
DA:46,0
DA:47,0
DA:49,0
DA:50,0
DA:53,0
DA:54,0
DA:55,0
DA:58,0
DA:59,0
DA:62,0
DA:97,0
DA:130,0
DA:131,0
DA:135,0
DA:137,0
DA:141,0
DA:142,0
DA:143,0
DA:144,0
DA:147,0
DA:148,0
DA:149,0
DA:150,0
DA:153,0
DA:154,0
DA:155,0
DA:156,0
DA:157,0
DA:159,0
DA:162,0
DA:163,0
DA:164,0
DA:167,0
DA:168,0
DA:171,0
DA:172,0
DA:174,0
DA:215,0
DA:216,0
DA:252,0
DA:253,0
DA:255,0
DA:301,0
DA:325,0
DA:335,0
DA:353,0
DA:378,0
DA:401,0
LF:54
LH:0
BRDA:130,0,0,0
BRDA:130,0,1,0
BRDA:132,1,0,0
BRDA:132,1,1,0
BRDA:156,2,0,0
BRDA:156,2,1,0
BRDA:177,3,0,0
BRDA:177,3,1,0
BRDA:200,4,0,0
BRDA:200,4,1,0
BRDA:218,5,0,0
BRDA:218,5,1,0
BRDA:226,6,0,0
BRDA:226,6,1,0
BRDA:233,7,0,0
BRDA:233,7,1,0
BRDA:253,8,0,0
BRDA:253,8,1,0
BRDA:263,9,0,0
BRDA:263,9,1,0
BRDA:290,10,0,0
BRDA:290,10,1,0
BRDA:324,11,0,0
BRDA:324,11,1,0
BRDA:328,12,0,0
BRDA:328,12,1,0
BRDA:334,13,0,0
BRDA:334,13,1,0
BRDA:340,14,0,0
BRDA:340,14,1,0
BRDA:349,15,0,0
BRDA:349,15,1,0
BRDA:374,16,0,0
BRDA:374,16,1,0
BRF:34
BRH:0
end_of_record
TN:
SF:src\screens\SocialAnalytics.tsx
FN:35,SocialAnalytics
FN:46,(anonymous_1)
FN:51,(anonymous_2)
FN:72,(anonymous_3)
FN:78,(anonymous_4)
FN:109,(anonymous_5)
FN:123,(anonymous_6)
FN:133,(anonymous_7)
FN:200,(anonymous_8)
FN:226,(anonymous_9)
FN:248,(anonymous_10)
FN:324,(anonymous_11)
FNF:12
FNH:0
FNDA:0,SocialAnalytics
FNDA:0,(anonymous_1)
FNDA:0,(anonymous_2)
FNDA:0,(anonymous_3)
FNDA:0,(anonymous_4)
FNDA:0,(anonymous_5)
FNDA:0,(anonymous_6)
FNDA:0,(anonymous_7)
FNDA:0,(anonymous_8)
FNDA:0,(anonymous_9)
FNDA:0,(anonymous_10)
FNDA:0,(anonymous_11)
DA:36,0
DA:37,0
DA:38,0
DA:39,0
DA:40,0
DA:41,0
DA:44,0
DA:46,0
DA:47,0
DA:51,0
DA:52,0
DA:53,0
DA:54,0
DA:55,0
DA:61,0
DA:62,0
DA:63,0
DA:65,0
DA:66,0
DA:68,0
DA:72,0
DA:73,0
DA:74,0
DA:75,0
DA:78,0
DA:79,0
DA:81,0
DA:84,0
DA:90,0
DA:91,0
DA:92,0
DA:94,0
DA:98,0
DA:104,0
DA:105,0
DA:109,0
DA:110,0
DA:111,0
DA:112,0
DA:113,0
DA:115,0
DA:116,0
DA:117,0
DA:118,0
DA:120,0
DA:121,0
DA:122,0
DA:123,0
DA:124,0
DA:125,0
DA:127,0
DA:130,0
DA:131,0
DA:132,0
DA:133,0
DA:134,0
DA:135,0
DA:137,0
DA:140,0
DA:141,0
DA:143,0
DA:146,0
DA:147,0
DA:156,0
DA:157,0
DA:165,0
DA:201,0
DA:227,0
DA:249,0
DA:324,0
DA:342,0
LF:71
LH:0
BRDA:66,0,0,0
BRDA:66,0,1,0
BRDA:90,1,0,0
BRDA:90,1,1,0
BRDA:120,2,0,0
BRDA:120,2,1,0
BRDA:130,3,0,0
BRDA:130,3,1,0
BRDA:146,4,0,0
BRDA:146,4,1,0
BRDA:156,5,0,0
BRDA:156,5,1,0
BRDA:196,6,0,0
BRDA:196,6,1,0
BRDA:246,7,0,0
BRDA:246,7,1,0
BRDA:254,8,0,0
BRDA:254,8,1,0
BRDA:279,9,0,0
BRDA:279,9,1,0
BRDA:285,10,0,0
BRDA:285,10,1,0
BRDA:287,11,0,0
BRDA:287,11,1,0
BRDA:292,12,0,0
BRDA:292,12,1,0
BRDA:298,13,0,0
BRDA:298,13,1,0
BRDA:300,14,0,0
BRDA:300,14,1,0
BRDA:310,15,0,0
BRDA:310,15,1,0
BRDA:317,16,0,0
BRDA:317,16,1,0
BRF:34
BRH:0
end_of_record
TN:
SF:src\screens\SocialHub.tsx
FN:53,SocialHub
FN:85,(anonymous_1)
FN:92,(anonymous_2)
FN:104,(anonymous_3)
FN:136,(anonymous_4)
FN:157,(anonymous_5)
FN:158,(anonymous_6)
FN:171,(anonymous_7)
FN:189,(anonymous_8)
FN:200,(anonymous_9)
FN:204,(anonymous_10)
FN:226,(anonymous_11)
FN:256,(anonymous_12)
FN:262,(anonymous_13)
FN:266,(anonymous_14)
FN:269,(anonymous_15)
FN:289,(anonymous_16)
FN:302,(anonymous_17)
FN:303,(anonymous_18)
FN:305,(anonymous_19)
FN:310,(anonymous_20)
FN:311,(anonymous_21)
FN:313,(anonymous_22)
FN:318,(anonymous_23)
FN:326,(anonymous_24)
FN:335,(anonymous_25)
FN:336,(anonymous_26)
FN:341,(anonymous_27)
FN:383,(anonymous_28)
FN:399,(anonymous_29)
FN:403,(anonymous_30)
FN:404,(anonymous_31)
FN:410,(anonymous_32)
FN:433,(anonymous_33)
FN:446,(anonymous_34)
FN:469,(anonymous_35)
FN:481,(anonymous_36)
FN:504,(anonymous_37)
FN:511,(anonymous_38)
FN:544,(anonymous_39)
FN:548,(anonymous_40)
FN:579,(anonymous_41)
FN:580,(anonymous_42)
FN:583,(anonymous_43)
FN:587,(anonymous_44)
FN:621,(anonymous_45)
FN:622,(anonymous_46)
FN:626,(anonymous_47)
FN:641,(anonymous_48)
FN:647,(anonymous_49)
FN:666,(anonymous_50)
FN:673,(anonymous_51)
FN:683,(anonymous_52)
FNF:53
FNH:0
FNDA:0,SocialHub
FNDA:0,(anonymous_1)
FNDA:0,(anonymous_2)
FNDA:0,(anonymous_3)
FNDA:0,(anonymous_4)
FNDA:0,(anonymous_5)
FNDA:0,(anonymous_6)
FNDA:0,(anonymous_7)
FNDA:0,(anonymous_8)
FNDA:0,(anonymous_9)
FNDA:0,(anonymous_10)
FNDA:0,(anonymous_11)
FNDA:0,(anonymous_12)
FNDA:0,(anonymous_13)
FNDA:0,(anonymous_14)
FNDA:0,(anonymous_15)
FNDA:0,(anonymous_16)
FNDA:0,(anonymous_17)
FNDA:0,(anonymous_18)
FNDA:0,(anonymous_19)
FNDA:0,(anonymous_20)
FNDA:0,(anonymous_21)
FNDA:0,(anonymous_22)
FNDA:0,(anonymous_23)
FNDA:0,(anonymous_24)
FNDA:0,(anonymous_25)
FNDA:0,(anonymous_26)
FNDA:0,(anonymous_27)
FNDA:0,(anonymous_28)
FNDA:0,(anonymous_29)
FNDA:0,(anonymous_30)
FNDA:0,(anonymous_31)
FNDA:0,(anonymous_32)
FNDA:0,(anonymous_33)
FNDA:0,(anonymous_34)
FNDA:0,(anonymous_35)
FNDA:0,(anonymous_36)
FNDA:0,(anonymous_37)
FNDA:0,(anonymous_38)
FNDA:0,(anonymous_39)
FNDA:0,(anonymous_40)
FNDA:0,(anonymous_41)
FNDA:0,(anonymous_42)
FNDA:0,(anonymous_43)
FNDA:0,(anonymous_44)
FNDA:0,(anonymous_45)
FNDA:0,(anonymous_46)
FNDA:0,(anonymous_47)
FNDA:0,(anonymous_48)
FNDA:0,(anonymous_49)
FNDA:0,(anonymous_50)
FNDA:0,(anonymous_51)
FNDA:0,(anonymous_52)
DA:54,0
DA:55,0
DA:56,0
DA:57,0
DA:58,0
DA:59,0
DA:60,0
DA:63,0
DA:64,0
DA:65,0
DA:68,0
DA:69,0
DA:70,0
DA:71,0
DA:74,0
DA:75,0
DA:78,0
DA:82,0
DA:85,0
DA:86,0
DA:87,0
DA:92,0
DA:93,0
DA:94,0
DA:95,0
DA:96,0
DA:99,0
DA:104,0
DA:105,0
DA:106,0
DA:107,0
DA:110,0
DA:118,0
DA:119,0
DA:121,0
DA:122,0
DA:126,0
DA:127,0
DA:128,0
DA:130,0
DA:131,0
DA:136,0
DA:137,0
DA:138,0
DA:139,0
DA:142,0
DA:143,0
DA:148,0
DA:149,0
DA:150,0
DA:152,0
DA:157,0
DA:158,0
DA:159,0
DA:161,0
DA:162,0
DA:167,0
DA:171,0
DA:172,0
DA:173,0
DA:174,0
DA:175,0
DA:179,0
DA:180,0
DA:182,0
DA:183,0
DA:185,0
DA:189,0
DA:190,0
DA:197,0
DA:200,0
DA:201,0
DA:204,0
DA:205,0
DA:206,0
DA:207,0
DA:208,0
DA:212,0
DA:213,0
DA:216,0
DA:217,0
DA:219,0
DA:221,0
DA:226,0
DA:227,0
DA:229,0
DA:230,0
DA:237,0
DA:244,0
DA:245,0
DA:246,0
DA:247,0
DA:249,0
DA:252,0
DA:256,0
DA:260,0
DA:262,0
DA:265,0
DA:266,0
DA:268,0
DA:269,0
DA:273,0
DA:274,0
DA:278,0
DA:279,0
DA:283,0
DA:285,0
DA:289,0
DA:294,0
DA:295,0
DA:296,0
DA:298,0
DA:302,0
DA:303,0
DA:304,0
DA:305,0
DA:310,0
DA:311,0
DA:312,0
DA:313,0
DA:318,0
DA:319,0
DA:327,0
DA:328,0
DA:335,0
DA:336,0
DA:337,0
DA:341,0
DA:342,0
DA:343,0
DA:348,0
DA:357,0
DA:358,0
DA:367,0
DA:368,0
DA:376,0
DA:383,0
DA:400,0
DA:403,0
DA:405,0
DA:410,0
DA:434,0
DA:435,0
DA:436,0
DA:446,0
DA:470,0
DA:471,0
DA:481,0
DA:504,0
DA:512,0
DA:513,0
DA:545,0
DA:548,0
DA:579,0
DA:581,0
DA:584,0
DA:585,0
DA:589,0
DA:621,0
DA:623,0
DA:624,0
DA:627,0
DA:628,0
DA:630,0
DA:631,0
DA:641,0
DA:647,0
DA:667,0
DA:673,0
DA:683,0
DA:701,0
LF:171
LH:0
BRDA:95,0,0,0
BRDA:95,0,1,0
BRDA:105,1,0,0
BRDA:105,1,1,0
BRDA:144,2,0,0
BRDA:144,2,1,0
BRDA:146,3,0,0
BRDA:146,3,1,0
BRDA:183,4,0,0
BRDA:183,4,1,0
BRDA:191,5,0,0
BRDA:191,5,1,0
BRDA:193,6,0,0
BRDA:193,6,1,0
BRDA:194,7,0,0
BRDA:194,7,1,0
BRDA:227,8,0,0
BRDA:227,8,1,0
BRDA:227,9,0,0
BRDA:227,9,1,0
BRDA:231,10,0,0
BRDA:231,10,1,0
BRDA:233,11,0,0
BRDA:233,11,1,0
BRDA:234,12,0,0
BRDA:234,12,1,0
BRDA:244,13,0,0
BRDA:244,13,1,0
BRDA:304,14,0,0
BRDA:304,14,1,0
BRDA:312,15,0,0
BRDA:312,15,1,0
BRDA:321,16,0,0
BRDA:321,16,1,0
BRDA:321,16,2,0
BRDA:342,17,0,0
BRDA:342,17,1,0
BRDA:357,18,0,0
BRDA:357,18,1,0
BRDA:357,19,0,0
BRDA:357,19,1,0
BRDA:367,20,0,0
BRDA:367,20,1,0
BRDA:367,21,0,0
BRDA:367,21,1,0
BRDA:386,22,0,0
BRDA:386,22,1,0
BRDA:392,23,0,0
BRDA:392,23,1,0
BRDA:424,24,0,0
BRDA:424,24,1,0
BRDA:441,25,0,0
BRDA:441,25,1,0
BRDA:452,26,0,0
BRDA:452,26,1,0
BRDA:476,27,0,0
BRDA:476,27,1,0
BRDA:477,28,0,0
BRDA:477,28,1,0
BRDA:478,29,0,0
BRDA:478,29,1,0
BRDA:483,30,0,0
BRDA:483,30,1,0
BRDA:489,31,0,0
BRDA:489,31,1,0
BRDA:500,32,0,0
BRDA:500,32,1,0
BRDA:500,32,2,0
BRDA:524,33,0,0
BRDA:524,33,1,0
BRDA:524,33,2,0
BRDA:530,34,0,0
BRDA:530,34,1,0
BRDA:552,35,0,0
BRDA:552,35,1,0
BRDA:554,36,0,0
BRDA:554,36,1,0
BRDA:563,37,0,0
BRDA:563,37,1,0
BRDA:563,37,2,0
BRDA:572,38,0,0
BRDA:572,38,1,0
BRDA:572,39,0,0
BRDA:572,39,1,0
BRDA:608,40,0,0
BRDA:608,40,1,0
BRDA:621,41,0,0
BRDA:621,41,1,0
BRDA:627,42,0,0
BRDA:627,42,1,0
BRDA:671,43,0,0
BRDA:671,43,1,0
BRF:92
BRH:0
end_of_record
TN:
SF:src\screens\SocialSettings.tsx
FN:55,formatLastSync
FN:76,SocialSettings
FN:97,(anonymous_2)
FN:101,(anonymous_3)
FN:123,(anonymous_4)
FN:142,(anonymous_5)
FN:152,(anonymous_6)
FN:183,(anonymous_7)
FN:219,(anonymous_8)
FN:235,(anonymous_9)
FN:244,(anonymous_10)
FN:258,(anonymous_11)
FN:402,(anonymous_12)
FN:486,(anonymous_13)
FN:500,(anonymous_14)
FN:516,(anonymous_15)
FNF:16
FNH:0
FNDA:0,formatLastSync
FNDA:0,SocialSettings
FNDA:0,(anonymous_2)
FNDA:0,(anonymous_3)
FNDA:0,(anonymous_4)
FNDA:0,(anonymous_5)
FNDA:0,(anonymous_6)
FNDA:0,(anonymous_7)
FNDA:0,(anonymous_8)
FNDA:0,(anonymous_9)
FNDA:0,(anonymous_10)
FNDA:0,(anonymous_11)
FNDA:0,(anonymous_12)
FNDA:0,(anonymous_13)
FNDA:0,(anonymous_14)
FNDA:0,(anonymous_15)
DA:56,0
DA:57,0
DA:58,0
DA:59,0
DA:60,0
DA:61,0
DA:62,0
DA:64,0
DA:65,0
DA:66,0
DA:67,0
DA:68,0
DA:69,0
DA:70,0
DA:72,0
DA:78,0
DA:81,0
DA:82,0
DA:83,0
DA:84,0
DA:87,0
DA:88,0
DA:89,0
DA:92,0
DA:93,0
DA:94,0
DA:97,0
DA:98,0
DA:101,0
DA:103,0
DA:104,0
DA:105,0
DA:106,0
DA:107,0
DA:108,0
DA:111,0
DA:114,0
DA:117,0
DA:118,0
DA:119,0
DA:123,0
DA:124,0
DA:126,0
DA:127,0
DA:128,0
DA:135,0
DA:143,0
DA:144,0
DA:152,0
DA:153,0
DA:155,0
DA:157,0
DA:158,0
DA:160,0
DA:161,0
DA:162,0
DA:163,0
DA:164,0
DA:169,0
DA:176,0
DA:177,0
DA:179,0
DA:183,0
DA:184,0
DA:185,0
DA:190,0
DA:193,0
DA:195,0
DA:196,0
DA:197,0
DA:198,0
DA:199,0
DA:205,0
DA:211,0
DA:220,0
DA:221,0
DA:222,0
DA:224,0
DA:235,0
DA:236,0
DA:245,0
DA:247,0
DA:248,0
DA:250,0
DA:258,0
DA:259,0
DA:260,0
DA:263,0
DA:273,0
DA:292,0
DA:293,0
DA:295,0
DA:302,0
DA:303,0
DA:304,0
DA:310,0
DA:315,0
DA:321,0
DA:322,0
DA:324,0
DA:328,0
DA:367,0
DA:381,0
DA:402,0
DA:403,0
DA:441,0
DA:487,0
DA:501,0
DA:517,0
DA:559,0
LF:110
LH:0
BRDA:64,0,0,0
BRDA:64,0,1,0
BRDA:65,1,0,0
BRDA:65,1,1,0
BRDA:66,2,0,0
BRDA:66,2,1,0
BRDA:67,3,0,0
BRDA:67,3,1,0
BRDA:68,4,0,0
BRDA:68,4,1,0
BRDA:69,5,0,0
BRDA:69,5,1,0
BRDA:69,6,0,0
BRDA:69,6,1,0
BRDA:118,7,0,0
BRDA:118,7,1,0
BRDA:124,8,0,0
BRDA:124,8,1,0
BRDA:153,9,0,0
BRDA:153,9,1,0
BRDA:160,10,0,0
BRDA:160,10,1,0
BRDA:184,11,0,0
BRDA:184,11,1,0
BRDA:193,12,0,0
BRDA:193,12,1,0
BRDA:196,13,0,0
BRDA:196,13,1,0
BRDA:221,14,0,0
BRDA:221,14,1,0
BRDA:303,15,0,0
BRDA:303,15,1,0
BRDA:371,16,0,0
BRDA:371,16,1,0
BRDA:392,17,0,0
BRDA:392,17,1,0
BRDA:393,18,0,0
BRDA:393,18,1,0
BRDA:398,19,0,0
BRDA:398,19,1,0
BRDA:409,20,0,0
BRDA:409,20,1,0
BRDA:412,21,0,0
BRDA:412,21,1,0
BRDA:419,22,0,0
BRDA:419,22,1,0
BRDA:425,23,0,0
BRDA:425,23,1,0
BRDA:425,23,2,0
BRDA:433,24,0,0
BRDA:433,24,1,0
BRDA:455,25,0,0
BRDA:455,25,1,0
BRDA:457,26,0,0
BRDA:457,26,1,0
BRDA:461,27,0,0
BRDA:461,27,1,0
BRDA:464,28,0,0
BRDA:464,28,1,0
BRDA:471,29,0,0
BRDA:471,29,1,0
BRDA:477,30,0,0
BRDA:477,30,1,0
BRDA:489,31,0,0
BRDA:489,31,1,0
BRDA:496,32,0,0
BRDA:496,32,1,0
BRDA:503,33,0,0
BRDA:503,33,1,0
BRDA:519,34,0,0
BRDA:519,34,1,0
BRF:71
BRH:0
end_of_record
TN:
SF:src\store\app-context.ts
FN:109,(anonymous_0)
FN:123,(anonymous_1)
FN:125,(anonymous_2)
FN:135,(anonymous_3)
FN:152,(anonymous_4)
FN:159,(anonymous_5)
FN:170,(anonymous_6)
FN:183,(anonymous_7)
FN:198,(anonymous_8)
FN:203,(anonymous_9)
FN:208,(anonymous_10)
FN:248,useCurrentSpace
FN:249,(anonymous_12)
FN:255,useSettings
FN:256,(anonymous_14)
FN:262,useUpdateSetting
FN:263,(anonymous_16)
FNF:17
FNH:0
FNDA:0,(anonymous_0)
FNDA:0,(anonymous_1)
FNDA:0,(anonymous_2)
FNDA:0,(anonymous_3)
FNDA:0,(anonymous_4)
FNDA:0,(anonymous_5)
FNDA:0,(anonymous_6)
FNDA:0,(anonymous_7)
FNDA:0,(anonymous_8)
FNDA:0,(anonymous_9)
FNDA:0,(anonymous_10)
FNDA:0,useCurrentSpace
FNDA:0,(anonymous_12)
FNDA:0,useSettings
FNDA:0,(anonymous_14)
FNDA:0,useUpdateSetting
FNDA:0,(anonymous_16)
DA:83,0
DA:91,0
DA:109,0
DA:124,0
DA:125,0
DA:127,0
DA:128,0
DA:131,0
DA:132,0
DA:136,0
DA:143,0
DA:144,0
DA:146,0
DA:147,0
DA:149,0
DA:153,0
DA:155,0
DA:156,0
DA:159,0
DA:160,0
DA:162,0
DA:165,0
DA:166,0
DA:171,0
DA:172,0
DA:174,0
DA:175,0
DA:178,0
DA:179,0
DA:184,0
DA:185,0
DA:186,0
DA:187,0
DA:188,0
DA:191,0
DA:194,0
DA:199,0
DA:200,0
DA:204,0
DA:205,0
DA:209,0
DA:211,0
DA:212,0
DA:213,0
DA:217,0
DA:218,0
DA:219,0
DA:223,0
DA:224,0
DA:225,0
DA:226,0
DA:230,0
DA:233,0
DA:234,0
DA:235,0
DA:238,0
DA:240,0
DA:249,0
DA:256,0
DA:263,0
LF:60
LH:0
BRDA:127,0,0,0
BRDA:127,0,1,0
BRDA:155,1,0,0
BRDA:155,1,1,0
BRDA:165,2,0,0
BRDA:165,2,1,0
BRDA:178,3,0,0
BRDA:178,3,1,0
BRDA:178,4,0,0
BRDA:178,4,1,0
BRDA:186,5,0,0
BRDA:186,5,1,0
BRDA:212,6,0,0
BRDA:212,6,1,0
BRDA:218,7,0,0
BRDA:218,7,1,0
BRDA:224,8,0,0
BRDA:224,8,1,0
BRDA:234,9,0,0
BRDA:234,9,1,0
BRF:20
BRH:0
end_of_record
TN:
SF:src\store\vault.ts
FN:137,deriveKeyArgon2
FN:158,verifyPassword
FN:181,encryptDek
FN:211,decryptDek
FN:262,(anonymous_4)
FN:269,(anonymous_5)
FN:299,(anonymous_6)
FN:302,(anonymous_7)
FN:305,(anonymous_8)
FN:308,(anonymous_9)
FN:311,(anonymous_10)
FN:361,(anonymous_11)
FN:368,(anonymous_12)
FN:430,(anonymous_13)
FN:443,(anonymous_14)
FN:455,(anonymous_15)
FN:468,(anonymous_16)
FN:478,(anonymous_17)
FN:481,(anonymous_18)
FN:497,(anonymous_19)
FN:500,(anonymous_20)
FN:503,(anonymous_21)
FN:561,(anonymous_22)
FN:573,(anonymous_23)
FN:629,(anonymous_24)
FNF:25
FNH:0
FNDA:0,deriveKeyArgon2
FNDA:0,verifyPassword
FNDA:0,encryptDek
FNDA:0,decryptDek
FNDA:0,(anonymous_4)
FNDA:0,(anonymous_5)
FNDA:0,(anonymous_6)
FNDA:0,(anonymous_7)
FNDA:0,(anonymous_8)
FNDA:0,(anonymous_9)
FNDA:0,(anonymous_10)
FNDA:0,(anonymous_11)
FNDA:0,(anonymous_12)
FNDA:0,(anonymous_13)
FNDA:0,(anonymous_14)
FNDA:0,(anonymous_15)
FNDA:0,(anonymous_16)
FNDA:0,(anonymous_17)
FNDA:0,(anonymous_18)
FNDA:0,(anonymous_19)
FNDA:0,(anonymous_20)
FNDA:0,(anonymous_21)
FNDA:0,(anonymous_22)
FNDA:0,(anonymous_23)
FNDA:0,(anonymous_24)
DA:142,0
DA:145,0
DA:152,0
DA:163,0
DA:166,0
DA:167,0
DA:170,0
DA:171,0
DA:172,0
DA:175,0
DA:186,0
DA:187,0
DA:189,0
DA:190,0
DA:194,0
DA:197,0
DA:200,0
DA:203,0
DA:205,0
DA:217,0
DA:219,0
DA:223,0
DA:224,0
DA:226,0
DA:227,0
DA:231,0
DA:234,0
DA:236,0
DA:237,0
DA:240,0
DA:243,0
DA:244,0
DA:248,0
DA:251,0
DA:252,0
DA:253,0
DA:254,0
DA:262,0
DA:270,0
DA:272,0
DA:273,0
DA:274,0
DA:278,0
DA:279,0
DA:280,0
DA:281,0
DA:284,0
DA:287,0
DA:294,0
DA:295,0
DA:299,0
DA:300,0
DA:302,0
DA:303,0
DA:305,0
DA:306,0
DA:308,0
DA:309,0
DA:311,0
DA:312,0
DA:316,0
DA:322,0
DA:323,0
DA:324,0
DA:328,0
DA:331,0
DA:334,0
DA:335,0
DA:336,0
DA:340,0
DA:341,0
DA:342,0
DA:343,0
DA:346,0
DA:354,0
DA:356,0
DA:357,0
DA:362,0
DA:369,0
DA:371,0
DA:372,0
DA:373,0
DA:377,0
DA:378,0
DA:381,0
DA:382,0
DA:385,0
DA:388,0
DA:391,0
DA:394,0
DA:400,0
DA:412,0
DA:413,0
DA:415,0
DA:423,0
DA:425,0
DA:426,0
DA:431,0
DA:432,0
DA:433,0
DA:434,0
DA:435,0
DA:437,0
DA:438,0
DA:444,0
DA:445,0
DA:446,0
DA:447,0
DA:449,0
DA:450,0
DA:456,0
DA:457,0
DA:460,0
DA:462,0
DA:463,0
DA:469,0
DA:471,0
DA:472,0
DA:473,0
DA:474,0
DA:477,0
DA:478,0
DA:479,0
DA:481,0
DA:482,0
DA:486,0
DA:491,0
DA:492,0
DA:493,0
DA:497,0
DA:498,0
DA:500,0
DA:501,0
DA:503,0
DA:504,0
DA:506,0
DA:507,0
DA:510,0
DA:517,0
DA:524,0
DA:525,0
DA:526,0
DA:536,0
DA:537,0
DA:538,0
DA:546,0
DA:552,0
DA:553,0
DA:555,0
DA:556,0
DA:562,0
DA:563,0
DA:564,0
DA:565,0
DA:567,0
DA:568,0
DA:574,0
DA:576,0
DA:577,0
DA:579,0
DA:580,0
DA:581,0
DA:585,0
DA:591,0
DA:592,0
DA:593,0
DA:597,0
DA:601,0
DA:602,0
DA:603,0
DA:608,0
DA:609,0
DA:611,0
DA:612,0
DA:616,0
DA:622,0
DA:623,0
DA:628,0
DA:629,0
DA:631,0
DA:632,0
DA:636,0
DA:637,0
DA:638,0
DA:642,0
DA:643,0
DA:644,0
DA:645,0
DA:649,0
DA:657,0
DA:658,0
DA:660,0
DA:661,0
LF:193
LH:0
BRDA:140,0,0,0
BRDA:166,1,0,0
BRDA:166,1,1,0
BRDA:186,2,0,0
BRDA:186,2,1,0
BRDA:186,3,0,0
BRDA:186,3,1,0
BRDA:189,4,0,0
BRDA:189,4,1,0
BRDA:189,5,0,0
BRDA:189,5,1,0
BRDA:217,6,0,0
BRDA:217,6,1,0
BRDA:217,7,0,0
BRDA:217,7,1,0
BRDA:223,8,0,0
BRDA:223,8,1,0
BRDA:223,9,0,0
BRDA:223,9,1,0
BRDA:226,10,0,0
BRDA:226,10,1,0
BRDA:226,11,0,0
BRDA:226,11,1,0
BRDA:243,12,0,0
BRDA:243,12,1,0
BRDA:253,13,0,0
BRDA:253,13,1,0
BRDA:272,14,0,0
BRDA:272,14,1,0
BRDA:272,15,0,0
BRDA:272,15,1,0
BRDA:279,16,0,0
BRDA:279,16,1,0
BRDA:287,17,0,0
BRDA:287,17,1,0
BRDA:288,18,0,0
BRDA:288,18,1,0
BRDA:288,18,2,0
BRDA:288,18,3,0
BRDA:288,18,4,0
BRDA:322,19,0,0
BRDA:322,19,1,0
BRDA:334,20,0,0
BRDA:334,20,1,0
BRDA:341,21,0,0
BRDA:341,21,1,0
BRDA:371,22,0,0
BRDA:371,22,1,0
BRDA:371,23,0,0
BRDA:371,23,1,0
BRDA:447,24,0,0
BRDA:447,24,1,0
BRDA:472,25,0,0
BRDA:472,25,1,0
BRDA:491,26,0,0
BRDA:491,26,1,0
BRDA:525,27,0,0
BRDA:525,27,1,0
BRDA:537,28,0,0
BRDA:537,28,1,0
BRDA:579,29,0,0
BRDA:579,29,1,0
BRDA:579,30,0,0
BRDA:579,30,1,0
BRDA:591,31,0,0
BRDA:591,31,1,0
BRDA:601,32,0,0
BRDA:601,32,1,0
BRDA:616,33,0,0
BRDA:616,33,1,0
BRDA:617,34,0,0
BRDA:617,34,1,0
BRDA:617,34,2,0
BRDA:617,34,3,0
BRDA:617,34,4,0
BRDA:636,35,0,0
BRDA:636,35,1,0
BRDA:643,36,0,0
BRDA:643,36,1,0
BRF:79
BRH:0
end_of_record
TN:
SF:src\types\health.ts
FNF:0
FNH:0
DA:111,0
DA:122,0
LF:2
LH:0
BRF:0
BRH:0
end_of_record
TN:
SF:src\types\index.ts
FNF:0
FNH:0
LF:0
LH:0
BRF:0
BRH:0
end_of_record
TN:
SF:src\types\music.ts
FNF:0
FNH:0
LF:0
LH:0
BRF:0
BRH:0
end_of_record
TN:
SF:src\types\social.ts
FNF:0
FNH:0
DA:244,0
LF:1
LH:0
BRF:0
BRH:0
end_of_record
