{"C:\\Users\\Acer\\Desktop\\Noteece\\apps\\desktop\\src\\store.ts": {"path":"C:\\Users\\Acer\\Desktop\\Noteece\\apps\\desktop\\src\\store.ts","statementMap":{"0":{"start":{"line":1,"column":0},"end":{"line":1,"column":33}},"1":{"start":{"line":11,"column":13},"end":{"line":16,"column":4}},"2":{"start":{"line":11,"column":51},"end":{"line":16,"column":2}},"3":{"start":{"line":14,"column":25},"end":{"line":14,"column":40}},"4":{"start":{"line":15,"column":33},"end":{"line":15,"column":64}}},"fnMap":{"0":{"name":"(anonymous_0)","decl":{"start":{"line":11,"column":41},"end":{"line":11,"column":42}},"loc":{"start":{"line":11,"column":51},"end":{"line":16,"column":2}}},"1":{"name":"(anonymous_1)","decl":{"start":{"line":14,"column":13},"end":{"line":14,"column":14}},"loc":{"start":{"line":14,"column":25},"end":{"line":14,"column":40}}},"2":{"name":"(anonymous_2)","decl":{"start":{"line":15,"column":20},"end":{"line":15,"column":21}},"loc":{"start":{"line":15,"column":33},"end":{"line":15,"column":64}}}},"branchMap":{},"s":{"0":1,"1":1,"2":1,"3":0,"4":0},"f":{"0":1,"1":0,"2":0},"b":{}}
,"C:\\Users\\Acer\\Desktop\\Noteece\\apps\\desktop\\src\\components\\Dashboard.tsx": {"path":"C:\\Users\\Acer\\Desktop\\Noteece\\apps\\desktop\\src\\components\\Dashboard.tsx","statementMap":{"0":{"start":{"line":1,"column":0},"end":{"line":1,"column":104}},"1":{"start":{"line":2,"column":0},"end":{"line":2,"column":null}},"2":{"start":{"line":12,"column":0},"end":{"line":12,"column":26}},"3":{"start":{"line":13,"column":0},"end":{"line":13,"column":45}},"4":{"start":{"line":14,"column":0},"end":{"line":14,"column":38}},"5":{"start":{"line":15,"column":0},"end":{"line":15,"column":39}},"6":{"start":{"line":16,"column":0},"end":{"line":16,"column":41}},"7":{"start":{"line":17,"column":0},"end":{"line":17,"column":38}},"8":{"start":{"line":18,"column":0},"end":{"line":18,"column":60}},"9":{"start":{"line":19,"column":0},"end":{"line":19,"column":48}},"10":{"start":{"line":20,"column":0},"end":{"line":20,"column":54}},"11":{"start":{"line":21,"column":0},"end":{"line":21,"column":58}},"12":{"start":{"line":22,"column":0},"end":{"line":22,"column":58}},"13":{"start":{"line":23,"column":0},"end":{"line":23,"column":50}},"14":{"start":{"line":24,"column":0},"end":{"line":24,"column":50}},"15":{"start":{"line":25,"column":0},"end":{"line":25,"column":56}},"16":{"start":{"line":26,"column":0},"end":{"line":26,"column":54}},"17":{"start":{"line":27,"column":0},"end":{"line":27,"column":52}},"18":{"start":{"line":28,"column":0},"end":{"line":28,"column":48}},"19":{"start":{"line":29,"column":0},"end":{"line":29,"column":54}},"20":{"start":{"line":30,"column":0},"end":{"line":30,"column":66}},"21":{"start":{"line":31,"column":0},"end":{"line":31,"column":62}},"22":{"start":{"line":32,"column":0},"end":{"line":32,"column":58}},"23":{"start":{"line":33,"column":0},"end":{"line":33,"column":60}},"24":{"start":{"line":34,"column":0},"end":{"line":34,"column":62}},"25":{"start":{"line":35,"column":0},"end":{"line":35,"column":76}},"26":{"start":{"line":36,"column":0},"end":{"line":36,"column":62}},"27":{"start":{"line":37,"column":0},"end":{"line":37,"column":50}},"28":{"start":{"line":38,"column":0},"end":{"line":38,"column":36}},"29":{"start":{"line":40,"column":28},"end":{"line":185,"column":1}},"30":{"start":{"line":41,"column":16},"end":{"line":41,"column":33}},"31":{"start":{"line":42,"column":28},"end":{"line":42,"column":38}},"32":{"start":{"line":43,"column":45},"end":{"line":43,"column":94}},"33":{"start":{"line":45,"column":28},"end":{"line":45,"column":90}},"34":{"start":{"line":45,"column":57},"end":{"line":45,"column":82}},"35":{"start":{"line":46,"column":29},"end":{"line":46,"column":93}},"36":{"start":{"line":46,"column":58},"end":{"line":46,"column":85}},"37":{"start":{"line":47,"column":27},"end":{"line":47,"column":93}},"38":{"start":{"line":47,"column":56},"end":{"line":47,"column":85}},"39":{"start":{"line":49,"column":2},"end":{"line":184,"column":4}},"40":{"start":{"line":187,"column":0},"end":{"line":187,"column":25}}},"fnMap":{"0":{"name":"(anonymous_1)","decl":{"start":{"line":40,"column":28},"end":{"line":40,"column":31}},"loc":{"start":{"line":40,"column":33},"end":{"line":185,"column":1}}},"1":{"name":"(anonymous_2)","decl":{"start":{"line":45,"column":44},"end":{"line":45,"column":45}},"loc":{"start":{"line":45,"column":57},"end":{"line":45,"column":82}}},"2":{"name":"(anonymous_3)","decl":{"start":{"line":46,"column":45},"end":{"line":46,"column":46}},"loc":{"start":{"line":46,"column":58},"end":{"line":46,"column":85}}},"3":{"name":"(anonymous_4)","decl":{"start":{"line":47,"column":43},"end":{"line":47,"column":44}},"loc":{"start":{"line":47,"column":56},"end":{"line":47,"column":85}}}},"branchMap":{"0":{"loc":{"start":{"line":43,"column":16},"end":{"line":43,"column":29}},"type":"default-arg","locations":[{"start":{"line":43,"column":27},"end":{"line":43,"column":29}}]},"1":{"loc":{"start":{"line":43,"column":57},"end":{"line":43,"column":76}},"type":"binary-expr","locations":[{"start":{"line":43,"column":57},"end":{"line":43,"column":70}},{"start":{"line":43,"column":74},"end":{"line":43,"column":76}}]}},"s":{"0":1,"1":1,"2":1,"3":1,"4":1,"5":1,"6":1,"7":1,"8":1,"9":1,"10":1,"11":1,"12":1,"13":1,"14":1,"15":1,"16":1,"17":1,"18":1,"19":1,"20":1,"21":1,"22":1,"23":1,"24":1,"25":1,"26":1,"27":1,"28":1,"29":1,"30":4,"31":4,"32":4,"33":4,"34":8,"35":4,"36":8,"37":4,"38":8,"39":4,"40":1},"f":{"0":4,"1":8,"2":8,"3":8},"b":{"0":[0],"1":[4,0]}}
,"C:\\Users\\Acer\\Desktop\\Noteece\\apps\\desktop\\src\\components\\ProjectHub.tsx": {"path":"C:\\Users\\Acer\\Desktop\\Noteece\\apps\\desktop\\src\\components\\ProjectHub.tsx","statementMap":{"0":{"start":{"line":1,"column":0},"end":{"line":1,"column":51}},"1":{"start":{"line":2,"column":0},"end":{"line":2,"column":55}},"2":{"start":{"line":3,"column":0},"end":{"line":3,"column":47}},"3":{"start":{"line":5,"column":0},"end":{"line":5,"column":54}},"4":{"start":{"line":6,"column":0},"end":{"line":6,"column":55}},"5":{"start":{"line":7,"column":0},"end":{"line":7,"column":36}},"6":{"start":{"line":8,"column":0},"end":{"line":8,"column":55}},"7":{"start":{"line":9,"column":0},"end":{"line":9,"column":40}},"8":{"start":{"line":11,"column":29},"end":{"line":100,"column":1}},"9":{"start":{"line":12,"column":28},"end":{"line":12,"column":48}},"10":{"start":{"line":13,"column":34},"end":{"line":13,"column":57}},"11":{"start":{"line":14,"column":52},"end":{"line":14,"column":81}},"12":{"start":{"line":15,"column":19},"end":{"line":15,"column":32}},"13":{"start":{"line":16,"column":28},"end":{"line":16,"column":38}},"14":{"start":{"line":18,"column":2},"end":{"line":33,"column":22}},"15":{"start":{"line":19,"column":26},"end":{"line":31,"column":5}},"16":{"start":{"line":20,"column":6},"end":{"line":30,"column":7}},"17":{"start":{"line":21,"column":8},"end":{"line":29,"column":9}},"18":{"start":{"line":22,"column":31},"end":{"line":22,"column":73}},"19":{"start":{"line":23,"column":10},"end":{"line":23,"column":36}},"20":{"start":{"line":24,"column":10},"end":{"line":26,"column":11}},"21":{"start":{"line":25,"column":12},"end":{"line":25,"column":53}},"22":{"start":{"line":28,"column":10},"end":{"line":28,"column":67}},"23":{"start":{"line":32,"column":4},"end":{"line":32,"column":25}},"24":{"start":{"line":35,"column":2},"end":{"line":48,"column":26}},"25":{"start":{"line":36,"column":23},"end":{"line":45,"column":5}},"26":{"start":{"line":37,"column":6},"end":{"line":44,"column":7}},"27":{"start":{"line":38,"column":8},"end":{"line":43,"column":9}},"28":{"start":{"line":39,"column":36},"end":{"line":39,"column":110}},"29":{"start":{"line":40,"column":10},"end":{"line":40,"column":30}},"30":{"start":{"line":42,"column":10},"end":{"line":42,"column":64}},"31":{"start":{"line":47,"column":4},"end":{"line":47,"column":22}},"32":{"start":{"line":50,"column":26},"end":{"line":54,"column":3}},"33":{"start":{"line":51,"column":4},"end":{"line":53,"column":5}},"34":{"start":{"line":52,"column":6},"end":{"line":52,"column":22}},"35":{"start":{"line":56,"column":2},"end":{"line":99,"column":4}},"36":{"start":{"line":71,"column":10},"end":{"line":71,"column":38}},"37":{"start":{"line":71,"column":53},"end":{"line":71,"column":85}},"38":{"start":{"line":102,"column":0},"end":{"line":102,"column":26}}},"fnMap":{"0":{"name":"(anonymous_9)","decl":{"start":{"line":11,"column":29},"end":{"line":11,"column":32}},"loc":{"start":{"line":11,"column":34},"end":{"line":100,"column":1}}},"1":{"name":"(anonymous_10)","decl":{"start":{"line":18,"column":12},"end":{"line":18,"column":15}},"loc":{"start":{"line":18,"column":17},"end":{"line":33,"column":3}}},"2":{"name":"(anonymous_11)","decl":{"start":{"line":19,"column":26},"end":{"line":19,"column":31}},"loc":{"start":{"line":19,"column":37},"end":{"line":31,"column":5}}},"3":{"name":"(anonymous_12)","decl":{"start":{"line":35,"column":12},"end":{"line":35,"column":15}},"loc":{"start":{"line":35,"column":17},"end":{"line":48,"column":3}}},"4":{"name":"(anonymous_13)","decl":{"start":{"line":36,"column":23},"end":{"line":36,"column":28}},"loc":{"start":{"line":36,"column":34},"end":{"line":45,"column":5}}},"5":{"name":"(anonymous_14)","decl":{"start":{"line":50,"column":26},"end":{"line":50,"column":27}},"loc":{"start":{"line":50,"column":51},"end":{"line":54,"column":3}}},"6":{"name":"(anonymous_15)","decl":{"start":{"line":70,"column":22},"end":{"line":70,"column":23}},"loc":{"start":{"line":71,"column":10},"end":{"line":71,"column":38}}},"7":{"name":"(anonymous_16)","decl":{"start":{"line":71,"column":47},"end":{"line":71,"column":50}},"loc":{"start":{"line":71,"column":53},"end":{"line":71,"column":85}}}},"branchMap":{"0":{"loc":{"start":{"line":20,"column":6},"end":{"line":30,"column":7}},"type":"if","locations":[{"start":{"line":20,"column":6},"end":{"line":30,"column":7}},{"start":{},"end":{}}]},"1":{"loc":{"start":{"line":24,"column":10},"end":{"line":26,"column":11}},"type":"if","locations":[{"start":{"line":24,"column":10},"end":{"line":26,"column":11}},{"start":{},"end":{}}]},"2":{"loc":{"start":{"line":37,"column":6},"end":{"line":44,"column":7}},"type":"if","locations":[{"start":{"line":37,"column":6},"end":{"line":44,"column":7}},{"start":{},"end":{}}]},"3":{"loc":{"start":{"line":51,"column":4},"end":{"line":53,"column":5}},"type":"if","locations":[{"start":{"line":51,"column":4},"end":{"line":53,"column":5}},{"start":{},"end":{}}]},"4":{"loc":{"start":{"line":86,"column":11},"end":{"line":86,"column":92}},"type":"binary-expr","locations":[{"start":{"line":86,"column":11},"end":{"line":86,"column":28}},{"start":{"line":86,"column":32},"end":{"line":86,"column":92}}]},"5":{"loc":{"start":{"line":89,"column":11},"end":{"line":89,"column":92}},"type":"binary-expr","locations":[{"start":{"line":89,"column":11},"end":{"line":89,"column":28}},{"start":{"line":89,"column":32},"end":{"line":89,"column":92}}]},"6":{"loc":{"start":{"line":92,"column":11},"end":{"line":92,"column":92}},"type":"binary-expr","locations":[{"start":{"line":92,"column":11},"end":{"line":92,"column":28}},{"start":{"line":92,"column":32},"end":{"line":92,"column":92}}]},"7":{"loc":{"start":{"line":95,"column":11},"end":{"line":95,"column":92}},"type":"binary-expr","locations":[{"start":{"line":95,"column":11},"end":{"line":95,"column":28}},{"start":{"line":95,"column":32},"end":{"line":95,"column":92}}]}},"s":{"0":1,"1":1,"2":1,"3":1,"4":1,"5":1,"6":1,"7":1,"8":1,"9":1,"10":1,"11":1,"12":1,"13":1,"14":1,"15":1,"16":1,"17":0,"18":0,"19":0,"20":0,"21":0,"22":0,"23":1,"24":1,"25":1,"26":1,"27":0,"28":0,"29":0,"30":0,"31":1,"32":1,"33":0,"34":0,"35":1,"36":0,"37":0,"38":1},"f":{"0":1,"1":1,"2":1,"3":1,"4":1,"5":0,"6":0,"7":0},"b":{"0":[0,1],"1":[0,0],"2":[0,1],"3":[0,0],"4":[1,0],"5":[1,0],"6":[1,0],"7":[1,0]}}
,"C:\\Users\\Acer\\Desktop\\Noteece\\apps\\desktop\\src\\components\\SyncStatus.tsx": {"path":"C:\\Users\\Acer\\Desktop\\Noteece\\apps\\desktop\\src\\components\\SyncStatus.tsx","statementMap":{"0":{"start":{"line":1,"column":0},"end":{"line":1,"column":40}},"1":{"start":{"line":2,"column":0},"end":{"line":2,"column":null}},"2":{"start":{"line":22,"column":0},"end":{"line":22,"column":null}},"3":{"start":{"line":34,"column":0},"end":{"line":34,"column":54}},"4":{"start":{"line":35,"column":0},"end":{"line":35,"column":47}},"5":{"start":{"line":36,"column":0},"end":{"line":36,"column":78}},"6":{"start":{"line":37,"column":0},"end":{"line":37,"column":55}},"7":{"start":{"line":38,"column":0},"end":{"line":38,"column":36}},"8":{"start":{"line":81,"column":29},"end":{"line":610,"column":1}},"9":{"start":{"line":82,"column":22},"end":{"line":82,"column":38}},"10":{"start":{"line":83,"column":28},"end":{"line":83,"column":38}},"11":{"start":{"line":85,"column":36},"end":{"line":85,"column":51}},"12":{"start":{"line":86,"column":40},"end":{"line":86,"column":54}},"13":{"start":{"line":87,"column":34},"end":{"line":87,"column":48}},"14":{"start":{"line":88,"column":42},"end":{"line":88,"column":53}},"15":{"start":{"line":89,"column":56},"end":{"line":89,"column":71}},"16":{"start":{"line":90,"column":56},"end":{"line":90,"column":71}},"17":{"start":{"line":91,"column":50},"end":{"line":91,"column":85}},"18":{"start":{"line":94,"column":60},"end":{"line":98,"column":4}},"19":{"start":{"line":96,"column":19},"end":{"line":96,"column":63}},"20":{"start":{"line":101,"column":64},"end":{"line":105,"column":4}},"21":{"start":{"line":103,"column":19},"end":{"line":103,"column":67}},"22":{"start":{"line":108,"column":64},"end":{"line":116,"column":4}},"23":{"start":{"line":111,"column":6},"end":{"line":114,"column":8}},"24":{"start":{"line":119,"column":34},"end":{"line":139,"column":4}},"25":{"start":{"line":121,"column":6},"end":{"line":121,"column":78}},"26":{"start":{"line":123,"column":6},"end":{"line":127,"column":9}},"27":{"start":{"line":128,"column":6},"end":{"line":128,"column":69}},"28":{"start":{"line":129,"column":6},"end":{"line":129,"column":36}},"29":{"start":{"line":130,"column":6},"end":{"line":130,"column":32}},"30":{"start":{"line":133,"column":6},"end":{"line":137,"column":9}},"31":{"start":{"line":142,"column":29},"end":{"line":202,"column":4}},"32":{"start":{"line":144,"column":6},"end":{"line":144,"column":25}},"33":{"start":{"line":145,"column":6},"end":{"line":145,"column":25}},"34":{"start":{"line":148,"column":20},"end":{"line":148,"column":25}},"35":{"start":{"line":149,"column":31},"end":{"line":151,"column":13}},"36":{"start":{"line":150,"column":8},"end":{"line":150,"column":67}},"37":{"start":{"line":150,"column":38},"end":{"line":150,"column":65}},"38":{"start":{"line":153,"column":28},"end":{"line":158,"column":7}},"39":{"start":{"line":154,"column":8},"end":{"line":157,"column":9}},"40":{"start":{"line":155,"column":10},"end":{"line":155,"column":42}},"41":{"start":{"line":156,"column":10},"end":{"line":156,"column":25}},"42":{"start":{"line":160,"column":6},"end":{"line":178,"column":7}},"43":{"start":{"line":162,"column":8},"end":{"line":170,"column":11}},"44":{"start":{"line":172,"column":8},"end":{"line":172,"column":24}},"45":{"start":{"line":173,"column":8},"end":{"line":173,"column":29}},"46":{"start":{"line":174,"column":8},"end":{"line":174,"column":20}},"47":{"start":{"line":176,"column":8},"end":{"line":176,"column":24}},"48":{"start":{"line":177,"column":8},"end":{"line":177,"column":20}},"49":{"start":{"line":181,"column":6},"end":{"line":185,"column":9}},"50":{"start":{"line":186,"column":6},"end":{"line":186,"column":67}},"51":{"start":{"line":187,"column":6},"end":{"line":187,"column":67}},"52":{"start":{"line":188,"column":6},"end":{"line":191,"column":14}},"53":{"start":{"line":189,"column":8},"end":{"line":189,"column":28}},"54":{"start":{"line":190,"column":8},"end":{"line":190,"column":27}},"55":{"start":{"line":194,"column":6},"end":{"line":198,"column":9}},"56":{"start":{"line":199,"column":6},"end":{"line":199,"column":26}},"57":{"start":{"line":200,"column":6},"end":{"line":200,"column":25}},"58":{"start":{"line":204,"column":27},"end":{"line":214,"column":3}},"59":{"start":{"line":205,"column":4},"end":{"line":212,"column":5}},"60":{"start":{"line":206,"column":6},"end":{"line":210,"column":9}},"61":{"start":{"line":211,"column":6},"end":{"line":211,"column":13}},"62":{"start":{"line":213,"column":4},"end":{"line":213,"column":32}},"63":{"start":{"line":216,"column":32},"end":{"line":223,"column":3}},"64":{"start":{"line":217,"column":4},"end":{"line":217,"column":34}},"65":{"start":{"line":217,"column":27},"end":{"line":217,"column":34}},"66":{"start":{"line":219,"column":4},"end":{"line":222,"column":7}},"67":{"start":{"line":225,"column":30},"end":{"line":225,"column":39}},"68":{"start":{"line":226,"column":21},"end":{"line":226,"column":87}},"69":{"start":{"line":227,"column":23},"end":{"line":227,"column":95}},"70":{"start":{"line":229,"column":25},"end":{"line":233,"column":3}},"71":{"start":{"line":230,"column":4},"end":{"line":230,"column":33}},"72":{"start":{"line":230,"column":19},"end":{"line":230,"column":33}},"73":{"start":{"line":231,"column":4},"end":{"line":231,"column":36}},"74":{"start":{"line":231,"column":22},"end":{"line":231,"column":36}},"75":{"start":{"line":232,"column":4},"end":{"line":232,"column":63}},"76":{"start":{"line":235,"column":24},"end":{"line":239,"column":3}},"77":{"start":{"line":236,"column":4},"end":{"line":236,"column":56}},"78":{"start":{"line":236,"column":19},"end":{"line":236,"column":56}},"79":{"start":{"line":237,"column":4},"end":{"line":237,"column":56}},"80":{"start":{"line":237,"column":22},"end":{"line":237,"column":56}},"81":{"start":{"line":238,"column":4},"end":{"line":238,"column":40}},"82":{"start":{"line":241,"column":26},"end":{"line":251,"column":3}},"83":{"start":{"line":242,"column":17},"end":{"line":242,"column":39}},"84":{"start":{"line":243,"column":20},"end":{"line":243,"column":50}},"85":{"start":{"line":244,"column":18},"end":{"line":244,"column":53}},"86":{"start":{"line":245,"column":17},"end":{"line":245,"column":57}},"87":{"start":{"line":247,"column":4},"end":{"line":247,"column":39}},"88":{"start":{"line":247,"column":21},"end":{"line":247,"column":39}},"89":{"start":{"line":248,"column":4},"end":{"line":248,"column":47}},"90":{"start":{"line":248,"column":22},"end":{"line":248,"column":47}},"91":{"start":{"line":249,"column":4},"end":{"line":249,"column":43}},"92":{"start":{"line":249,"column":20},"end":{"line":249,"column":43}},"93":{"start":{"line":250,"column":4},"end":{"line":250,"column":26}},"94":{"start":{"line":253,"column":26},"end":{"line":256,"column":3}},"95":{"start":{"line":254,"column":17},"end":{"line":254,"column":45}},"96":{"start":{"line":255,"column":4},"end":{"line":255,"column":55}},"97":{"start":{"line":258,"column":2},"end":{"line":260,"column":3}},"98":{"start":{"line":259,"column":4},"end":{"line":259,"column":27}},"99":{"start":{"line":262,"column":2},"end":{"line":609,"column":4}},"100":{"start":{"line":284,"column":27},"end":{"line":284,"column":55}},"101":{"start":{"line":334,"column":39},"end":{"line":334,"column":80}},"102":{"start":{"line":384,"column":35},"end":{"line":384,"column":68}},"103":{"start":{"line":385,"column":20},"end":{"line":409,"column":22}},"104":{"start":{"line":427,"column":16},"end":{"line":427,"column":47}},"105":{"start":{"line":451,"column":24},"end":{"line":451,"column":54}},"106":{"start":{"line":452,"column":24},"end":{"line":452,"column":53}},"107":{"start":{"line":476,"column":33},"end":{"line":476,"column":99}},"108":{"start":{"line":477,"column":34},"end":{"line":477,"column":65}},"109":{"start":{"line":478,"column":34},"end":{"line":480,"column":80}},"110":{"start":{"line":482,"column":20},"end":{"line":498,"column":22}},"111":{"start":{"line":508,"column":57},"end":{"line":508,"column":86}},"112":{"start":{"line":514,"column":29},"end":{"line":514,"column":68}},"113":{"start":{"line":520,"column":29},"end":{"line":520,"column":65}},"114":{"start":{"line":542,"column":53},"end":{"line":542,"column":82}},"115":{"start":{"line":545,"column":35},"end":{"line":545,"column":64}},"116":{"start":{"line":554,"column":10},"end":{"line":554,"column":40}},"117":{"start":{"line":555,"column":10},"end":{"line":555,"column":36}},"118":{"start":{"line":583,"column":55},"end":{"line":583,"column":89}},"119":{"start":{"line":586,"column":55},"end":{"line":586,"column":90}},"120":{"start":{"line":591,"column":45},"end":{"line":591,"column":75}},"121":{"start":{"line":599,"column":16},"end":{"line":599,"column":46}},"122":{"start":{"line":600,"column":16},"end":{"line":600,"column":42}},"123":{"start":{"line":612,"column":0},"end":{"line":612,"column":26}}},"fnMap":{"0":{"name":"(anonymous_9)","decl":{"start":{"line":81,"column":29},"end":{"line":81,"column":32}},"loc":{"start":{"line":81,"column":34},"end":{"line":610,"column":1}}},"1":{"name":"(anonymous_10)","decl":{"start":{"line":96,"column":13},"end":{"line":96,"column":16}},"loc":{"start":{"line":96,"column":19},"end":{"line":96,"column":63}}},"2":{"name":"(anonymous_11)","decl":{"start":{"line":103,"column":13},"end":{"line":103,"column":16}},"loc":{"start":{"line":103,"column":19},"end":{"line":103,"column":67}}},"3":{"name":"(anonymous_12)","decl":{"start":{"line":110,"column":13},"end":{"line":110,"column":16}},"loc":{"start":{"line":111,"column":6},"end":{"line":114,"column":8}}},"4":{"name":"(anonymous_13)","decl":{"start":{"line":120,"column":16},"end":{"line":120,"column":17}},"loc":{"start":{"line":121,"column":6},"end":{"line":121,"column":78}}},"5":{"name":"(anonymous_14)","decl":{"start":{"line":122,"column":15},"end":{"line":122,"column":18}},"loc":{"start":{"line":122,"column":20},"end":{"line":131,"column":5}}},"6":{"name":"(anonymous_15)","decl":{"start":{"line":132,"column":13},"end":{"line":132,"column":14}},"loc":{"start":{"line":132,"column":23},"end":{"line":138,"column":5}}},"7":{"name":"(anonymous_16)","decl":{"start":{"line":143,"column":16},"end":{"line":143,"column":21}},"loc":{"start":{"line":143,"column":27},"end":{"line":179,"column":5}}},"8":{"name":"(anonymous_17)","decl":{"start":{"line":149,"column":43},"end":{"line":149,"column":46}},"loc":{"start":{"line":149,"column":48},"end":{"line":151,"column":7}}},"9":{"name":"(anonymous_18)","decl":{"start":{"line":150,"column":24},"end":{"line":150,"column":25}},"loc":{"start":{"line":150,"column":38},"end":{"line":150,"column":65}}},"10":{"name":"(anonymous_19)","decl":{"start":{"line":153,"column":28},"end":{"line":153,"column":31}},"loc":{"start":{"line":153,"column":33},"end":{"line":158,"column":7}}},"11":{"name":"(anonymous_20)","decl":{"start":{"line":180,"column":15},"end":{"line":180,"column":18}},"loc":{"start":{"line":180,"column":20},"end":{"line":192,"column":5}}},"12":{"name":"(anonymous_21)","decl":{"start":{"line":188,"column":17},"end":{"line":188,"column":20}},"loc":{"start":{"line":188,"column":22},"end":{"line":191,"column":7}}},"13":{"name":"(anonymous_22)","decl":{"start":{"line":193,"column":13},"end":{"line":193,"column":14}},"loc":{"start":{"line":193,"column":23},"end":{"line":201,"column":5}}},"14":{"name":"(anonymous_23)","decl":{"start":{"line":204,"column":27},"end":{"line":204,"column":30}},"loc":{"start":{"line":204,"column":32},"end":{"line":214,"column":3}}},"15":{"name":"(anonymous_24)","decl":{"start":{"line":216,"column":32},"end":{"line":216,"column":33}},"loc":{"start":{"line":216,"column":85},"end":{"line":223,"column":3}}},"16":{"name":"(anonymous_25)","decl":{"start":{"line":229,"column":25},"end":{"line":229,"column":28}},"loc":{"start":{"line":229,"column":30},"end":{"line":233,"column":3}}},"17":{"name":"(anonymous_26)","decl":{"start":{"line":235,"column":24},"end":{"line":235,"column":27}},"loc":{"start":{"line":235,"column":29},"end":{"line":239,"column":3}}},"18":{"name":"(anonymous_27)","decl":{"start":{"line":241,"column":26},"end":{"line":241,"column":27}},"loc":{"start":{"line":241,"column":56},"end":{"line":251,"column":3}}},"19":{"name":"(anonymous_28)","decl":{"start":{"line":253,"column":26},"end":{"line":253,"column":27}},"loc":{"start":{"line":253,"column":69},"end":{"line":256,"column":3}}},"20":{"name":"(anonymous_29)","decl":{"start":{"line":284,"column":21},"end":{"line":284,"column":24}},"loc":{"start":{"line":284,"column":27},"end":{"line":284,"column":55}}},"21":{"name":"(anonymous_30)","decl":{"start":{"line":334,"column":32},"end":{"line":334,"column":33}},"loc":{"start":{"line":334,"column":39},"end":{"line":334,"column":80}}},"22":{"name":"(anonymous_31)","decl":{"start":{"line":383,"column":30},"end":{"line":383,"column":31}},"loc":{"start":{"line":383,"column":41},"end":{"line":410,"column":19}}},"23":{"name":"(anonymous_32)","decl":{"start":{"line":426,"column":29},"end":{"line":426,"column":30}},"loc":{"start":{"line":427,"column":16},"end":{"line":427,"column":47}}},"24":{"name":"(anonymous_33)","decl":{"start":{"line":450,"column":31},"end":{"line":450,"column":34}},"loc":{"start":{"line":450,"column":36},"end":{"line":453,"column":23}}},"25":{"name":"(anonymous_34)","decl":{"start":{"line":475,"column":35},"end":{"line":475,"column":36}},"loc":{"start":{"line":475,"column":45},"end":{"line":499,"column":19}}},"26":{"name":"(anonymous_35)","decl":{"start":{"line":508,"column":51},"end":{"line":508,"column":54}},"loc":{"start":{"line":508,"column":57},"end":{"line":508,"column":86}}},"27":{"name":"(anonymous_36)","decl":{"start":{"line":514,"column":22},"end":{"line":514,"column":23}},"loc":{"start":{"line":514,"column":29},"end":{"line":514,"column":68}}},"28":{"name":"(anonymous_37)","decl":{"start":{"line":520,"column":22},"end":{"line":520,"column":23}},"loc":{"start":{"line":520,"column":29},"end":{"line":520,"column":65}}},"29":{"name":"(anonymous_38)","decl":{"start":{"line":542,"column":47},"end":{"line":542,"column":50}},"loc":{"start":{"line":542,"column":53},"end":{"line":542,"column":82}}},"30":{"name":"(anonymous_39)","decl":{"start":{"line":545,"column":29},"end":{"line":545,"column":32}},"loc":{"start":{"line":545,"column":35},"end":{"line":545,"column":64}}},"31":{"name":"(anonymous_40)","decl":{"start":{"line":553,"column":17},"end":{"line":553,"column":20}},"loc":{"start":{"line":553,"column":22},"end":{"line":556,"column":9}}},"32":{"name":"(anonymous_41)","decl":{"start":{"line":583,"column":49},"end":{"line":583,"column":52}},"loc":{"start":{"line":583,"column":55},"end":{"line":583,"column":89}}},"33":{"name":"(anonymous_42)","decl":{"start":{"line":586,"column":49},"end":{"line":586,"column":52}},"loc":{"start":{"line":586,"column":55},"end":{"line":586,"column":90}}},"34":{"name":"(anonymous_43)","decl":{"start":{"line":591,"column":39},"end":{"line":591,"column":42}},"loc":{"start":{"line":591,"column":45},"end":{"line":591,"column":75}}},"35":{"name":"(anonymous_44)","decl":{"start":{"line":598,"column":23},"end":{"line":598,"column":26}},"loc":{"start":{"line":598,"column":28},"end":{"line":601,"column":15}}}},"branchMap":{"0":{"loc":{"start":{"line":94,"column":16},"end":{"line":94,"column":28}},"type":"default-arg","locations":[{"start":{"line":94,"column":26},"end":{"line":94,"column":28}}]},"1":{"loc":{"start":{"line":101,"column":16},"end":{"line":101,"column":30}},"type":"default-arg","locations":[{"start":{"line":101,"column":28},"end":{"line":101,"column":30}}]},"2":{"loc":{"start":{"line":108,"column":16},"end":{"line":108,"column":32}},"type":"default-arg","locations":[{"start":{"line":108,"column":30},"end":{"line":108,"column":32}}]},"3":{"loc":{"start":{"line":112,"column":18},"end":{"line":112,"column":37}},"type":"binary-expr","locations":[{"start":{"line":112,"column":18},"end":{"line":112,"column":31}},{"start":{"line":112,"column":35},"end":{"line":112,"column":37}}]},"4":{"loc":{"start":{"line":154,"column":8},"end":{"line":157,"column":9}},"type":"if","locations":[{"start":{"line":154,"column":8},"end":{"line":157,"column":9}},{"start":{},"end":{}}]},"5":{"loc":{"start":{"line":163,"column":20},"end":{"line":163,"column":39}},"type":"binary-expr","locations":[{"start":{"line":163,"column":20},"end":{"line":163,"column":33}},{"start":{"line":163,"column":37},"end":{"line":163,"column":39}}]},"6":{"loc":{"start":{"line":205,"column":4},"end":{"line":212,"column":5}},"type":"if","locations":[{"start":{"line":205,"column":4},"end":{"line":212,"column":5}},{"start":{},"end":{}}]},"7":{"loc":{"start":{"line":217,"column":4},"end":{"line":217,"column":34}},"type":"if","locations":[{"start":{"line":217,"column":4},"end":{"line":217,"column":34}},{"start":{},"end":{}}]},"8":{"loc":{"start":{"line":226,"column":21},"end":{"line":226,"column":87}},"type":"cond-expr","locations":[{"start":{"line":226,"column":33},"end":{"line":226,"column":42}},{"start":{"line":226,"column":45},"end":{"line":226,"column":87}}]},"9":{"loc":{"start":{"line":226,"column":45},"end":{"line":226,"column":87}},"type":"cond-expr","locations":[{"start":{"line":226,"column":59},"end":{"line":226,"column":70}},{"start":{"line":226,"column":73},"end":{"line":226,"column":87}}]},"10":{"loc":{"start":{"line":227,"column":23},"end":{"line":227,"column":95}},"type":"cond-expr","locations":[{"start":{"line":227,"column":51},"end":{"line":227,"column":82}},{"start":{"line":227,"column":85},"end":{"line":227,"column":95}}]},"11":{"loc":{"start":{"line":230,"column":4},"end":{"line":230,"column":33}},"type":"if","locations":[{"start":{"line":230,"column":4},"end":{"line":230,"column":33}},{"start":{},"end":{}}]},"12":{"loc":{"start":{"line":231,"column":4},"end":{"line":231,"column":36}},"type":"if","locations":[{"start":{"line":231,"column":4},"end":{"line":231,"column":36}},{"start":{},"end":{}}]},"13":{"loc":{"start":{"line":232,"column":11},"end":{"line":232,"column":62}},"type":"cond-expr","locations":[{"start":{"line":232,"column":44},"end":{"line":232,"column":52}},{"start":{"line":232,"column":55},"end":{"line":232,"column":62}}]},"14":{"loc":{"start":{"line":236,"column":4},"end":{"line":236,"column":56}},"type":"if","locations":[{"start":{"line":236,"column":4},"end":{"line":236,"column":56}},{"start":{},"end":{}}]},"15":{"loc":{"start":{"line":237,"column":4},"end":{"line":237,"column":56}},"type":"if","locations":[{"start":{"line":237,"column":4},"end":{"line":237,"column":56}},{"start":{},"end":{}}]},"16":{"loc":{"start":{"line":247,"column":4},"end":{"line":247,"column":39}},"type":"if","locations":[{"start":{"line":247,"column":4},"end":{"line":247,"column":39}},{"start":{},"end":{}}]},"17":{"loc":{"start":{"line":248,"column":4},"end":{"line":248,"column":47}},"type":"if","locations":[{"start":{"line":248,"column":4},"end":{"line":248,"column":47}},{"start":{},"end":{}}]},"18":{"loc":{"start":{"line":249,"column":4},"end":{"line":249,"column":43}},"type":"if","locations":[{"start":{"line":249,"column":4},"end":{"line":249,"column":43}},{"start":{},"end":{}}]},"19":{"loc":{"start":{"line":255,"column":11},"end":{"line":255,"column":54}},"type":"cond-expr","locations":[{"start":{"line":255,"column":34},"end":{"line":255,"column":42}},{"start":{"line":255,"column":45},"end":{"line":255,"column":54}}]},"20":{"loc":{"start":{"line":258,"column":2},"end":{"line":260,"column":3}},"type":"if","locations":[{"start":{"line":258,"column":2},"end":{"line":260,"column":3}},{"start":{},"end":{}}]},"21":{"loc":{"start":{"line":258,"column":6},"end":{"line":258,"column":58}},"type":"binary-expr","locations":[{"start":{"line":258,"column":6},"end":{"line":258,"column":20}},{"start":{"line":258,"column":24},"end":{"line":258,"column":40}},{"start":{"line":258,"column":44},"end":{"line":258,"column":58}}]},"22":{"loc":{"start":{"line":293,"column":7},"end":{"line":297,"column":null}},"type":"binary-expr","locations":[{"start":{"line":293,"column":7},"end":{"line":293,"column":37}},{"start":{"line":294,"column":8},"end":{"line":296,"column":null}}]},"23":{"loc":{"start":{"line":296,"column":11},"end":{"line":296,"column":52}},"type":"cond-expr","locations":[{"start":{"line":296,"column":44},"end":{"line":296,"column":47}},{"start":{"line":296,"column":50},"end":{"line":296,"column":52}}]},"24":{"loc":{"start":{"line":301,"column":7},"end":{"line":314,"column":null}},"type":"binary-expr","locations":[{"start":{"line":301,"column":7},"end":{"line":301,"column":16}},{"start":{"line":302,"column":8},"end":{"line":313,"column":null}}]},"25":{"loc":{"start":{"line":341,"column":42},"end":{"line":341,"column":93}},"type":"cond-expr","locations":[{"start":{"line":341,"column":75},"end":{"line":341,"column":83}},{"start":{"line":341,"column":86},"end":{"line":341,"column":93}}]},"26":{"loc":{"start":{"line":374,"column":17},"end":{"line":410,"column":null}},"type":"cond-expr","locations":[{"start":{"line":375,"column":18},"end":{"line":380,"column":null}},{"start":{"line":383,"column":18},"end":{"line":410,"column":20}}]},"27":{"loc":{"start":{"line":399,"column":40},"end":{"line":399,"column":78}},"type":"cond-expr","locations":[{"start":{"line":399,"column":62},"end":{"line":399,"column":69}},{"start":{"line":399,"column":72},"end":{"line":399,"column":78}}]},"28":{"loc":{"start":{"line":418,"column":11},"end":{"line":460,"column":null}},"type":"cond-expr","locations":[{"start":{"line":419,"column":12},"end":{"line":422,"column":null}},{"start":{"line":425,"column":12},"end":{"line":459,"column":null}}]},"29":{"loc":{"start":{"line":465,"column":11},"end":{"line":502,"column":null}},"type":"cond-expr","locations":[{"start":{"line":466,"column":12},"end":{"line":469,"column":null}},{"start":{"line":472,"column":12},"end":{"line":501,"column":null}}]},"30":{"loc":{"start":{"line":476,"column":33},"end":{"line":476,"column":99}},"type":"cond-expr","locations":[{"start":{"line":476,"column":49},"end":{"line":476,"column":77}},{"start":{"line":476,"column":80},"end":{"line":476,"column":99}}]},"31":{"loc":{"start":{"line":477,"column":34},"end":{"line":477,"column":65}},"type":"cond-expr","locations":[{"start":{"line":477,"column":50},"end":{"line":477,"column":57}},{"start":{"line":477,"column":60},"end":{"line":477,"column":65}}]},"32":{"loc":{"start":{"line":478,"column":34},"end":{"line":480,"column":80}},"type":"cond-expr","locations":[{"start":{"line":479,"column":24},"end":{"line":479,"column":111}},{"start":{"line":480,"column":24},"end":{"line":480,"column":80}}]},"33":{"loc":{"start":{"line":480,"column":40},"end":{"line":480,"column":78}},"type":"binary-expr","locations":[{"start":{"line":480,"column":40},"end":{"line":480,"column":59}},{"start":{"line":480,"column":63},"end":{"line":480,"column":78}}]},"34":{"loc":{"start":{"line":488,"column":27},"end":{"line":491,"column":null}},"type":"binary-expr","locations":[{"start":{"line":488,"column":27},"end":{"line":488,"column":55}},{"start":{"line":489,"column":28},"end":{"line":490,"column":null}}]},"35":{"loc":{"start":{"line":534,"column":22},"end":{"line":534,"column":47}},"type":"binary-expr","locations":[{"start":{"line":534,"column":22},"end":{"line":534,"column":34}},{"start":{"line":534,"column":38},"end":{"line":534,"column":47}}]},"36":{"loc":{"start":{"line":560,"column":9},"end":{"line":605,"column":null}},"type":"binary-expr","locations":[{"start":{"line":560,"column":9},"end":{"line":560,"column":25}},{"start":{"line":561,"column":10},"end":{"line":604,"column":null}}]}},"s":{"0":1,"1":1,"2":1,"3":1,"4":1,"5":1,"6":1,"7":1,"8":1,"9":23,"10":23,"11":23,"12":23,"13":23,"14":23,"15":23,"16":23,"17":23,"18":23,"19":11,"20":23,"21":10,"22":23,"23":11,"24":23,"25":0,"26":0,"27":0,"28":0,"29":0,"30":0,"31":23,"32":1,"33":1,"34":1,"35":1,"36":0,"37":0,"38":1,"39":1,"40":1,"41":1,"42":1,"43":1,"44":1,"45":1,"46":1,"47":0,"48":0,"49":1,"50":1,"51":1,"52":1,"53":1,"54":1,"55":0,"56":0,"57":0,"58":23,"59":1,"60":0,"61":0,"62":1,"63":23,"64":0,"65":0,"66":0,"67":23,"68":23,"69":23,"70":23,"71":13,"72":1,"73":12,"74":0,"75":12,"76":23,"77":13,"78":1,"79":12,"80":0,"81":12,"82":23,"83":65,"84":65,"85":65,"86":65,"87":65,"88":39,"89":26,"90":26,"91":0,"92":0,"93":0,"94":23,"95":78,"96":78,"97":23,"98":10,"99":13,"100":1,"101":39,"102":39,"103":39,"104":13,"105":0,"106":0,"107":13,"108":13,"109":13,"110":13,"111":0,"112":0,"113":0,"114":0,"115":0,"116":0,"117":0,"118":0,"119":0,"120":0,"121":0,"122":0,"123":1},"f":{"0":23,"1":11,"2":10,"3":11,"4":0,"5":0,"6":0,"7":1,"8":0,"9":0,"10":1,"11":1,"12":1,"13":0,"14":1,"15":0,"16":13,"17":13,"18":65,"19":78,"20":1,"21":39,"22":39,"23":13,"24":0,"25":13,"26":0,"27":0,"28":0,"29":0,"30":0,"31":0,"32":0,"33":0,"34":0,"35":0},"b":{"0":[10],"1":[10],"2":[10],"3":[11,0],"4":[1,0],"5":[1,0],"6":[0,1],"7":[0,0],"8":[1,22],"9":[22,0],"10":[13,10],"11":[1,12],"12":[0,12],"13":[12,0],"14":[1,12],"15":[0,12],"16":[39,26],"17":[26,0],"18":[0,0],"19":[26,52],"20":[10,13],"21":[23,13,13],"22":[13,13],"23":[0,13],"24":[13,1],"25":[13,0],"26":[0,13],"27":[13,26],"28":[0,13],"29":[0,13],"30":[13,0],"31":[13,0],"32":[13,0],"33":[0,0],"34":[13,13],"35":[13,13],"36":[13,0]}}
,"C:\\Users\\Acer\\Desktop\\Noteece\\apps\\desktop\\src\\components\\UserManagement.tsx": {"path":"C:\\Users\\Acer\\Desktop\\Noteece\\apps\\desktop\\src\\components\\UserManagement.tsx","statementMap":{"0":{"start":{"line":1,"column":0},"end":{"line":1,"column":40}},"1":{"start":{"line":2,"column":0},"end":{"line":2,"column":null}},"2":{"start":{"line":24,"column":0},"end":{"line":24,"column":null}},"3":{"start":{"line":37,"column":0},"end":{"line":37,"column":40}},"4":{"start":{"line":38,"column":0},"end":{"line":38,"column":41}},"5":{"start":{"line":39,"column":0},"end":{"line":39,"column":47}},"6":{"start":{"line":40,"column":0},"end":{"line":40,"column":78}},"7":{"start":{"line":41,"column":0},"end":{"line":41,"column":55}},"8":{"start":{"line":42,"column":0},"end":{"line":42,"column":36}},"9":{"start":{"line":43,"column":0},"end":{"line":43,"column":47}},"10":{"start":{"line":44,"column":0},"end":{"line":44,"column":40}},"11":{"start":{"line":77,"column":43},"end":{"line":82,"column":2}},"12":{"start":{"line":84,"column":45},"end":{"line":88,"column":2}},"13":{"start":{"line":96,"column":2},"end":{"line":102,"column":3}},"14":{"start":{"line":97,"column":4},"end":{"line":97,"column":42}},"15":{"start":{"line":100,"column":4},"end":{"line":100,"column":67}},"16":{"start":{"line":101,"column":4},"end":{"line":101,"column":16}},"17":{"start":{"line":116,"column":33},"end":{"line":802,"column":1}},"18":{"start":{"line":117,"column":22},"end":{"line":117,"column":38}},"19":{"start":{"line":118,"column":28},"end":{"line":118,"column":38}},"20":{"start":{"line":120,"column":52},"end":{"line":120,"column":67}},"21":{"start":{"line":121,"column":48},"end":{"line":121,"column":63}},"22":{"start":{"line":122,"column":42},"end":{"line":122,"column":74}},"23":{"start":{"line":125,"column":56},"end":{"line":135,"column":4}},"24":{"start":{"line":129,"column":6},"end":{"line":131,"column":7}},"25":{"start":{"line":130,"column":8},"end":{"line":130,"column":18}},"26":{"start":{"line":132,"column":6},"end":{"line":132,"column":91}},"27":{"start":{"line":138,"column":56},"end":{"line":141,"column":4}},"28":{"start":{"line":140,"column":19},"end":{"line":140,"column":50}},"29":{"start":{"line":144,"column":29},"end":{"line":189,"column":4}},"30":{"start":{"line":146,"column":6},"end":{"line":146,"column":61}},"31":{"start":{"line":146,"column":26},"end":{"line":146,"column":61}},"32":{"start":{"line":148,"column":28},"end":{"line":148,"column":46}},"33":{"start":{"line":149,"column":6},"end":{"line":151,"column":7}},"34":{"start":{"line":150,"column":8},"end":{"line":150,"column":72}},"35":{"start":{"line":154,"column":25},"end":{"line":159,"column":8}},"36":{"start":{"line":162,"column":6},"end":{"line":166,"column":7}},"37":{"start":{"line":168,"column":6},"end":{"line":168,"column":24}},"38":{"start":{"line":171,"column":6},"end":{"line":171,"column":81}},"39":{"start":{"line":172,"column":6},"end":{"line":176,"column":9}},"40":{"start":{"line":177,"column":6},"end":{"line":177,"column":34}},"41":{"start":{"line":178,"column":6},"end":{"line":178,"column":25}},"42":{"start":{"line":182,"column":6},"end":{"line":186,"column":9}},"43":{"start":{"line":187,"column":6},"end":{"line":187,"column":63}},"44":{"start":{"line":192,"column":29},"end":{"line":264,"column":4}},"45":{"start":{"line":194,"column":6},"end":{"line":194,"column":61}},"46":{"start":{"line":194,"column":26},"end":{"line":194,"column":61}},"47":{"start":{"line":196,"column":28},"end":{"line":196,"column":46}},"48":{"start":{"line":197,"column":6},"end":{"line":199,"column":7}},"49":{"start":{"line":198,"column":8},"end":{"line":198,"column":72}},"50":{"start":{"line":202,"column":6},"end":{"line":204,"column":7}},"51":{"start":{"line":203,"column":8},"end":{"line":203,"column":86}},"52":{"start":{"line":207,"column":6},"end":{"line":212,"column":9}},"53":{"start":{"line":215,"column":19},"end":{"line":215,"column":60}},"54":{"start":{"line":215,"column":37},"end":{"line":215,"column":59}},"55":{"start":{"line":216,"column":30},"end":{"line":216,"column":53}},"56":{"start":{"line":217,"column":33},"end":{"line":217,"column":64}},"57":{"start":{"line":219,"column":39},"end":{"line":219,"column":119}},"58":{"start":{"line":219,"column":81},"end":{"line":219,"column":118}},"59":{"start":{"line":222,"column":33},"end":{"line":223,"column":null}},"60":{"start":{"line":223,"column":24},"end":{"line":223,"column":70}},"61":{"start":{"line":225,"column":6},"end":{"line":231,"column":7}},"62":{"start":{"line":226,"column":8},"end":{"line":230,"column":11}},"63":{"start":{"line":234,"column":34},"end":{"line":235,"column":null}},"64":{"start":{"line":235,"column":24},"end":{"line":235,"column":70}},"65":{"start":{"line":237,"column":6},"end":{"line":243,"column":7}},"66":{"start":{"line":238,"column":8},"end":{"line":242,"column":11}},"67":{"start":{"line":246,"column":6},"end":{"line":246,"column":81}},"68":{"start":{"line":247,"column":6},"end":{"line":251,"column":9}},"69":{"start":{"line":252,"column":6},"end":{"line":252,"column":32}},"70":{"start":{"line":253,"column":6},"end":{"line":253,"column":28}},"71":{"start":{"line":257,"column":6},"end":{"line":261,"column":9}},"72":{"start":{"line":262,"column":6},"end":{"line":262,"column":68}},"73":{"start":{"line":267,"column":35},"end":{"line":296,"column":4}},"74":{"start":{"line":269,"column":6},"end":{"line":269,"column":61}},"75":{"start":{"line":269,"column":26},"end":{"line":269,"column":61}},"76":{"start":{"line":271,"column":6},"end":{"line":279,"column":14}},"77":{"start":{"line":282,"column":6},"end":{"line":282,"column":81}},"78":{"start":{"line":283,"column":6},"end":{"line":287,"column":9}},"79":{"start":{"line":290,"column":6},"end":{"line":294,"column":9}},"80":{"start":{"line":299,"column":29},"end":{"line":323,"column":4}},"81":{"start":{"line":301,"column":6},"end":{"line":301,"column":61}},"82":{"start":{"line":301,"column":26},"end":{"line":301,"column":61}},"83":{"start":{"line":303,"column":6},"end":{"line":306,"column":9}},"84":{"start":{"line":309,"column":6},"end":{"line":309,"column":81}},"85":{"start":{"line":310,"column":6},"end":{"line":314,"column":9}},"86":{"start":{"line":317,"column":6},"end":{"line":321,"column":9}},"87":{"start":{"line":325,"column":21},"end":{"line":334,"column":4}},"88":{"start":{"line":332,"column":25},"end":{"line":332,"column":73}},"89":{"start":{"line":336,"column":19},"end":{"line":341,"column":4}},"90":{"start":{"line":343,"column":27},"end":{"line":345,"column":3}},"91":{"start":{"line":344,"column":4},"end":{"line":344,"column":38}},"92":{"start":{"line":347,"column":25},"end":{"line":355,"column":3}},"93":{"start":{"line":348,"column":4},"end":{"line":348,"column":30}},"94":{"start":{"line":348,"column":23},"end":{"line":348,"column":30}},"95":{"start":{"line":350,"column":4},"end":{"line":354,"column":7}},"96":{"start":{"line":357,"column":28},"end":{"line":359,"column":3}},"97":{"start":{"line":358,"column":4},"end":{"line":358,"column":63}},"98":{"start":{"line":361,"column":27},"end":{"line":365,"column":3}},"99":{"start":{"line":362,"column":4},"end":{"line":364,"column":5}},"100":{"start":{"line":363,"column":6},"end":{"line":363,"column":40}},"101":{"start":{"line":368,"column":26},"end":{"line":379,"column":3}},"102":{"start":{"line":369,"column":4},"end":{"line":369,"column":54}},"103":{"start":{"line":369,"column":39},"end":{"line":369,"column":54}},"104":{"start":{"line":370,"column":17},"end":{"line":370,"column":46}},"105":{"start":{"line":371,"column":20},"end":{"line":371,"column":50}},"106":{"start":{"line":372,"column":18},"end":{"line":372,"column":53}},"107":{"start":{"line":373,"column":17},"end":{"line":373,"column":57}},"108":{"start":{"line":375,"column":4},"end":{"line":375,"column":39}},"109":{"start":{"line":375,"column":21},"end":{"line":375,"column":39}},"110":{"start":{"line":376,"column":4},"end":{"line":376,"column":47}},"111":{"start":{"line":376,"column":22},"end":{"line":376,"column":47}},"112":{"start":{"line":377,"column":4},"end":{"line":377,"column":43}},"113":{"start":{"line":377,"column":20},"end":{"line":377,"column":43}},"114":{"start":{"line":378,"column":4},"end":{"line":378,"column":26}},"115":{"start":{"line":381,"column":25},"end":{"line":388,"column":4}},"116":{"start":{"line":390,"column":22},"end":{"line":390,"column":71}},"117":{"start":{"line":390,"column":42},"end":{"line":390,"column":63}},"118":{"start":{"line":391,"column":23},"end":{"line":391,"column":73}},"119":{"start":{"line":391,"column":43},"end":{"line":391,"column":65}},"120":{"start":{"line":393,"column":20},"end":{"line":393,"column":48}},"121":{"start":{"line":395,"column":2},"end":{"line":403,"column":3}},"122":{"start":{"line":396,"column":4},"end":{"line":402,"column":6}},"123":{"start":{"line":405,"column":2},"end":{"line":801,"column":4}},"124":{"start":{"line":418,"column":25},"end":{"line":418,"column":51}},"125":{"start":{"line":512,"column":22},"end":{"line":512,"column":null}},"126":{"start":{"line":519,"column":44},"end":{"line":519,"column":48}},"127":{"start":{"line":559,"column":34},"end":{"line":559,"column":56}},"128":{"start":{"line":560,"column":34},"end":{"line":563,"column":37}},"129":{"start":{"line":564,"column":34},"end":{"line":564,"column":59}},"130":{"start":{"line":573,"column":51},"end":{"line":573,"column":95}},"131":{"start":{"line":581,"column":51},"end":{"line":581,"column":81}},"132":{"start":{"line":602,"column":32},"end":{"line":602,"column":78}},"133":{"start":{"line":602,"column":52},"end":{"line":602,"column":70}},"134":{"start":{"line":603,"column":14},"end":{"line":638,"column":16}},"135":{"start":{"line":629,"column":28},"end":{"line":629,"column":46}},"136":{"start":{"line":652,"column":18},"end":{"line":652,"column":41}},"137":{"start":{"line":668,"column":45},"end":{"line":668,"column":79}},"138":{"start":{"line":683,"column":10},"end":{"line":683,"column":38}},"139":{"start":{"line":684,"column":10},"end":{"line":684,"column":29}},"140":{"start":{"line":701,"column":38},"end":{"line":701,"column":68}},"141":{"start":{"line":711,"column":18},"end":{"line":711,"column":45}},"142":{"start":{"line":719,"column":18},"end":{"line":719,"column":46}},"143":{"start":{"line":720,"column":18},"end":{"line":720,"column":37}},"144":{"start":{"line":737,"column":10},"end":{"line":737,"column":36}},"145":{"start":{"line":738,"column":10},"end":{"line":738,"column":32}},"146":{"start":{"line":751,"column":32},"end":{"line":751,"column":36}},"147":{"start":{"line":768,"column":40},"end":{"line":768,"column":70}},"148":{"start":{"line":778,"column":20},"end":{"line":778,"column":47}},"149":{"start":{"line":786,"column":20},"end":{"line":786,"column":46}},"150":{"start":{"line":787,"column":20},"end":{"line":787,"column":42}},"151":{"start":{"line":804,"column":0},"end":{"line":804,"column":30}}},"fnMap":{"0":{"name":"getCurrentUserId","decl":{"start":{"line":95,"column":9},"end":{"line":95,"column":25}},"loc":{"start":{"line":95,"column":25},"end":{"line":103,"column":1}}},"1":{"name":"(anonymous_10)","decl":{"start":{"line":116,"column":33},"end":{"line":116,"column":36}},"loc":{"start":{"line":116,"column":38},"end":{"line":802,"column":1}}},"2":{"name":"(anonymous_11)","decl":{"start":{"line":127,"column":13},"end":{"line":127,"column":18}},"loc":{"start":{"line":127,"column":24},"end":{"line":133,"column":5}}},"3":{"name":"(anonymous_12)","decl":{"start":{"line":140,"column":13},"end":{"line":140,"column":16}},"loc":{"start":{"line":140,"column":19},"end":{"line":140,"column":50}}},"4":{"name":"(anonymous_13)","decl":{"start":{"line":145,"column":16},"end":{"line":145,"column":21}},"loc":{"start":{"line":145,"column":97},"end":{"line":169,"column":5}}},"5":{"name":"(anonymous_14)","decl":{"start":{"line":170,"column":15},"end":{"line":170,"column":18}},"loc":{"start":{"line":170,"column":20},"end":{"line":179,"column":5}}},"6":{"name":"(anonymous_15)","decl":{"start":{"line":180,"column":13},"end":{"line":180,"column":14}},"loc":{"start":{"line":180,"column":23},"end":{"line":188,"column":5}}},"7":{"name":"(anonymous_16)","decl":{"start":{"line":193,"column":16},"end":{"line":193,"column":21}},"loc":{"start":{"line":193,"column":98},"end":{"line":244,"column":5}}},"8":{"name":"(anonymous_17)","decl":{"start":{"line":215,"column":30},"end":{"line":215,"column":31}},"loc":{"start":{"line":215,"column":37},"end":{"line":215,"column":59}}},"9":{"name":"(anonymous_18)","decl":{"start":{"line":219,"column":65},"end":{"line":219,"column":66}},"loc":{"start":{"line":219,"column":81},"end":{"line":219,"column":118}}},"10":{"name":"(anonymous_19)","decl":{"start":{"line":223,"column":8},"end":{"line":223,"column":9}},"loc":{"start":{"line":223,"column":24},"end":{"line":223,"column":70}}},"11":{"name":"(anonymous_20)","decl":{"start":{"line":235,"column":8},"end":{"line":235,"column":9}},"loc":{"start":{"line":235,"column":24},"end":{"line":235,"column":70}}},"12":{"name":"(anonymous_21)","decl":{"start":{"line":245,"column":15},"end":{"line":245,"column":18}},"loc":{"start":{"line":245,"column":20},"end":{"line":254,"column":5}}},"13":{"name":"(anonymous_22)","decl":{"start":{"line":255,"column":13},"end":{"line":255,"column":14}},"loc":{"start":{"line":255,"column":23},"end":{"line":263,"column":5}}},"14":{"name":"(anonymous_23)","decl":{"start":{"line":268,"column":16},"end":{"line":268,"column":21}},"loc":{"start":{"line":268,"column":76},"end":{"line":280,"column":5}}},"15":{"name":"(anonymous_24)","decl":{"start":{"line":281,"column":15},"end":{"line":281,"column":18}},"loc":{"start":{"line":281,"column":20},"end":{"line":288,"column":5}}},"16":{"name":"(anonymous_25)","decl":{"start":{"line":289,"column":13},"end":{"line":289,"column":14}},"loc":{"start":{"line":289,"column":23},"end":{"line":295,"column":5}}},"17":{"name":"(anonymous_26)","decl":{"start":{"line":300,"column":16},"end":{"line":300,"column":21}},"loc":{"start":{"line":300,"column":41},"end":{"line":307,"column":5}}},"18":{"name":"(anonymous_27)","decl":{"start":{"line":308,"column":15},"end":{"line":308,"column":18}},"loc":{"start":{"line":308,"column":20},"end":{"line":315,"column":5}}},"19":{"name":"(anonymous_28)","decl":{"start":{"line":316,"column":13},"end":{"line":316,"column":14}},"loc":{"start":{"line":316,"column":23},"end":{"line":322,"column":5}}},"20":{"name":"(anonymous_29)","decl":{"start":{"line":332,"column":13},"end":{"line":332,"column":14}},"loc":{"start":{"line":332,"column":25},"end":{"line":332,"column":73}}},"21":{"name":"(anonymous_30)","decl":{"start":{"line":343,"column":27},"end":{"line":343,"column":28}},"loc":{"start":{"line":343,"column":64},"end":{"line":345,"column":3}}},"22":{"name":"(anonymous_31)","decl":{"start":{"line":347,"column":25},"end":{"line":347,"column":26}},"loc":{"start":{"line":347,"column":60},"end":{"line":355,"column":3}}},"23":{"name":"(anonymous_32)","decl":{"start":{"line":357,"column":28},"end":{"line":357,"column":29}},"loc":{"start":{"line":357,"column":70},"end":{"line":359,"column":3}}},"24":{"name":"(anonymous_33)","decl":{"start":{"line":361,"column":27},"end":{"line":361,"column":28}},"loc":{"start":{"line":361,"column":46},"end":{"line":365,"column":3}}},"25":{"name":"(anonymous_34)","decl":{"start":{"line":368,"column":26},"end":{"line":368,"column":27}},"loc":{"start":{"line":368,"column":63},"end":{"line":379,"column":3}}},"26":{"name":"(anonymous_35)","decl":{"start":{"line":390,"column":35},"end":{"line":390,"column":36}},"loc":{"start":{"line":390,"column":42},"end":{"line":390,"column":63}}},"27":{"name":"(anonymous_36)","decl":{"start":{"line":391,"column":36},"end":{"line":391,"column":37}},"loc":{"start":{"line":391,"column":43},"end":{"line":391,"column":65}}},"28":{"name":"(anonymous_37)","decl":{"start":{"line":418,"column":19},"end":{"line":418,"column":22}},"loc":{"start":{"line":418,"column":25},"end":{"line":418,"column":51}}},"29":{"name":"(anonymous_38)","decl":{"start":{"line":511,"column":31},"end":{"line":511,"column":32}},"loc":{"start":{"line":512,"column":22},"end":{"line":512,"column":null}}},"30":{"name":"(anonymous_39)","decl":{"start":{"line":519,"column":37},"end":{"line":519,"column":38}},"loc":{"start":{"line":519,"column":44},"end":{"line":519,"column":48}}},"31":{"name":"(anonymous_40)","decl":{"start":{"line":558,"column":41},"end":{"line":558,"column":44}},"loc":{"start":{"line":558,"column":46},"end":{"line":565,"column":33}}},"32":{"name":"(anonymous_41)","decl":{"start":{"line":573,"column":45},"end":{"line":573,"column":48}},"loc":{"start":{"line":573,"column":51},"end":{"line":573,"column":95}}},"33":{"name":"(anonymous_42)","decl":{"start":{"line":581,"column":45},"end":{"line":581,"column":48}},"loc":{"start":{"line":581,"column":51},"end":{"line":581,"column":81}}},"34":{"name":"(anonymous_43)","decl":{"start":{"line":601,"column":23},"end":{"line":601,"column":24}},"loc":{"start":{"line":601,"column":32},"end":{"line":639,"column":13}}},"35":{"name":"(anonymous_44)","decl":{"start":{"line":602,"column":45},"end":{"line":602,"column":46}},"loc":{"start":{"line":602,"column":52},"end":{"line":602,"column":70}}},"36":{"name":"(anonymous_45)","decl":{"start":{"line":628,"column":48},"end":{"line":628,"column":49}},"loc":{"start":{"line":629,"column":28},"end":{"line":629,"column":46}}},"37":{"name":"(anonymous_46)","decl":{"start":{"line":651,"column":36},"end":{"line":651,"column":37}},"loc":{"start":{"line":652,"column":18},"end":{"line":652,"column":41}}},"38":{"name":"(anonymous_47)","decl":{"start":{"line":668,"column":38},"end":{"line":668,"column":39}},"loc":{"start":{"line":668,"column":45},"end":{"line":668,"column":79}}},"39":{"name":"(anonymous_48)","decl":{"start":{"line":682,"column":17},"end":{"line":682,"column":20}},"loc":{"start":{"line":682,"column":22},"end":{"line":685,"column":9}}},"40":{"name":"(anonymous_49)","decl":{"start":{"line":701,"column":30},"end":{"line":701,"column":31}},"loc":{"start":{"line":701,"column":38},"end":{"line":701,"column":68}}},"41":{"name":"(anonymous_50)","decl":{"start":{"line":710,"column":36},"end":{"line":710,"column":37}},"loc":{"start":{"line":711,"column":18},"end":{"line":711,"column":45}}},"42":{"name":"(anonymous_51)","decl":{"start":{"line":718,"column":25},"end":{"line":718,"column":28}},"loc":{"start":{"line":718,"column":30},"end":{"line":721,"column":17}}},"43":{"name":"(anonymous_52)","decl":{"start":{"line":736,"column":17},"end":{"line":736,"column":20}},"loc":{"start":{"line":736,"column":22},"end":{"line":739,"column":9}}},"44":{"name":"(anonymous_53)","decl":{"start":{"line":751,"column":25},"end":{"line":751,"column":26}},"loc":{"start":{"line":751,"column":32},"end":{"line":751,"column":36}}},"45":{"name":"(anonymous_54)","decl":{"start":{"line":768,"column":32},"end":{"line":768,"column":33}},"loc":{"start":{"line":768,"column":40},"end":{"line":768,"column":70}}},"46":{"name":"(anonymous_55)","decl":{"start":{"line":777,"column":38},"end":{"line":777,"column":39}},"loc":{"start":{"line":778,"column":20},"end":{"line":778,"column":47}}},"47":{"name":"(anonymous_56)","decl":{"start":{"line":785,"column":27},"end":{"line":785,"column":30}},"loc":{"start":{"line":785,"column":32},"end":{"line":788,"column":19}}}},"branchMap":{"0":{"loc":{"start":{"line":125,"column":16},"end":{"line":125,"column":26}},"type":"default-arg","locations":[{"start":{"line":125,"column":24},"end":{"line":125,"column":26}}]},"1":{"loc":{"start":{"line":129,"column":6},"end":{"line":131,"column":7}},"type":"if","locations":[{"start":{"line":129,"column":6},"end":{"line":131,"column":7}},{"start":{},"end":{}}]},"2":{"loc":{"start":{"line":138,"column":16},"end":{"line":138,"column":26}},"type":"default-arg","locations":[{"start":{"line":138,"column":24},"end":{"line":138,"column":26}}]},"3":{"loc":{"start":{"line":146,"column":6},"end":{"line":146,"column":61}},"type":"if","locations":[{"start":{"line":146,"column":6},"end":{"line":146,"column":61}},{"start":{},"end":{}}]},"4":{"loc":{"start":{"line":149,"column":6},"end":{"line":151,"column":7}},"type":"if","locations":[{"start":{"line":149,"column":6},"end":{"line":151,"column":7}},{"start":{},"end":{}}]},"5":{"loc":{"start":{"line":162,"column":6},"end":{"line":166,"column":7}},"type":"if","locations":[{"start":{"line":162,"column":6},"end":{"line":166,"column":7}},{"start":{},"end":{}}]},"6":{"loc":{"start":{"line":194,"column":6},"end":{"line":194,"column":61}},"type":"if","locations":[{"start":{"line":194,"column":6},"end":{"line":194,"column":61}},{"start":{},"end":{}}]},"7":{"loc":{"start":{"line":197,"column":6},"end":{"line":199,"column":7}},"type":"if","locations":[{"start":{"line":197,"column":6},"end":{"line":199,"column":7}},{"start":{},"end":{}}]},"8":{"loc":{"start":{"line":202,"column":6},"end":{"line":204,"column":7}},"type":"if","locations":[{"start":{"line":202,"column":6},"end":{"line":204,"column":7}},{"start":{},"end":{}}]},"9":{"loc":{"start":{"line":216,"column":30},"end":{"line":216,"column":53}},"type":"binary-expr","locations":[{"start":{"line":216,"column":30},"end":{"line":216,"column":47}},{"start":{"line":216,"column":51},"end":{"line":216,"column":53}}]},"10":{"loc":{"start":{"line":217,"column":33},"end":{"line":217,"column":64}},"type":"binary-expr","locations":[{"start":{"line":217,"column":33},"end":{"line":217,"column":58}},{"start":{"line":217,"column":62},"end":{"line":217,"column":64}}]},"11":{"loc":{"start":{"line":269,"column":6},"end":{"line":269,"column":61}},"type":"if","locations":[{"start":{"line":269,"column":6},"end":{"line":269,"column":61}},{"start":{},"end":{}}]},"12":{"loc":{"start":{"line":271,"column":13},"end":{"line":279,"column":12}},"type":"cond-expr","locations":[{"start":{"line":272,"column":10},"end":{"line":275,"column":12}},{"start":{"line":276,"column":10},"end":{"line":279,"column":12}}]},"13":{"loc":{"start":{"line":301,"column":6},"end":{"line":301,"column":61}},"type":"if","locations":[{"start":{"line":301,"column":6},"end":{"line":301,"column":61}},{"start":{},"end":{}}]},"14":{"loc":{"start":{"line":332,"column":25},"end":{"line":332,"column":73}},"type":"cond-expr","locations":[{"start":{"line":332,"column":51},"end":{"line":332,"column":55}},{"start":{"line":332,"column":58},"end":{"line":332,"column":73}}]},"15":{"loc":{"start":{"line":348,"column":4},"end":{"line":348,"column":30}},"type":"if","locations":[{"start":{"line":348,"column":4},"end":{"line":348,"column":30}},{"start":{},"end":{}}]},"16":{"loc":{"start":{"line":362,"column":4},"end":{"line":364,"column":5}},"type":"if","locations":[{"start":{"line":362,"column":4},"end":{"line":364,"column":5}},{"start":{},"end":{}}]},"17":{"loc":{"start":{"line":369,"column":4},"end":{"line":369,"column":54}},"type":"if","locations":[{"start":{"line":369,"column":4},"end":{"line":369,"column":54}},{"start":{},"end":{}}]},"18":{"loc":{"start":{"line":369,"column":8},"end":{"line":369,"column":37}},"type":"binary-expr","locations":[{"start":{"line":369,"column":8},"end":{"line":369,"column":18}},{"start":{"line":369,"column":22},"end":{"line":369,"column":37}}]},"19":{"loc":{"start":{"line":375,"column":4},"end":{"line":375,"column":39}},"type":"if","locations":[{"start":{"line":375,"column":4},"end":{"line":375,"column":39}},{"start":{},"end":{}}]},"20":{"loc":{"start":{"line":376,"column":4},"end":{"line":376,"column":47}},"type":"if","locations":[{"start":{"line":376,"column":4},"end":{"line":376,"column":47}},{"start":{},"end":{}}]},"21":{"loc":{"start":{"line":377,"column":4},"end":{"line":377,"column":43}},"type":"if","locations":[{"start":{"line":377,"column":4},"end":{"line":377,"column":43}},{"start":{},"end":{}}]},"22":{"loc":{"start":{"line":393,"column":20},"end":{"line":393,"column":48}},"type":"binary-expr","locations":[{"start":{"line":393,"column":20},"end":{"line":393,"column":32}},{"start":{"line":393,"column":36},"end":{"line":393,"column":48}}]},"23":{"loc":{"start":{"line":395,"column":2},"end":{"line":403,"column":3}},"type":"if","locations":[{"start":{"line":395,"column":2},"end":{"line":403,"column":3}},{"start":{},"end":{}}]},"24":{"loc":{"start":{"line":413,"column":28},"end":{"line":413,"column":65}},"type":"cond-expr","locations":[{"start":{"line":413,"column":49},"end":{"line":413,"column":55}},{"start":{"line":413,"column":58},"end":{"line":413,"column":65}}]},"25":{"loc":{"start":{"line":492,"column":13},"end":{"line":594,"column":null}},"type":"cond-expr","locations":[{"start":{"line":493,"column":14},"end":{"line":496,"column":null}},{"start":{"line":499,"column":14},"end":{"line":593,"column":null}}]},"26":{"loc":{"start":{"line":534,"column":40},"end":{"line":534,"column":71}},"type":"binary-expr","locations":[{"start":{"line":534,"column":40},"end":{"line":534,"column":61}},{"start":{"line":534,"column":65},"end":{"line":534,"column":71}}]},"27":{"loc":{"start":{"line":569,"column":31},"end":{"line":585,"column":null}},"type":"binary-expr","locations":[{"start":{"line":569,"column":31},"end":{"line":569,"column":52}},{"start":{"line":570,"column":32},"end":{"line":584,"column":null}}]},"28":{"loc":{"start":{"line":575,"column":37},"end":{"line":575,"column":89}},"type":"cond-expr","locations":[{"start":{"line":575,"column":67},"end":{"line":575,"column":77}},{"start":{"line":575,"column":80},"end":{"line":575,"column":89}}]},"29":{"loc":{"start":{"line":607,"column":59},"end":{"line":607,"column":88}},"type":"binary-expr","locations":[{"start":{"line":607,"column":59},"end":{"line":607,"column":78}},{"start":{"line":607,"column":82},"end":{"line":607,"column":88}}]},"30":{"loc":{"start":{"line":616,"column":41},"end":{"line":616,"column":75}},"type":"cond-expr","locations":[{"start":{"line":616,"column":59},"end":{"line":616,"column":65}},{"start":{"line":616,"column":68},"end":{"line":616,"column":75}}]},"31":{"loc":{"start":{"line":618,"column":27},"end":{"line":621,"column":null}},"type":"binary-expr","locations":[{"start":{"line":618,"column":27},"end":{"line":618,"column":41}},{"start":{"line":619,"column":28},"end":{"line":619,"column":null}}]},"32":{"loc":{"start":{"line":659,"column":27},"end":{"line":659,"column":76}},"type":"binary-expr","locations":[{"start":{"line":659,"column":27},"end":{"line":659,"column":48}},{"start":{"line":659,"column":52},"end":{"line":659,"column":76}}]},"33":{"loc":{"start":{"line":660,"column":27},"end":{"line":660,"column":76}},"type":"binary-expr","locations":[{"start":{"line":660,"column":27},"end":{"line":660,"column":49}},{"start":{"line":660,"column":53},"end":{"line":660,"column":76}}]},"34":{"loc":{"start":{"line":661,"column":27},"end":{"line":661,"column":80}},"type":"binary-expr","locations":[{"start":{"line":661,"column":27},"end":{"line":661,"column":50}},{"start":{"line":661,"column":54},"end":{"line":661,"column":80}}]},"35":{"loc":{"start":{"line":662,"column":27},"end":{"line":662,"column":76}},"type":"binary-expr","locations":[{"start":{"line":662,"column":27},"end":{"line":662,"column":49}},{"start":{"line":662,"column":53},"end":{"line":662,"column":76}}]},"36":{"loc":{"start":{"line":663,"column":27},"end":{"line":663,"column":85}},"type":"binary-expr","locations":[{"start":{"line":663,"column":27},"end":{"line":663,"column":56}},{"start":{"line":663,"column":60},"end":{"line":663,"column":85}}]},"37":{"loc":{"start":{"line":664,"column":27},"end":{"line":664,"column":95}},"type":"binary-expr","locations":[{"start":{"line":664,"column":27},"end":{"line":664,"column":58}},{"start":{"line":664,"column":62},"end":{"line":664,"column":95}}]},"38":{"loc":{"start":{"line":743,"column":9},"end":{"line":797,"column":null}},"type":"binary-expr","locations":[{"start":{"line":743,"column":9},"end":{"line":743,"column":21}},{"start":{"line":744,"column":10},"end":{"line":796,"column":null}}]}},"s":{"0":2,"1":2,"2":2,"3":2,"4":2,"5":2,"6":2,"7":2,"8":2,"9":2,"10":2,"11":2,"12":2,"13":6,"14":6,"15":0,"16":0,"17":2,"18":73,"19":73,"20":73,"21":73,"22":73,"23":73,"24":25,"25":0,"26":25,"27":73,"28":19,"29":73,"30":3,"31":0,"32":3,"33":3,"34":0,"35":3,"36":3,"37":3,"38":3,"39":3,"40":3,"41":3,"42":0,"43":0,"44":73,"45":3,"46":0,"47":3,"48":3,"49":0,"50":3,"51":0,"52":3,"53":3,"54":3,"55":3,"56":3,"57":3,"58":12,"59":3,"60":3,"61":3,"62":2,"63":3,"64":6,"65":3,"66":5,"67":3,"68":3,"69":3,"70":3,"71":0,"72":0,"73":73,"74":0,"75":0,"76":0,"77":0,"78":0,"79":0,"80":73,"81":0,"82":0,"83":0,"84":0,"85":0,"86":0,"87":73,"88":4,"89":73,"90":73,"91":3,"92":73,"93":3,"94":0,"95":3,"96":73,"97":0,"98":73,"99":0,"100":0,"101":73,"102":44,"103":0,"104":44,"105":44,"106":44,"107":44,"108":44,"109":44,"110":0,"111":0,"112":0,"113":0,"114":0,"115":73,"116":73,"117":44,"118":73,"119":44,"120":73,"121":73,"122":0,"123":73,"124":5,"125":44,"126":44,"127":5,"128":5,"129":5,"130":0,"131":0,"132":72,"133":80,"134":72,"135":117,"136":438,"137":432,"138":0,"139":0,"140":72,"141":438,"142":0,"143":0,"144":0,"145":0,"146":18,"147":18,"148":108,"149":2,"150":2,"151":2},"f":{"0":6,"1":73,"2":25,"3":19,"4":3,"5":3,"6":0,"7":3,"8":3,"9":12,"10":3,"11":6,"12":3,"13":0,"14":0,"15":0,"16":0,"17":0,"18":0,"19":0,"20":4,"21":3,"22":3,"23":0,"24":0,"25":44,"26":44,"27":44,"28":5,"29":44,"30":44,"31":5,"32":0,"33":0,"34":72,"35":80,"36":117,"37":438,"38":432,"39":0,"40":72,"41":438,"42":0,"43":0,"44":18,"45":18,"46":108,"47":2},"b":{"0":[24],"1":[0,25],"2":[24],"3":[0,3],"4":[0,3],"5":[0,3],"6":[0,3],"7":[0,3],"8":[0,3],"9":[3,0],"10":[3,0],"11":[0,0],"12":[0,0],"13":[0,0],"14":[3,1],"15":[0,3],"16":[0,0],"17":[0,44],"18":[44,44],"19":[44,0],"20":[0,0],"21":[0,0],"22":[73,49],"23":[0,73],"24":[22,51],"25":[40,33],"26":[44,0],"27":[44,38],"28":[0,38],"29":[72,0],"30":[34,38],"31":[72,0],"32":[438,73],"33":[438,73],"34":[438,73],"35":[438,73],"36":[438,73],"37":[438,73],"38":[73,18]}}
,"C:\\Users\\Acer\\Desktop\\Noteece\\apps\\desktop\\src\\components\\activity.tsx": {"path":"C:\\Users\\Acer\\Desktop\\Noteece\\apps\\desktop\\src\\components\\activity.tsx","statementMap":{"0":{"start":{"line":1,"column":0},"end":{"line":1,"column":78}},"1":{"start":{"line":2,"column":0},"end":{"line":2,"column":70}},"2":{"start":{"line":3,"column":0},"end":{"line":3,"column":51}},"3":{"start":{"line":4,"column":0},"end":{"line":4,"column":44}},"4":{"start":{"line":5,"column":0},"end":{"line":5,"column":49}},"5":{"start":{"line":6,"column":0},"end":{"line":6,"column":36}},"6":{"start":{"line":8,"column":0},"end":{"line":8,"column":53}},"7":{"start":{"line":9,"column":0},"end":{"line":9,"column":40}},"8":{"start":{"line":16,"column":54},"end":{"line":71,"column":1}},"9":{"start":{"line":17,"column":16},"end":{"line":17,"column":33}},"10":{"start":{"line":18,"column":28},"end":{"line":18,"column":48}},"11":{"start":{"line":19,"column":28},"end":{"line":19,"column":38}},"12":{"start":{"line":21,"column":2},"end":{"line":33,"column":22}},"13":{"start":{"line":22,"column":23},"end":{"line":31,"column":5}},"14":{"start":{"line":23,"column":6},"end":{"line":30,"column":7}},"15":{"start":{"line":24,"column":8},"end":{"line":29,"column":9}},"16":{"start":{"line":25,"column":30},"end":{"line":25,"column":68}},"17":{"start":{"line":26,"column":10},"end":{"line":26,"column":32}},"18":{"start":{"line":28,"column":10},"end":{"line":28,"column":71}},"19":{"start":{"line":32,"column":4},"end":{"line":32,"column":22}},"20":{"start":{"line":35,"column":2},"end":{"line":70,"column":4}},"21":{"start":{"line":57,"column":10},"end":{"line":58,"column":null}},"22":{"start":{"line":16,"column":13},"end":{"line":16,"column":54}}},"fnMap":{"0":{"name":"(anonymous_10)","decl":{"start":{"line":16,"column":54},"end":{"line":16,"column":55}},"loc":{"start":{"line":16,"column":68},"end":{"line":71,"column":1}}},"1":{"name":"(anonymous_11)","decl":{"start":{"line":21,"column":12},"end":{"line":21,"column":15}},"loc":{"start":{"line":21,"column":17},"end":{"line":33,"column":3}}},"2":{"name":"(anonymous_12)","decl":{"start":{"line":22,"column":23},"end":{"line":22,"column":28}},"loc":{"start":{"line":22,"column":34},"end":{"line":31,"column":5}}},"3":{"name":"(anonymous_13)","decl":{"start":{"line":56,"column":19},"end":{"line":56,"column":20}},"loc":{"start":{"line":57,"column":10},"end":{"line":58,"column":null}}}},"branchMap":{"0":{"loc":{"start":{"line":23,"column":6},"end":{"line":30,"column":7}},"type":"if","locations":[{"start":{"line":23,"column":6},"end":{"line":30,"column":7}},{"start":{},"end":{}}]}},"s":{"0":1,"1":1,"2":1,"3":1,"4":1,"5":1,"6":1,"7":1,"8":1,"9":8,"10":8,"11":8,"12":8,"13":4,"14":4,"15":4,"16":4,"17":4,"18":0,"19":4,"20":8,"21":0,"22":1},"f":{"0":8,"1":4,"2":4,"3":0},"b":{"0":[4,0]}}
,"C:\\Users\\Acer\\Desktop\\Noteece\\apps\\desktop\\src\\components\\bar-chart.tsx": {"path":"C:\\Users\\Acer\\Desktop\\Noteece\\apps\\desktop\\src\\components\\bar-chart.tsx","statementMap":{"0":{"start":{"line":1,"column":0},"end":{"line":1,"column":62}},"1":{"start":{"line":2,"column":0},"end":{"line":2,"column":26}},"2":{"start":{"line":4,"column":0},"end":{"line":4,"column":47}},"3":{"start":{"line":10,"column":54},"end":{"line":45,"column":1}},"4":{"start":{"line":11,"column":20},"end":{"line":21,"column":6}},"5":{"start":{"line":12,"column":25},"end":{"line":12,"column":41}},"6":{"start":{"line":14,"column":19},"end":{"line":14,"column":54}},"7":{"start":{"line":15,"column":6},"end":{"line":20,"column":8}},"8":{"start":{"line":23,"column":2},"end":{"line":44,"column":4}},"9":{"start":{"line":10,"column":13},"end":{"line":10,"column":54}}},"fnMap":{"0":{"name":"(anonymous_1)","decl":{"start":{"line":10,"column":54},"end":{"line":10,"column":55}},"loc":{"start":{"line":10,"column":67},"end":{"line":45,"column":1}}},"1":{"name":"(anonymous_2)","decl":{"start":{"line":12,"column":12},"end":{"line":12,"column":13}},"loc":{"start":{"line":12,"column":25},"end":{"line":12,"column":41}}},"2":{"name":"(anonymous_3)","decl":{"start":{"line":13,"column":9},"end":{"line":13,"column":10}},"loc":{"start":{"line":13,"column":21},"end":{"line":21,"column":5}}}},"branchMap":{"0":{"loc":{"start":{"line":16,"column":15},"end":{"line":16,"column":83}},"type":"cond-expr","locations":[{"start":{"line":16,"column":22},"end":{"line":16,"column":71}},{"start":{"line":16,"column":74},"end":{"line":16,"column":83}}]},"1":{"loc":{"start":{"line":17,"column":19},"end":{"line":17,"column":52}},"type":"cond-expr","locations":[{"start":{"line":17,"column":47},"end":{"line":17,"column":48}},{"start":{"line":17,"column":51},"end":{"line":17,"column":52}}]},"2":{"loc":{"start":{"line":18,"column":23},"end":{"line":18,"column":58}},"type":"cond-expr","locations":[{"start":{"line":18,"column":53},"end":{"line":18,"column":54}},{"start":{"line":18,"column":57},"end":{"line":18,"column":58}}]},"3":{"loc":{"start":{"line":19,"column":18},"end":{"line":19,"column":55}},"type":"cond-expr","locations":[{"start":{"line":19,"column":50},"end":{"line":19,"column":51}},{"start":{"line":19,"column":54},"end":{"line":19,"column":55}}]}},"s":{"0":1,"1":1,"2":1,"3":1,"4":4,"5":8,"6":0,"7":0,"8":4,"9":1},"f":{"0":4,"1":8,"2":0},"b":{"0":[0,0],"1":[0,0],"2":[0,0],"3":[0,0]}}
,"C:\\Users\\Acer\\Desktop\\Noteece\\apps\\desktop\\src\\components\\stats-card.tsx": {"path":"C:\\Users\\Acer\\Desktop\\Noteece\\apps\\desktop\\src\\components\\stats-card.tsx","statementMap":{"0":{"start":{"line":1,"column":0},"end":{"line":1,"column":51}},"1":{"start":{"line":2,"column":0},"end":{"line":2,"column":26}},"2":{"start":{"line":3,"column":0},"end":{"line":3,"column":46}},"3":{"start":{"line":13,"column":56},"end":{"line":45,"column":1}},"4":{"start":{"line":14,"column":2},"end":{"line":44,"column":4}},"5":{"start":{"line":13,"column":13},"end":{"line":13,"column":56}}},"fnMap":{"0":{"name":"(anonymous_1)","decl":{"start":{"line":13,"column":56},"end":{"line":13,"column":57}},"loc":{"start":{"line":13,"column":107},"end":{"line":45,"column":1}}}},"branchMap":{},"s":{"0":1,"1":1,"2":1,"3":1,"4":16,"5":1},"f":{"0":16},"b":{}}
,"C:\\Users\\Acer\\Desktop\\Noteece\\apps\\desktop\\src\\components\\upcoming.tsx": {"path":"C:\\Users\\Acer\\Desktop\\Noteece\\apps\\desktop\\src\\components\\upcoming.tsx","statementMap":{"0":{"start":{"line":1,"column":0},"end":{"line":1,"column":85}},"1":{"start":{"line":2,"column":0},"end":{"line":2,"column":70}},"2":{"start":{"line":3,"column":0},"end":{"line":3,"column":51}},"3":{"start":{"line":4,"column":0},"end":{"line":4,"column":44}},"4":{"start":{"line":5,"column":0},"end":{"line":5,"column":51}},"5":{"start":{"line":6,"column":0},"end":{"line":6,"column":36}},"6":{"start":{"line":8,"column":0},"end":{"line":8,"column":67}},"7":{"start":{"line":9,"column":0},"end":{"line":9,"column":40}},"8":{"start":{"line":16,"column":54},"end":{"line":82,"column":1}},"9":{"start":{"line":17,"column":16},"end":{"line":17,"column":33}},"10":{"start":{"line":18,"column":28},"end":{"line":18,"column":48}},"11":{"start":{"line":19,"column":28},"end":{"line":19,"column":38}},"12":{"start":{"line":21,"column":2},"end":{"line":33,"column":22}},"13":{"start":{"line":22,"column":23},"end":{"line":31,"column":5}},"14":{"start":{"line":23,"column":6},"end":{"line":30,"column":7}},"15":{"start":{"line":24,"column":8},"end":{"line":29,"column":9}},"16":{"start":{"line":25,"column":32},"end":{"line":25,"column":72}},"17":{"start":{"line":26,"column":10},"end":{"line":26,"column":34}},"18":{"start":{"line":28,"column":10},"end":{"line":28,"column":73}},"19":{"start":{"line":32,"column":4},"end":{"line":32,"column":22}},"20":{"start":{"line":35,"column":2},"end":{"line":81,"column":4}},"21":{"start":{"line":61,"column":10},"end":{"line":62,"column":null}},"22":{"start":{"line":16,"column":13},"end":{"line":16,"column":54}}},"fnMap":{"0":{"name":"(anonymous_10)","decl":{"start":{"line":16,"column":54},"end":{"line":16,"column":55}},"loc":{"start":{"line":16,"column":74},"end":{"line":82,"column":1}}},"1":{"name":"(anonymous_11)","decl":{"start":{"line":21,"column":12},"end":{"line":21,"column":15}},"loc":{"start":{"line":21,"column":17},"end":{"line":33,"column":3}}},"2":{"name":"(anonymous_12)","decl":{"start":{"line":22,"column":23},"end":{"line":22,"column":28}},"loc":{"start":{"line":22,"column":34},"end":{"line":31,"column":5}}},"3":{"name":"(anonymous_13)","decl":{"start":{"line":60,"column":19},"end":{"line":60,"column":20}},"loc":{"start":{"line":61,"column":10},"end":{"line":62,"column":null}}}},"branchMap":{"0":{"loc":{"start":{"line":23,"column":6},"end":{"line":30,"column":7}},"type":"if","locations":[{"start":{"line":23,"column":6},"end":{"line":30,"column":7}},{"start":{},"end":{}}]},"1":{"loc":{"start":{"line":67,"column":30},"end":{"line":67,"column":73}},"type":"cond-expr","locations":[{"start":{"line":67,"column":55},"end":{"line":67,"column":62}},{"start":{"line":67,"column":65},"end":{"line":67,"column":73}}]},"2":{"loc":{"start":{"line":74,"column":21},"end":{"line":74,"column":77}},"type":"cond-expr","locations":[{"start":{"line":74,"column":61},"end":{"line":74,"column":66}},{"start":{"line":74,"column":69},"end":{"line":74,"column":77}}]},"3":{"loc":{"start":{"line":74,"column":21},"end":{"line":74,"column":58}},"type":"binary-expr","locations":[{"start":{"line":74,"column":21},"end":{"line":74,"column":32}},{"start":{"line":74,"column":36},"end":{"line":74,"column":58}}]},"4":{"loc":{"start":{"line":75,"column":15},"end":{"line":75,"column":100}},"type":"cond-expr","locations":[{"start":{"line":75,"column":29},"end":{"line":75,"column":84}},{"start":{"line":75,"column":87},"end":{"line":75,"column":100}}]}},"s":{"0":1,"1":1,"2":1,"3":1,"4":1,"5":1,"6":1,"7":1,"8":1,"9":8,"10":8,"11":8,"12":8,"13":4,"14":4,"15":4,"16":4,"17":4,"18":0,"19":4,"20":8,"21":0,"22":1},"f":{"0":8,"1":4,"2":4,"3":0},"b":{"0":[4,0],"1":[0,0],"2":[0,0],"3":[0,0],"4":[0,0]}}
,"C:\\Users\\Acer\\Desktop\\Noteece\\apps\\desktop\\src\\components\\widgets\\AchievementBadgesWidget.tsx": {"path":"C:\\Users\\Acer\\Desktop\\Noteece\\apps\\desktop\\src\\components\\widgets\\AchievementBadgesWidget.tsx","statementMap":{"0":{"start":{"line":35,"column":0},"end":{"line":35,"column":16}},"1":{"start":{"line":1,"column":0},"end":{"line":1,"column":26}},"2":{"start":{"line":2,"column":0},"end":{"line":2,"column":106}},"3":{"start":{"line":3,"column":0},"end":{"line":3,"column":null}},"4":{"start":{"line":13,"column":0},"end":{"line":13,"column":60}},"5":{"start":{"line":14,"column":0},"end":{"line":14,"column":42}},"6":{"start":{"line":36,"column":51},"end":{"line":36,"column":70}},"7":{"start":{"line":37,"column":51},"end":{"line":37,"column":70}},"8":{"start":{"line":39,"column":2},"end":{"line":41,"column":3}},"9":{"start":{"line":40,"column":4},"end":{"line":40,"column":37}},"10":{"start":{"line":43,"column":22},"end":{"line":43,"column":70}},"11":{"start":{"line":43,"column":53},"end":{"line":43,"column":69}},"12":{"start":{"line":44,"column":25},"end":{"line":44,"column":79}},"13":{"start":{"line":44,"column":56},"end":{"line":44,"column":78}},"14":{"start":{"line":47,"column":21},"end":{"line":47,"column":39}},"15":{"start":{"line":48,"column":25},"end":{"line":48,"column":46}},"16":{"start":{"line":51,"column":21},"end":{"line":51,"column":46}},"17":{"start":{"line":52,"column":2},"end":{"line":57,"column":3}},"18":{"start":{"line":53,"column":4},"end":{"line":56,"column":5}},"19":{"start":{"line":54,"column":19},"end":{"line":54,"column":59}},"20":{"start":{"line":55,"column":6},"end":{"line":55,"column":60}},"21":{"start":{"line":59,"column":22},"end":{"line":59,"column":23}},"22":{"start":{"line":60,"column":16},"end":{"line":60,"column":26}},"23":{"start":{"line":61,"column":2},"end":{"line":70,"column":3}},"24":{"start":{"line":61,"column":19},"end":{"line":61,"column":20}},"25":{"start":{"line":62,"column":17},"end":{"line":62,"column":32}},"26":{"start":{"line":63,"column":4},"end":{"line":63,"column":41}},"27":{"start":{"line":64,"column":23},"end":{"line":64,"column":42}},"28":{"start":{"line":65,"column":4},"end":{"line":69,"column":5}},"29":{"start":{"line":66,"column":6},"end":{"line":66,"column":22}},"30":{"start":{"line":68,"column":6},"end":{"line":68,"column":12}},"31":{"start":{"line":72,"column":38},"end":{"line":153,"column":4}},"32":{"start":{"line":155,"column":24},"end":{"line":155,"column":69}},"33":{"start":{"line":155,"column":51},"end":{"line":155,"column":61}},"34":{"start":{"line":157,"column":2},"end":{"line":220,"column":4}},"35":{"start":{"line":175,"column":10},"end":{"line":175,"column":40}}},"fnMap":{"0":{"name":"AchievementBadgesWidget","decl":{"start":{"line":35,"column":16},"end":{"line":35,"column":39}},"loc":{"start":{"line":35,"column":39},"end":{"line":221,"column":1}}},"1":{"name":"(anonymous_2)","decl":{"start":{"line":43,"column":43},"end":{"line":43,"column":44}},"loc":{"start":{"line":43,"column":53},"end":{"line":43,"column":69}}},"2":{"name":"(anonymo
[...]
:13},"end":{"line":94,"column":25}},"59":{"start":{"line":126,"column":25},"end":{"line":133,"column":1}},"60":{"start":{"line":127,"column":2},"end":{"line":129,"column":3}},"61":{"start":{"line":128,"column":4},"end":{"line":128,"column":17}},"62":{"start":{"line":131,"column":14},"end":{"line":131,"column":31}},"63":{"start":{"line":132,"column":2},"end":{"line":132,"column":25}},"64":{"start":{"line":126,"column":13},"end":{"line":126,"column":25}},"65":{"start":{"line":139,"column":31},"end":{"line":143,"column":1}},"66":{"start":{"line":140,"column":16},"end":{"line":140,"column":26}},"67":{"start":{"line":141,"column":2},"end":{"line":141,"column":29}},"68":{"start":{"line":142,"column":2},"end":{"line":142,"column":44}},"69":{"start":{"line":139,"column":13},"end":{"line":139,"column":31}},"70":{"start":{"line":149,"column":29},"end":{"line":153,"column":1}},"71":{"start":{"line":150,"column":16},"end":{"line":150,"column":26}},"72":{"start":{"line":151,"column":2},"end":{"line":151,"column":34}},"73":{"start":{"line":152,"column":2},"end":{"line":152,"column":44}},"74":{"start":{"line":149,"column":13},"end":{"line":149,"column":29}}},"fnMap":{"0":{"name":"(anonymous_0)","decl":{"start":{"line":10,"column":31},"end":{"line":10,"column":null}},"loc":{"start":{"line":14,"column":12},"end":{"line":27,"column":1}}},"1":{"name":"(anonymous_1)","decl":{"start":{"line":35,"column":39},"end":{"line":35,"column":40}},"loc":{"start":{"line":35,"column":115},"end":{"line":47,"column":1}}},"2":{"name":"(anonymous_2)","decl":{"start":{"line":55,"column":34},"end":{"line":55,"column":35}},"loc":{"start":{"line":55,"column":110},"end":{"line":77,"column":1}}},"3":{"name":"(anonymous_3)","decl":{"start":{"line":84,"column":31},"end":{"line":84,"column":32}},"loc":{"start":{"line":84,"column":54},"end":{"line":86,"column":1}}},"4":{"name":"(anonymous_4)","decl":{"start":{"line":94,"column":25},"end":{"line":94,"column":26}},"loc":{"start":{"line":94,"column":84},"end":{"line":119,"column":1}}},"5":{"name":"(anonymous_5)","decl":{"start":{"line":126,"column":25},"end":{"line":126,"column":26}},"loc":{"start":{"line":126,"column":68},"end":{"line":133,"column":1}}},"6":{"name":"(anonymous_6)","decl":{"start":{"line":139,"column":31},"end":{"line":139,"column":42}},"loc":{"start":{"line":139,"column":44},"end":{"line":143,"column":1}}},"7":{"name":"(anonymous_7)","decl":{"start":{"line":149,"column":29},"end":{"line":149,"column":40}},"loc":{"start":{"line":149,"column":42},"end":{"line":153,"column":1}}}},"branchMap":{"0":{"loc":{"start":{"line":13,"column":2},"end":{"line":13,"column":34}},"type":"default-arg","locations":[{"start":{"line":13,"column":21},"end":{"line":13,"column":34}}]},"1":{"loc":{"start":{"line":15,"column":2},"end":{"line":17,"column":3}},"type":"if","locations":[{"start":{"line":15,"column":2},"end":{"line":17,"column":3}},{"start":{},"end":{}}]},"2":{"loc":{"start":{"line":15,"column":6},"end":{"line":15,"column":51}},"type":"binary-expr","locations":[{"start":{"line":15,"column":6},"end":{"line":15,"column":29}},{"start":{"line":15,"column":33},"end":{"line":15,"column":51}}]},"3":{"loc":{"start":{"line":35,"column":71},"end":{"line":35,"column":103}},"type":"default-arg","locations":[{"start":{"line":35,"column":90},"end":{"line":35,"column":103}}]},"4":{"loc":{"start":{"line":36,"column":2},"end":{"line":38,"column":3}},"type":"if","locations":[{"start":{"line":36,"column":2},"end":{"line":38,"column":3}},{"start":{},"end":{}}]},"5":{"loc":{"start":{"line":36,"column":6},"end":{"line":36,"column":51}},"type":"binary-expr","locations":[{"start":{"line":36,"column":6},"end":{"line":36,"column":29}},{"start":{"line":36,"column":33},"end":{"line":36,"column":51}}]},"6":{"loc":{"start":{"line":55,"column":66},"end":{"line":55,"column":98}},"type":"default-arg","locations":[{"start":{"line":55,"column":85},"end":{"line":55,"column":98}}]},"7":{"loc":{"start":{"line":56,"column":2},"end":{"line":58,"column":3}},"type":"if","locations":[{"start":{"line":56,"column":2},"end":{"line":58,"column":3}},{"start":{},"end":{}}]},"8":{"loc":{"start":{"line":56,"column":6},"end":{"line":56,"column":51}},"type":"binary-expr","locations":[{"start":{"line":56,"column":6},"end":{"line":56,"column":29}},{"start":{"line":56,"column":33},"end":{"line":56,"column":51}}]},"9":{"loc":{"start":{"line":66,"column":4},"end":{"line":66,"column":39}},"type":"if","locations":[{"start":{"line":66,"column":4},"end":{"line":66,"column":39}},{"start":{},"end":{}}]},"10":{"loc":{"start":{"line":67,"column":4},"end":{"line":67,"column":42}},"type":"if","locations":[{"start":{"line":67,"column":4},"end":{"line":67,"column":42}},{"start":{},"end":{}}]},"11":{"loc":{"start":{"line":68,"column":4},"end":{"line":68,"column":44}},"type":"if","locations":[{"start":{"line":68,"column":4},"end":{"line":68,"column":44}},{"start":{},"end":{}}]},"12":{"loc":{"start":{"line":69,"column":4},"end":{"line":69,"column":51}},"type":"if","locations":[{"start":{"line":69,"column":4},"end":{"line":69,"column":51}},{"start":{},"end":{}}]},"13":{"loc":{"start":{"line":70,"column":4},"end":{"line":70,"column":63}},"type":"if","locations":[{"start":{"line":70,"column":4},"end":{"line":70,"column":63}},{"start":{},"end":{}}]},"14":{"loc":{"start":{"line":95,"column":2},"end":{"line":97,"column":3}},"type":"if","locations":[{"start":{"line":95,"column":2},"end":{"line":97,"column":3}},{"start":{},"end":{}}]},"15":{"loc":{"start":{"line":95,"column":6},"end":{"line":95,"column":43}},"type":"binary-expr","locations":[{"start":{"line":95,"column":6},"end":{"line":95,"column":25}},{"start":{"line":95,"column":29},"end":{"line":95,"column":43}}]},"16":{"loc":{"start":{"line":100,"column":4},"end":{"line":102,"column":5}},"type":"if","locations":[{"start":{"line":100,"column":4},"end":{"line":102,"column":5}},{"start":{},"end":{}}]},"17":{"loc":{"start":{"line":104,"column":4},"end":{"line":108,"column":5}},"type":"if","locations":[{"start":{"line":104,"column":4},"end":{"line":108,"column":5}},{"start":{},"end":{}}]},"18":{"loc":{"start":{"line":106,"column":24},"end":{"line":106,"column":69}},"type":"cond-expr","locations":[{"start":{"line":106,"column":49},"end":{"line":106,"column":61}},{"start":{"line":106,"column":64},"end":{"line":106,"column":69}}]},"19":{"loc":{"start":{"line":110,"column":4},"end":{"line":112,"column":5}},"type":"if","locations":[{"start":{"line":110,"column":4},"end":{"line":112,"column":5}},{"start":{},"end":{}}]},"20":{"loc":{"start":{"line":127,"column":2},"end":{"line":129,"column":3}},"type":"if","locations":[{"start":{"line":127,"column":2},"end":{"line":129,"column":3}},{"start":{},"end":{}}]},"21":{"loc":{"start":{"line":127,"column":6},"end":{"line":127,"column":51}},"type":"binary-expr","locations":[{"start":{"line":127,"column":6},"end":{"line":127,"column":29}},{"start":{"line":127,"column":33},"end":{"line":127,"column":51}}]}},"s":{"0":1,"1":1,"2":0,"3":0,"4":0,"5":0,"6":0,"7":0,"8":0,"9":1,"10":1,"11":0,"12":0,"13":0,"14":0,"15":0,"16":0,"17":0,"18":1,"19":1,"20":0,"21":0,"22":0,"23":0,"24":0,"25":0,"26":0,"27":0,"28":0,"29":0,"30":0,"31":0,"32":0,"33":0,"34":0,"35":0,"36":0,"37":0,"38":0,"39":0,"40":1,"41":1,"42":0,"43":1,"44":1,"45":0,"46":0,"47":0,"48":0,"49":0,"50":0,"51":0,"52":0,"53":0,"54":0,"55":0,"56":0,"57":0,"58":1,"59":1,"60":0,"61":0,"62":0,"63":0,"64":1,"65":1,"66":8,"67":8,"68":8,"69":1,"70":1,"71":8,"72":8,"73":8,"74":1},"f":{"0":0,"1":0,"2":0,"3":0,"4":0,"5":0,"6":8,"7":8},"b":{"0":[0],"1":[0,0],"2":[0,0],"3":[0],"4":[0,0],"5":[0,0],"6":[0],"7":[0,0],"8":[0,0],"9":[0,0],"10":[0,0],"11":[0,0],"12":[0,0],"13":[0,0],"14":[0,0],"15":[0,0],"16":[0,0],"17":[0,0],"18":[0,0],"19":[0,0],"20":[0,0],"21":[0,0]}}
,"C:\\Users\\Acer\\Desktop\\Noteece\\apps\\desktop\\src\\utils\\notifications.tsx": {"path":"C:\\Users\\Acer\\Desktop\\Noteece\\apps\\desktop\\src\\utils\\notifications.tsx","statementMap":{"0":{"start":{"line":2,"column":0},"end":{"line":2,"column":55}},"1":{"start":{"line":3,"column":0},"end":{"line":3,"column":90}},"2":{"start":{"line":4,"column":0},"end":{"line":4,"column":40}},"3":{"start":{"line":15,"column":27},"end":{"line":23,"column":1}},"4":{"start":{"line":16,"column":2},"end":{"line":22,"column":5}},"5":{"start":{"line":15,"column":13},"end":{"line":15,"column":27}},"6":{"start":{"line":28,"column":25},"end":{"line":36,"column":1}},"7":{"start":{"line":29,"column":2},"end":{"line":35,"column":5}},"8":{"start":{"line":28,"column":13},"end":{"line":28,"column":25}},"9":{"start":{"line":41,"column":27},"end":{"line":49,"column":1}},"10":{"start":{"line":42,"column":2},"end":{"line":48,"column":5}},"11":{"start":{"line":41,"column":13},"end":{"line":41,"column":27}},"12":{"start":{"line":54,"column":24},"end":{"line":62,"column":1}},"13":{"start":{"line":55,"column":2},"end":{"line":61,"column":5}},"14":{"start":{"line":54,"column":13},"end":{"line":54,"column":24}},"15":{"start":{"line":67,"column":27},"end":{"line":78,"column":1}},"16":{"start":{"line":68,"column":13},"end":{"line":68,"column":48}},"17":{"start":{"line":69,"column":2},"end":{"line":76,"column":5}},"18":{"start":{"line":77,"column":2},"end":{"line":77,"column":12}},"19":{"start":{"line":67,"column":13},"end":{"line":67,"column":27}},"20":{"start":{"line":83,"column":31},"end":{"line":94,"column":1}},"21":{"start":{"line":84,"column":2},"end":{"line":93,"column":5}},"22":{"start":{"line":83,"column":13},"end":{"line":83,"column":31}},"23":{"start":{"line":99,"column":29},"end":{"line":110,"column":1}},"24":{"start":{"line":100,"column":2},"end":{"line":109,"column":5}},"25":{"start":{"line":99,"column":13},"end":{"line":99,"column":29}},"26":{"start":{"line":115,"column":32},"end":{"line":132,"column":1}},"27":{"start":{"line":116,"column":2},"end":{"line":116,"column":55}},"28":{"start":{"line":118,"column":21},"end":{"line":118,"column":51}},"29":{"start":{"line":120,"column":2},"end":{"line":126,"column":3}},"30":{"start":{"line":121,"column":4},"end":{"line":121,"column":33}},"31":{"start":{"line":122,"column":9},"end":{"line":126,"column":3}},"32":{"start":{"line":123,"column":4},"end":{"line":123,"column":25}},"33":{"start":{"line":124,"column":9},"end":{"line":126,"column":3}},"34":{"start":{"line":125,"column":4},"end":{"line":125,"column":41}},"35":{"start":{"line":128,"column":2},"end":{"line":131,"column":5}},"36":{"start":{"line":115,"column":13},"end":{"line":115,"column":32}},"37":{"start":{"line":137,"column":33},"end":{"line":170,"column":1}},"38":{"start":{"line":146,"column":2},"end":{"line":169,"column":10}},"39":{"start":{"line":147,"column":22},"end":{"line":147,"column":107}},"40":{"start":{"line":149,"column":4},"end":{"line":168,"column":5}},"41":{"start":{"line":150,"column":21},"end":{"line":150,"column":51}},"42":{"start":{"line":152,"column":6},"end":{"line":156,"column":7}},"43":{"start":{"line":153,"column":8},"end":{"line":153,"column":72}},"44":{"start":{"line":154,"column":13},"end":{"line":156,"column":7}},"45":{"start":{"line":155,"column":8},"end":{"line":155,"column":57}},"46":{"start":{"line":158,"column":6},"end":{"line":158,"column":20}},"47":{"start":{"line":160,"column":6},"end":{"line":166,"column":7}},"48":{"start":{"line":161,"column":8},"end":{"line":163,"column":11}},"49":{"start":{"line":165,"column":8},"end":{"line":165,"column":49}},"50":{"start":{"line":167,"column":6},"end":{"line":167,"column":18}},"51":{"start":{"line":137,"column":13},"end":{"line":137,"column":33}}},"fnMap":{"0":{"name":"(anonymous_0)","decl":{"start":{"line":15,"column":27},"end":{"line":15,"column":28}},"loc":{"start":{"line":15,"column":60},"end":{"line":23,"column":1}}},"1":{"name":"(anonymous_1)","decl":{"start":{"line":28,"column":25},"end":{"line":28,"column":26}},"loc":{"start":{"line":28,"column":58},"end":{"line":36,"column":1}}},"2":{"name":"(anonymous_2)","decl":{"start":{"line":41,"column":27},"end":{"line":41,"column":28}},"loc":{"start":{"line":41,"column":60},"end":{"line":49,"column":1}}},"3":{"name":"(anonymous_3)","decl":{"start":{"line":54,"column":24},"end":{"line":54,"column":25}},"loc":{"start":{"line":54,"column":57},"end":{"line":62,"column":1}}},"4":{"name":"(anonymous_4)","decl":{"start":{"line":67,"column":27},"end":{"line":67,"column":28}},"loc":{"start":{"line":67,"column":68},"end":{"line":78,"column":1}}},"5":{"name":"(anonymous_5)","decl":{"start":{"line":83,"column":31},"end":{"line":83,"column":32}},"loc":{"start":{"line":83,"column":76},"end":{"line":94,"column":1}}},"6":{"name":"(anonymous_6)","decl":{"start":{"line":99,"column":29},"end":{"line":99,"column":30}},"loc":{"start":{"line":99,"column":74},"end":{"line":110,"column":1}}},"7":{"name":"(anonymous_7)","decl":{"start":{"line":115,"column":32},"end":{"line":115,"column":33}},"loc":{"start":{"line":115,"column":74},"end":{"line":132,"column":1}}},"8":{"name":"(anonymous_8)","decl":{"start":{"line":137,"column":33},"end":{"line":137,"column":null}},"loc":{"start":{"line":145,"column":7},"end":{"line":170,"column":1}}},"9":{"name":"(anonymous_9)","decl":{"start":{"line":146,"column":10},"end":{"line":146,"column":15}},"loc":{"start":{"line":146,"column":49},"end":{"line":169,"column":3}}}},"branchMap":{"0":{"loc":{"start":{"line":17,"column":11},"end":{"line":17,"column":37}},"type":"binary-expr","locations":[{"start":{"line":17,"column":11},"end":{"line":17,"column":24}},{"start":{"line":17,"column":28},"end":{"line":17,"column":37}}]},"1":{"loc":{"start":{"line":21,"column":15},"end":{"line":21,"column":40}},"type":"binary-expr","locations":[{"start":{"line":21,"column":15},"end":{"line":21,"column":32}},{"start":{"line":21,"column":36},"end":{"line":21,"column":40}}]},"2":{"loc":{"start":{"line":30,"column":11},"end":{"line":30,"column":35}},"type":"binary-expr","locations":[{"start":{"line":30,"column":11},"end":{"line":30,"column":24}},{"start":{"line":30,"column":28},"end":{"line":30,"column":35}}]},"3":{"loc":{"start":{"line":34,"column":15},"end":{"line":34,"column":40}},"type":"binary-expr","locations":[{"start":{"line":34,"column":15},"end":{"line":34,"column":32}},{"start":{"line":34,"column":36},"end":{"line":34,"column":40}}]},"4":{"loc":{"start":{"line":43,"column":11},"end":{"line":43,"column":37}},"type":"binary-expr","locations":[{"start":{"line":43,"column":11},"end":{"line":43,"column":24}},{"start":{"line":43,"column":28},"end":{"line":43,"column":37}}]},"5":{"loc":{"start":{"line":47,"column":15},"end":{"line":47,"column":40}},"type":"binary-expr","locations":[{"start":{"line":47,"column":15},"end":{"line":47,"column":32}},{"start":{"line":47,"column":36},"end":{"line":47,"column":40}}]},"6":{"loc":{"start":{"line":56,"column":11},"end":{"line":56,"column":34}},"type":"binary-expr","locations":[{"start":{"line":56,"column":11},"end":{"line":56,"column":24}},{"start":{"line":56,"column":28},"end":{"line":56,"column":34}}]},"7":{"loc":{"start":{"line":60,"column":15},"end":{"line":60,"column":40}},"type":"binary-expr","locations":[{"start":{"line":60,"column":15},"end":{"line":60,"column":32}},{"start":{"line":60,"column":36},"end":{"line":60,"column":40}}]},"8":{"loc":{"start":{"line":71,"column":11},"end":{"line":71,"column":37}},"type":"binary-expr","locations":[{"start":{"line":71,"column":11},"end":{"line":71,"column":24}},{"start":{"line":71,"column":28},"end":{"line":71,"column":37}}]},"9":{"loc":{"start":{"line":86,"column":11},"end":{"line":86,"column":37}},"type":"binary-expr","locations":[{"start":{"line":86,"column":11},"end":{"line":86,"column":24}},{"start":{"line":86,"column":28},"end":{"line":86,"column":37}}]},"10":{"loc":{"start":{"line":102,"column":11},"end":{"line":102,"column":35}},"type":"binary-expr","locations":[{"start":{"line":102,"column":11},"end":{"line":102,"column":24}},{"start":{"line":102,"column":28},"end":{"line":102,"column":35}}]},"11":{"loc":{"start":{"line":120,"column":2},"end":{"line":126,"column":3}},"type":"if","locations":[{"start":{"line":120,"column":2},"end":{"line":126,"column":3}},{"start":{"line":122,"column":9},"end":{"line":126,"column":3}}]},"12":{"loc":{"start":{"line":122,"column":9},"end":{"line":126,"column":3}},"type":"if","locations":[{"start":{"line":122,"column":9},"end":{"line":126,"column":3}},{"start":{"line":124,"column":9},"end":{"line":126,"column":3}}]},"13":{"loc":{"start":{"line":124,"column":9},"end":{"line":126,"column":3}},"type":"if","locations":[{"start":{"line":124,"column":9},"end":{"line":126,"column":3}},{"start":{},"end":{}}]},"14":{"loc":{"start":{"line":124,"column":13},"end":{"line":124,"column":69}},"type":"binary-expr","locations":[{"start":{"line":124,"column":13},"end":{"line":124,"column":18}},{"start":{"line":124,"column":22},"end":{"line":124,"column":47}},{"start":{"line":124,"column":51},"end":{"line":124,"column":69}}]},"15":{"loc":{"start":{"line":147,"column":22},"end":{"line":147,"column":107}},"type":"cond-expr","locations":[{"start":{"line":147,"column":47},"end":{"line":147,"column":95}},{"start":{"line":147,"column":98},"end":{"line":147,"column":107}}]},"16":{"loc":{"start":{"line":152,"column":6},"end":{"line":156,"column":7}},"type":"if","locations":[{"start":{"line":152,"column":6},"end":{"line":156,"column":7}},{"start":{"line":154,"column":13},"end":{"line":156,"column":7}}]},"17":{"loc":{"start":{"line":152,"column":10},"end":{"line":152,"column":45}},"type":"binary-expr","locations":[{"start":{"line":152,"column":10},"end":{"line":152,"column":19}},{"start":{"line":152,"column":23},"end":{"line":152,"column":45}}]},"18":{"loc":{"start":{"line":154,"column":13},"end":{"line":156,"column":7}},"type":"if","locations":[{"start":{"line":154,"column":13},"end":{"line":156,"column":7}},{"start":{},"end":{}}]},"19":{"loc":{"start":{"line":154,"column":17},"end":{"line":154,"column":74}},"type":"binary-expr","locations":[{"start":{"line":154,"column":17},"end":{"line":154,"column":48}},{"start":{"line":154,"column":52},"end":{"line":154,"column":74}}]},"20":{"loc":{"start":{"line":160,"column":6},"end":{"line":166,"column":7}},"type":"if","locations":[{"start":{"line":160,"column":6},"end":{"line":166,"column":7}},{"start":{"line":164,"column":13},"end":{"line":166,"column":7}}]},"21":{"loc":{"start":{"line":162,"column":19},"end":{"line":162,"column":79}},"type":"cond-expr","locations":[{"start":{"line":162,"column":44},"end":{"line":162,"column":57}},{"start":{"line":162,"column":60},"end":{"line":162,"column":79}}]}},"s":{"0":1,"1":1,"2":1,"3":1,"4":0,"5":1,"6":1,"7":0,"8":1,"9":1,"10":0,"11":1,"12":1,"13":0,"14":1,"15":1,"16":0,"17":0,"18":0,"19":1,"20":1,"21":0,"22":1,"23":1,"24":0,"25":1,"26":1,"27":0,"28":0,"29":0,"30":0,"31":0,"32":0,"33":0,"34":0,"35":0,"36":1,"37":1,"38":0,"39":0,"40":0,"41":0,"42":0,"43":0,"44":0,"45":0,"46":0,"47":0,"48":0,"49":0,"50":0,"51":1},"f":{"0":0,"1":0,"2":0,"3":0,"4":0,"5":0,"6":0,"7":0,"8":0,"9":0},"b":{"0":[0,0],"1":[0,0],"2":[0,0],"3":[0,0],"4":[0,0],"5":[0,0],"6":[0,0],"7":[0,0],"8":[0,0],"9":[0,0],"10":[0,0],"11":[0,0],"12":[0,0],"13":[0,0],"14":[0,0,0],"15":[0,0],"16":[0,0],"17":[0,0],"18":[0,0],"19":[0,0],"20":[0,0],"21":[0,0]}}
,"C:\\Users\\Acer\\Desktop\\Noteece\\apps\\desktop\\src\\utils\\sleep.ts": {"path":"C:\\Users\\Acer\\Desktop\\Noteece\\apps\\desktop\\src\\utils\\sleep.ts","statementMap":{"0":{"start":{"line":6,"column":21},"end":{"line":11,"column":1}},"1":{"start":{"line":8,"column":2},"end":{"line":10,"column":5}},"2":{"start":{"line":9,"column":4},"end":{"line":9,"column":28}},"3":{"start":{"line":6,"column":13},"end":{"line":6,"column":21}}},"fnMap":{"0":{"name":"(anonymous_0)","decl":{"start":{"line":6,"column":21},"end":{"line":6,"column":22}},"loc":{"start":{"line":6,"column":51},"end":{"line":11,"column":1}}},"1":{"name":"(anonymous_1)","decl":{"start":{"line":8,"column":21},"end":{"line":8,"column":22}},"loc":{"start":{"line":8,"column":33},"end":{"line":10,"column":3}}}},"branchMap":{},"s":{"0":1,"1":6,"2":6,"3":1},"f":{"0":6,"1":6},"b":{}}
}
