TN:
SF:src\store.ts
FN:11,(anonymous_0)
FN:14,(anonymous_1)
FN:15,(anonymous_2)
FNF:3
FNH:1
FNDA:1,(anonymous_0)
FNDA:0,(anonymous_1)
FNDA:0,(anonymous_2)
DA:1,1
DA:11,1
DA:14,0
DA:15,0
LF:4
LH:2
BRF:0
BRH:0
end_of_record
TN:
SF:src\components\Dashboard.tsx
FN:40,(anonymous_1)
FN:45,(anonymous_2)
FN:46,(anonymous_3)
FN:47,(anonymous_4)
FNF:4
FNH:4
FNDA:4,(anonymous_1)
FNDA:8,(anonymous_2)
FNDA:8,(anonymous_3)
FNDA:8,(anonymous_4)
DA:1,1
DA:2,1
DA:12,1
DA:13,1
DA:14,1
DA:15,1
DA:16,1
DA:17,1
DA:18,1
DA:19,1
DA:20,1
DA:21,1
DA:22,1
DA:23,1
DA:24,1
DA:25,1
DA:26,1
DA:27,1
DA:28,1
DA:29,1
DA:30,1
DA:31,1
DA:32,1
DA:33,1
DA:34,1
DA:35,1
DA:36,1
DA:37,1
DA:38,1
DA:40,1
DA:41,4
DA:42,4
DA:43,4
DA:45,8
DA:46,8
DA:47,8
DA:49,4
DA:187,1
LF:38
LH:38
BRDA:43,0,0,0
BRDA:43,1,0,4
BRDA:43,1,1,0
BRF:3
BRH:1
end_of_record
TN:
SF:src\components\ProjectHub.tsx
FN:11,(anonymous_9)
FN:18,(anonymous_10)
FN:19,(anonymous_11)
FN:35,(anonymous_12)
FN:36,(anonymous_13)
FN:50,(anonymous_14)
FN:70,(anonymous_15)
FN:71,(anonymous_16)
FNF:8
FNH:5
FNDA:1,(anonymous_9)
FNDA:1,(anonymous_10)
FNDA:1,(anonymous_11)
FNDA:1,(anonymous_12)
FNDA:1,(anonymous_13)
FNDA:0,(anonymous_14)
FNDA:0,(anonymous_15)
FNDA:0,(anonymous_16)
DA:1,1
DA:2,1
DA:3,1
DA:5,1
DA:6,1
DA:7,1
DA:8,1
DA:9,1
DA:11,1
DA:12,1
DA:13,1
DA:14,1
DA:15,1
DA:16,1
DA:18,1
DA:19,1
DA:20,1
DA:21,0
DA:22,0
DA:23,0
DA:24,0
DA:25,0
DA:28,0
DA:32,1
DA:35,1
DA:36,1
DA:37,1
DA:38,0
DA:39,0
DA:40,0
DA:42,0
DA:47,1
DA:50,1
DA:51,0
DA:52,0
DA:56,1
DA:71,0
DA:102,1
LF:38
LH:25
BRDA:20,0,0,0
BRDA:20,0,1,1
BRDA:24,1,0,0
BRDA:24,1,1,0
BRDA:37,2,0,0
BRDA:37,2,1,1
BRDA:51,3,0,0
BRDA:51,3,1,0
BRDA:86,4,0,1
BRDA:86,4,1,0
BRDA:89,5,0,1
BRDA:89,5,1,0
BRDA:92,6,0,1
BRDA:92,6,1,0
BRDA:95,7,0,1
BRDA:95,7,1,0
BRF:16
BRH:6
end_of_record
TN:
SF:src\components\SyncStatus.tsx
FN:81,(anonymous_9)
FN:96,(anonymous_10)
FN:103,(anonymous_11)
FN:110,(anonymous_12)
FN:120,(anonymous_13)
FN:122,(anonymous_14)
FN:132,(anonymous_15)
FN:143,(anonymous_16)
FN:149,(anonymous_17)
FN:150,(anonymous_18)
FN:153,(anonymous_19)
FN:180,(anonymous_20)
FN:188,(anonymous_21)
FN:193,(anonymous_22)
FN:204,(anonymous_23)
FN:216,(anonymous_24)
FN:229,(anonymous_25)
FN:235,(anonymous_26)
FN:241,(anonymous_27)
FN:253,(anonymous_28)
FN:284,(anonymous_29)
FN:334,(anonymous_30)
FN:383,(anonymous_31)
FN:426,(anonymous_32)
FN:450,(anonymous_33)
FN:475,(anonymous_34)
FN:508,(anonymous_35)
FN:514,(anonymous_36)
FN:520,(anonymous_37)
FN:542,(anonymous_38)
FN:545,(anonymous_39)
FN:553,(anonymous_40)
FN:583,(anonymous_41)
FN:586,(anonymous_42)
FN:591,(anonymous_43)
FN:598,(anonymous_44)
FNF:36
FNH:18
FNDA:23,(anonymous_9)
FNDA:11,(anonymous_10)
FNDA:10,(anonymous_11)
FNDA:11,(anonymous_12)
FNDA:0,(anonymous_13)
FNDA:0,(anonymous_14)
FNDA:0,(anonymous_15)
FNDA:1,(anonymous_16)
FNDA:0,(anonymous_17)
FNDA:0,(anonymous_18)
FNDA:1,(anonymous_19)
FNDA:1,(anonymous_20)
FNDA:1,(anonymous_21)
FNDA:0,(anonymous_22)
FNDA:1,(anonymous_23)
FNDA:0,(anonymous_24)
FNDA:13,(anonymous_25)
FNDA:13,(anonymous_26)
FNDA:65,(anonymous_27)
FNDA:78,(anonymous_28)
FNDA:1,(anonymous_29)
FNDA:39,(anonymous_30)
FNDA:39,(anonymous_31)
FNDA:13,(anonymous_32)
FNDA:0,(anonymous_33)
FNDA:13,(anonymous_34)
FNDA:0,(anonymous_35)
FNDA:0,(anonymous_36)
FNDA:0,(anonymous_37)
FNDA:0,(anonymous_38)
FNDA:0,(anonymous_39)
FNDA:0,(anonymous_40)
FNDA:0,(anonymous_41)
FNDA:0,(anonymous_42)
FNDA:0,(anonymous_43)
FNDA:0,(anonymous_44)
DA:1,1
DA:2,1
DA:22,1
DA:34,1
DA:35,1
DA:36,1
DA:37,1
DA:38,1
DA:81,1
DA:82,23
DA:83,23
DA:85,23
DA:86,23
DA:87,23
DA:88,23
DA:89,23
DA:90,23
DA:91,23
DA:94,23
DA:96,11
DA:101,23
DA:103,10
DA:108,23
DA:111,11
DA:119,23
DA:121,0
DA:123,0
DA:128,0
DA:129,0
DA:130,0
DA:133,0
DA:142,23
DA:144,1
DA:145,1
DA:148,1
DA:149,1
DA:150,0
DA:153,1
DA:154,1
DA:155,1
DA:156,1
DA:160,1
DA:162,1
DA:172,1
DA:173,1
DA:174,1
DA:176,0
DA:177,0
DA:181,1
DA:186,1
DA:187,1
DA:188,1
DA:189,1
DA:190,1
DA:194,0
DA:199,0
DA:200,0
DA:204,23
DA:205,1
DA:206,0
DA:211,0
DA:213,1
DA:216,23
DA:217,0
DA:219,0
DA:225,23
DA:226,23
DA:227,23
DA:229,23
DA:230,13
DA:231,12
DA:232,12
DA:235,23
DA:236,13
DA:237,12
DA:238,12
DA:241,23
DA:242,65
DA:243,65
DA:244,65
DA:245,65
DA:247,65
DA:248,26
DA:249,0
DA:250,0
DA:253,23
DA:254,78
DA:255,78
DA:258,23
DA:259,10
DA:262,13
DA:284,1
DA:334,39
DA:384,39
DA:385,39
DA:427,13
DA:451,0
DA:452,0
DA:476,13
DA:477,13
DA:478,13
DA:482,13
DA:508,0
DA:514,0
DA:520,0
DA:542,0
DA:545,0
DA:554,0
DA:555,0
DA:583,0
DA:586,0
DA:591,0
DA:599,0
DA:600,0
DA:612,1
LF:115
LH:83
BRDA:94,0,0,10
BRDA:101,1,0,10
BRDA:108,2,0,10
BRDA:112,3,0,11
BRDA:112,3,1,0
BRDA:154,4,0,1
BRDA:154,4,1,0
BRDA:163,5,0,1
BRDA:163,5,1,0
BRDA:205,6,0,0
BRDA:205,6,1,1
BRDA:217,7,0,0
BRDA:217,7,1,0
BRDA:226,8,0,1
BRDA:226,8,1,22
BRDA:226,9,0,22
BRDA:226,9,1,0
BRDA:227,10,0,13
BRDA:227,10,1,10
BRDA:230,11,0,1
BRDA:230,11,1,12
BRDA:231,12,0,0
BRDA:231,12,1,12
BRDA:232,13,0,12
BRDA:232,13,1,0
BRDA:236,14,0,1
BRDA:236,14,1,12
BRDA:237,15,0,0
BRDA:237,15,1,12
BRDA:247,16,0,39
BRDA:247,16,1,26
BRDA:248,17,0,26
BRDA:248,17,1,0
BRDA:249,18,0,0
BRDA:249,18,1,0
BRDA:255,19,0,26
BRDA:255,19,1,52
BRDA:258,20,0,10
BRDA:258,20,1,13
BRDA:258,21,0,23
BRDA:258,21,1,13
BRDA:258,21,2,13
BRDA:293,22,0,13
BRDA:293,22,1,13
BRDA:296,23,0,0
BRDA:296,23,1,13
BRDA:301,24,0,13
BRDA:301,24,1,1
BRDA:341,25,0,13
BRDA:341,25,1,0
BRDA:374,26,0,0
BRDA:374,26,1,13
BRDA:399,27,0,13
BRDA:399,27,1,26
BRDA:418,28,0,0
BRDA:418,28,1,13
BRDA:465,29,0,0
BRDA:465,29,1,13
BRDA:476,30,0,13
BRDA:476,30,1,0
BRDA:477,31,0,13
BRDA:477,31,1,0
BRDA:478,32,0,13
BRDA:478,32,1,0
BRDA:480,33,0,0
BRDA:480,33,1,0
BRDA:488,34,0,13
BRDA:488,34,1,13
BRDA:534,35,0,13
BRDA:534,35,1,13
BRDA:560,36,0,13
BRDA:560,36,1,0
BRF:72
BRH:48
end_of_record
TN:
SF:src\components\UserManagement.tsx
FN:95,getCurrentUserId
FN:116,(anonymous_10)
FN:127,(anonymous_11)
FN:140,(anonymous_12)
FN:145,(anonymous_13)
FN:170,(anonymous_14)
FN:180,(anonymous_15)
FN:193,(anonymous_16)
FN:215,(anonymous_17)
FN:219,(anonymous_18)
FN:223,(anonymous_19)
FN:235,(anonymous_20)
FN:245,(anonymous_21)
FN:255,(anonymous_22)
FN:268,(anonymous_23)
FN:281,(anonymous_24)
FN:289,(anonymous_25)
FN:300,(anonymous_26)
FN:308,(anonymous_27)
FN:316,(anonymous_28)
FN:332,(anonymous_29)
FN:343,(anonymous_30)
FN:347,(anonymous_31)
FN:357,(anonymous_32)
FN:361,(anonymous_33)
FN:368,(anonymous_34)
FN:390,(anonymous_35)
FN:391,(anonymous_36)
FN:418,(anonymous_37)
FN:511,(anonymous_38)
FN:519,(anonymous_39)
FN:558,(anonymous_40)
FN:573,(anonymous_41)
FN:581,(anonymous_42)
FN:601,(anonymous_43)
FN:602,(anonymous_44)
FN:628,(anonymous_45)
FN:651,(anonymous_46)
FN:668,(anonymous_47)
FN:682,(anonymous_48)
FN:701,(anonymous_49)
FN:710,(anonymous_50)
FN:718,(anonymous_51)
FN:736,(anonymous_52)
FN:751,(anonymous_53)
FN:768,(anonymous_54)
FN:777,(anonymous_55)
FN:785,(anonymous_56)
FNF:48
FNH:33
FNDA:6,getCurrentUserId
FNDA:73,(anonymous_10)
FNDA:25,(anonymous_11)
FNDA:19,(anonymous_12)
FNDA:3,(anonymous_13)
FNDA:3,(anonymous_14)
FNDA:0,(anonymous_15)
FNDA:3,(anonymous_16)
FNDA:3,(anonymous_17)
FNDA:12,(anonymous_18)
FNDA:3,(anonymous_19)
FNDA:6,(anonymous_20)
FNDA:3,(anonymous_21)
FNDA:0,(anonymous_22)
FNDA:0,(anonymous_23)
FNDA:0,(anonymous_24)
FNDA:0,(anonymous_25)
FNDA:0,(anonymous_26)
FNDA:0,(anonymous_27)
FNDA:0,(anonymous_28)
FNDA:4,(anonymous_29)
FNDA:3,(anonymous_30)
FNDA:3,(anonymous_31)
FNDA:0,(anonymous_32)
FNDA:0,(anonymous_33)
FNDA:44,(anonymous_34)
FNDA:44,(anonymous_35)
FNDA:44,(anonymous_36)
FNDA:5,(anonymous_37)
FNDA:44,(anonymous_38)
FNDA:44,(anonymous_39)
FNDA:5,(anonymous_40)
FNDA:0,(anonymous_41)
FNDA:0,(anonymous_42)
FNDA:72,(anonymous_43)
FNDA:80,(anonymous_44)
FNDA:117,(anonymous_45)
FNDA:438,(anonymous_46)
FNDA:432,(anonymous_47)
FNDA:0,(anonymous_48)
FNDA:72,(anonymous_49)
FNDA:438,(anonymous_50)
FNDA:0,(anonymous_51)
FNDA:0,(anonymous_52)
FNDA:18,(anonymous_53)
FNDA:18,(anonymous_54)
FNDA:108,(anonymous_55)
FNDA:2,(anonymous_56)
DA:1,2
DA:2,2
DA:24,2
DA:37,2
DA:38,2
DA:39,2
DA:40,2
DA:41,2
DA:42,2
DA:43,2
DA:44,2
DA:77,2
DA:84,2
DA:96,6
DA:97,6
DA:100,0
DA:101,0
DA:116,2
DA:117,73
DA:118,73
DA:120,73
DA:121,73
DA:122,73
DA:125,73
DA:129,25
DA:130,0
DA:132,25
DA:138,73
DA:140,19
DA:144,73
DA:146,3
DA:148,3
DA:149,3
DA:150,0
DA:154,3
DA:162,3
DA:168,3
DA:171,3
DA:172,3
DA:177,3
DA:178,3
DA:182,0
DA:187,0
DA:192,73
DA:194,3
DA:196,3
DA:197,3
DA:198,0
DA:202,3
DA:203,0
DA:207,3
DA:215,3
DA:216,3
DA:217,3
DA:219,12
DA:222,3
DA:223,3
DA:225,3
DA:226,2
DA:234,3
DA:235,6
DA:237,3
DA:238,5
DA:246,3
DA:247,3
DA:252,3
DA:253,3
DA:257,0
DA:262,0
DA:267,73
DA:269,0
DA:271,0
DA:282,0
DA:283,0
DA:290,0
DA:299,73
DA:301,0
DA:303,0
DA:309,0
DA:310,0
DA:317,0
DA:325,73
DA:332,4
DA:336,73
DA:343,73
DA:344,3
DA:347,73
DA:348,3
DA:350,3
DA:357,73
DA:358,0
DA:361,73
DA:362,0
DA:363,0
DA:368,73
DA:369,44
DA:370,44
DA:371,44
DA:372,44
DA:373,44
DA:375,44
DA:376,0
DA:377,0
DA:378,0
DA:381,73
DA:390,73
DA:391,73
DA:393,73
DA:395,73
DA:396,0
DA:405,73
DA:418,5
DA:512,44
DA:519,44
DA:559,5
DA:560,5
DA:564,5
DA:573,0
DA:581,0
DA:602,80
DA:603,72
DA:629,117
DA:652,438
DA:668,432
DA:683,0
DA:684,0
DA:701,72
DA:711,438
DA:719,0
DA:720,0
DA:737,0
DA:738,0
DA:751,18
DA:768,18
DA:778,108
DA:786,2
DA:787,2
DA:804,2
LF:138
LH:103
BRDA:125,0,0,24
BRDA:129,1,0,0
BRDA:129,1,1,25
BRDA:138,2,0,24
BRDA:146,3,0,0
BRDA:146,3,1,3
BRDA:149,4,0,0
BRDA:149,4,1,3
BRDA:162,5,0,0
BRDA:162,5,1,3
BRDA:194,6,0,0
BRDA:194,6,1,3
BRDA:197,7,0,0
BRDA:197,7,1,3
BRDA:202,8,0,0
BRDA:202,8,1,3
BRDA:216,9,0,3
BRDA:216,9,1,0
BRDA:217,10,0,3
BRDA:217,10,1,0
BRDA:269,11,0,0
BRDA:269,11,1,0
BRDA:271,12,0,0
BRDA:271,12,1,0
BRDA:301,13,0,0
BRDA:301,13,1,0
BRDA:332,14,0,3
BRDA:332,14,1,1
BRDA:348,15,0,0
BRDA:348,15,1,3
BRDA:362,16,0,0
BRDA:362,16,1,0
BRDA:369,17,0,0
BRDA:369,17,1,44
BRDA:369,18,0,44
BRDA:369,18,1,44
BRDA:375,19,0,44
BRDA:375,19,1,0
BRDA:376,20,0,0
BRDA:376,20,1,0
BRDA:377,21,0,0
BRDA:377,21,1,0
BRDA:393,22,0,73
BRDA:393,22,1,49
BRDA:395,23,0,0
BRDA:395,23,1,73
BRDA:413,24,0,22
BRDA:413,24,1,51
BRDA:492,25,0,40
BRDA:492,25,1,33
BRDA:534,26,0,44
BRDA:534,26,1,0
BRDA:569,27,0,44
BRDA:569,27,1,38
BRDA:575,28,0,0
BRDA:575,28,1,38
BRDA:607,29,0,72
BRDA:607,29,1,0
BRDA:616,30,0,34
BRDA:616,30,1,38
BRDA:618,31,0,72
BRDA:618,31,1,0
BRDA:659,32,0,438
BRDA:659,32,1,73
BRDA:660,33,0,438
BRDA:660,33,1,73
BRDA:661,34,0,438
BRDA:661,34,1,73
BRDA:662,35,0,438
BRDA:662,35,1,73
BRDA:663,36,0,438
BRDA:663,36,1,73
BRDA:664,37,0,438
BRDA:664,37,1,73
BRDA:743,38,0,73
BRDA:743,38,1,18
BRF:76
BRH:47
end_of_record
TN:
SF:src\components\activity.tsx
FN:16,(anonymous_10)
FN:21,(anonymous_11)
FN:22,(anonymous_12)
FN:56,(anonymous_13)
FNF:4
FNH:3
FNDA:8,(anonymous_10)
FNDA:4,(anonymous_11)
FNDA:4,(anonymous_12)
FNDA:0,(anonymous_13)
DA:1,1
DA:2,1
DA:3,1
DA:4,1
DA:5,1
DA:6,1
DA:8,1
DA:9,1
DA:16,1
DA:17,8
DA:18,8
DA:19,8
DA:21,8
DA:22,4
DA:23,4
DA:24,4
DA:25,4
DA:26,4
DA:28,0
DA:32,4
DA:35,8
DA:57,0
LF:22
LH:20
BRDA:23,0,0,4
BRDA:23,0,1,0
BRF:2
BRH:1
end_of_record
TN:
SF:src\components\bar-chart.tsx
FN:10,(anonymous_1)
FN:12,(anonymous_2)
FN:13,(anonymous_3)
FNF:3
FNH:2
FNDA:4,(anonymous_1)
FNDA:8,(anonymous_2)
FNDA:0,(anonymous_3)
DA:1,1
DA:2,1
DA:4,1
DA:10,1
DA:11,4
DA:12,8
DA:14,0
DA:15,0
DA:23,4
LF:9
LH:7
BRDA:16,0,0,0
BRDA:16,0,1,0
BRDA:17,1,0,0
BRDA:17,1,1,0
BRDA:18,2,0,0
BRDA:18,2,1,0
BRDA:19,3,0,0
BRDA:19,3,1,0
BRF:8
BRH:0
end_of_record
TN:
SF:src\components\stats-card.tsx
FN:13,(anonymous_1)
FNF:1
FNH:1
FNDA:16,(anonymous_1)
DA:1,1
DA:2,1
DA:3,1
DA:13,1
DA:14,16
LF:5
LH:5
BRF:0
BRH:0
end_of_record
TN:
SF:src\components\upcoming.tsx
FN:16,(anonymous_10)
FN:21,(anonymous_11)
FN:22,(anonymous_12)
FN:60,(anonymous_13)
FNF:4
FNH:3
FNDA:8,(anonymous_10)
FNDA:4,(anonymous_11)
FNDA:4,(anonymous_12)
FNDA:0,(anonymous_13)
DA:1,1
DA:2,1
DA:3,1
DA:4,1
DA:5,1
DA:6,1
DA:8,1
DA:9,1
DA:16,1
DA:17,8
DA:18,8
DA:19,8
DA:21,8
DA:22,4
DA:23,4
DA:24,4
DA:25,4
DA:26,4
DA:28,0
DA:32,4
DA:35,8
DA:61,0
LF:22
LH:20
BRDA:23,0,0,4
BRDA:23,0,1,0
BRDA:67,1,0,0
BRDA:67,1,1,0
BRDA:74,2,0,0
BRDA:74,2,1,0
BRDA:74,3,0,0
BRDA:74,3,1,0
BRDA:75,4,0,0
BRDA:75,4,1,0
BRF:10
BRH:1
end_of_record
TN:
SF:src\components\widgets\AchievementBadgesWidget.tsx
FN:35,AchievementBadgesWidget
FN:43,(anonymous_2)
FN:44,(anonymous_3)
FN:155,(anonymous_4)
FN:174,(anonymous_5)
FNF:5
FNH:5
FNDA:11,AchievementBadgesWidget
FNDA:105,(anonymous_2)
FNDA:210,(anonymous_3)
FNDA:88,(anonymous_4)
FNDA:88,(anonymous_5)
DA:1,2
DA:2,2
DA:3,2
DA:13,2
DA:14,2
DA:35,2
DA:36,11
DA:37,11
DA:39,11
DA:40,0
DA:43,105
DA:44,210
DA:47,11
DA:48,11
DA:51,11
DA:52,11
DA:53,105
DA:54,105
DA:55,105
DA:59,11
DA:60,11
DA:61,11
DA:62,116
DA:63,116
DA:64,116
DA:65,116
DA:66,105
DA:68,11
DA:72,11
DA:155,88
DA:157,11
DA:175,88
LF:32
LH:31
BRDA:39,0,0,0
BRDA:39,0,1,11
BRDA:39,1,0,11
BRDA:39,1,1,11
BRDA:43,2,0,11
BRDA:43,2,1,0
BRDA:44,3,0,11
BRDA:44,3,1,0
BRDA:53,4,0,105
BRDA:53,4,1,0
BRDA:55,5,0,105
BRDA:55,5,1,105
BRDA:65,6,0,105
BRDA:65,6,1,11
BRDA:180,7,0,28
BRDA:180,7,1,60
BRDA:188,8,0,28
BRDA:188,8,1,60
BRDA:196,9,0,88
BRDA:196,9,1,60
BRDA:196,9,2,60
BRDA:202,10,0,60
BRDA:202,10,1,32
BRDA:202,11,0,60
BRDA:202,11,1,0
BRDA:209,12,0,88
BRDA:209,12,1,28
BRF:27
BRH:22
end_of_record
TN:
SF:src\components\widgets\BookmarksWidget.tsx
FN:16,BookmarksWidget
FN:32,(anonymous_10)
FN:33,(anonymous_11)
FN:44,(anonymous_12)
FN:45,(anonymous_13)
FN:56,(anonymous_14)
FN:57,(anonymous_15)
FN:68,(anonymous_16)
FN:69,(anonymous_17)
FN:70,(anonymous_18)
FN:76,(anonymous_19)
FN:77,(anonymous_20)
FN:102,(anonymous_21)
FN:116,(anonymous_22)
FN:129,(anonymous_23)
FN:148,(anonymous_24)
FN:162,(anonymous_25)
FN:175,(anonymous_26)
FN:194,(anonymous_27)
FN:208,(anonymous_28)
FN:221,(anonymous_29)
FN:246,(anonymous_30)
FN:260,(anonymous_31)
FN:272,(anonymous_32)
FNF:24
FNH:6
FNDA:8,BookmarksWidget
FNDA:0,(anonymous_10)
FNDA:0,(anonymous_11)
FNDA:0,(anonymous_12)
FNDA:0,(anonymous_13)
FNDA:0,(anonymous_14)
FNDA:0,(anonymous_15)
FNDA:8,(anonymous_16)
FNDA:0,(anonymous_17)
FNDA:8,(anonymous_18)
FNDA:8,(anonymous_19)
FNDA:4,(anonymous_20)
FNDA:0,(anonymous_21)
FNDA:0,(anonymous_22)
FNDA:0,(anonymous_23)
FNDA:0,(anonymous_24)
FNDA:0,(anonymous_25)
FNDA:0,(anonymous_26)
FNDA:0,(anonymous_27)
FNDA:0,(anonymous_28)
FNDA:0,(anonymous_29)
FNDA:8,(anonymous_30)
FNDA:0,(anonymous_31)
FNDA:0,(anonymous_32)
DA:1,2
DA:2,2
DA:3,2
DA:4,2
DA:5,2
DA:6,2
DA:16,2
DA:17,8
DA:18,8
DA:19,8
DA:20,8
DA:24,8
DA:25,8
DA:26,8
DA:28,8
DA:29,0
DA:32,8
DA:33,0
DA:34,0
DA:35,0
DA:36,0
DA:38,0
DA:40,0
DA:44,8
DA:45,0
DA:46,0
DA:47,0
DA:48,0
DA:50,0
DA:52,0
DA:56,8
DA:57,0
DA:58,0
DA:59,0
DA:60,0
DA:62,0
DA:64,0
DA:68,8
DA:69,8
DA:70,8
DA:72,8
DA:75,8
DA:76,8
DA:77,4
DA:80,8
DA:103,0
DA:116,0
DA:130,0
DA:131,0
DA:149,0
DA:162,0
DA:176,0
DA:177,0
DA:195,0
DA:208,0
DA:222,0
DA:223,0
DA:247,8
DA:260,0
DA:273,0
DA:274,0
LF:61
LH:27
BRDA:28,0,0,0
BRDA:28,0,1,8
BRDA:28,1,0,8
BRDA:28,1,1,8
BRDA:28,1,2,8
BRDA:35,2,0,0
BRDA:35,2,1,0
BRDA:47,3,0,0
BRDA:47,3,1,0
BRDA:59,4,0,0
BRDA:59,4,1,0
BRDA:68,5,0,8
BRDA:68,5,1,0
BRDA:69,6,0,8
BRDA:69,6,1,0
BRDA:70,7,0,8
BRDA:70,7,1,0
BRDA:72,8,0,8
BRDA:72,8,1,8
BRDA:72,8,2,8
BRDA:75,9,0,8
BRDA:75,9,1,0
BRDA:77,10,0,4
BRDA:77,10,1,0
BRDA:77,11,0,4
BRDA:77,11,1,0
BRDA:94,12,0,0
BRDA:94,12,1,8
BRDA:97,13,0,0
BRDA:97,13,1,0
BRDA:143,14,0,0
BRDA:143,14,1,0
BRDA:189,15,0,0
BRDA:189,15,1,0
BRF:34
BRH:14
end_of_record
TN:
SF:src\components\widgets\CalendarWidget.tsx
FN:16,CalendarWidget
FN:27,(anonymous_10)
FN:34,(anonymous_11)
FN:56,(anonymous_12)
FN:72,(anonymous_13)
FN:114,(anonymous_14)
FN:137,(anonymous_15)
FNF:7
FNH:6
FNDA:7,CalendarWidget
FNDA:3,(anonymous_10)
FNDA:3,(anonymous_11)
FNDA:735,(anonymous_12)
FNDA:0,(anonymous_13)
FNDA:3,(anonymous_14)
FNDA:3,(anonymous_15)
DA:1,2
DA:2,2
DA:3,2
DA:4,2
DA:5,2
DA:6,2
DA:16,2
DA:17,7
DA:18,7
DA:19,7
DA:21,7
DA:22,0
DA:26,7
DA:27,7
DA:28,3
DA:29,3
DA:30,3
DA:34,7
DA:35,3
DA:36,3
DA:37,3
DA:41,7
DA:42,7
DA:44,7
DA:45,3
DA:46,3
DA:50,7
DA:51,3
DA:52,3
DA:56,7
DA:57,735
DA:58,735
DA:59,735
DA:60,735
DA:62,735
DA:63,9
DA:64,726
DA:65,0
DA:66,726
DA:67,0
DA:69,726
DA:72,7
DA:73,0
DA:74,0
DA:77,7
DA:115,3
DA:138,3
LF:47
LH:42
BRDA:21,0,0,0
BRDA:21,0,1,7
BRDA:21,1,0,7
BRDA:21,1,1,7
BRDA:27,2,0,7
BRDA:27,2,1,0
BRDA:28,3,0,0
BRDA:28,3,1,3
BRDA:34,4,0,7
BRDA:34,4,1,0
BRDA:35,5,0,0
BRDA:35,5,1,3
BRDA:44,6,0,7
BRDA:44,6,1,0
BRDA:45,7,0,3
BRDA:45,7,1,0
BRDA:50,8,0,7
BRDA:50,8,1,0
BRDA:51,9,0,3
BRDA:51,9,1,0
BRDA:57,10,0,0
BRDA:57,10,1,735
BRDA:57,11,0,735
BRDA:57,11,1,0
BRDA:62,12,0,9
BRDA:62,12,1,726
BRDA:62,13,0,735
BRDA:62,13,1,9
BRDA:64,14,0,0
BRDA:64,14,1,726
BRDA:66,15,0,0
BRDA:66,15,1,726
BRDA:73,16,0,0
BRDA:73,16,1,0
BRDA:107,17,0,7
BRDA:107,17,1,3
BRDA:130,18,0,7
BRDA:130,18,1,3
BRDA:147,19,0,7
BRDA:147,19,1,4
BRDA:147,19,2,4
BRF:41
BRH:26
end_of_record
TN:
SF:src\components\widgets\DueTodayWidget.tsx
FN:12,(anonymous_0)
FN:32,(anonymous_1)
FN:52,DueTodayWidget
FN:58,(anonymous_3)
FN:59,(anonymous_4)
FN:62,(anonymous_5)
FN:70,(anonymous_6)
FN:111,(anonymous_7)
FN:113,(anonymous_8)
FNF:9
FNH:1
FNDA:0,(anonymous_0)
FNDA:0,(anonymous_1)
FNDA:4,DueTodayWidget
FNDA:0,(anonymous_3)
FNDA:0,(anonymous_4)
FNDA:0,(anonymous_5)
FNDA:0,(anonymous_6)
FNDA:0,(anonymous_7)
FNDA:0,(anonymous_8)
DA:5,1
DA:6,1
DA:7,1
DA:8,1
DA:10,1
DA:12,1
DA:13,0
DA:15,0
DA:18,0
DA:21,0
DA:24,0
DA:27,0
DA:32,1
DA:33,0
DA:35,0
DA:38,0
DA:41,0
DA:44,0
DA:47,0
DA:52,1
DA:53,4
DA:54,4
DA:55,4
DA:58,4
DA:59,4
DA:61,4
DA:62,4
DA:63,0
DA:64,0
DA:65,0
DA:66,0
DA:67,0
DA:70,4
DA:71,0
DA:73,0
DA:74,0
DA:79,0
DA:85,0
DA:93,4
DA:112,0
DA:113,0
LF:41
LH:17
BRDA:13,0,0,0
BRDA:13,0,1,0
BRDA:13,0,2,0
BRDA:13,0,3,0
BRDA:13,0,4,0
BRDA:33,1,0,0
BRDA:33,1,1,0
BRDA:33,1,2,0
BRDA:33,1,3,0
BRDA:33,1,4,0
BRDA:54,2,0,0
BRDA:54,3,0,4
BRDA:54,3,1,0
BRDA:64,4,0,0
BRDA:64,4,1,0
BRDA:66,5,0,0
BRDA:66,5,1,0
BRDA:67,6,0,0
BRDA:67,6,1,0
BRDA:67,6,2,0
BRDA:71,7,0,0
BRDA:71,7,1,0
BRDA:80,8,0,0
BRDA:80,8,1,0
BRDA:82,9,0,0
BRDA:82,9,1,0
BRDA:97,10,0,0
BRDA:97,10,1,4
BRDA:102,11,0,4
BRDA:102,11,1,0
BRDA:119,12,0,0
BRDA:119,12,1,0
BRDA:120,13,0,0
BRDA:120,13,1,0
BRDA:125,14,0,0
BRDA:125,14,1,0
BRDA:133,15,0,0
BRDA:133,15,1,0
BRF:38
BRH:3
end_of_record
TN:
SF:src\components\widgets\FocusTimer.tsx
FN:14,(anonymous_10)
FN:20,(anonymous_11)
FN:30,(anonymous_12)
FN:39,(anonymous_13)
FN:40,(anonymous_14)
FN:58,(anonymous_15)
FN:66,(anonymous_16)
FN:77,(anonymous_17)
FN:81,(anonymous_18)
FN:87,(anonymous_19)
FNF:10
FNH:3
FNDA:4,(anonymous_10)
FNDA:4,(anonymous_11)
FNDA:4,(anonymous_12)
FNDA:0,(anonymous_13)
FNDA:0,(anonymous_14)
FNDA:0,(anonymous_15)
FNDA:0,(anonymous_16)
FNDA:0,(anonymous_17)
FNDA:0,(anonymous_18)
FNDA:0,(anonymous_19)
DA:1,1
DA:2,1
DA:3,1
DA:4,1
DA:5,1
DA:7,1
DA:14,1
DA:15,4
DA:16,4
DA:17,4
DA:20,1
DA:21,4
DA:22,4
DA:23,4
DA:24,4
DA:25,4
DA:27,4
DA:28,4
DA:30,4
DA:31,4
DA:32,4
DA:33,0
DA:34,0
DA:36,4
DA:39,0
DA:40,0
DA:41,0
DA:42,0
DA:43,0
DA:44,0
DA:46,0
DA:47,0
DA:48,0
DA:52,0
DA:54,0
DA:58,0
DA:59,0
DA:60,0
DA:61,0
DA:66,4
DA:67,0
DA:68,0
DA:69,0
DA:71,0
DA:72,0
DA:77,4
DA:78,0
DA:81,4
DA:82,0
DA:83,0
DA:84,0
DA:87,4
DA:88,0
DA:89,0
DA:90,0
DA:91,0
DA:92,0
DA:96,4
LF:58
LH:27
BRDA:31,0,0,4
BRDA:31,0,1,0
BRDA:32,1,0,0
BRDA:32,1,1,4
BRDA:41,2,0,0
BRDA:41,2,1,0
BRDA:42,3,0,0
BRDA:42,3,1,0
BRDA:59,4,0,0
BRDA:59,4,1,0
BRDA:67,5,0,0
BRDA:67,5,1,0
BRDA:88,6,0,0
BRDA:88,6,1,0
BRDA:109,7,0,0
BRDA:109,7,1,4
BRDA:116,8,0,0
BRDA:116,8,1,4
BRDA:116,9,0,0
BRDA:116,9,1,4
BRDA:131,10,0,0
BRDA:131,10,1,4
BRF:22
BRH:6
end_of_record
TN:
SF:src\components\widgets\GoalsTrackerWidget.tsx
FN:34,GoalsTrackerWidget
FN:51,(anonymous_10)
FN:61,(anonymous_11)
FN:62,(anonymous_12)
FN:65,(anonymous_13)
FN:67,(anonymous_14)
FN:83,(anonymous_15)
FN:94,(anonymous_16)
FN:115,(anonymous_17)
FN:141,(anonymous_18)
FN:155,(anonymous_19)
FN:184,(anonymous_20)
FNF:12
FNH:3
FNDA:12,GoalsTrackerWidget
FNDA:0,(anonymous_10)
FNDA:0,(anonymous_11)
FNDA:0,(anonymous_12)
FNDA:0,(anonymous_13)
FNDA:0,(anonymous_14)
FNDA:1,(anonymous_15)
FNDA:36,(anonymous_16)
FNDA:0,(anonymous_17)
FNDA:0,(anonymous_18)
FNDA:0,(anonymous_19)
FNDA:0,(anonymous_20)
DA:1,2
DA:2,2
DA:15,2
DA:16,2
DA:34,2
DA:35,12
DA:40,12
DA:42,12
DA:51,12
DA:52,0
DA:56,0
DA:57,0
DA:58,0
DA:61,12
DA:62,0
DA:65,12
DA:66,0
DA:68,0
DA:73,12
DA:83,1
DA:95,36
DA:96,36
DA:98,36
DA:115,0
DA:141,0
DA:155,0
DA:184,0
LF:27
LH:16
BRDA:68,0,0,0
BRDA:68,0,1,0
BRDA:68,1,0,0
BRDA:68,1,1,0
BRDA:89,2,0,0
BRDA:89,2,1,12
BRDA:105,3,0,36
BRDA:105,3,1,0
BRDA:137,4,0,36
BRDA:137,4,1,36
BRF:10
BRH:4
end_of_record
TN:
SF:src\components\widgets\HabitsTracker.tsx
FN:16,HabitsTracker
FN:26,(anonymous_1)
FN:27,(anonymous_2)
FN:28,(anonymous_3)
FN:52,(anonymous_4)
FN:79,(anonymous_5)
FN:81,(anonymous_6)
FNF:7
FNH:3
FNDA:4,HabitsTracker
FNDA:0,(anonymous_1)
FNDA:0,(anonymous_2)
FNDA:0,(anonymous_3)
FNDA:20,(anonymous_4)
FNDA:20,(anonymous_5)
FNDA:0,(anonymous_6)
DA:5,1
DA:6,1
DA:7,1
DA:16,1
DA:18,4
DA:26,4
DA:27,0
DA:28,0
DA:29,0
DA:30,0
DA:33,0
DA:34,0
DA:35,0
DA:37,0
DA:40,0
DA:43,0
DA:52,20
DA:54,4
DA:80,20
DA:81,0
LF:20
LH:9
BRDA:29,0,0,0
BRDA:29,0,1,0
BRDA:35,1,0,0
BRDA:35,1,1,0
BRDA:74,2,0,0
BRDA:74,2,1,4
BRDA:74,3,0,0
BRDA:74,3,1,4
BRDA:86,4,0,8
BRDA:86,4,1,12
BRDA:87,5,0,8
BRDA:87,5,1,12
BRDA:95,6,0,8
BRDA:95,6,1,12
BRDA:95,7,0,4
BRDA:95,7,1,8
BRDA:103,8,0,4
BRDA:103,8,1,0
BRF:18
BRH:11
end_of_record
TN:
SF:src\components\widgets\InsightsWidget.tsx
FN:18,(anonymous_0)
FN:35,InsightsWidget
FN:42,(anonymous_2)
FN:46,(anonymous_3)
FN:73,(anonymous_4)
FN:89,(anonymous_5)
FN:113,(anonymous_6)
FN:133,(anonymous_7)
FN:151,(anonymous_8)
FN:152,(anonymous_9)
FN:156,(anonymous_10)
FN:169,(anonymous_11)
FN:176,(anonymous_12)
FN:204,(anonymous_13)
FN:227,(anonymous_14)
FN:228,(anonymous_15)
FN:253,(anonymous_16)
FN:281,(anonymous_17)
FNF:18
FNH:5
FNDA:4,(anonymous_0)
FNDA:4,InsightsWidget
FNDA:4,(anonymous_2)
FNDA:0,(anonymous_3)
FNDA:0,(anonymous_4)
FNDA:0,(anonymous_5)
FNDA:8,(anonymous_6)
FNDA:0,(anonymous_7)
FNDA:0,(anonymous_8)
FNDA:0,(anonymous_9)
FNDA:0,(anonymous_10)
FNDA:0,(anonymous_11)
FNDA:0,(anonymous_12)
FNDA:0,(anonymous_13)
FNDA:0,(anonymous_14)
FNDA:0,(anonymous_15)
FNDA:0,(anonymous_16)
FNDA:4,(anonymous_17)
DA:5,1
DA:6,1
DA:7,1
DA:8,1
DA:18,1
DA:19,4
DA:21,0
DA:24,0
DA:27,4
DA:30,0
DA:35,1
DA:36,4
DA:37,4
DA:38,4
DA:39,4
DA:42,4
DA:43,4
DA:46,4
DA:47,0
DA:48,0
DA:49,0
DA:50,0
DA:51,0
DA:54,4
DA:55,0
DA:62,4
DA:63,4
DA:73,4
DA:74,0
DA:75,0
DA:78,4
DA:79,0
DA:89,4
DA:90,4
DA:91,4
DA:92,0
DA:93,0
DA:94,0
DA:101,0
DA:102,0
DA:113,8
DA:114,4
DA:115,0
DA:122,4
DA:123,0
DA:133,4
DA:134,0
DA:135,0
DA:136,0
DA:139,4
DA:140,0
DA:150,4
DA:151,0
DA:153,0
DA:154,0
DA:156,0
DA:157,4
DA:158,4
DA:159,0
DA:169,4
DA:170,0
DA:171,0
DA:172,0
DA:173,0
DA:176,4
DA:177,0
DA:178,0
DA:179,0
DA:180,0
DA:183,4
DA:184,0
DA:191,4
DA:192,0
DA:202,4
DA:203,4
DA:204,0
DA:205,0
DA:208,4
DA:209,0
DA:216,4
DA:217,0
DA:227,4
DA:228,4
DA:230,4
DA:231,0
DA:241,4
DA:242,0
DA:252,4
DA:253,4
DA:255,4
DA:258,4
DA:260,4
DA:282,4
LF:93
LH:49
BRDA:19,0,0,0
BRDA:19,0,1,0
BRDA:19,0,2,4
BRDA:19,0,3,0
BRDA:37,1,0,0
BRDA:37,2,0,4
BRDA:37,2,1,0
BRDA:38,3,0,0
BRDA:38,4,0,4
BRDA:38,4,1,0
BRDA:39,5,0,0
BRDA:39,6,0,4
BRDA:39,6,1,0
BRDA:47,7,0,0
BRDA:47,7,1,0
BRDA:49,8,0,0
BRDA:49,8,1,0
BRDA:54,9,0,0
BRDA:54,9,1,4
BRDA:62,10,0,4
BRDA:62,10,1,0
BRDA:74,11,0,0
BRDA:74,11,1,0
BRDA:75,12,0,0
BRDA:75,12,1,0
BRDA:78,13,0,0
BRDA:78,13,1,4
BRDA:83,14,0,0
BRDA:83,14,1,0
BRDA:91,15,0,0
BRDA:91,15,1,4
BRDA:93,16,0,0
BRDA:93,16,1,0
BRDA:101,17,0,0
BRDA:101,17,1,0
BRDA:114,18,0,0
BRDA:114,18,1,4
BRDA:122,19,0,0
BRDA:122,19,1,4
BRDA:122,20,0,4
BRDA:122,20,1,0
BRDA:134,21,0,0
BRDA:134,21,1,0
BRDA:135,22,0,0
BRDA:135,22,1,0
BRDA:136,23,0,0
BRDA:136,23,1,0
BRDA:139,24,0,0
BRDA:139,24,1,4
BRDA:154,25,0,0
BRDA:154,25,1,0
BRDA:158,26,0,0
BRDA:158,26,1,4
BRDA:170,27,0,0
BRDA:170,27,1,0
BRDA:173,28,0,0
BRDA:173,28,1,0
BRDA:177,29,0,0
BRDA:177,29,1,0
BRDA:180,30,0,0
BRDA:180,30,1,0
BRDA:183,31,0,0
BRDA:183,31,1,4
BRDA:191,32,0,0
BRDA:191,32,1,4
BRDA:191,33,0,4
BRDA:191,33,1,0
BRDA:204,34,0,0
BRDA:204,34,1,0
BRDA:208,35,0,0
BRDA:208,35,1,4
BRDA:216,36,0,0
BRDA:216,36,1,4
BRDA:227,37,0,0
BRDA:227,37,1,0
BRDA:230,38,0,0
BRDA:230,38,1,4
BRDA:241,39,0,0
BRDA:241,39,1,4
BRDA:241,40,0,4
BRDA:241,40,1,0
BRDA:272,41,0,0
BRDA:272,41,1,4
BRF:83
BRH:22
end_of_record
TN:
SF:src\components\widgets\MoodTracker.tsx
FN:16,MoodTracker
FN:30,(anonymous_1)
FN:32,(anonymous_2)
FNF:3
FNH:3
FNDA:4,MoodTracker
FNDA:28,(anonymous_1)
FNDA:4,(anonymous_2)
DA:5,1
DA:6,1
DA:7,1
DA:8,1
DA:16,1
DA:18,4
DA:28,4
DA:30,28
DA:32,4
DA:33,4
DA:34,4
DA:35,0
DA:36,0
DA:39,4
LF:14
LH:12
BRDA:33,0,0,0
BRDA:33,0,1,4
BRDA:34,1,0,4
BRDA:34,1,1,0
BRDA:35,2,0,0
BRDA:35,2,1,0
BRDA:109,3,0,4
BRDA:109,3,1,0
BRDA:109,4,0,0
BRDA:109,4,1,0
BRF:10
BRH:3
end_of_record
TN:
SF:src\components\widgets\NotesHeatmap.tsx
FN:15,NotesHeatmap
FN:20,(anonymous_1)
FN:25,(anonymous_2)
FN:55,(anonymous_3)
FN:59,(anonymous_4)
FN:62,(anonymous_5)
FN:84,(anonymous_6)
FN:118,(anonymous_7)
FN:130,(anonymous_8)
FN:133,(anonymous_9)
FN:145,(anonymous_10)
FNF:11
FNH:9
FNDA:4,NotesHeatmap
FNDA:4,(anonymous_1)
FNDA:360,(anonymous_2)
FNDA:360,(anonymous_3)
FNDA:360,(anonymous_4)
FNDA:4,(anonymous_5)
FNDA:380,(anonymous_6)
FNDA:360,(anonymous_7)
FNDA:0,(anonymous_8)
FNDA:0,(anonymous_9)
FNDA:20,(anonymous_10)
DA:5,1
DA:6,1
DA:7,1
DA:8,1
DA:15,1
DA:16,4
DA:17,4
DA:20,4
DA:21,4
DA:22,4
DA:25,4
DA:26,360
DA:27,360
DA:28,360
DA:29,360
DA:33,4
DA:34,360
DA:35,360
DA:36,360
DA:38,360
DA:42,4
DA:43,0
DA:44,0
DA:45,0
DA:46,0
DA:47,0
DA:49,0
DA:51,0
DA:55,360
DA:58,4
DA:59,360
DA:62,4
DA:63,4
DA:64,4
DA:65,4
DA:69,4
DA:71,8
DA:72,0
DA:74,8
DA:75,4
DA:79,4
DA:82,4
DA:84,4
DA:85,380
DA:86,16
DA:87,16
DA:88,16
DA:89,12
DA:90,8
DA:93,4
DA:119,360
DA:131,0
DA:134,0
DA:146,20
LF:54
LH:44
BRDA:17,0,0,0
BRDA:17,1,0,4
BRDA:17,1,1,0
BRDA:44,2,0,0
BRDA:44,2,1,0
BRDA:46,3,0,0
BRDA:46,3,1,0
BRDA:49,4,0,0
BRDA:49,4,1,0
BRDA:71,5,0,0
BRDA:71,5,1,8
BRDA:74,6,0,4
BRDA:74,6,1,4
BRDA:85,7,0,364
BRDA:85,7,1,16
BRDA:87,8,0,0
BRDA:87,8,1,16
BRDA:88,9,0,4
BRDA:88,9,1,12
BRDA:89,10,0,4
BRDA:89,10,1,8
BRF:21
BRH:11
end_of_record
TN:
SF:src\components\widgets\NotesStatsWidget.tsx
FN:16,NotesStatsWidget
FN:23,(anonymous_2)
FN:29,(anonymous_3)
FN:37,(anonymous_4)
FN:99,(anonymous_5)
FNF:5
FNH:5
FNDA:10,NotesStatsWidget
FNDA:18,(anonymous_2)
FNDA:108,(anonymous_3)
FNDA:12,(anonymous_4)
FNDA:40,(anonymous_5)
DA:1,2
DA:2,2
DA:3,2
DA:4,2
DA:5,2
DA:16,2
DA:17,10
DA:19,10
DA:20,0
DA:23,18
DA:24,10
DA:27,10
DA:28,10
DA:29,108
DA:30,12
DA:33,10
DA:36,10
DA:37,12
DA:40,10
DA:41,10
DA:42,12
DA:43,12
DA:44,12
DA:48,10
DA:49,10
DA:50,10
DA:51,10
DA:52,10
DA:53,10
DA:54,10
DA:55,0
DA:57,10
DA:61,10
DA:63,10
DA:90,10
DA:100,40
LF:36
LH:34
BRDA:19,0,0,0
BRDA:19,0,1,10
BRDA:23,1,0,10
BRDA:23,1,1,0
BRDA:29,2,0,12
BRDA:29,2,1,0
BRDA:33,3,0,6
BRDA:33,3,1,4
BRDA:37,4,0,12
BRDA:37,4,1,12
BRDA:42,5,0,12
BRDA:42,5,1,0
BRDA:44,6,0,12
BRDA:44,6,1,12
BRDA:54,7,0,0
BRDA:54,7,1,10
BRF:16
BRH:11
end_of_record
TN:
SF:src\components\widgets\ProjectTimeline.tsx
FN:11,(anonymous_0)
FN:13,(anonymous_1)
FN:21,(anonymous_2)
FN:28,ProjectTimeline
FN:34,(anonymous_4)
FN:35,(anonymous_5)
FN:55,(anonymous_6)
FN:97,(anonymous_7)
FNF:8
FNH:6
FNDA:4,(anonymous_0)
FNDA:0,(anonymous_1)
FNDA:4,(anonymous_2)
FNDA:4,ProjectTimeline
FNDA:8,(anonymous_4)
FNDA:0,(anonymous_5)
FNDA:4,(anonymous_6)
FNDA:8,(anonymous_7)
DA:5,1
DA:6,1
DA:7,1
DA:8,1
DA:11,1
DA:12,4
DA:13,0
DA:14,0
DA:15,0
DA:16,0
DA:17,0
DA:18,0
DA:21,1
DA:25,4
DA:28,1
DA:29,4
DA:30,4
DA:33,4
DA:34,8
DA:36,0
DA:37,0
DA:38,0
DA:42,4
DA:56,4
DA:57,4
DA:59,4
DA:97,8
LF:27
LH:18
BRDA:12,0,0,4
BRDA:12,0,1,0
BRDA:25,1,0,4
BRDA:25,1,1,0
BRDA:30,2,0,0
BRDA:30,3,0,4
BRDA:30,3,1,0
BRDA:36,4,0,0
BRDA:36,4,1,0
BRDA:37,5,0,0
BRDA:37,5,1,0
BRDA:49,6,0,0
BRDA:49,6,1,4
BRDA:65,7,0,4
BRDA:65,7,1,0
BRDA:66,8,0,0
BRDA:66,8,1,0
BRDA:66,9,0,0
BRDA:66,9,1,0
BRDA:67,10,0,0
BRDA:67,10,1,0
BRDA:75,11,0,0
BRDA:75,11,1,4
BRDA:75,12,0,4
BRDA:75,12,1,0
BRDA:83,13,0,4
BRDA:83,13,1,0
BRDA:95,14,0,4
BRDA:95,14,1,4
BRF:29
BRH:10
end_of_record
TN:
SF:src\components\widgets\QuickCapture.tsx
FN:10,(anonymous_10)
FN:15,(anonymous_11)
FN:40,(anonymous_12)
FN:77,(anonymous_13)
FNF:4
FNH:1
FNDA:4,(anonymous_10)
FNDA:0,(anonymous_11)
FNDA:0,(anonymous_12)
FNDA:0,(anonymous_13)
DA:1,1
DA:2,1
DA:3,1
DA:4,1
DA:5,1
DA:6,1
DA:7,1
DA:8,1
DA:10,1
DA:11,4
DA:12,4
DA:13,4
DA:15,4
DA:16,0
DA:18,0
DA:19,0
DA:20,0
DA:21,0
DA:26,0
DA:29,0
DA:31,0
DA:34,0
DA:36,0
DA:40,4
DA:41,0
DA:43,0
DA:44,0
DA:45,0
DA:50,0
DA:53,0
DA:55,0
DA:58,0
DA:60,0
DA:64,4
DA:77,0
LF:35
LH:15
BRDA:16,0,0,0
BRDA:16,0,1,0
BRDA:16,1,0,0
BRDA:16,1,1,0
BRDA:20,2,0,0
BRDA:20,2,1,0
BRDA:41,3,0,0
BRDA:41,3,1,0
BRDA:41,4,0,0
BRDA:41,4,1,0
BRDA:88,5,0,4
BRDA:88,5,1,0
BRDA:97,6,0,4
BRDA:97,6,1,0
BRF:14
BRH:2
end_of_record
TN:
SF:src\components\widgets\QuickStatsWidget.tsx
FN:15,QuickStatsWidget
FN:24,(anonymous_2)
FN:25,(anonymous_3)
FN:26,(anonymous_4)
FN:27,(anonymous_5)
FN:35,(anonymous_6)
FN:100,(anonymous_7)
FNF:7
FNH:7
FNDA:10,QuickStatsWidget
FNDA:18,(anonymous_2)
FNDA:18,(anonymous_3)
FNDA:18,(anonymous_4)
FNDA:20,(anonymous_5)
FNDA:18,(anonymous_6)
FNDA:60,(anonymous_7)
DA:1,2
DA:2,2
DA:3,2
DA:4,2
DA:5,2
DA:15,2
DA:16,10
DA:17,10
DA:18,10
DA:20,10
DA:21,0
DA:24,18
DA:25,18
DA:26,18
DA:27,20
DA:30,10
DA:31,10
DA:32,10
DA:33,10
DA:35,10
DA:36,18
DA:37,0
DA:38,0
DA:42,10
DA:43,10
DA:44,18
DA:45,18
DA:46,18
DA:47,12
DA:52,10
DA:91,10
DA:101,60
LF:32
LH:29
BRDA:20,0,0,0
BRDA:20,0,1,10
BRDA:20,1,0,10
BRDA:20,1,1,10
BRDA:20,1,2,10
BRDA:24,2,0,10
BRDA:24,2,1,0
BRDA:25,3,0,10
BRDA:25,3,1,0
BRDA:25,4,0,18
BRDA:25,4,1,12
BRDA:26,5,0,10
BRDA:26,5,1,0
BRDA:27,6,0,10
BRDA:27,6,1,0
BRDA:35,7,0,10
BRDA:35,7,1,0
BRDA:36,8,0,18
BRDA:36,8,1,0
BRDA:38,9,0,0
BRDA:38,9,1,0
BRDA:43,10,0,10
BRDA:43,10,1,0
BRDA:44,11,0,18
BRDA:44,11,1,0
BRDA:46,12,0,12
BRDA:46,12,1,6
BRF:27
BRH:16
end_of_record
TN:
SF:src\components\widgets\RecentProjects.tsx
FN:11,(anonymous_10)
FN:31,(anonymous_11)
FN:36,(anonymous_12)
FN:37,(anonymous_13)
FN:43,(anonymous_14)
FN:44,(anonymous_15)
FN:67,(anonymous_16)
FNF:7
FNH:3
FNDA:0,(anonymous_10)
FNDA:4,(anonymous_11)
FNDA:4,(anonymous_12)
FNDA:4,(anonymous_13)
FNDA:0,(anonymous_14)
FNDA:0,(anonymous_15)
FNDA:0,(anonymous_16)
DA:1,1
DA:2,1
DA:3,1
DA:5,1
DA:6,1
DA:7,1
DA:8,1
DA:9,1
DA:11,1
DA:12,0
DA:14,0
DA:17,0
DA:20,0
DA:23,0
DA:26,0
DA:31,1
DA:32,4
DA:33,4
DA:34,4
DA:36,4
DA:37,4
DA:38,4
DA:39,4
DA:40,4
DA:42,4
DA:43,0
DA:44,0
DA:46,0
DA:48,4
DA:51,4
DA:54,4
DA:68,0
LF:32
LH:22
BRDA:12,0,0,0
BRDA:12,0,1,0
BRDA:12,0,2,0
BRDA:12,0,3,0
BRDA:12,0,4,0
BRDA:38,1,0,0
BRDA:38,1,1,4
BRDA:44,2,0,0
BRDA:44,2,1,0
BRDA:44,3,0,0
BRDA:44,3,1,0
BRDA:79,4,0,0
BRDA:79,4,1,0
BRDA:90,5,0,4
BRDA:90,5,1,4
BRF:15
BRH:3
end_of_record
TN:
SF:src\components\widgets\TagsCloud.tsx
FN:14,(anonymous_10)
FN:22,(anonymous_11)
FN:27,(anonymous_12)
FN:28,(anonymous_13)
FN:37,(anonymous_14)
FN:43,(anonymous_15)
FN:53,(anonymous_16)
FN:69,(anonymous_17)
FN:79,(anonymous_18)
FN:82,(anonymous_19)
FNF:10
FNH:3
FNDA:0,(anonymous_10)
FNDA:4,(anonymous_11)
FNDA:4,(anonymous_12)
FNDA:4,(anonymous_13)
FNDA:0,(anonymous_14)
FNDA:0,(anonymous_15)
FNDA:0,(anonymous_16)
FNDA:0,(anonymous_17)
FNDA:0,(anonymous_18)
FNDA:0,(anonymous_19)
DA:1,1
DA:2,1
DA:3,1
DA:4,1
DA:6,1
DA:7,1
DA:8,1
DA:14,1
DA:15,0
DA:16,0
DA:17,0
DA:18,0
DA:19,0
DA:22,1
DA:23,4
DA:24,4
DA:25,4
DA:27,4
DA:28,4
DA:29,4
DA:30,4
DA:31,4
DA:37,4
DA:43,0
DA:45,0
DA:47,4
DA:50,4
DA:53,4
DA:55,4
DA:70,0
DA:80,0
DA:83,0
LF:32
LH:22
BRDA:16,0,0,0
BRDA:16,0,1,0
BRDA:17,1,0,0
BRDA:17,1,1,0
BRDA:18,2,0,0
BRDA:18,2,1,0
BRDA:29,3,0,0
BRDA:29,3,1,4
BRDA:73,4,0,0
BRDA:73,4,1,0
BRDA:91,5,0,4
BRDA:91,5,1,4
BRF:12
BRH:3
end_of_record
TN:
SF:src\components\widgets\TasksByPriority.tsx
FN:17,(anonymous_10)
FN:22,(anonymous_11)
FN:23,(anonymous_12)
FN:30,(anonymous_13)
FN:41,(anonymous_14)
FN:47,(anonymous_15)
FN:53,(anonymous_16)
FN:59,(anonymous_17)
FN:66,(anonymous_18)
FN:102,(anonymous_19)
FNF:10
FNH:4
FNDA:8,(anonymous_10)
FNDA:4,(anonymous_11)
FNDA:4,(anonymous_12)
FNDA:0,(anonymous_13)
FNDA:0,(anonymous_14)
FNDA:0,(anonymous_15)
FNDA:0,(anonymous_16)
FNDA:0,(anonymous_17)
FNDA:0,(anonymous_18)
FNDA:32,(anonymous_19)
DA:1,1
DA:2,1
DA:3,1
DA:4,1
DA:6,1
DA:7,1
DA:8,1
DA:17,1
DA:18,8
DA:19,8
DA:20,8
DA:22,8
DA:23,4
DA:24,4
DA:25,4
DA:26,4
DA:30,4
DA:32,0
DA:35,4
DA:38,8
DA:41,0
DA:47,0
DA:53,0
DA:59,0
DA:65,8
DA:66,8
DA:67,8
DA:69,8
DA:103,32
LF:29
LH:24
BRDA:24,0,0,0
BRDA:24,0,1,4
BRDA:30,1,0,0
BRDA:30,1,1,0
BRDA:66,2,0,0
BRDA:66,2,1,0
BRDA:67,3,0,0
BRDA:67,3,1,8
BRF:8
BRH:2
end_of_record
TN:
SF:src\components\widgets\TimeTrackingWidget.tsx
FN:18,(anonymous_0)
FN:32,(anonymous_1)
FN:43,TimeTrackingWidget
FN:50,(anonymous_3)
FN:57,(anonymous_4)
FN:63,(anonymous_5)
FN:64,(anonymous_6)
FN:73,(anonymous_7)
FN:83,(anonymous_8)
FN:84,(anonymous_9)
FN:93,(anonymous_10)
FN:105,(anonymous_11)
FN:107,(anonymous_12)
FN:112,(anonymous_13)
FN:119,(anonymous_14)
FN:120,(anonymous_15)
FN:155,(anonymous_16)
FN:191,(anonymous_17)
FN:220,(anonymous_18)
FNF:19
FNH:5
FNDA:5,(anonymous_0)
FNDA:0,(anonymous_1)
FNDA:5,TimeTrackingWidget
FNDA:4,(anonymous_3)
FNDA:4,(anonymous_4)
FNDA:0,(anonymous_5)
FNDA:0,(anonymous_6)
FNDA:0,(anonymous_7)
FNDA:0,(anonymous_8)
FNDA:0,(anonymous_9)
FNDA:0,(anonymous_10)
FNDA:4,(anonymous_11)
FNDA:0,(anonymous_12)
FNDA:0,(anonymous_13)
FNDA:0,(anonymous_14)
FNDA:0,(anonymous_15)
FNDA:0,(anonymous_16)
FNDA:0,(anonymous_17)
FNDA:0,(anonymous_18)
DA:10,1
DA:11,1
DA:12,1
DA:13,1
DA:14,1
DA:15,1
DA:16,1
DA:18,1
DA:19,5
DA:20,5
DA:21,5
DA:23,5
DA:24,0
DA:26,5
DA:27,0
DA:29,5
DA:32,1
DA:33,0
DA:34,0
DA:35,0
DA:37,0
DA:38,0
DA:40,0
DA:43,1
DA:44,5
DA:45,5
DA:46,5
DA:48,5
DA:50,4
DA:55,5
DA:57,4
DA:62,5
DA:63,0
DA:65,0
DA:66,0
DA:67,0
DA:74,0
DA:82,5
DA:83,0
DA:85,0
DA:86,0
DA:87,0
DA:94,0
DA:102,5
DA:105,5
DA:106,4
DA:107,0
DA:108,0
DA:109,0
DA:112,0
DA:114,4
DA:115,4
DA:118,5
DA:119,0
DA:120,0
DA:122,5
DA:155,0
DA:192,0
DA:220,0
LF:59
LH:32
BRDA:23,0,0,0
BRDA:23,0,1,5
BRDA:26,1,0,0
BRDA:26,1,1,5
BRDA:37,2,0,0
BRDA:37,2,1,0
BRDA:48,3,0,4
BRDA:50,4,0,4
BRDA:50,4,1,0
BRDA:55,5,0,4
BRDA:57,6,0,4
BRDA:57,6,1,0
BRDA:106,7,0,0
BRDA:106,7,1,4
BRDA:119,8,0,0
BRDA:119,8,1,0
BRDA:120,9,0,0
BRDA:120,9,1,0
BRDA:129,10,0,0
BRDA:129,10,1,5
BRDA:142,11,0,0
BRDA:142,11,1,0
BRDA:182,12,0,5
BRDA:182,12,1,0
BRDA:201,13,0,0
BRDA:201,13,1,0
BRDA:201,14,0,0
BRDA:201,14,1,0
BRDA:203,15,0,0
BRDA:203,15,1,0
BRDA:211,16,0,0
BRDA:211,16,1,0
BRDA:214,17,0,0
BRDA:214,17,1,0
BRDA:222,18,0,0
BRDA:222,18,1,0
BRF:36
BRH:9
end_of_record
TN:
SF:src\components\widgets\WeeklyProgress.tsx
FN:11,(anonymous_10)
FN:16,(anonymous_11)
FN:17,(anonymous_12)
FN:33,(anonymous_13)
FN:38,(anonymous_14)
FN:41,(anonymous_15)
FN:43,(anonymous_16)
FNF:7
FNH:3
FNDA:8,(anonymous_10)
FNDA:4,(anonymous_11)
FNDA:4,(anonymous_12)
FNDA:0,(anonymous_13)
FNDA:0,(anonymous_14)
FNDA:0,(anonymous_15)
FNDA:0,(anonymous_16)
DA:1,1
DA:2,1
DA:3,1
DA:4,1
DA:6,1
DA:7,1
DA:8,1
DA:9,1
DA:11,1
DA:12,8
DA:13,8
DA:14,8
DA:16,8
DA:17,4
DA:18,4
DA:19,4
DA:20,4
DA:23,4
DA:25,0
DA:28,4
DA:32,8
DA:33,8
DA:35,8
DA:36,8
DA:37,8
DA:38,0
DA:41,8
DA:42,8
DA:43,8
DA:44,8
DA:47,8
DA:49,8
LF:32
LH:30
BRDA:18,0,0,0
BRDA:18,0,1,4
BRDA:33,1,0,0
BRDA:33,1,1,0
BRDA:38,2,0,0
BRDA:38,2,1,0
BRDA:38,2,2,0
BRDA:41,3,0,0
BRDA:41,3,1,0
BRDA:44,4,0,0
BRDA:44,4,1,8
BRDA:67,5,0,0
BRDA:67,5,1,8
BRDA:73,6,0,0
BRDA:73,6,1,8
BRDA:73,7,0,0
BRDA:73,7,1,8
BRF:17
BRH:5
end_of_record
TN:
SF:src\hooks\useActiveSpace.tsx
FN:7,(anonymous_0)
FNF:1
FNH:1
FNDA:28,(anonymous_0)
DA:1,1
DA:7,1
DA:8,28
DA:10,28
LF:4
LH:4
BRF:0
BRH:0
end_of_record
TN:
SF:src\services\api.ts
FN:19,(anonymous_0)
FN:23,(anonymous_1)
FN:27,(anonymous_2)
FN:31,(anonymous_3)
FN:35,(anonymous_4)
FN:39,(anonymous_5)
FN:43,(anonymous_6)
FN:52,(anonymous_7)
FN:56,(anonymous_8)
FN:60,(anonymous_9)
FN:64,(anonymous_10)
FN:68,(anonymous_11)
FN:72,(anonymous_12)
FN:76,(anonymous_13)
FN:80,(anonymous_14)
FN:84,(anonymous_15)
FN:88,(anonymous_16)
FN:94,(anonymous_17)
FN:110,(anonymous_18)
FN:114,(anonymous_19)
FN:118,(anonymous_20)
FN:122,(anonymous_21)
FN:126,(anonymous_22)
FN:130,(anonymous_23)
FN:134,(anonymous_24)
FN:138,(anonymous_25)
FN:142,(anonymous_26)
FNF:27
FNH:5
FNDA:0,(anonymous_0)
FNDA:0,(anonymous_1)
FNDA:0,(anonymous_2)
FNDA:0,(anonymous_3)
FNDA:0,(anonymous_4)
FNDA:0,(anonymous_5)
FNDA:0,(anonymous_6)
FNDA:0,(anonymous_7)
FNDA:0,(anonymous_8)
FNDA:0,(anonymous_9)
FNDA:4,(anonymous_10)
FNDA:0,(anonymous_11)
FNDA:0,(anonymous_12)
FNDA:0,(anonymous_13)
FNDA:4,(anonymous_14)
FNDA:4,(anonymous_15)
FNDA:0,(anonymous_16)
FNDA:0,(anonymous_17)
FNDA:0,(anonymous_18)
FNDA:0,(anonymous_19)
FNDA:0,(anonymous_20)
FNDA:4,(anonymous_21)
FNDA:4,(anonymous_22)
FNDA:0,(anonymous_23)
FNDA:0,(anonymous_24)
FNDA:0,(anonymous_25)
FNDA:0,(anonymous_26)
DA:3,2
DA:19,2
DA:20,0
DA:23,2
DA:24,0
DA:27,2
DA:28,0
DA:31,2
DA:32,0
DA:35,2
DA:36,0
DA:39,2
DA:40,0
DA:43,2
DA:49,0
DA:52,2
DA:53,0
DA:56,2
DA:57,0
DA:60,2
DA:61,0
DA:64,2
DA:65,4
DA:68,2
DA:69,0
DA:72,2
DA:73,0
DA:76,2
DA:77,0
DA:80,2
DA:81,4
DA:84,2
DA:85,4
DA:88,2
DA:89,0
DA:94,2
DA:101,0
DA:110,2
DA:111,0
DA:114,2
DA:115,0
DA:118,2
DA:119,0
DA:122,2
DA:123,4
DA:126,2
DA:127,4
DA:130,2
DA:131,0
DA:134,2
DA:135,0
DA:138,2
DA:139,0
DA:142,2
DA:151,0
LF:55
LH:33
BRDA:103,0,0,0
BRDA:103,0,1,0
BRDA:104,1,0,0
BRDA:104,1,1,0
BRDA:105,2,0,0
BRDA:105,2,1,0
BRDA:106,3,0,0
BRDA:106,3,1,0
BRDA:153,4,0,0
BRDA:153,4,1,0
BRDA:154,5,0,0
BRDA:154,5,1,0
BRDA:155,6,0,0
BRDA:155,6,1,0
BRDA:156,7,0,0
BRDA:156,7,1,0
BRF:16
BRH:0
end_of_record
TN:
SF:src\utils\dateUtils.ts
FN:10,(anonymous_0)
FN:35,(anonymous_1)
FN:55,(anonymous_2)
FN:84,(anonymous_3)
FN:94,(anonymous_4)
FN:126,(anonymous_5)
FN:139,(anonymous_6)
FN:149,(anonymous_7)
FNF:8
FNH:2
FNDA:0,(anonymous_0)
FNDA:0,(anonymous_1)
FNDA:0,(anonymous_2)
FNDA:0,(anonymous_3)
FNDA:0,(anonymous_4)
FNDA:0,(anonymous_5)
FNDA:8,(anonymous_6)
FNDA:8,(anonymous_7)
DA:2,1
DA:10,1
DA:15,0
DA:16,0
DA:19,0
DA:21,0
DA:22,0
DA:24,0
DA:25,0
DA:35,1
DA:36,0
DA:37,0
DA:40,0
DA:41,0
DA:42,0
DA:44,0
DA:45,0
DA:55,1
DA:56,0
DA:57,0
DA:60,0
DA:61,0
DA:62,0
DA:63,0
DA:64,0
DA:66,0
DA:67,0
DA:68,0
DA:69,0
DA:70,0
DA:72,0
DA:74,0
DA:75,0
DA:84,1
DA:85,0
DA:94,1
DA:95,0
DA:96,0
DA:99,0
DA:100,0
DA:101,0
DA:104,0
DA:106,0
DA:107,0
DA:110,0
DA:111,0
DA:114,0
DA:116,0
DA:117,0
DA:126,1
DA:127,0
DA:128,0
DA:131,0
DA:132,0
DA:139,1
DA:140,8
DA:141,8
DA:142,8
DA:149,1
DA:150,8
DA:151,8
DA:152,8
LF:62
LH:15
BRDA:13,0,0,0
BRDA:15,1,0,0
BRDA:15,1,1,0
BRDA:15,2,0,0
BRDA:15,2,1,0
BRDA:35,3,0,0
BRDA:36,4,0,0
BRDA:36,4,1,0
BRDA:36,5,0,0
BRDA:36,5,1,0
BRDA:55,6,0,0
BRDA:56,7,0,0
BRDA:56,7,1,0
BRDA:56,8,0,0
BRDA:56,8,1,0
BRDA:66,9,0,0
BRDA:66,9,1,0
BRDA:67,10,0,0
BRDA:67,10,1,0
BRDA:68,11,0,0
BRDA:68,11,1,0
BRDA:69,12,0,0
BRDA:69,12,1,0
BRDA:70,13,0,0
BRDA:70,13,1,0
BRDA:95,14,0,0
BRDA:95,14,1,0
BRDA:95,15,0,0
BRDA:95,15,1,0
BRDA:100,16,0,0
BRDA:100,16,1,0
BRDA:104,17,0,0
BRDA:104,17,1,0
BRDA:106,18,0,0
BRDA:106,18,1,0
BRDA:110,19,0,0
BRDA:110,19,1,0
BRDA:127,20,0,0
BRDA:127,20,1,0
BRDA:127,21,0,0
BRDA:127,21,1,0
BRF:41
BRH:0
end_of_record
TN:
SF:src\utils\notifications.tsx
FN:15,(anonymous_0)
FN:28,(anonymous_1)
FN:41,(anonymous_2)
FN:54,(anonymous_3)
FN:67,(anonymous_4)
FN:83,(anonymous_5)
FN:99,(anonymous_6)
FN:115,(anonymous_7)
FN:137,(anonymous_8)
FN:146,(anonymous_9)
FNF:10
FNH:0
FNDA:0,(anonymous_0)
FNDA:0,(anonymous_1)
FNDA:0,(anonymous_2)
FNDA:0,(anonymous_3)
FNDA:0,(anonymous_4)
FNDA:0,(anonymous_5)
FNDA:0,(anonymous_6)
FNDA:0,(anonymous_7)
FNDA:0,(anonymous_8)
FNDA:0,(anonymous_9)
DA:2,1
DA:3,1
DA:4,1
DA:15,1
DA:16,0
DA:28,1
DA:29,0
DA:41,1
DA:42,0
DA:54,1
DA:55,0
DA:67,1
DA:68,0
DA:69,0
DA:77,0
DA:83,1
DA:84,0
DA:99,1
DA:100,0
DA:115,1
DA:116,0
DA:118,0
DA:120,0
DA:121,0
DA:122,0
DA:123,0
DA:124,0
DA:125,0
DA:128,0
DA:137,1
DA:146,0
DA:147,0
DA:149,0
DA:150,0
DA:152,0
DA:153,0
DA:154,0
DA:155,0
DA:158,0
DA:160,0
DA:161,0
DA:165,0
DA:167,0
LF:43
LH:12
BRDA:17,0,0,0
BRDA:17,0,1,0
BRDA:21,1,0,0
BRDA:21,1,1,0
BRDA:30,2,0,0
BRDA:30,2,1,0
BRDA:34,3,0,0
BRDA:34,3,1,0
BRDA:43,4,0,0
BRDA:43,4,1,0
BRDA:47,5,0,0
BRDA:47,5,1,0
BRDA:56,6,0,0
BRDA:56,6,1,0
BRDA:60,7,0,0
BRDA:60,7,1,0
BRDA:71,8,0,0
BRDA:71,8,1,0
BRDA:86,9,0,0
BRDA:86,9,1,0
BRDA:102,10,0,0
BRDA:102,10,1,0
BRDA:120,11,0,0
BRDA:120,11,1,0
BRDA:122,12,0,0
BRDA:122,12,1,0
BRDA:124,13,0,0
BRDA:124,13,1,0
BRDA:124,14,0,0
BRDA:124,14,1,0
BRDA:124,14,2,0
BRDA:147,15,0,0
BRDA:147,15,1,0
BRDA:152,16,0,0
BRDA:152,16,1,0
BRDA:152,17,0,0
BRDA:152,17,1,0
BRDA:154,18,0,0
BRDA:154,18,1,0
BRDA:154,19,0,0
BRDA:154,19,1,0
BRDA:160,20,0,0
BRDA:160,20,1,0
BRDA:162,21,0,0
BRDA:162,21,1,0
BRF:45
BRH:0
end_of_record
TN:
SF:src\utils\sleep.ts
FN:6,(anonymous_0)
FN:8,(anonymous_1)
FNF:2
FNH:2
FNDA:6,(anonymous_0)
FNDA:6,(anonymous_1)
DA:6,1
DA:8,6
DA:9,6
LF:3
LH:3
BRF:0
BRH:0
end_of_record
