   Compiling core-rs v1.1.0 (/app/packages/core-rs)
    Finished `test` profile [unoptimized + debuginfo] target(s) in 7.81s
     Running tests/correlation_tests.rs (/app/target/debug/deps/correlation_tests-a9e37329a8561f47)

running 4 tests
test test_analyze_empty_context ... ok
test test_correlations_to_insights ... ok
test test_gather_context ... FAILED
test test_time_range_filtering ... FAILED

failures:

---- test_gather_context stdout ----

thread 'test_gather_context' (74705) panicked at packages/core-rs/tests/correlation_tests.rs:37:10:
Failed to gather context: Database("no such column: due_date in SELECT id, title, status, priority, due_date, project_id, progress\n             FROM task\n             WHERE space_id = ?1 AND status != 'completed'\n             ORDER BY due_date ASC NULLS LAST at offset 36")
note: run with `RUST_BACKTRACE=1` environment variable to display a backtrace

---- test_time_range_filtering stdout ----

thread 'test_time_range_filtering' (74706) panicked at packages/core-rs/tests/correlation_tests.rs:108:58:
called `Result::unwrap()` on an `Err` value: Database("no such column: due_date in SELECT id, title, status, priority, due_date, project_id, progress\n             FROM task\n             WHERE space_id = ?1 AND status != 'completed'\n             ORDER BY due_date ASC NULLS LAST at offset 36")


failures:
    test_gather_context
    test_time_range_filtering

test result: FAILED. 2 passed; 2 failed; 0 ignored; 0 measured; 0 filtered out; finished in 0.11s

error: test failed, to rerun pass `--test correlation_tests`
