   Compiling core-rs v1.1.0 (/app/packages/core-rs)
    Finished `test` profile [unoptimized + debuginfo] target(s) in 6.95s
     Running tests/correlation_tests.rs (/app/target/debug/deps/correlation_tests-a9e37329a8561f47)

running 4 tests
test test_analyze_empty_context ... ok
test test_correlations_to_insights ... ok
test test_gather_context ... FAILED
test test_time_range_filtering ... FAILED

failures:

---- test_gather_context stdout ----

thread 'test_gather_context' (80116) panicked at packages/core-rs/tests/correlation_tests.rs:39:5:
assertion `left == right` failed
  left: 0
 right: 2
note: run with `RUST_BACKTRACE=1` environment variable to display a backtrace

---- test_time_range_filtering stdout ----

thread 'test_time_range_filtering' (80117) panicked at packages/core-rs/tests/correlation_tests.rs:110:5:
assertion `left == right` failed
  left: 0
 right: 2


failures:
    test_gather_context
    test_time_range_filtering

test result: FAILED. 2 passed; 2 failed; 0 ignored; 0 measured; 0 filtered out; finished in 0.11s

error: test failed, to rerun pass `--test correlation_tests`
