   Compiling core-rs v1.1.0 (/app/packages/core-rs)
    Finished `test` profile [unoptimized + debuginfo] target(s) in 9.12s
     Running tests/correlation_tests.rs (/app/target/debug/deps/correlation_tests-a9e37329a8561f47)

running 4 tests
test test_analyze_empty_context ... ok
test test_correlations_to_insights ... ok
test test_gather_context ... FAILED
test test_time_range_filtering ... FAILED

failures:

---- test_gather_context stdout ----

thread 'test_gather_context' (72494) panicked at packages/core-rs/tests/correlation_tests.rs:37:10:
Failed to gather context: Database("no such column: duration_minutes in SELECT id, project_id, task_id, duration_minutes, started_at\n             FROM time_entry\n             WHERE space_id = ?1 AND started_at >= ?2\n             ORDER BY started_at DESC at offset 32")
note: run with `RUST_BACKTRACE=1` environment variable to display a backtrace

---- test_time_range_filtering stdout ----

thread 'test_time_range_filtering' (72495) panicked at packages/core-rs/tests/correlation_tests.rs:108:58:
called `Result::unwrap()` on an `Err` value: Database("no such column: duration_minutes in SELECT id, project_id, task_id, duration_minutes, started_at\n             FROM time_entry\n             WHERE space_id = ?1 AND started_at >= ?2\n             ORDER BY started_at DESC at offset 32")


failures:
    test_gather_context
    test_time_range_filtering

test result: FAILED. 2 passed; 2 failed; 0 ignored; 0 measured; 0 filtered out; finished in 0.19s

error: test failed, to rerun pass `--test correlation_tests`
